[1.368s] Invoking command in '/root/SESASR-LAB/build/turtlebot3_gazebo': CMAKE_PREFIX_PATH=${CMAKE_PREFIX_PATH}:/root/SESASR-LAB/install/py_pubsub:/root/SESASR-LAB/install/lab02_pkg:/root/SESASR-LAB/install/lab01_pkg:/opt/ros/humble /usr/bin/cmake /root/SESASR-LAB/src/turtlebot3_simulations/turtlebot3_gazebo -DAMENT_CMAKE_SYMLINK_INSTALL=1 -DCMAKE_INSTALL_PREFIX=/root/SESASR-LAB/install/turtlebot3_gazebo
[1.403s] -- Found ament_cmake: 1.3.12 (/opt/ros/humble/share/ament_cmake/cmake)
[1.696s] -- Override CMake install command with custom implementation using symlinks instead of copying resources
[1.727s] [33mCMake Warning (dev) at /usr/share/cmake-3.22/Modules/FindPackageHandleStandardArgs.cmake:438 (message):
[1.727s]   The package name passed to `find_package_handle_standard_args` (PkgConfig)
[1.727s]   does not match the name of the calling package (gazebo).  This can lead to
[1.727s]   problems in calling code that expects `find_package` result variables
[1.727s]   (e.g., `_FOUND`) to follow a certain pattern.
[1.727s] Call Stack (most recent call first):
[1.727s]   /usr/share/cmake-3.22/Modules/FindPkgConfig.cmake:99 (find_package_handle_standard_args)
[1.728s]   /usr/lib/x86_64-linux-gnu/cmake/gazebo/gazebo-config.cmake:72 (include)
[1.728s]   CMakeLists.txt:23 (find_package)
[1.728s] This warning is for project developers.  Use -Wno-dev to suppress it.
[1.728s] [0m
[1.795s] -- Found DART: /usr/include (Required is at least version "6.6") found components: dart 
[1.881s] -- Found Protobuf: /usr/lib/x86_64-linux-gnu/libprotobuf.so (found version "3.12.4") 
[1.887s] -- Looking for ignition-math6 -- found version 6.15.1
[1.902s] -- Searching for dependencies of ignition-math6
[1.906s] -- Looking for OGRE...
[1.919s] -- Found Ogre Ghadamon (1.9.0)
[1.921s] -- Found OGRE: optimized;/usr/lib/x86_64-linux-gnu/libOgreMain.so;debug;/usr/lib/x86_64-linux-gnu/libOgreMain.so
[1.939s] -- Looking for OGRE_Paging...
[1.940s] -- Found OGRE_Paging: optimized;/usr/lib/x86_64-linux-gnu/libOgrePaging.so;debug;/usr/lib/x86_64-linux-gnu/libOgrePaging.so
[1.940s] -- Looking for OGRE_Terrain...
[1.940s] -- Found OGRE_Terrain: optimized;/usr/lib/x86_64-linux-gnu/libOgreTerrain.so;debug;/usr/lib/x86_64-linux-gnu/libOgreTerrain.so
[1.941s] -- Looking for OGRE_Property...
[1.941s] -- Found OGRE_Property: optimized;/usr/lib/x86_64-linux-gnu/libOgreProperty.so;debug;/usr/lib/x86_64-linux-gnu/libOgreProperty.so
[1.941s] -- Looking for OGRE_RTShaderSystem...
[1.941s] -- Found OGRE_RTShaderSystem: optimized;/usr/lib/x86_64-linux-gnu/libOgreRTShaderSystem.so;debug;/usr/lib/x86_64-linux-gnu/libOgreRTShaderSystem.so
[1.941s] -- Looking for OGRE_Volume...
[1.941s] -- Found OGRE_Volume: optimized;/usr/lib/x86_64-linux-gnu/libOgreVolume.so;debug;/usr/lib/x86_64-linux-gnu/libOgreVolume.so
[1.941s] -- Looking for OGRE_Overlay...
[1.941s] -- Found OGRE_Overlay: optimized;/usr/lib/x86_64-linux-gnu/libOgreOverlay.so;debug;/usr/lib/x86_64-linux-gnu/libOgreOverlay.so
[12.192s] -- Looking for ignition-math6 -- found version 6.15.1
[12.195s] -- Looking for ignition-transport8 -- found version 8.2.1
[12.196s] -- Searching for dependencies of ignition-transport8
[12.869s] -- Found Protobuf: /usr/lib/x86_64-linux-gnu/libprotobuf.so (found suitable version "3.12.4", minimum required is "3") 
[13.522s] -- Config-file not installed for ZeroMQ -- checking for pkg-config
[13.528s] -- Checking for module 'libzmq >= 4'
[13.556s] --   Found libzmq , version 4.3.4
[13.621s] -- Checking for module 'uuid'
[13.644s] --   Found uuid, version 2.37.2
[13.695s] -- Looking for ignition-msgs5 -- found version 5.8.1
[13.696s] -- Searching for dependencies of ignition-msgs5
[14.353s] -- Looking for ignition-math6 -- found version 6.15.1
[14.362s] -- Checking for module 'tinyxml2'
[14.383s] --   Found tinyxml2, version 9.0.0
[14.438s] -- Looking for ignition-msgs5 -- found version 5.8.1
[14.440s] -- Looking for ignition-common3 -- found version 3.14.0
[14.441s] -- Searching for dependencies of ignition-common3
[14.442s] -- Looking for dlfcn.h - found
[14.442s] -- Looking for libdl - found
[14.494s] -- Searching for <ignition-common3> component [graphics]
[14.495s] -- Looking for ignition-common3-graphics -- found version 3.14.0
[14.495s] -- Searching for dependencies of ignition-common3-graphics
[14.496s] -- Looking for ignition-math6 -- found version 6.15.1
[14.499s] -- Looking for ignition-fuel_tools4 -- found version 4.4.0
[14.499s] -- Searching for dependencies of ignition-fuel_tools4
[15.281s] -- Checking for module 'jsoncpp'
[15.300s] --   Found jsoncpp, version 1.9.5
[15.365s] -- Checking for module 'libzip'
[15.386s] --   Found libzip, version 1.7.3
[15.439s] -- Looking for ignition-common3 -- found version 3.14.0
[15.439s] -- Looking for ignition-math6 -- found version 6.15.1
[15.440s] -- Looking for ignition-msgs5 -- found version 5.8.1
[15.445s] -- Found gazebo_ros_pkgs: 3.9.0 (/opt/ros/humble/share/gazebo_ros_pkgs/cmake)
[15.446s] -- Found geometry_msgs: 4.9.0 (/opt/ros/humble/share/geometry_msgs/cmake)
[15.484s] -- Found rosidl_generator_c: 3.1.7 (/opt/ros/humble/share/rosidl_generator_c/cmake)
[15.486s] -- Found rosidl_adapter: 3.1.7 (/opt/ros/humble/share/rosidl_adapter/cmake)
[15.493s] -- Found rosidl_generator_cpp: 3.1.7 (/opt/ros/humble/share/rosidl_generator_cpp/cmake)
[15.503s] -- Using all available rosidl_typesupport_c: rosidl_typesupport_fastrtps_c;rosidl_typesupport_introspection_c
[15.517s] -- Using all available rosidl_typesupport_cpp: rosidl_typesupport_fastrtps_cpp;rosidl_typesupport_introspection_cpp
[15.554s] -- Found nav_msgs: 4.9.0 (/opt/ros/humble/share/nav_msgs/cmake)
[15.569s] -- Found rclcpp: 16.0.15 (/opt/ros/humble/share/rclcpp/cmake)
[15.593s] -- Found rmw_implementation_cmake: 6.1.2 (/opt/ros/humble/share/rmw_implementation_cmake/cmake)
[15.595s] -- Found rmw_fastrtps_cpp: 6.2.9 (/opt/ros/humble/share/rmw_fastrtps_cpp/cmake)
[18.369s] -- Using RMW implementation 'rmw_fastrtps_cpp' as default
[18.407s] -- Found sensor_msgs: 4.9.0 (/opt/ros/humble/share/sensor_msgs/cmake)
[18.422s] -- Found tf2: 0.25.16 (/opt/ros/humble/share/tf2/cmake)
[18.528s] -- Configuring done
[18.593s] -- Generating done
[18.605s] -- Build files have been written to: /root/SESASR-LAB/build/turtlebot3_gazebo
[18.621s] Invoked command in '/root/SESASR-LAB/build/turtlebot3_gazebo' returned '0': CMAKE_PREFIX_PATH=${CMAKE_PREFIX_PATH}:/root/SESASR-LAB/install/py_pubsub:/root/SESASR-LAB/install/lab02_pkg:/root/SESASR-LAB/install/lab01_pkg:/opt/ros/humble /usr/bin/cmake /root/SESASR-LAB/src/turtlebot3_simulations/turtlebot3_gazebo -DAMENT_CMAKE_SYMLINK_INSTALL=1 -DCMAKE_INSTALL_PREFIX=/root/SESASR-LAB/install/turtlebot3_gazebo
[18.623s] Invoking command in '/root/SESASR-LAB/build/turtlebot3_gazebo': CMAKE_PREFIX_PATH=${CMAKE_PREFIX_PATH}:/root/SESASR-LAB/install/py_pubsub:/root/SESASR-LAB/install/lab02_pkg:/root/SESASR-LAB/install/lab01_pkg:/opt/ros/humble /usr/bin/cmake --build /root/SESASR-LAB/build/turtlebot3_gazebo -- -j12 -l12
[18.692s] [35m[1mConsolidate compiler generated dependencies of target turtlebot3_drive[0m
[18.694s] [35m[1mConsolidate compiler generated dependencies of target obstacle2[0m
[18.694s] [35m[1mConsolidate compiler generated dependencies of target obstacle1[0m
[18.694s] [35m[1mConsolidate compiler generated dependencies of target obstacles[0m
[18.729s] [ 25%] Built target turtlebot3_drive
[18.923s] [ 75%] Built target obstacle2
[18.923s] [ 75%] Built target obstacle1
[18.924s] [100%] Built target obstacles
[18.945s] Invoked command in '/root/SESASR-LAB/build/turtlebot3_gazebo' returned '0': CMAKE_PREFIX_PATH=${CMAKE_PREFIX_PATH}:/root/SESASR-LAB/install/py_pubsub:/root/SESASR-LAB/install/lab02_pkg:/root/SESASR-LAB/install/lab01_pkg:/opt/ros/humble /usr/bin/cmake --build /root/SESASR-LAB/build/turtlebot3_gazebo -- -j12 -l12
[18.949s] Invoking command in '/root/SESASR-LAB/build/turtlebot3_gazebo': CMAKE_PREFIX_PATH=${CMAKE_PREFIX_PATH}:/root/SESASR-LAB/install/py_pubsub:/root/SESASR-LAB/install/lab02_pkg:/root/SESASR-LAB/install/lab01_pkg:/opt/ros/humble /usr/bin/cmake --install /root/SESASR-LAB/build/turtlebot3_gazebo
[18.962s] -- Install configuration: ""
[18.962s] -- Execute custom install script
[18.962s] -- Up-to-date symlink: /root/SESASR-LAB/install/turtlebot3_gazebo/lib/turtlebot3_gazebo/turtlebot3_drive
[18.963s] -- Up-to-date symlink: /root/SESASR-LAB/install/turtlebot3_gazebo/share/turtlebot3_gazebo//launch/empty_world.launch.py
[18.963s] -- Up-to-date symlink: /root/SESASR-LAB/install/turtlebot3_gazebo/share/turtlebot3_gazebo//launch/lab02.launch.py
[18.963s] -- Up-to-date symlink: /root/SESASR-LAB/install/turtlebot3_gazebo/share/turtlebot3_gazebo//launch/lab04.launch.py
[18.963s] -- Up-to-date symlink: /root/SESASR-LAB/install/turtlebot3_gazebo/share/turtlebot3_gazebo//launch/project.launch.py
[18.964s] -- Up-to-date symlink: /root/SESASR-LAB/install/turtlebot3_gazebo/share/turtlebot3_gazebo//launch/robot_state_publisher.launch.py
[18.964s] -- Up-to-date symlink: /root/SESASR-LAB/install/turtlebot3_gazebo/share/turtlebot3_gazebo//launch/spawn_turtlebot3.launch.py
[18.964s] -- Up-to-date symlink: /root/SESASR-LAB/install/turtlebot3_gazebo/share/turtlebot3_gazebo//launch/turtlebot3_dqn_stage1.launch.py
[18.964s] -- Up-to-date symlink: /root/SESASR-LAB/install/turtlebot3_gazebo/share/turtlebot3_gazebo//launch/turtlebot3_dqn_stage2.launch.py
[18.965s] -- Up-to-date symlink: /root/SESASR-LAB/install/turtlebot3_gazebo/share/turtlebot3_gazebo//launch/turtlebot3_dqn_stage3.launch.py
[18.965s] -- Up-to-date symlink: /root/SESASR-LAB/install/turtlebot3_gazebo/share/turtlebot3_gazebo//launch/turtlebot3_dqn_stage4.launch.py
[18.965s] -- Up-to-date symlink: /root/SESASR-LAB/install/turtlebot3_gazebo/share/turtlebot3_gazebo//launch/turtlebot3_house.launch.py
[18.965s] -- Up-to-date symlink: /root/SESASR-LAB/install/turtlebot3_gazebo/share/turtlebot3_gazebo//launch/turtlebot3_world.launch.py
[18.966s] -- Up-to-date symlink: /root/SESASR-LAB/install/turtlebot3_gazebo/share/turtlebot3_gazebo//models/turtlebot3_burger/model-1_4.sdf
[18.966s] -- Up-to-date symlink: /root/SESASR-LAB/install/turtlebot3_gazebo/share/turtlebot3_gazebo//models/turtlebot3_burger/model.config
[18.966s] -- Up-to-date symlink: /root/SESASR-LAB/install/turtlebot3_gazebo/share/turtlebot3_gazebo//models/turtlebot3_burger/model.sdf
[18.967s] -- Up-to-date symlink: /root/SESASR-LAB/install/turtlebot3_gazebo/share/turtlebot3_gazebo//models/turtlebot3_common/meshes/burger_base.dae
[18.967s] -- Up-to-date symlink: /root/SESASR-LAB/install/turtlebot3_gazebo/share/turtlebot3_gazebo//models/turtlebot3_common/meshes/lds.dae
[18.967s] -- Up-to-date symlink: /root/SESASR-LAB/install/turtlebot3_gazebo/share/turtlebot3_gazebo//models/turtlebot3_common/meshes/r200.dae
[18.967s] -- Up-to-date symlink: /root/SESASR-LAB/install/turtlebot3_gazebo/share/turtlebot3_gazebo//models/turtlebot3_common/meshes/tire.dae
[18.968s] -- Up-to-date symlink: /root/SESASR-LAB/install/turtlebot3_gazebo/share/turtlebot3_gazebo//models/turtlebot3_common/meshes/waffle_base.dae
[18.968s] -- Up-to-date symlink: /root/SESASR-LAB/install/turtlebot3_gazebo/share/turtlebot3_gazebo//models/turtlebot3_common/meshes/waffle_pi_base.dae
[18.968s] -- Up-to-date symlink: /root/SESASR-LAB/install/turtlebot3_gazebo/share/turtlebot3_gazebo//models/turtlebot3_common/model.config
[18.969s] -- Up-to-date symlink: /root/SESASR-LAB/install/turtlebot3_gazebo/share/turtlebot3_gazebo//models/turtlebot3_dqn_world/goal_box/model.config
[18.969s] -- Up-to-date symlink: /root/SESASR-LAB/install/turtlebot3_gazebo/share/turtlebot3_gazebo//models/turtlebot3_dqn_world/goal_box/model.sdf
[18.969s] -- Up-to-date symlink: /root/SESASR-LAB/install/turtlebot3_gazebo/share/turtlebot3_gazebo//models/turtlebot3_dqn_world/inner_walls/model.config
[18.970s] -- Up-to-date symlink: /root/SESASR-LAB/install/turtlebot3_gazebo/share/turtlebot3_gazebo//models/turtlebot3_dqn_world/inner_walls/model.sdf
[18.970s] -- Up-to-date symlink: /root/SESASR-LAB/install/turtlebot3_gazebo/share/turtlebot3_gazebo//models/turtlebot3_dqn_world/model.config
[18.970s] -- Up-to-date symlink: /root/SESASR-LAB/install/turtlebot3_gazebo/share/turtlebot3_gazebo//models/turtlebot3_dqn_world/model.sdf
[18.971s] -- Up-to-date symlink: /root/SESASR-LAB/install/turtlebot3_gazebo/share/turtlebot3_gazebo//models/turtlebot3_dqn_world/obstacle1/model.config
[18.971s] -- Up-to-date symlink: /root/SESASR-LAB/install/turtlebot3_gazebo/share/turtlebot3_gazebo//models/turtlebot3_dqn_world/obstacle1/model.sdf
[18.971s] -- Up-to-date symlink: /root/SESASR-LAB/install/turtlebot3_gazebo/share/turtlebot3_gazebo//models/turtlebot3_dqn_world/obstacle2/model.config
[18.971s] -- Up-to-date symlink: /root/SESASR-LAB/install/turtlebot3_gazebo/share/turtlebot3_gazebo//models/turtlebot3_dqn_world/obstacle2/model.sdf
[18.972s] -- Up-to-date symlink: /root/SESASR-LAB/install/turtlebot3_gazebo/share/turtlebot3_gazebo//models/turtlebot3_dqn_world/obstacle_plugin/CMakeLists.txt
[18.972s] -- Up-to-date symlink: /root/SESASR-LAB/install/turtlebot3_gazebo/share/turtlebot3_gazebo//models/turtlebot3_dqn_world/obstacle_plugin/obstacle1.cc
[18.972s] -- Up-to-date symlink: /root/SESASR-LAB/install/turtlebot3_gazebo/share/turtlebot3_gazebo//models/turtlebot3_dqn_world/obstacle_plugin/obstacle2.cc
[18.972s] -- Up-to-date symlink: /root/SESASR-LAB/install/turtlebot3_gazebo/share/turtlebot3_gazebo//models/turtlebot3_dqn_world/obstacle_plugin/obstacles.cc
[18.972s] -- Up-to-date symlink: /root/SESASR-LAB/install/turtlebot3_gazebo/share/turtlebot3_gazebo//models/turtlebot3_dqn_world/obstacles/model.config
[18.973s] -- Up-to-date symlink: /root/SESASR-LAB/install/turtlebot3_gazebo/share/turtlebot3_gazebo//models/turtlebot3_dqn_world/obstacles/model.sdf
[18.973s] -- Up-to-date symlink: /root/SESASR-LAB/install/turtlebot3_gazebo/share/turtlebot3_gazebo//models/turtlebot3_house/model.config
[18.973s] -- Up-to-date symlink: /root/SESASR-LAB/install/turtlebot3_gazebo/share/turtlebot3_gazebo//models/turtlebot3_house/model.sdf
[18.973s] -- Up-to-date symlink: /root/SESASR-LAB/install/turtlebot3_gazebo/share/turtlebot3_gazebo//models/turtlebot3_waffle/model-1_4.sdf
[18.974s] -- Up-to-date symlink: /root/SESASR-LAB/install/turtlebot3_gazebo/share/turtlebot3_gazebo//models/turtlebot3_waffle/model.config
[18.974s] -- Up-to-date symlink: /root/SESASR-LAB/install/turtlebot3_gazebo/share/turtlebot3_gazebo//models/turtlebot3_waffle/model.sdf
[18.974s] -- Up-to-date symlink: /root/SESASR-LAB/install/turtlebot3_gazebo/share/turtlebot3_gazebo//models/turtlebot3_waffle_pi/model-1_4_.sdf
[18.974s] -- Up-to-date symlink: /root/SESASR-LAB/install/turtlebot3_gazebo/share/turtlebot3_gazebo//models/turtlebot3_waffle_pi/model.config
[18.974s] -- Up-to-date symlink: /root/SESASR-LAB/install/turtlebot3_gazebo/share/turtlebot3_gazebo//models/turtlebot3_waffle_pi/model.sdf
[18.975s] -- Up-to-date symlink: /root/SESASR-LAB/install/turtlebot3_gazebo/share/turtlebot3_gazebo//models/turtlebot3_world/meshes/hexagon.dae
[18.975s] -- Up-to-date symlink: /root/SESASR-LAB/install/turtlebot3_gazebo/share/turtlebot3_gazebo//models/turtlebot3_world/meshes/wall.dae
[18.975s] -- Up-to-date symlink: /root/SESASR-LAB/install/turtlebot3_gazebo/share/turtlebot3_gazebo//models/turtlebot3_world/model-1_4.sdf
[18.975s] -- Up-to-date symlink: /root/SESASR-LAB/install/turtlebot3_gazebo/share/turtlebot3_gazebo//models/turtlebot3_world/model.config
[18.975s] -- Up-to-date symlink: /root/SESASR-LAB/install/turtlebot3_gazebo/share/turtlebot3_gazebo//models/turtlebot3_world/model.sdf
[18.976s] -- Up-to-date symlink: /root/SESASR-LAB/install/turtlebot3_gazebo/share/turtlebot3_gazebo//rviz/tb3_gazebo.rviz
[18.976s] -- Up-to-date symlink: /root/SESASR-LAB/install/turtlebot3_gazebo/share/turtlebot3_gazebo//urdf/common_properties.urdf
[18.976s] -- Up-to-date symlink: /root/SESASR-LAB/install/turtlebot3_gazebo/share/turtlebot3_gazebo//urdf/turtlebot3_burger.urdf
[18.976s] -- Up-to-date symlink: /root/SESASR-LAB/install/turtlebot3_gazebo/share/turtlebot3_gazebo//urdf/turtlebot3_waffle.urdf
[18.977s] -- Up-to-date symlink: /root/SESASR-LAB/install/turtlebot3_gazebo/share/turtlebot3_gazebo//urdf/turtlebot3_waffle_pi.urdf
[18.977s] -- Up-to-date symlink: /root/SESASR-LAB/install/turtlebot3_gazebo/share/turtlebot3_gazebo//worlds/empty_world.world
[18.977s] -- Up-to-date symlink: /root/SESASR-LAB/install/turtlebot3_gazebo/share/turtlebot3_gazebo//worlds/hard_maze.world
[18.977s] -- Up-to-date symlink: /root/SESASR-LAB/install/turtlebot3_gazebo/share/turtlebot3_gazebo//worlds/maze.world
[18.978s] -- Up-to-date symlink: /root/SESASR-LAB/install/turtlebot3_gazebo/share/turtlebot3_gazebo//worlds/turtlebot3_dqn_stage1.world
[18.978s] -- Up-to-date symlink: /root/SESASR-LAB/install/turtlebot3_gazebo/share/turtlebot3_gazebo//worlds/turtlebot3_dqn_stage2.world
[18.978s] -- Up-to-date symlink: /root/SESASR-LAB/install/turtlebot3_gazebo/share/turtlebot3_gazebo//worlds/turtlebot3_dqn_stage3.world
[18.978s] -- Up-to-date symlink: /root/SESASR-LAB/install/turtlebot3_gazebo/share/turtlebot3_gazebo//worlds/turtlebot3_dqn_stage4.world
[18.979s] -- Up-to-date symlink: /root/SESASR-LAB/install/turtlebot3_gazebo/share/turtlebot3_gazebo//worlds/turtlebot3_house.world
[18.979s] -- Up-to-date symlink: /root/SESASR-LAB/install/turtlebot3_gazebo/share/turtlebot3_gazebo//worlds/turtlebot3_world.world
[18.979s] -- Up-to-date symlink: /root/SESASR-LAB/install/turtlebot3_gazebo/include//turtlebot3_gazebo/turtlebot3_drive.hpp
[18.979s] -- Up-to-date symlink: /root/SESASR-LAB/install/turtlebot3_gazebo/share/turtlebot3_gazebo/environment/turtlebot3_gazebo.dsv
[18.979s] -- Up-to-date symlink: /root/SESASR-LAB/install/turtlebot3_gazebo/share/ament_index/resource_index/package_run_dependencies/turtlebot3_gazebo
[18.980s] -- Up-to-date symlink: /root/SESASR-LAB/install/turtlebot3_gazebo/share/ament_index/resource_index/parent_prefix_path/turtlebot3_gazebo
[18.980s] -- Up-to-date symlink: /root/SESASR-LAB/install/turtlebot3_gazebo/share/turtlebot3_gazebo/environment/ament_prefix_path.sh
[18.980s] -- Up-to-date symlink: /root/SESASR-LAB/install/turtlebot3_gazebo/share/turtlebot3_gazebo/environment/ament_prefix_path.dsv
[18.981s] -- Up-to-date symlink: /root/SESASR-LAB/install/turtlebot3_gazebo/share/turtlebot3_gazebo/environment/path.sh
[18.981s] -- Up-to-date symlink: /root/SESASR-LAB/install/turtlebot3_gazebo/share/turtlebot3_gazebo/environment/path.dsv
[18.981s] -- Up-to-date symlink: /root/SESASR-LAB/install/turtlebot3_gazebo/share/turtlebot3_gazebo/local_setup.bash
[18.981s] -- Up-to-date symlink: /root/SESASR-LAB/install/turtlebot3_gazebo/share/turtlebot3_gazebo/local_setup.sh
[18.982s] -- Up-to-date symlink: /root/SESASR-LAB/install/turtlebot3_gazebo/share/turtlebot3_gazebo/local_setup.zsh
[18.982s] -- Up-to-date symlink: /root/SESASR-LAB/install/turtlebot3_gazebo/share/turtlebot3_gazebo/local_setup.dsv
[18.982s] -- Symlinking: /root/SESASR-LAB/install/turtlebot3_gazebo/share/turtlebot3_gazebo/package.dsv
[18.998s] -- Up-to-date symlink: /root/SESASR-LAB/install/turtlebot3_gazebo/share/ament_index/resource_index/packages/turtlebot3_gazebo
[18.999s] -- Up-to-date symlink: /root/SESASR-LAB/install/turtlebot3_gazebo/share/turtlebot3_gazebo/cmake/ament_cmake_export_include_directories-extras.cmake
[18.999s] -- Up-to-date symlink: /root/SESASR-LAB/install/turtlebot3_gazebo/share/turtlebot3_gazebo/cmake/ament_cmake_export_dependencies-extras.cmake
[18.999s] -- Up-to-date symlink: /root/SESASR-LAB/install/turtlebot3_gazebo/share/turtlebot3_gazebo/cmake/turtlebot3_gazeboConfig.cmake
[18.999s] -- Up-to-date symlink: /root/SESASR-LAB/install/turtlebot3_gazebo/share/turtlebot3_gazebo/cmake/turtlebot3_gazeboConfig-version.cmake
[19.000s] -- Up-to-date symlink: /root/SESASR-LAB/install/turtlebot3_gazebo/share/turtlebot3_gazebo/package.xml
[19.004s] Invoked command in '/root/SESASR-LAB/build/turtlebot3_gazebo' returned '0': CMAKE_PREFIX_PATH=${CMAKE_PREFIX_PATH}:/root/SESASR-LAB/install/py_pubsub:/root/SESASR-LAB/install/lab02_pkg:/root/SESASR-LAB/install/lab01_pkg:/opt/ros/humble /usr/bin/cmake --install /root/SESASR-LAB/build/turtlebot3_gazebo
