[0.053s] Invoking command in '/home/l0dz/SESASR-LAB/build/turtlebot3_fake_node': CMAKE_PREFIX_PATH=/opt/ros/humble /usr/bin/cmake /home/l0dz/SESASR-LAB/src/turtlebot3_simulations/turtlebot3_fake_node -DAMENT_CMAKE_SYMLINK_INSTALL=1 -DCMAKE_INSTALL_PREFIX=/home/l0dz/SESASR-LAB/install/turtlebot3_fake_node
[0.577s] -- Found ament_cmake: 1.3.12 (/opt/ros/humble/share/ament_cmake/cmake)
[0.577s] -- Override CMake install command with custom implementation using symlinks instead of copying resources
[0.577s] -- Found geometry_msgs: 4.9.0 (/opt/ros/humble/share/geometry_msgs/cmake)
[1.004s] -- Found rosidl_generator_c: 3.1.7 (/opt/ros/humble/share/rosidl_generator_c/cmake)
[1.011s] -- Found rosidl_adapter: 3.1.7 (/opt/ros/humble/share/rosidl_adapter/cmake)
[1.026s] -- Found rosidl_generator_cpp: 3.1.7 (/opt/ros/humble/share/rosidl_generator_cpp/cmake)
[1.047s] -- Using all available rosidl_typesupport_c: rosidl_typesupport_fastrtps_c;rosidl_typesupport_introspection_c
[1.074s] -- Using all available rosidl_typesupport_cpp: rosidl_typesupport_fastrtps_cpp;rosidl_typesupport_introspection_cpp
[1.155s] -- Found nav_msgs: 4.9.0 (/opt/ros/humble/share/nav_msgs/cmake)
[1.189s] -- Found rclcpp: 16.0.15 (/opt/ros/humble/share/rclcpp/cmake)
[1.247s] -- Found rmw_implementation_cmake: 6.1.2 (/opt/ros/humble/share/rmw_implementation_cmake/cmake)
[1.251s] -- Found rmw_fastrtps_cpp: 6.2.8 (/opt/ros/humble/share/rmw_fastrtps_cpp/cmake)
[24.658s] -- Using RMW implementation 'rmw_fastrtps_cpp' as default
[24.721s] -- Found sensor_msgs: 4.9.0 (/opt/ros/humble/share/sensor_msgs/cmake)
[24.750s] -- Found tf2: 0.25.16 (/opt/ros/humble/share/tf2/cmake)
[24.758s] -- Found tf2_msgs: 0.25.16 (/opt/ros/humble/share/tf2_msgs/cmake)
[30.595s] [31mCMake Error at CMakeLists.txt:25 (find_package):
[30.596s]   By not providing "Findturtlebot3_msgs.cmake" in CMAKE_MODULE_PATH this
[30.596s]   project has asked CMake to find a package configuration file provided by
[30.596s]   "turtlebot3_msgs", but CMake did not find one.
[30.596s] 
[30.596s]   Could not find a package configuration file provided by "turtlebot3_msgs"
[30.596s]   with any of the following names:
[30.597s] 
[30.597s]     turtlebot3_msgsConfig.cmake
[30.597s]     turtlebot3_msgs-config.cmake
[30.597s] 
[30.597s]   Add the installation prefix of "turtlebot3_msgs" to CMAKE_PREFIX_PATH or
[30.597s]   set "turtlebot3_msgs_DIR" to a directory containing one of the above files.
[30.598s]   If "turtlebot3_msgs" provides a separate development package or SDK, be
[30.598s]   sure it has been installed.
[30.598s] 
[30.598s] [0m
[30.599s] -- Configuring incomplete, errors occurred!
[30.599s] See also "/home/l0dz/SESASR-LAB/build/turtlebot3_fake_node/CMakeFiles/CMakeOutput.log".
[30.614s] Invoked command in '/home/l0dz/SESASR-LAB/build/turtlebot3_fake_node' returned '1': CMAKE_PREFIX_PATH=/opt/ros/humble /usr/bin/cmake /home/l0dz/SESASR-LAB/src/turtlebot3_simulations/turtlebot3_fake_node -DAMENT_CMAKE_SYMLINK_INSTALL=1 -DCMAKE_INSTALL_PREFIX=/home/l0dz/SESASR-LAB/install/turtlebot3_fake_node
