[0.671s] Invoking command in '/home/l0dz/SESASR-LAB/build/lab01_pkg': PYTHONPATH=/home/l0dz/SESASR-LAB/build/lab01_pkg/prefix_override:/usr/lib/python3/dist-packages/colcon_core/task/python/colcon_distutils_commands:/home/l0dz/SESASR-LAB/install/lab01_pkg/lib/python3.10/site-packages:${PYTHONPATH} /usr/bin/python3 -W ignore:setup.py install is deprecated -W ignore:easy_install command is deprecated setup.py develop --editable --build-directory /home/l0dz/SESASR-LAB/build/lab01_pkg/build --no-deps symlink_data --force
[0.927s] running develop
[1.072s] running egg_info
[1.072s] writing lab01_pkg.egg-info/PKG-INFO
[1.072s] writing dependency_links to lab01_pkg.egg-info/dependency_links.txt
[1.073s] writing entry points to lab01_pkg.egg-info/entry_points.txt
[1.073s] writing requirements to lab01_pkg.egg-info/requires.txt
[1.073s] writing top-level names to lab01_pkg.egg-info/top_level.txt
[1.075s] reading manifest file 'lab01_pkg.egg-info/SOURCES.txt'
[1.076s] writing manifest file 'lab01_pkg.egg-info/SOURCES.txt'
[1.077s] running build_ext
[1.078s] Creating /home/l0dz/SESASR-LAB/install/lab01_pkg/lib/python3.10/site-packages/lab01-pkg.egg-link (link to .)
[1.079s] Installing controller script to /home/l0dz/SESASR-LAB/install/lab01_pkg/lib/lab01_pkg
[1.079s] Installing localization script to /home/l0dz/SESASR-LAB/install/lab01_pkg/lib/lab01_pkg
[1.079s] 
[1.080s] Installed /home/l0dz/SESASR-LAB/build/lab01_pkg
[1.080s] running symlink_data
[1.080s] symbolically linking /home/l0dz/SESASR-LAB/build/lab01_pkg/resource/lab01_pkg -> /home/l0dz/SESASR-LAB/install/lab01_pkg/share/ament_index/resource_index/packages
[1.080s] symbolically linking /home/l0dz/SESASR-LAB/build/lab01_pkg/package.xml -> /home/l0dz/SESASR-LAB/install/lab01_pkg/share/lab01_pkg
[1.124s] Invoked command in '/home/l0dz/SESASR-LAB/build/lab01_pkg' returned '0': PYTHONPATH=/home/l0dz/SESASR-LAB/build/lab01_pkg/prefix_override:/usr/lib/python3/dist-packages/colcon_core/task/python/colcon_distutils_commands:/home/l0dz/SESASR-LAB/install/lab01_pkg/lib/python3.10/site-packages:${PYTHONPATH} /usr/bin/python3 -W ignore:setup.py install is deprecated -W ignore:easy_install command is deprecated setup.py develop --editable --build-directory /home/l0dz/SESASR-LAB/build/lab01_pkg/build --no-deps symlink_data --force
