[1.952s] Invoking command in '/root/SESASR-LAB/build/lab02_pkg': PYTHONPATH=/root/SESASR-LAB/build/lab02_pkg/prefix_override:/usr/lib/python3/dist-packages/colcon_core/task/python/colcon_distutils_commands:/root/SESASR-LAB/install/lab02_pkg/lib/python3.10/site-packages:${PYTHONPATH} /usr/bin/python3 -W ignore:setup.py install is deprecated -W ignore:easy_install command is deprecated setup.py develop --editable --build-directory /root/SESASR-LAB/build/lab02_pkg/build --no-deps symlink_data
[2.331s] running develop
[2.578s] running egg_info
[2.579s] creating lab02_pkg.egg-info
[2.579s] writing lab02_pkg.egg-info/PKG-INFO
[2.580s] writing dependency_links to lab02_pkg.egg-info/dependency_links.txt
[2.580s] writing entry points to lab02_pkg.egg-info/entry_points.txt
[2.580s] writing requirements to lab02_pkg.egg-info/requires.txt
[2.581s] writing top-level names to lab02_pkg.egg-info/top_level.txt
[2.581s] writing manifest file 'lab02_pkg.egg-info/SOURCES.txt'
[2.583s] reading manifest file 'lab02_pkg.egg-info/SOURCES.txt'
[2.584s] writing manifest file 'lab02_pkg.egg-info/SOURCES.txt'
[2.586s] running build_ext
[2.586s] Creating /root/SESASR-LAB/install/lab02_pkg/lib/python3.10/site-packages/lab02-pkg.egg-link (link to .)
[2.588s] 
[2.588s] Installed /root/SESASR-LAB/build/lab02_pkg
[2.588s] running symlink_data
[2.588s] creating /root/SESASR-LAB/install/lab02_pkg/share
[2.589s] creating /root/SESASR-LAB/install/lab02_pkg/share/ament_index
[2.589s] creating /root/SESASR-LAB/install/lab02_pkg/share/ament_index/resource_index
[2.590s] creating /root/SESASR-LAB/install/lab02_pkg/share/ament_index/resource_index/packages
[2.591s] symbolically linking /root/SESASR-LAB/build/lab02_pkg/resource/lab02_pkg -> /root/SESASR-LAB/install/lab02_pkg/share/ament_index/resource_index/packages
[2.591s] creating /root/SESASR-LAB/install/lab02_pkg/share/lab02_pkg
[2.592s] symbolically linking /root/SESASR-LAB/build/lab02_pkg/package.xml -> /root/SESASR-LAB/install/lab02_pkg/share/lab02_pkg
[2.643s] Invoked command in '/root/SESASR-LAB/build/lab02_pkg' returned '0': PYTHONPATH=/root/SESASR-LAB/build/lab02_pkg/prefix_override:/usr/lib/python3/dist-packages/colcon_core/task/python/colcon_distutils_commands:/root/SESASR-LAB/install/lab02_pkg/lib/python3.10/site-packages:${PYTHONPATH} /usr/bin/python3 -W ignore:setup.py install is deprecated -W ignore:easy_install command is deprecated setup.py develop --editable --build-directory /root/SESASR-LAB/build/lab02_pkg/build --no-deps symlink_data
