[0.249s] DEBUG:colcon:Command line arguments: ['/usr/bin/colcon', 'build']
[0.249s] DEBUG:colcon:Parsed command line arguments: Namespace(log_base=None, log_level=None, verb_name='build', build_base='build', install_base='install', merge_install=False, symlink_install=False, test_result_base=None, continue_on_error=False, executor='parallel', parallel_workers=12, event_handlers=None, ignore_user_meta=False, metas=['./colcon.meta'], base_paths=['.'], packages_ignore=None, packages_ignore_regex=None, paths=None, packages_up_to=None, packages_up_to_regex=None, packages_above=None, packages_above_and_dependencies=None, packages_above_depth=None, packages_select_by_dep=None, packages_skip_by_dep=None, packages_skip_up_to=None, packages_select_build_failed=False, packages_skip_build_finished=False, packages_select_test_failures=False, packages_skip_test_passed=False, packages_select=None, packages_skip=None, packages_select_regex=None, packages_skip_regex=None, packages_start=None, packages_end=None, allow_overriding=[], cmake_args=None, cmake_target=None, cmake_target_skip_unavailable=False, cmake_clean_cache=False, cmake_clean_first=False, cmake_force_configure=False, ament_cmake_args=None, catkin_cmake_args=None, catkin_skip_building_tests=False, mixin_files=None, mixin=None, verb_parser=<colcon_mixin.mixin.mixin_argument.MixinArgumentDecorator object at 0x72c0f024b580>, verb_extension=<colcon_core.verb.build.BuildVerb object at 0x72c0f038c4c0>, main=<bound method BuildVerb.main of <colcon_core.verb.build.BuildVerb object at 0x72c0f038c4c0>>, mixin_verb=('build',))
[0.559s] Level 1:colcon.colcon_core.package_discovery:discover_packages(colcon_meta) check parameters
[0.560s] Level 1:colcon.colcon_core.package_discovery:discover_packages(recursive) check parameters
[0.560s] Level 1:colcon.colcon_core.package_discovery:discover_packages(ignore) check parameters
[0.560s] Level 1:colcon.colcon_core.package_discovery:discover_packages(path) check parameters
[0.560s] Level 1:colcon.colcon_core.package_discovery:discover_packages(colcon_meta) discover
[0.560s] Level 1:colcon.colcon_core.package_discovery:discover_packages(recursive) discover
[0.560s] INFO:colcon.colcon_core.package_discovery:Crawling recursively for packages in '/root/SESASR-LAB'
[0.560s] Level 1:colcon.colcon_core.package_identification:_identify(.) by extensions ['ignore', 'ignore_ament_install']
[0.560s] Level 1:colcon.colcon_core.package_identification:_identify(.) by extension 'ignore'
[0.560s] Level 1:colcon.colcon_core.package_identification:_identify(.) by extension 'ignore_ament_install'
[0.560s] Level 1:colcon.colcon_core.package_identification:_identify(.) by extensions ['colcon_pkg']
[0.560s] Level 1:colcon.colcon_core.package_identification:_identify(.) by extension 'colcon_pkg'
[0.561s] Level 1:colcon.colcon_core.package_identification:_identify(.) by extensions ['colcon_meta']
[0.561s] Level 1:colcon.colcon_core.package_identification:_identify(.) by extension 'colcon_meta'
[0.561s] Level 1:colcon.colcon_core.package_identification:_identify(.) by extensions ['ros']
[0.561s] Level 1:colcon.colcon_core.package_identification:_identify(.) by extension 'ros'
[0.575s] Level 1:colcon.colcon_core.package_identification:_identify(.) by extensions ['cmake', 'python']
[0.575s] Level 1:colcon.colcon_core.package_identification:_identify(.) by extension 'cmake'
[0.575s] Level 1:colcon.colcon_core.package_identification:_identify(.) by extension 'python'
[0.575s] Level 1:colcon.colcon_core.package_identification:_identify(.) by extensions ['python_setup_py']
[0.575s] Level 1:colcon.colcon_core.package_identification:_identify(.) by extension 'python_setup_py'
[0.575s] Level 1:colcon.colcon_core.package_identification:_identify(build) by extensions ['ignore', 'ignore_ament_install']
[0.575s] Level 1:colcon.colcon_core.package_identification:_identify(build) by extension 'ignore'
[0.575s] Level 1:colcon.colcon_core.package_identification:_identify(build) ignored
[0.575s] Level 1:colcon.colcon_core.package_identification:_identify(install) by extensions ['ignore', 'ignore_ament_install']
[0.576s] Level 1:colcon.colcon_core.package_identification:_identify(install) by extension 'ignore'
[0.576s] Level 1:colcon.colcon_core.package_identification:_identify(install) ignored
[0.576s] Level 1:colcon.colcon_core.package_identification:_identify(log) by extensions ['ignore', 'ignore_ament_install']
[0.576s] Level 1:colcon.colcon_core.package_identification:_identify(log) by extension 'ignore'
[0.576s] Level 1:colcon.colcon_core.package_identification:_identify(log) ignored
[0.576s] Level 1:colcon.colcon_core.package_identification:_identify(py_pubsub) by extensions ['ignore', 'ignore_ament_install']
[0.576s] Level 1:colcon.colcon_core.package_identification:_identify(py_pubsub) by extension 'ignore'
[0.576s] Level 1:colcon.colcon_core.package_identification:_identify(py_pubsub) by extension 'ignore_ament_install'
[0.576s] Level 1:colcon.colcon_core.package_identification:_identify(py_pubsub) by extensions ['colcon_pkg']
[0.576s] Level 1:colcon.colcon_core.package_identification:_identify(py_pubsub) by extension 'colcon_pkg'
[0.576s] Level 1:colcon.colcon_core.package_identification:_identify(py_pubsub) by extensions ['colcon_meta']
[0.576s] Level 1:colcon.colcon_core.package_identification:_identify(py_pubsub) by extension 'colcon_meta'
[0.576s] Level 1:colcon.colcon_core.package_identification:_identify(py_pubsub) by extensions ['ros']
[0.576s] Level 1:colcon.colcon_core.package_identification:_identify(py_pubsub) by extension 'ros'
[0.577s] Level 1:colcon.colcon_core.package_identification:_identify(py_pubsub) by extensions ['cmake', 'python']
[0.577s] Level 1:colcon.colcon_core.package_identification:_identify(py_pubsub) by extension 'cmake'
[0.577s] Level 1:colcon.colcon_core.package_identification:_identify(py_pubsub) by extension 'python'
[0.577s] Level 1:colcon.colcon_core.package_identification:_identify(py_pubsub) by extensions ['python_setup_py']
[0.577s] Level 1:colcon.colcon_core.package_identification:_identify(py_pubsub) by extension 'python_setup_py'
[0.577s] Level 1:colcon.colcon_core.package_identification:_identify(python-crash-intro) by extensions ['ignore', 'ignore_ament_install']
[0.577s] Level 1:colcon.colcon_core.package_identification:_identify(python-crash-intro) by extension 'ignore'
[0.577s] Level 1:colcon.colcon_core.package_identification:_identify(python-crash-intro) by extension 'ignore_ament_install'
[0.578s] Level 1:colcon.colcon_core.package_identification:_identify(python-crash-intro) by extensions ['colcon_pkg']
[0.578s] Level 1:colcon.colcon_core.package_identification:_identify(python-crash-intro) by extension 'colcon_pkg'
[0.578s] Level 1:colcon.colcon_core.package_identification:_identify(python-crash-intro) by extensions ['colcon_meta']
[0.578s] Level 1:colcon.colcon_core.package_identification:_identify(python-crash-intro) by extension 'colcon_meta'
[0.578s] Level 1:colcon.colcon_core.package_identification:_identify(python-crash-intro) by extensions ['ros']
[0.578s] Level 1:colcon.colcon_core.package_identification:_identify(python-crash-intro) by extension 'ros'
[0.578s] Level 1:colcon.colcon_core.package_identification:_identify(python-crash-intro) by extensions ['cmake', 'python']
[0.578s] Level 1:colcon.colcon_core.package_identification:_identify(python-crash-intro) by extension 'cmake'
[0.578s] Level 1:colcon.colcon_core.package_identification:_identify(python-crash-intro) by extension 'python'
[0.578s] Level 1:colcon.colcon_core.package_identification:_identify(python-crash-intro) by extensions ['python_setup_py']
[0.578s] Level 1:colcon.colcon_core.package_identification:_identify(python-crash-intro) by extension 'python_setup_py'
[0.578s] Level 1:colcon.colcon_core.package_identification:_identify(python-crash-intro/Module0_Basics) by extensions ['ignore', 'ignore_ament_install']
[0.578s] Level 1:colcon.colcon_core.package_identification:_identify(python-crash-intro/Module0_Basics) by extension 'ignore'
[0.578s] Level 1:colcon.colcon_core.package_identification:_identify(python-crash-intro/Module0_Basics) by extension 'ignore_ament_install'
[0.578s] Level 1:colcon.colcon_core.package_identification:_identify(python-crash-intro/Module0_Basics) by extensions ['colcon_pkg']
[0.578s] Level 1:colcon.colcon_core.package_identification:_identify(python-crash-intro/Module0_Basics) by extension 'colcon_pkg'
[0.578s] Level 1:colcon.colcon_core.package_identification:_identify(python-crash-intro/Module0_Basics) by extensions ['colcon_meta']
[0.578s] Level 1:colcon.colcon_core.package_identification:_identify(python-crash-intro/Module0_Basics) by extension 'colcon_meta'
[0.579s] Level 1:colcon.colcon_core.package_identification:_identify(python-crash-intro/Module0_Basics) by extensions ['ros']
[0.579s] Level 1:colcon.colcon_core.package_identification:_identify(python-crash-intro/Module0_Basics) by extension 'ros'
[0.579s] Level 1:colcon.colcon_core.package_identification:_identify(python-crash-intro/Module0_Basics) by extensions ['cmake', 'python']
[0.579s] Level 1:colcon.colcon_core.package_identification:_identify(python-crash-intro/Module0_Basics) by extension 'cmake'
[0.579s] Level 1:colcon.colcon_core.package_identification:_identify(python-crash-intro/Module0_Basics) by extension 'python'
[0.579s] Level 1:colcon.colcon_core.package_identification:_identify(python-crash-intro/Module0_Basics) by extensions ['python_setup_py']
[0.579s] Level 1:colcon.colcon_core.package_identification:_identify(python-crash-intro/Module0_Basics) by extension 'python_setup_py'
[0.579s] Level 1:colcon.colcon_core.package_identification:_identify(python-crash-intro/Module1_Functions) by extensions ['ignore', 'ignore_ament_install']
[0.579s] Level 1:colcon.colcon_core.package_identification:_identify(python-crash-intro/Module1_Functions) by extension 'ignore'
[0.579s] Level 1:colcon.colcon_core.package_identification:_identify(python-crash-intro/Module1_Functions) by extension 'ignore_ament_install'
[0.579s] Level 1:colcon.colcon_core.package_identification:_identify(python-crash-intro/Module1_Functions) by extensions ['colcon_pkg']
[0.579s] Level 1:colcon.colcon_core.package_identification:_identify(python-crash-intro/Module1_Functions) by extension 'colcon_pkg'
[0.579s] Level 1:colcon.colcon_core.package_identification:_identify(python-crash-intro/Module1_Functions) by extensions ['colcon_meta']
[0.579s] Level 1:colcon.colcon_core.package_identification:_identify(python-crash-intro/Module1_Functions) by extension 'colcon_meta'
[0.579s] Level 1:colcon.colcon_core.package_identification:_identify(python-crash-intro/Module1_Functions) by extensions ['ros']
[0.579s] Level 1:colcon.colcon_core.package_identification:_identify(python-crash-intro/Module1_Functions) by extension 'ros'
[0.579s] Level 1:colcon.colcon_core.package_identification:_identify(python-crash-intro/Module1_Functions) by extensions ['cmake', 'python']
[0.580s] Level 1:colcon.colcon_core.package_identification:_identify(python-crash-intro/Module1_Functions) by extension 'cmake'
[0.580s] Level 1:colcon.colcon_core.package_identification:_identify(python-crash-intro/Module1_Functions) by extension 'python'
[0.580s] Level 1:colcon.colcon_core.package_identification:_identify(python-crash-intro/Module1_Functions) by extensions ['python_setup_py']
[0.580s] Level 1:colcon.colcon_core.package_identification:_identify(python-crash-intro/Module1_Functions) by extension 'python_setup_py'
[0.580s] Level 1:colcon.colcon_core.package_identification:_identify(python-crash-intro/Module1_Functions/__pycache__) by extensions ['ignore', 'ignore_ament_install']
[0.580s] Level 1:colcon.colcon_core.package_identification:_identify(python-crash-intro/Module1_Functions/__pycache__) by extension 'ignore'
[0.580s] Level 1:colcon.colcon_core.package_identification:_identify(python-crash-intro/Module1_Functions/__pycache__) by extension 'ignore_ament_install'
[0.580s] Level 1:colcon.colcon_core.package_identification:_identify(python-crash-intro/Module1_Functions/__pycache__) by extensions ['colcon_pkg']
[0.580s] Level 1:colcon.colcon_core.package_identification:_identify(python-crash-intro/Module1_Functions/__pycache__) by extension 'colcon_pkg'
[0.580s] Level 1:colcon.colcon_core.package_identification:_identify(python-crash-intro/Module1_Functions/__pycache__) by extensions ['colcon_meta']
[0.580s] Level 1:colcon.colcon_core.package_identification:_identify(python-crash-intro/Module1_Functions/__pycache__) by extension 'colcon_meta'
[0.580s] Level 1:colcon.colcon_core.package_identification:_identify(python-crash-intro/Module1_Functions/__pycache__) by extensions ['ros']
[0.581s] Level 1:colcon.colcon_core.package_identification:_identify(python-crash-intro/Module1_Functions/__pycache__) by extension 'ros'
[0.581s] Level 1:colcon.colcon_core.package_identification:_identify(python-crash-intro/Module1_Functions/__pycache__) by extensions ['cmake', 'python']
[0.581s] Level 1:colcon.colcon_core.package_identification:_identify(python-crash-intro/Module1_Functions/__pycache__) by extension 'cmake'
[0.581s] Level 1:colcon.colcon_core.package_identification:_identify(python-crash-intro/Module1_Functions/__pycache__) by extension 'python'
[0.581s] Level 1:colcon.colcon_core.package_identification:_identify(python-crash-intro/Module1_Functions/__pycache__) by extensions ['python_setup_py']
[0.581s] Level 1:colcon.colcon_core.package_identification:_identify(python-crash-intro/Module1_Functions/__pycache__) by extension 'python_setup_py'
[0.581s] Level 1:colcon.colcon_core.package_identification:_identify(python-crash-intro/Module2_ObjectsProgramming) by extensions ['ignore', 'ignore_ament_install']
[0.581s] Level 1:colcon.colcon_core.package_identification:_identify(python-crash-intro/Module2_ObjectsProgramming) by extension 'ignore'
[0.582s] Level 1:colcon.colcon_core.package_identification:_identify(python-crash-intro/Module2_ObjectsProgramming) by extension 'ignore_ament_install'
[0.582s] Level 1:colcon.colcon_core.package_identification:_identify(python-crash-intro/Module2_ObjectsProgramming) by extensions ['colcon_pkg']
[0.582s] Level 1:colcon.colcon_core.package_identification:_identify(python-crash-intro/Module2_ObjectsProgramming) by extension 'colcon_pkg'
[0.582s] Level 1:colcon.colcon_core.package_identification:_identify(python-crash-intro/Module2_ObjectsProgramming) by extensions ['colcon_meta']
[0.582s] Level 1:colcon.colcon_core.package_identification:_identify(python-crash-intro/Module2_ObjectsProgramming) by extension 'colcon_meta'
[0.582s] Level 1:colcon.colcon_core.package_identification:_identify(python-crash-intro/Module2_ObjectsProgramming) by extensions ['ros']
[0.582s] Level 1:colcon.colcon_core.package_identification:_identify(python-crash-intro/Module2_ObjectsProgramming) by extension 'ros'
[0.582s] Level 1:colcon.colcon_core.package_identification:_identify(python-crash-intro/Module2_ObjectsProgramming) by extensions ['cmake', 'python']
[0.582s] Level 1:colcon.colcon_core.package_identification:_identify(python-crash-intro/Module2_ObjectsProgramming) by extension 'cmake'
[0.583s] Level 1:colcon.colcon_core.package_identification:_identify(python-crash-intro/Module2_ObjectsProgramming) by extension 'python'
[0.583s] Level 1:colcon.colcon_core.package_identification:_identify(python-crash-intro/Module2_ObjectsProgramming) by extensions ['python_setup_py']
[0.583s] Level 1:colcon.colcon_core.package_identification:_identify(python-crash-intro/Module2_ObjectsProgramming) by extension 'python_setup_py'
[0.583s] Level 1:colcon.colcon_core.package_identification:_identify(python-crash-intro/Module3_Numpy) by extensions ['ignore', 'ignore_ament_install']
[0.583s] Level 1:colcon.colcon_core.package_identification:_identify(python-crash-intro/Module3_Numpy) by extension 'ignore'
[0.583s] Level 1:colcon.colcon_core.package_identification:_identify(python-crash-intro/Module3_Numpy) by extension 'ignore_ament_install'
[0.584s] Level 1:colcon.colcon_core.package_identification:_identify(python-crash-intro/Module3_Numpy) by extensions ['colcon_pkg']
[0.584s] Level 1:colcon.colcon_core.package_identification:_identify(python-crash-intro/Module3_Numpy) by extension 'colcon_pkg'
[0.584s] Level 1:colcon.colcon_core.package_identification:_identify(python-crash-intro/Module3_Numpy) by extensions ['colcon_meta']
[0.584s] Level 1:colcon.colcon_core.package_identification:_identify(python-crash-intro/Module3_Numpy) by extension 'colcon_meta'
[0.584s] Level 1:colcon.colcon_core.package_identification:_identify(python-crash-intro/Module3_Numpy) by extensions ['ros']
[0.584s] Level 1:colcon.colcon_core.package_identification:_identify(python-crash-intro/Module3_Numpy) by extension 'ros'
[0.584s] Level 1:colcon.colcon_core.package_identification:_identify(python-crash-intro/Module3_Numpy) by extensions ['cmake', 'python']
[0.584s] Level 1:colcon.colcon_core.package_identification:_identify(python-crash-intro/Module3_Numpy) by extension 'cmake'
[0.584s] Level 1:colcon.colcon_core.package_identification:_identify(python-crash-intro/Module3_Numpy) by extension 'python'
[0.584s] Level 1:colcon.colcon_core.package_identification:_identify(python-crash-intro/Module3_Numpy) by extensions ['python_setup_py']
[0.585s] Level 1:colcon.colcon_core.package_identification:_identify(python-crash-intro/Module3_Numpy) by extension 'python_setup_py'
[0.585s] Level 1:colcon.colcon_core.package_identification:_identify(python-crash-intro/Module4_Simpy) by extensions ['ignore', 'ignore_ament_install']
[0.585s] Level 1:colcon.colcon_core.package_identification:_identify(python-crash-intro/Module4_Simpy) by extension 'ignore'
[0.585s] Level 1:colcon.colcon_core.package_identification:_identify(python-crash-intro/Module4_Simpy) by extension 'ignore_ament_install'
[0.585s] Level 1:colcon.colcon_core.package_identification:_identify(python-crash-intro/Module4_Simpy) by extensions ['colcon_pkg']
[0.585s] Level 1:colcon.colcon_core.package_identification:_identify(python-crash-intro/Module4_Simpy) by extension 'colcon_pkg'
[0.585s] Level 1:colcon.colcon_core.package_identification:_identify(python-crash-intro/Module4_Simpy) by extensions ['colcon_meta']
[0.585s] Level 1:colcon.colcon_core.package_identification:_identify(python-crash-intro/Module4_Simpy) by extension 'colcon_meta'
[0.585s] Level 1:colcon.colcon_core.package_identification:_identify(python-crash-intro/Module4_Simpy) by extensions ['ros']
[0.585s] Level 1:colcon.colcon_core.package_identification:_identify(python-crash-intro/Module4_Simpy) by extension 'ros'
[0.586s] Level 1:colcon.colcon_core.package_identification:_identify(python-crash-intro/Module4_Simpy) by extensions ['cmake', 'python']
[0.586s] Level 1:colcon.colcon_core.package_identification:_identify(python-crash-intro/Module4_Simpy) by extension 'cmake'
[0.586s] Level 1:colcon.colcon_core.package_identification:_identify(python-crash-intro/Module4_Simpy) by extension 'python'
[0.586s] Level 1:colcon.colcon_core.package_identification:_identify(python-crash-intro/Module4_Simpy) by extensions ['python_setup_py']
[0.586s] Level 1:colcon.colcon_core.package_identification:_identify(python-crash-intro/Module4_Simpy) by extension 'python_setup_py'
[0.586s] Level 1:colcon.colcon_core.package_identification:_identify(src) by extensions ['ignore', 'ignore_ament_install']
[0.586s] Level 1:colcon.colcon_core.package_identification:_identify(src) by extension 'ignore'
[0.586s] Level 1:colcon.colcon_core.package_identification:_identify(src) by extension 'ignore_ament_install'
[0.586s] Level 1:colcon.colcon_core.package_identification:_identify(src) by extensions ['colcon_pkg']
[0.586s] Level 1:colcon.colcon_core.package_identification:_identify(src) by extension 'colcon_pkg'
[0.586s] Level 1:colcon.colcon_core.package_identification:_identify(src) by extensions ['colcon_meta']
[0.586s] Level 1:colcon.colcon_core.package_identification:_identify(src) by extension 'colcon_meta'
[0.586s] Level 1:colcon.colcon_core.package_identification:_identify(src) by extensions ['ros']
[0.586s] Level 1:colcon.colcon_core.package_identification:_identify(src) by extension 'ros'
[0.586s] Level 1:colcon.colcon_core.package_identification:_identify(src) by extensions ['cmake', 'python']
[0.586s] Level 1:colcon.colcon_core.package_identification:_identify(src) by extension 'cmake'
[0.586s] Level 1:colcon.colcon_core.package_identification:_identify(src) by extension 'python'
[0.587s] Level 1:colcon.colcon_core.package_identification:_identify(src) by extensions ['python_setup_py']
[0.587s] Level 1:colcon.colcon_core.package_identification:_identify(src) by extension 'python_setup_py'
[0.587s] Level 1:colcon.colcon_core.package_identification:_identify(src/lab01_pkg) by extensions ['ignore', 'ignore_ament_install']
[0.587s] Level 1:colcon.colcon_core.package_identification:_identify(src/lab01_pkg) by extension 'ignore'
[0.587s] Level 1:colcon.colcon_core.package_identification:_identify(src/lab01_pkg) by extension 'ignore_ament_install'
[0.587s] Level 1:colcon.colcon_core.package_identification:_identify(src/lab01_pkg) by extensions ['colcon_pkg']
[0.587s] Level 1:colcon.colcon_core.package_identification:_identify(src/lab01_pkg) by extension 'colcon_pkg'
[0.587s] Level 1:colcon.colcon_core.package_identification:_identify(src/lab01_pkg) by extensions ['colcon_meta']
[0.587s] Level 1:colcon.colcon_core.package_identification:_identify(src/lab01_pkg) by extension 'colcon_meta'
[0.587s] Level 1:colcon.colcon_core.package_identification:_identify(src/lab01_pkg) by extensions ['ros']
[0.587s] Level 1:colcon.colcon_core.package_identification:_identify(src/lab01_pkg) by extension 'ros'
[0.590s] DEBUG:colcon.colcon_core.package_identification:Package 'src/lab01_pkg' with type 'ros.ament_python' and name 'lab01_pkg'
[0.591s] Level 1:colcon.colcon_core.package_identification:_identify(src/lab02_pkg) by extensions ['ignore', 'ignore_ament_install']
[0.591s] Level 1:colcon.colcon_core.package_identification:_identify(src/lab02_pkg) by extension 'ignore'
[0.591s] Level 1:colcon.colcon_core.package_identification:_identify(src/lab02_pkg) by extension 'ignore_ament_install'
[0.591s] Level 1:colcon.colcon_core.package_identification:_identify(src/lab02_pkg) by extensions ['colcon_pkg']
[0.591s] Level 1:colcon.colcon_core.package_identification:_identify(src/lab02_pkg) by extension 'colcon_pkg'
[0.591s] Level 1:colcon.colcon_core.package_identification:_identify(src/lab02_pkg) by extensions ['colcon_meta']
[0.591s] Level 1:colcon.colcon_core.package_identification:_identify(src/lab02_pkg) by extension 'colcon_meta'
[0.591s] Level 1:colcon.colcon_core.package_identification:_identify(src/lab02_pkg) by extensions ['ros']
[0.591s] Level 1:colcon.colcon_core.package_identification:_identify(src/lab02_pkg) by extension 'ros'
[0.592s] DEBUG:colcon.colcon_core.package_identification:Package 'src/lab02_pkg' with type 'ros.ament_python' and name 'lab02_pkg'
[0.592s] Level 1:colcon.colcon_core.package_identification:_identify(src/py_pubsub) by extensions ['ignore', 'ignore_ament_install']
[0.592s] Level 1:colcon.colcon_core.package_identification:_identify(src/py_pubsub) by extension 'ignore'
[0.593s] Level 1:colcon.colcon_core.package_identification:_identify(src/py_pubsub) by extension 'ignore_ament_install'
[0.593s] Level 1:colcon.colcon_core.package_identification:_identify(src/py_pubsub) by extensions ['colcon_pkg']
[0.593s] Level 1:colcon.colcon_core.package_identification:_identify(src/py_pubsub) by extension 'colcon_pkg'
[0.593s] Level 1:colcon.colcon_core.package_identification:_identify(src/py_pubsub) by extensions ['colcon_meta']
[0.593s] Level 1:colcon.colcon_core.package_identification:_identify(src/py_pubsub) by extension 'colcon_meta'
[0.593s] Level 1:colcon.colcon_core.package_identification:_identify(src/py_pubsub) by extensions ['ros']
[0.593s] Level 1:colcon.colcon_core.package_identification:_identify(src/py_pubsub) by extension 'ros'
[0.594s] DEBUG:colcon.colcon_core.package_identification:Package 'src/py_pubsub' with type 'ros.ament_python' and name 'py_pubsub'
[0.594s] Level 1:colcon.colcon_core.package_identification:_identify(src/turtlebot3_simulations) by extensions ['ignore', 'ignore_ament_install']
[0.594s] Level 1:colcon.colcon_core.package_identification:_identify(src/turtlebot3_simulations) by extension 'ignore'
[0.594s] Level 1:colcon.colcon_core.package_identification:_identify(src/turtlebot3_simulations) by extension 'ignore_ament_install'
[0.594s] Level 1:colcon.colcon_core.package_identification:_identify(src/turtlebot3_simulations) by extensions ['colcon_pkg']
[0.594s] Level 1:colcon.colcon_core.package_identification:_identify(src/turtlebot3_simulations) by extension 'colcon_pkg'
[0.594s] Level 1:colcon.colcon_core.package_identification:_identify(src/turtlebot3_simulations) by extensions ['colcon_meta']
[0.594s] Level 1:colcon.colcon_core.package_identification:_identify(src/turtlebot3_simulations) by extension 'colcon_meta'
[0.594s] Level 1:colcon.colcon_core.package_identification:_identify(src/turtlebot3_simulations) by extensions ['ros']
[0.594s] Level 1:colcon.colcon_core.package_identification:_identify(src/turtlebot3_simulations) by extension 'ros'
[0.594s] Level 1:colcon.colcon_core.package_identification:_identify(src/turtlebot3_simulations) by extensions ['cmake', 'python']
[0.595s] Level 1:colcon.colcon_core.package_identification:_identify(src/turtlebot3_simulations) by extension 'cmake'
[0.595s] Level 1:colcon.colcon_core.package_identification:_identify(src/turtlebot3_simulations) by extension 'python'
[0.595s] Level 1:colcon.colcon_core.package_identification:_identify(src/turtlebot3_simulations) by extensions ['python_setup_py']
[0.595s] Level 1:colcon.colcon_core.package_identification:_identify(src/turtlebot3_simulations) by extension 'python_setup_py'
[0.595s] Level 1:colcon.colcon_core.package_identification:_identify(src/turtlebot3_simulations/turtlebot3_fake_node) by extensions ['ignore', 'ignore_ament_install']
[0.595s] Level 1:colcon.colcon_core.package_identification:_identify(src/turtlebot3_simulations/turtlebot3_fake_node) by extension 'ignore'
[0.595s] Level 1:colcon.colcon_core.package_identification:_identify(src/turtlebot3_simulations/turtlebot3_fake_node) by extension 'ignore_ament_install'
[0.595s] Level 1:colcon.colcon_core.package_identification:_identify(src/turtlebot3_simulations/turtlebot3_fake_node) by extensions ['colcon_pkg']
[0.595s] Level 1:colcon.colcon_core.package_identification:_identify(src/turtlebot3_simulations/turtlebot3_fake_node) by extension 'colcon_pkg'
[0.595s] Level 1:colcon.colcon_core.package_identification:_identify(src/turtlebot3_simulations/turtlebot3_fake_node) by extensions ['colcon_meta']
[0.595s] Level 1:colcon.colcon_core.package_identification:_identify(src/turtlebot3_simulations/turtlebot3_fake_node) by extension 'colcon_meta'
[0.595s] Level 1:colcon.colcon_core.package_identification:_identify(src/turtlebot3_simulations/turtlebot3_fake_node) by extensions ['ros']
[0.595s] Level 1:colcon.colcon_core.package_identification:_identify(src/turtlebot3_simulations/turtlebot3_fake_node) by extension 'ros'
[0.596s] DEBUG:colcon.colcon_core.package_identification:Package 'src/turtlebot3_simulations/turtlebot3_fake_node' with type 'ros.ament_cmake' and name 'turtlebot3_fake_node'
[0.596s] Level 1:colcon.colcon_core.package_identification:_identify(src/turtlebot3_simulations/turtlebot3_gazebo) by extensions ['ignore', 'ignore_ament_install']
[0.596s] Level 1:colcon.colcon_core.package_identification:_identify(src/turtlebot3_simulations/turtlebot3_gazebo) by extension 'ignore'
[0.596s] Level 1:colcon.colcon_core.package_identification:_identify(src/turtlebot3_simulations/turtlebot3_gazebo) by extension 'ignore_ament_install'
[0.596s] Level 1:colcon.colcon_core.package_identification:_identify(src/turtlebot3_simulations/turtlebot3_gazebo) by extensions ['colcon_pkg']
[0.596s] Level 1:colcon.colcon_core.package_identification:_identify(src/turtlebot3_simulations/turtlebot3_gazebo) by extension 'colcon_pkg'
[0.597s] Level 1:colcon.colcon_core.package_identification:_identify(src/turtlebot3_simulations/turtlebot3_gazebo) by extensions ['colcon_meta']
[0.597s] Level 1:colcon.colcon_core.package_identification:_identify(src/turtlebot3_simulations/turtlebot3_gazebo) by extension 'colcon_meta'
[0.597s] Level 1:colcon.colcon_core.package_identification:_identify(src/turtlebot3_simulations/turtlebot3_gazebo) by extensions ['ros']
[0.597s] Level 1:colcon.colcon_core.package_identification:_identify(src/turtlebot3_simulations/turtlebot3_gazebo) by extension 'ros'
[0.598s] DEBUG:colcon.colcon_core.package_identification:Package 'src/turtlebot3_simulations/turtlebot3_gazebo' with type 'ros.ament_cmake' and name 'turtlebot3_gazebo'
[0.599s] Level 1:colcon.colcon_core.package_identification:_identify(src/turtlebot3_simulations/turtlebot3_ignition) by extensions ['ignore', 'ignore_ament_install']
[0.599s] Level 1:colcon.colcon_core.package_identification:_identify(src/turtlebot3_simulations/turtlebot3_ignition) by extension 'ignore'
[0.599s] Level 1:colcon.colcon_core.package_identification:_identify(src/turtlebot3_simulations/turtlebot3_ignition) ignored
[0.599s] Level 1:colcon.colcon_core.package_identification:_identify(src/turtlebot3_simulations/turtlebot3_simulations) by extensions ['ignore', 'ignore_ament_install']
[0.599s] Level 1:colcon.colcon_core.package_identification:_identify(src/turtlebot3_simulations/turtlebot3_simulations) by extension 'ignore'
[0.599s] Level 1:colcon.colcon_core.package_identification:_identify(src/turtlebot3_simulations/turtlebot3_simulations) by extension 'ignore_ament_install'
[0.599s] Level 1:colcon.colcon_core.package_identification:_identify(src/turtlebot3_simulations/turtlebot3_simulations) by extensions ['colcon_pkg']
[0.600s] Level 1:colcon.colcon_core.package_identification:_identify(src/turtlebot3_simulations/turtlebot3_simulations) by extension 'colcon_pkg'
[0.600s] Level 1:colcon.colcon_core.package_identification:_identify(src/turtlebot3_simulations/turtlebot3_simulations) by extensions ['colcon_meta']
[0.600s] Level 1:colcon.colcon_core.package_identification:_identify(src/turtlebot3_simulations/turtlebot3_simulations) by extension 'colcon_meta'
[0.600s] Level 1:colcon.colcon_core.package_identification:_identify(src/turtlebot3_simulations/turtlebot3_simulations) by extensions ['ros']
[0.600s] Level 1:colcon.colcon_core.package_identification:_identify(src/turtlebot3_simulations/turtlebot3_simulations) by extension 'ros'
[0.601s] DEBUG:colcon.colcon_core.package_identification:Package 'src/turtlebot3_simulations/turtlebot3_simulations' with type 'ros.ament_cmake' and name 'turtlebot3_simulations'
[0.601s] Level 1:colcon.colcon_core.package_discovery:discover_packages(recursive) using defaults
[0.601s] Level 1:colcon.colcon_core.package_discovery:discover_packages(ignore) discover
[0.601s] Level 1:colcon.colcon_core.package_discovery:discover_packages(ignore) using defaults
[0.601s] Level 1:colcon.colcon_core.package_discovery:discover_packages(path) discover
[0.601s] Level 1:colcon.colcon_core.package_discovery:discover_packages(path) using defaults
[0.692s] Level 1:colcon.colcon_core.package_discovery:discover_packages(prefix_path) check parameters
[0.692s] Level 1:colcon.colcon_core.package_discovery:discover_packages(prefix_path) discover
[0.698s] DEBUG:colcon.colcon_installed_package_information.package_discovery:Found 6 installed packages in /root/SESASR-LAB/install
[0.700s] DEBUG:colcon.colcon_installed_package_information.package_discovery:Found 397 installed packages in /opt/ros/humble
[0.703s] Level 1:colcon.colcon_core.package_discovery:discover_packages(prefix_path) using defaults
[0.767s] Level 5:colcon.colcon_core.verb:set package 'lab01_pkg' build argument 'cmake_args' from command line to 'None'
[0.768s] Level 5:colcon.colcon_core.verb:set package 'lab01_pkg' build argument 'cmake_target' from command line to 'None'
[0.768s] Level 5:colcon.colcon_core.verb:set package 'lab01_pkg' build argument 'cmake_target_skip_unavailable' from command line to 'False'
[0.768s] Level 5:colcon.colcon_core.verb:set package 'lab01_pkg' build argument 'cmake_clean_cache' from command line to 'False'
[0.768s] Level 5:colcon.colcon_core.verb:set package 'lab01_pkg' build argument 'cmake_clean_first' from command line to 'False'
[0.768s] Level 5:colcon.colcon_core.verb:set package 'lab01_pkg' build argument 'cmake_force_configure' from command line to 'False'
[0.768s] Level 5:colcon.colcon_core.verb:set package 'lab01_pkg' build argument 'ament_cmake_args' from command line to 'None'
[0.768s] Level 5:colcon.colcon_core.verb:set package 'lab01_pkg' build argument 'catkin_cmake_args' from command line to 'None'
[0.768s] Level 5:colcon.colcon_core.verb:set package 'lab01_pkg' build argument 'catkin_skip_building_tests' from command line to 'False'
[0.768s] DEBUG:colcon.colcon_core.verb:Building package 'lab01_pkg' with the following arguments: {'ament_cmake_args': None, 'build_base': '/root/SESASR-LAB/build/lab01_pkg', 'catkin_cmake_args': None, 'catkin_skip_building_tests': False, 'cmake_args': None, 'cmake_clean_cache': False, 'cmake_clean_first': False, 'cmake_force_configure': False, 'cmake_target': None, 'cmake_target_skip_unavailable': False, 'install_base': '/root/SESASR-LAB/install/lab01_pkg', 'merge_install': False, 'path': '/root/SESASR-LAB/src/lab01_pkg', 'symlink_install': False, 'test_result_base': None}
[0.768s] Level 5:colcon.colcon_core.verb:set package 'lab02_pkg' build argument 'cmake_args' from command line to 'None'
[0.768s] Level 5:colcon.colcon_core.verb:set package 'lab02_pkg' build argument 'cmake_target' from command line to 'None'
[0.768s] Level 5:colcon.colcon_core.verb:set package 'lab02_pkg' build argument 'cmake_target_skip_unavailable' from command line to 'False'
[0.768s] Level 5:colcon.colcon_core.verb:set package 'lab02_pkg' build argument 'cmake_clean_cache' from command line to 'False'
[0.768s] Level 5:colcon.colcon_core.verb:set package 'lab02_pkg' build argument 'cmake_clean_first' from command line to 'False'
[0.768s] Level 5:colcon.colcon_core.verb:set package 'lab02_pkg' build argument 'cmake_force_configure' from command line to 'False'
[0.768s] Level 5:colcon.colcon_core.verb:set package 'lab02_pkg' build argument 'ament_cmake_args' from command line to 'None'
[0.768s] Level 5:colcon.colcon_core.verb:set package 'lab02_pkg' build argument 'catkin_cmake_args' from command line to 'None'
[0.768s] Level 5:colcon.colcon_core.verb:set package 'lab02_pkg' build argument 'catkin_skip_building_tests' from command line to 'False'
[0.768s] DEBUG:colcon.colcon_core.verb:Building package 'lab02_pkg' with the following arguments: {'ament_cmake_args': None, 'build_base': '/root/SESASR-LAB/build/lab02_pkg', 'catkin_cmake_args': None, 'catkin_skip_building_tests': False, 'cmake_args': None, 'cmake_clean_cache': False, 'cmake_clean_first': False, 'cmake_force_configure': False, 'cmake_target': None, 'cmake_target_skip_unavailable': False, 'install_base': '/root/SESASR-LAB/install/lab02_pkg', 'merge_install': False, 'path': '/root/SESASR-LAB/src/lab02_pkg', 'symlink_install': False, 'test_result_base': None}
[0.769s] Level 5:colcon.colcon_core.verb:set package 'py_pubsub' build argument 'cmake_args' from command line to 'None'
[0.769s] Level 5:colcon.colcon_core.verb:set package 'py_pubsub' build argument 'cmake_target' from command line to 'None'
[0.769s] Level 5:colcon.colcon_core.verb:set package 'py_pubsub' build argument 'cmake_target_skip_unavailable' from command line to 'False'
[0.769s] Level 5:colcon.colcon_core.verb:set package 'py_pubsub' build argument 'cmake_clean_cache' from command line to 'False'
[0.769s] Level 5:colcon.colcon_core.verb:set package 'py_pubsub' build argument 'cmake_clean_first' from command line to 'False'
[0.769s] Level 5:colcon.colcon_core.verb:set package 'py_pubsub' build argument 'cmake_force_configure' from command line to 'False'
[0.769s] Level 5:colcon.colcon_core.verb:set package 'py_pubsub' build argument 'ament_cmake_args' from command line to 'None'
[0.769s] Level 5:colcon.colcon_core.verb:set package 'py_pubsub' build argument 'catkin_cmake_args' from command line to 'None'
[0.769s] Level 5:colcon.colcon_core.verb:set package 'py_pubsub' build argument 'catkin_skip_building_tests' from command line to 'False'
[0.769s] DEBUG:colcon.colcon_core.verb:Building package 'py_pubsub' with the following arguments: {'ament_cmake_args': None, 'build_base': '/root/SESASR-LAB/build/py_pubsub', 'catkin_cmake_args': None, 'catkin_skip_building_tests': False, 'cmake_args': None, 'cmake_clean_cache': False, 'cmake_clean_first': False, 'cmake_force_configure': False, 'cmake_target': None, 'cmake_target_skip_unavailable': False, 'install_base': '/root/SESASR-LAB/install/py_pubsub', 'merge_install': False, 'path': '/root/SESASR-LAB/src/py_pubsub', 'symlink_install': False, 'test_result_base': None}
[0.769s] Level 5:colcon.colcon_core.verb:set package 'turtlebot3_fake_node' build argument 'cmake_args' from command line to 'None'
[0.769s] Level 5:colcon.colcon_core.verb:set package 'turtlebot3_fake_node' build argument 'cmake_target' from command line to 'None'
[0.769s] Level 5:colcon.colcon_core.verb:set package 'turtlebot3_fake_node' build argument 'cmake_target_skip_unavailable' from command line to 'False'
[0.769s] Level 5:colcon.colcon_core.verb:set package 'turtlebot3_fake_node' build argument 'cmake_clean_cache' from command line to 'False'
[0.769s] Level 5:colcon.colcon_core.verb:set package 'turtlebot3_fake_node' build argument 'cmake_clean_first' from command line to 'False'
[0.769s] Level 5:colcon.colcon_core.verb:set package 'turtlebot3_fake_node' build argument 'cmake_force_configure' from command line to 'False'
[0.769s] Level 5:colcon.colcon_core.verb:set package 'turtlebot3_fake_node' build argument 'ament_cmake_args' from command line to 'None'
[0.769s] Level 5:colcon.colcon_core.verb:set package 'turtlebot3_fake_node' build argument 'catkin_cmake_args' from command line to 'None'
[0.769s] Level 5:colcon.colcon_core.verb:set package 'turtlebot3_fake_node' build argument 'catkin_skip_building_tests' from command line to 'False'
[0.769s] DEBUG:colcon.colcon_core.verb:Building package 'turtlebot3_fake_node' with the following arguments: {'ament_cmake_args': None, 'build_base': '/root/SESASR-LAB/build/turtlebot3_fake_node', 'catkin_cmake_args': None, 'catkin_skip_building_tests': False, 'cmake_args': None, 'cmake_clean_cache': False, 'cmake_clean_first': False, 'cmake_force_configure': False, 'cmake_target': None, 'cmake_target_skip_unavailable': False, 'install_base': '/root/SESASR-LAB/install/turtlebot3_fake_node', 'merge_install': False, 'path': '/root/SESASR-LAB/src/turtlebot3_simulations/turtlebot3_fake_node', 'symlink_install': False, 'test_result_base': None}
[0.770s] Level 5:colcon.colcon_core.verb:set package 'turtlebot3_gazebo' build argument 'cmake_args' from command line to 'None'
[0.770s] Level 5:colcon.colcon_core.verb:set package 'turtlebot3_gazebo' build argument 'cmake_target' from command line to 'None'
[0.770s] Level 5:colcon.colcon_core.verb:set package 'turtlebot3_gazebo' build argument 'cmake_target_skip_unavailable' from command line to 'False'
[0.770s] Level 5:colcon.colcon_core.verb:set package 'turtlebot3_gazebo' build argument 'cmake_clean_cache' from command line to 'False'
[0.770s] Level 5:colcon.colcon_core.verb:set package 'turtlebot3_gazebo' build argument 'cmake_clean_first' from command line to 'False'
[0.770s] Level 5:colcon.colcon_core.verb:set package 'turtlebot3_gazebo' build argument 'cmake_force_configure' from command line to 'False'
[0.770s] Level 5:colcon.colcon_core.verb:set package 'turtlebot3_gazebo' build argument 'ament_cmake_args' from command line to 'None'
[0.770s] Level 5:colcon.colcon_core.verb:set package 'turtlebot3_gazebo' build argument 'catkin_cmake_args' from command line to 'None'
[0.770s] Level 5:colcon.colcon_core.verb:set package 'turtlebot3_gazebo' build argument 'catkin_skip_building_tests' from command line to 'False'
[0.770s] DEBUG:colcon.colcon_core.verb:Building package 'turtlebot3_gazebo' with the following arguments: {'ament_cmake_args': None, 'build_base': '/root/SESASR-LAB/build/turtlebot3_gazebo', 'catkin_cmake_args': None, 'catkin_skip_building_tests': False, 'cmake_args': None, 'cmake_clean_cache': False, 'cmake_clean_first': False, 'cmake_force_configure': False, 'cmake_target': None, 'cmake_target_skip_unavailable': False, 'install_base': '/root/SESASR-LAB/install/turtlebot3_gazebo', 'merge_install': False, 'path': '/root/SESASR-LAB/src/turtlebot3_simulations/turtlebot3_gazebo', 'symlink_install': False, 'test_result_base': None}
[0.771s] Level 5:colcon.colcon_core.verb:set package 'turtlebot3_simulations' build argument 'cmake_args' from command line to 'None'
[0.771s] Level 5:colcon.colcon_core.verb:set package 'turtlebot3_simulations' build argument 'cmake_target' from command line to 'None'
[0.771s] Level 5:colcon.colcon_core.verb:set package 'turtlebot3_simulations' build argument 'cmake_target_skip_unavailable' from command line to 'False'
[0.771s] Level 5:colcon.colcon_core.verb:set package 'turtlebot3_simulations' build argument 'cmake_clean_cache' from command line to 'False'
[0.771s] Level 5:colcon.colcon_core.verb:set package 'turtlebot3_simulations' build argument 'cmake_clean_first' from command line to 'False'
[0.771s] Level 5:colcon.colcon_core.verb:set package 'turtlebot3_simulations' build argument 'cmake_force_configure' from command line to 'False'
[0.771s] Level 5:colcon.colcon_core.verb:set package 'turtlebot3_simulations' build argument 'ament_cmake_args' from command line to 'None'
[0.771s] Level 5:colcon.colcon_core.verb:set package 'turtlebot3_simulations' build argument 'catkin_cmake_args' from command line to 'None'
[0.771s] Level 5:colcon.colcon_core.verb:set package 'turtlebot3_simulations' build argument 'catkin_skip_building_tests' from command line to 'False'
[0.771s] DEBUG:colcon.colcon_core.verb:Building package 'turtlebot3_simulations' with the following arguments: {'ament_cmake_args': None, 'build_base': '/root/SESASR-LAB/build/turtlebot3_simulations', 'catkin_cmake_args': None, 'catkin_skip_building_tests': False, 'cmake_args': None, 'cmake_clean_cache': False, 'cmake_clean_first': False, 'cmake_force_configure': False, 'cmake_target': None, 'cmake_target_skip_unavailable': False, 'install_base': '/root/SESASR-LAB/install/turtlebot3_simulations', 'merge_install': False, 'path': '/root/SESASR-LAB/src/turtlebot3_simulations/turtlebot3_simulations', 'symlink_install': False, 'test_result_base': None}
[0.771s] INFO:colcon.colcon_core.executor:Executing jobs using 'parallel' executor
[0.773s] DEBUG:colcon.colcon_parallel_executor.executor.parallel:run_until_complete
[0.774s] INFO:colcon.colcon_ros.task.ament_cmake.build:Building ROS package in '/root/SESASR-LAB/src/turtlebot3_simulations/turtlebot3_fake_node' with build type 'ament_cmake'
[0.774s] INFO:colcon.colcon_cmake.task.cmake.build:Building CMake package in '/root/SESASR-LAB/src/turtlebot3_simulations/turtlebot3_fake_node'
[0.828s] INFO:colcon.colcon_core.plugin_system:Skipping extension 'colcon_core.shell.bat': Not used on non-Windows systems
[0.828s] INFO:colcon.colcon_core.shell:Skip shell extension 'powershell' for command environment: Not usable outside of PowerShell
[0.828s] DEBUG:colcon.colcon_core.shell:Skip shell extension 'dsv' for command environment
[0.838s] INFO:colcon.colcon_ros.task.ament_python.build:Building ROS package in '/root/SESASR-LAB/src/lab01_pkg' with build type 'ament_python'
[0.838s] Level 1:colcon.colcon_core.shell:create_environment_hook('lab01_pkg', 'ament_prefix_path')
[0.839s] INFO:colcon.colcon_core.shell:Creating environment hook '/root/SESASR-LAB/install/lab01_pkg/share/lab01_pkg/hook/ament_prefix_path.ps1'
[0.841s] INFO:colcon.colcon_core.shell:Creating environment descriptor '/root/SESASR-LAB/install/lab01_pkg/share/lab01_pkg/hook/ament_prefix_path.dsv'
[0.843s] INFO:colcon.colcon_core.shell:Creating environment hook '/root/SESASR-LAB/install/lab01_pkg/share/lab01_pkg/hook/ament_prefix_path.sh'
[0.845s] INFO:colcon.colcon_core.shell:Skip shell extension 'powershell' for command environment: Not usable outside of PowerShell
[0.845s] DEBUG:colcon.colcon_core.shell:Skip shell extension 'dsv' for command environment
[0.851s] INFO:colcon.colcon_ros.task.ament_python.build:Building ROS package in '/root/SESASR-LAB/src/lab02_pkg' with build type 'ament_python'
[0.851s] Level 1:colcon.colcon_core.shell:create_environment_hook('lab02_pkg', 'ament_prefix_path')
[0.852s] INFO:colcon.colcon_core.shell:Creating environment hook '/root/SESASR-LAB/install/lab02_pkg/share/lab02_pkg/hook/ament_prefix_path.ps1'
[0.854s] INFO:colcon.colcon_core.shell:Creating environment descriptor '/root/SESASR-LAB/install/lab02_pkg/share/lab02_pkg/hook/ament_prefix_path.dsv'
[0.855s] INFO:colcon.colcon_core.shell:Creating environment hook '/root/SESASR-LAB/install/lab02_pkg/share/lab02_pkg/hook/ament_prefix_path.sh'
[0.857s] INFO:colcon.colcon_core.shell:Skip shell extension 'powershell' for command environment: Not usable outside of PowerShell
[0.857s] DEBUG:colcon.colcon_core.shell:Skip shell extension 'dsv' for command environment
[0.864s] INFO:colcon.colcon_ros.task.ament_python.build:Building ROS package in '/root/SESASR-LAB/src/py_pubsub' with build type 'ament_python'
[0.864s] Level 1:colcon.colcon_core.shell:create_environment_hook('py_pubsub', 'ament_prefix_path')
[0.865s] INFO:colcon.colcon_core.shell:Creating environment hook '/root/SESASR-LAB/install/py_pubsub/share/py_pubsub/hook/ament_prefix_path.ps1'
[0.867s] INFO:colcon.colcon_core.shell:Creating environment descriptor '/root/SESASR-LAB/install/py_pubsub/share/py_pubsub/hook/ament_prefix_path.dsv'
[0.869s] INFO:colcon.colcon_core.shell:Creating environment hook '/root/SESASR-LAB/install/py_pubsub/share/py_pubsub/hook/ament_prefix_path.sh'
[0.871s] INFO:colcon.colcon_core.shell:Skip shell extension 'powershell' for command environment: Not usable outside of PowerShell
[0.871s] DEBUG:colcon.colcon_core.shell:Skip shell extension 'dsv' for command environment
[0.880s] INFO:colcon.colcon_ros.task.ament_cmake.build:Building ROS package in '/root/SESASR-LAB/src/turtlebot3_simulations/turtlebot3_gazebo' with build type 'ament_cmake'
[0.880s] INFO:colcon.colcon_cmake.task.cmake.build:Building CMake package in '/root/SESASR-LAB/src/turtlebot3_simulations/turtlebot3_gazebo'
[0.880s] INFO:colcon.colcon_core.shell:Skip shell extension 'powershell' for command environment: Not usable outside of PowerShell
[0.881s] DEBUG:colcon.colcon_core.shell:Skip shell extension 'dsv' for command environment
[0.903s] DEBUG:colcon.colcon_core.event_handler.log_command:Invoking command in '/root/SESASR-LAB/build/turtlebot3_fake_node': CMAKE_PREFIX_PATH=${CMAKE_PREFIX_PATH}:/root/SESASR-LAB/install/py_pubsub:/root/SESASR-LAB/install/lab02_pkg:/root/SESASR-LAB/install/lab01_pkg:/opt/ros/humble /usr/bin/cmake /root/SESASR-LAB/src/turtlebot3_simulations/turtlebot3_fake_node -DCMAKE_INSTALL_PREFIX=/root/SESASR-LAB/install/turtlebot3_fake_node
[1.365s] INFO:colcon.colcon_core.task.python.build:Building Python package in '/root/SESASR-LAB/src/lab01_pkg'
[1.366s] INFO:colcon.colcon_core.shell:Skip shell extension 'powershell' for command environment: Not usable outside of PowerShell
[1.366s] DEBUG:colcon.colcon_core.shell:Skip shell extension 'dsv' for command environment
[1.811s] INFO:colcon.colcon_core.task.python.build:Building Python package in '/root/SESASR-LAB/src/lab02_pkg'
[1.811s] INFO:colcon.colcon_core.shell:Skip shell extension 'powershell' for command environment: Not usable outside of PowerShell
[1.811s] DEBUG:colcon.colcon_core.shell:Skip shell extension 'dsv' for command environment
[2.233s] INFO:colcon.colcon_core.task.python.build:Building Python package in '/root/SESASR-LAB/src/py_pubsub'
[2.233s] INFO:colcon.colcon_core.shell:Skip shell extension 'powershell' for command environment: Not usable outside of PowerShell
[2.234s] DEBUG:colcon.colcon_core.shell:Skip shell extension 'dsv' for command environment
[2.273s] DEBUG:colcon.colcon_core.event_handler.log_command:Invoking command in '/root/SESASR-LAB/build/turtlebot3_gazebo': CMAKE_PREFIX_PATH=${CMAKE_PREFIX_PATH}:/root/SESASR-LAB/install/py_pubsub:/root/SESASR-LAB/install/lab02_pkg:/root/SESASR-LAB/install/lab01_pkg:/opt/ros/humble /usr/bin/cmake /root/SESASR-LAB/src/turtlebot3_simulations/turtlebot3_gazebo -DCMAKE_INSTALL_PREFIX=/root/SESASR-LAB/install/turtlebot3_gazebo
[3.404s] DEBUG:colcon.colcon_core.event_handler.log_command:Invoking command in '/root/SESASR-LAB/build/py_pubsub': PYTHONPATH=/root/SESASR-LAB/build/py_pubsub/prefix_override:/usr/lib/python3/dist-packages/colcon_core/task/python/colcon_distutils_commands:/root/SESASR-LAB/install/py_pubsub/lib/python3.10/site-packages:${PYTHONPATH} /usr/bin/python3 -W ignore:setup.py install is deprecated -W ignore:easy_install command is deprecated setup.py develop --uninstall --editable --build-directory /root/SESASR-LAB/build/py_pubsub/build
[3.408s] DEBUG:colcon.colcon_core.event_handler.log_command:Invoking command in '/root/SESASR-LAB/build/lab01_pkg': PYTHONPATH=/root/SESASR-LAB/build/lab01_pkg/prefix_override:/usr/lib/python3/dist-packages/colcon_core/task/python/colcon_distutils_commands:/root/SESASR-LAB/install/lab01_pkg/lib/python3.10/site-packages:${PYTHONPATH} /usr/bin/python3 -W ignore:setup.py install is deprecated -W ignore:easy_install command is deprecated setup.py develop --uninstall --editable --build-directory /root/SESASR-LAB/build/lab01_pkg/build
[3.411s] DEBUG:colcon.colcon_core.event_handler.log_command:Invoking command in '/root/SESASR-LAB/build/lab02_pkg': PYTHONPATH=/root/SESASR-LAB/build/lab02_pkg/prefix_override:/usr/lib/python3/dist-packages/colcon_core/task/python/colcon_distutils_commands:/root/SESASR-LAB/install/lab02_pkg/lib/python3.10/site-packages:${PYTHONPATH} /usr/bin/python3 -W ignore:setup.py install is deprecated -W ignore:easy_install command is deprecated setup.py develop --uninstall --editable --build-directory /root/SESASR-LAB/build/lab02_pkg/build
[4.513s] DEBUG:colcon.colcon_core.event_handler.log_command:Invoked command in '/root/SESASR-LAB/build/lab01_pkg' returned '0': PYTHONPATH=/root/SESASR-LAB/build/lab01_pkg/prefix_override:/usr/lib/python3/dist-packages/colcon_core/task/python/colcon_distutils_commands:/root/SESASR-LAB/install/lab01_pkg/lib/python3.10/site-packages:${PYTHONPATH} /usr/bin/python3 -W ignore:setup.py install is deprecated -W ignore:easy_install command is deprecated setup.py develop --uninstall --editable --build-directory /root/SESASR-LAB/build/lab01_pkg/build
[4.518s] DEBUG:colcon.colcon_core.event_handler.log_command:Invoking command in '/root/SESASR-LAB/src/lab01_pkg': PYTHONPATH=/root/SESASR-LAB/build/lab01_pkg/prefix_override:/usr/lib/python3/dist-packages/colcon_core/task/python/colcon_distutils_commands:/root/SESASR-LAB/install/lab01_pkg/lib/python3.10/site-packages:${PYTHONPATH} /usr/bin/python3 -W ignore:setup.py install is deprecated -W ignore:easy_install command is deprecated setup.py egg_info --egg-base ../../build/lab01_pkg build --build-base /root/SESASR-LAB/build/lab01_pkg/build install --record /root/SESASR-LAB/build/lab01_pkg/install.log --single-version-externally-managed install_data --force
[4.531s] DEBUG:colcon.colcon_core.event_handler.log_command:Invoked command in '/root/SESASR-LAB/build/lab02_pkg' returned '0': PYTHONPATH=/root/SESASR-LAB/build/lab02_pkg/prefix_override:/usr/lib/python3/dist-packages/colcon_core/task/python/colcon_distutils_commands:/root/SESASR-LAB/install/lab02_pkg/lib/python3.10/site-packages:${PYTHONPATH} /usr/bin/python3 -W ignore:setup.py install is deprecated -W ignore:easy_install command is deprecated setup.py develop --uninstall --editable --build-directory /root/SESASR-LAB/build/lab02_pkg/build
[4.534s] DEBUG:colcon.colcon_core.event_handler.log_command:Invoking command in '/root/SESASR-LAB/src/lab02_pkg': PYTHONPATH=/root/SESASR-LAB/build/lab02_pkg/prefix_override:/usr/lib/python3/dist-packages/colcon_core/task/python/colcon_distutils_commands:/root/SESASR-LAB/install/lab02_pkg/lib/python3.10/site-packages:${PYTHONPATH} /usr/bin/python3 -W ignore:setup.py install is deprecated -W ignore:easy_install command is deprecated setup.py egg_info --egg-base ../../build/lab02_pkg build --build-base /root/SESASR-LAB/build/lab02_pkg/build install --record /root/SESASR-LAB/build/lab02_pkg/install.log --single-version-externally-managed install_data --force
[4.537s] DEBUG:colcon.colcon_core.event_handler.log_command:Invoked command in '/root/SESASR-LAB/build/py_pubsub' returned '0': PYTHONPATH=/root/SESASR-LAB/build/py_pubsub/prefix_override:/usr/lib/python3/dist-packages/colcon_core/task/python/colcon_distutils_commands:/root/SESASR-LAB/install/py_pubsub/lib/python3.10/site-packages:${PYTHONPATH} /usr/bin/python3 -W ignore:setup.py install is deprecated -W ignore:easy_install command is deprecated setup.py develop --uninstall --editable --build-directory /root/SESASR-LAB/build/py_pubsub/build
[4.542s] DEBUG:colcon.colcon_core.event_handler.log_command:Invoking command in '/root/SESASR-LAB/src/py_pubsub': PYTHONPATH=/root/SESASR-LAB/build/py_pubsub/prefix_override:/usr/lib/python3/dist-packages/colcon_core/task/python/colcon_distutils_commands:/root/SESASR-LAB/install/py_pubsub/lib/python3.10/site-packages:${PYTHONPATH} /usr/bin/python3 -W ignore:setup.py install is deprecated -W ignore:easy_install command is deprecated setup.py egg_info --egg-base ../../build/py_pubsub build --build-base /root/SESASR-LAB/build/py_pubsub/build install --record /root/SESASR-LAB/build/py_pubsub/install.log --single-version-externally-managed install_data --force
[5.298s] DEBUG:colcon.colcon_core.event_handler.log_command:Invoked command in '/root/SESASR-LAB/src/lab02_pkg' returned '0': PYTHONPATH=/root/SESASR-LAB/build/lab02_pkg/prefix_override:/usr/lib/python3/dist-packages/colcon_core/task/python/colcon_distutils_commands:/root/SESASR-LAB/install/lab02_pkg/lib/python3.10/site-packages:${PYTHONPATH} /usr/bin/python3 -W ignore:setup.py install is deprecated -W ignore:easy_install command is deprecated setup.py egg_info --egg-base ../../build/lab02_pkg build --build-base /root/SESASR-LAB/build/lab02_pkg/build install --record /root/SESASR-LAB/build/lab02_pkg/install.log --single-version-externally-managed install_data --force
[5.336s] Level 1:colcon.colcon_core.environment:checking '/root/SESASR-LAB/install/lab02_pkg' for CMake module files
[5.336s] Level 1:colcon.colcon_core.environment:checking '/root/SESASR-LAB/install/lab02_pkg' for CMake config files
[5.338s] Level 1:colcon.colcon_core.environment:checking '/root/SESASR-LAB/install/lab02_pkg/lib'
[5.339s] Level 1:colcon.colcon_core.environment:checking '/root/SESASR-LAB/install/lab02_pkg/bin'
[5.339s] Level 1:colcon.colcon_core.environment:checking '/root/SESASR-LAB/install/lab02_pkg/lib/pkgconfig/lab02_pkg.pc'
[5.339s] Level 1:colcon.colcon_core.environment:checking '/root/SESASR-LAB/install/lab02_pkg/lib/python3.10/site-packages'
[5.339s] Level 1:colcon.colcon_core.shell:create_environment_hook('lab02_pkg', 'pythonpath')
[5.340s] INFO:colcon.colcon_core.shell:Creating environment hook '/root/SESASR-LAB/install/lab02_pkg/share/lab02_pkg/hook/pythonpath.ps1'
[5.341s] INFO:colcon.colcon_core.shell:Creating environment descriptor '/root/SESASR-LAB/install/lab02_pkg/share/lab02_pkg/hook/pythonpath.dsv'
[5.342s] INFO:colcon.colcon_core.shell:Creating environment hook '/root/SESASR-LAB/install/lab02_pkg/share/lab02_pkg/hook/pythonpath.sh'
[5.343s] Level 1:colcon.colcon_core.environment:checking '/root/SESASR-LAB/install/lab02_pkg/bin'
[5.343s] Level 1:colcon.colcon_core.environment:create_environment_scripts_only(lab02_pkg)
[5.344s] INFO:colcon.colcon_core.shell:Creating package script '/root/SESASR-LAB/install/lab02_pkg/share/lab02_pkg/package.ps1'
[5.346s] INFO:colcon.colcon_core.shell:Creating package descriptor '/root/SESASR-LAB/install/lab02_pkg/share/lab02_pkg/package.dsv'
[5.347s] INFO:colcon.colcon_core.shell:Creating package script '/root/SESASR-LAB/install/lab02_pkg/share/lab02_pkg/package.sh'
[5.349s] INFO:colcon.colcon_core.shell:Creating package script '/root/SESASR-LAB/install/lab02_pkg/share/lab02_pkg/package.bash'
[5.351s] INFO:colcon.colcon_core.shell:Creating package script '/root/SESASR-LAB/install/lab02_pkg/share/lab02_pkg/package.zsh'
[5.352s] Level 1:colcon.colcon_core.environment:create_file_with_runtime_dependencies(/root/SESASR-LAB/install/lab02_pkg/share/colcon-core/packages/lab02_pkg)
[5.357s] Level 1:colcon.colcon_core.environment:checking '/root/SESASR-LAB/install/lab01_pkg' for CMake module files
[5.359s] DEBUG:colcon.colcon_core.event_handler.log_command:Invoked command in '/root/SESASR-LAB/src/lab01_pkg' returned '0': PYTHONPATH=/root/SESASR-LAB/build/lab01_pkg/prefix_override:/usr/lib/python3/dist-packages/colcon_core/task/python/colcon_distutils_commands:/root/SESASR-LAB/install/lab01_pkg/lib/python3.10/site-packages:${PYTHONPATH} /usr/bin/python3 -W ignore:setup.py install is deprecated -W ignore:easy_install command is deprecated setup.py egg_info --egg-base ../../build/lab01_pkg build --build-base /root/SESASR-LAB/build/lab01_pkg/build install --record /root/SESASR-LAB/build/lab01_pkg/install.log --single-version-externally-managed install_data --force
[5.360s] Level 1:colcon.colcon_core.environment:checking '/root/SESASR-LAB/install/lab01_pkg' for CMake config files
[5.362s] Level 1:colcon.colcon_core.environment:checking '/root/SESASR-LAB/install/lab01_pkg/lib'
[5.362s] Level 1:colcon.colcon_core.environment:checking '/root/SESASR-LAB/install/lab01_pkg/bin'
[5.362s] Level 1:colcon.colcon_core.environment:checking '/root/SESASR-LAB/install/lab01_pkg/lib/pkgconfig/lab01_pkg.pc'
[5.363s] Level 1:colcon.colcon_core.environment:checking '/root/SESASR-LAB/install/lab01_pkg/lib/python3.10/site-packages'
[5.363s] Level 1:colcon.colcon_core.shell:create_environment_hook('lab01_pkg', 'pythonpath')
[5.363s] INFO:colcon.colcon_core.shell:Creating environment hook '/root/SESASR-LAB/install/lab01_pkg/share/lab01_pkg/hook/pythonpath.ps1'
[5.365s] INFO:colcon.colcon_core.shell:Creating environment descriptor '/root/SESASR-LAB/install/lab01_pkg/share/lab01_pkg/hook/pythonpath.dsv'
[5.366s] INFO:colcon.colcon_core.shell:Creating environment hook '/root/SESASR-LAB/install/lab01_pkg/share/lab01_pkg/hook/pythonpath.sh'
[5.367s] Level 1:colcon.colcon_core.environment:checking '/root/SESASR-LAB/install/lab01_pkg/bin'
[5.368s] Level 1:colcon.colcon_core.environment:create_environment_scripts_only(lab01_pkg)
[5.368s] INFO:colcon.colcon_core.shell:Creating package script '/root/SESASR-LAB/install/lab01_pkg/share/lab01_pkg/package.ps1'
[5.370s] INFO:colcon.colcon_core.shell:Creating package descriptor '/root/SESASR-LAB/install/lab01_pkg/share/lab01_pkg/package.dsv'
[5.372s] INFO:colcon.colcon_core.shell:Creating package script '/root/SESASR-LAB/install/lab01_pkg/share/lab01_pkg/package.sh'
[5.373s] INFO:colcon.colcon_core.shell:Creating package script '/root/SESASR-LAB/install/lab01_pkg/share/lab01_pkg/package.bash'
[5.375s] INFO:colcon.colcon_core.shell:Creating package script '/root/SESASR-LAB/install/lab01_pkg/share/lab01_pkg/package.zsh'
[5.376s] Level 1:colcon.colcon_core.environment:create_file_with_runtime_dependencies(/root/SESASR-LAB/install/lab01_pkg/share/colcon-core/packages/lab01_pkg)
[5.377s] Level 1:colcon.colcon_core.environment:checking '/root/SESASR-LAB/install/py_pubsub' for CMake module files
[5.381s] DEBUG:colcon.colcon_core.event_handler.log_command:Invoked command in '/root/SESASR-LAB/src/py_pubsub' returned '0': PYTHONPATH=/root/SESASR-LAB/build/py_pubsub/prefix_override:/usr/lib/python3/dist-packages/colcon_core/task/python/colcon_distutils_commands:/root/SESASR-LAB/install/py_pubsub/lib/python3.10/site-packages:${PYTHONPATH} /usr/bin/python3 -W ignore:setup.py install is deprecated -W ignore:easy_install command is deprecated setup.py egg_info --egg-base ../../build/py_pubsub build --build-base /root/SESASR-LAB/build/py_pubsub/build install --record /root/SESASR-LAB/build/py_pubsub/install.log --single-version-externally-managed install_data --force
[5.381s] Level 1:colcon.colcon_core.environment:checking '/root/SESASR-LAB/install/py_pubsub' for CMake config files
[5.382s] Level 1:colcon.colcon_core.environment:checking '/root/SESASR-LAB/install/py_pubsub/lib'
[5.383s] Level 1:colcon.colcon_core.environment:checking '/root/SESASR-LAB/install/py_pubsub/bin'
[5.383s] Level 1:colcon.colcon_core.environment:checking '/root/SESASR-LAB/install/py_pubsub/lib/pkgconfig/py_pubsub.pc'
[5.383s] Level 1:colcon.colcon_core.environment:checking '/root/SESASR-LAB/install/py_pubsub/lib/python3.10/site-packages'
[5.384s] Level 1:colcon.colcon_core.shell:create_environment_hook('py_pubsub', 'pythonpath')
[5.384s] INFO:colcon.colcon_core.shell:Creating environment hook '/root/SESASR-LAB/install/py_pubsub/share/py_pubsub/hook/pythonpath.ps1'
[5.385s] INFO:colcon.colcon_core.shell:Creating environment descriptor '/root/SESASR-LAB/install/py_pubsub/share/py_pubsub/hook/pythonpath.dsv'
[5.387s] INFO:colcon.colcon_core.shell:Creating environment hook '/root/SESASR-LAB/install/py_pubsub/share/py_pubsub/hook/pythonpath.sh'
[5.390s] Level 1:colcon.colcon_core.environment:checking '/root/SESASR-LAB/install/py_pubsub/bin'
[5.390s] Level 1:colcon.colcon_core.environment:create_environment_scripts_only(py_pubsub)
[5.391s] INFO:colcon.colcon_core.shell:Creating package script '/root/SESASR-LAB/install/py_pubsub/share/py_pubsub/package.ps1'
[5.393s] INFO:colcon.colcon_core.shell:Creating package descriptor '/root/SESASR-LAB/install/py_pubsub/share/py_pubsub/package.dsv'
[5.394s] INFO:colcon.colcon_core.shell:Creating package script '/root/SESASR-LAB/install/py_pubsub/share/py_pubsub/package.sh'
[5.395s] INFO:colcon.colcon_core.shell:Creating package script '/root/SESASR-LAB/install/py_pubsub/share/py_pubsub/package.bash'
[5.396s] INFO:colcon.colcon_core.shell:Creating package script '/root/SESASR-LAB/install/py_pubsub/share/py_pubsub/package.zsh'
[5.397s] Level 1:colcon.colcon_core.environment:create_file_with_runtime_dependencies(/root/SESASR-LAB/install/py_pubsub/share/colcon-core/packages/py_pubsub)
[7.382s] DEBUG:colcon.colcon_core.event_handler.log_command:Invoked command in '/root/SESASR-LAB/build/turtlebot3_fake_node' returned '0': CMAKE_PREFIX_PATH=${CMAKE_PREFIX_PATH}:/root/SESASR-LAB/install/py_pubsub:/root/SESASR-LAB/install/lab02_pkg:/root/SESASR-LAB/install/lab01_pkg:/opt/ros/humble /usr/bin/cmake /root/SESASR-LAB/src/turtlebot3_simulations/turtlebot3_fake_node -DCMAKE_INSTALL_PREFIX=/root/SESASR-LAB/install/turtlebot3_fake_node
[7.386s] DEBUG:colcon.colcon_core.event_handler.log_command:Invoking command in '/root/SESASR-LAB/build/turtlebot3_fake_node': CMAKE_PREFIX_PATH=${CMAKE_PREFIX_PATH}:/root/SESASR-LAB/install/py_pubsub:/root/SESASR-LAB/install/lab02_pkg:/root/SESASR-LAB/install/lab01_pkg:/opt/ros/humble /usr/bin/cmake --build /root/SESASR-LAB/build/turtlebot3_fake_node -- -j12 -l12
[7.710s] DEBUG:colcon.colcon_core.event_handler.log_command:Invoked command in '/root/SESASR-LAB/build/turtlebot3_fake_node' returned '0': CMAKE_PREFIX_PATH=${CMAKE_PREFIX_PATH}:/root/SESASR-LAB/install/py_pubsub:/root/SESASR-LAB/install/lab02_pkg:/root/SESASR-LAB/install/lab01_pkg:/opt/ros/humble /usr/bin/cmake --build /root/SESASR-LAB/build/turtlebot3_fake_node -- -j12 -l12
[7.764s] DEBUG:colcon.colcon_core.event_handler.log_command:Invoking command in '/root/SESASR-LAB/build/turtlebot3_fake_node': CMAKE_PREFIX_PATH=${CMAKE_PREFIX_PATH}:/root/SESASR-LAB/install/py_pubsub:/root/SESASR-LAB/install/lab02_pkg:/root/SESASR-LAB/install/lab01_pkg:/opt/ros/humble /usr/bin/cmake --install /root/SESASR-LAB/build/turtlebot3_fake_node
[7.818s] Level 1:colcon.colcon_core.environment:create_environment_scripts_only(turtlebot3_fake_node)
[7.819s] Level 1:colcon.colcon_core.environment:checking '/root/SESASR-LAB/install/turtlebot3_fake_node' for CMake module files
[7.820s] DEBUG:colcon.colcon_core.event_handler.log_command:Invoked command in '/root/SESASR-LAB/build/turtlebot3_fake_node' returned '0': CMAKE_PREFIX_PATH=${CMAKE_PREFIX_PATH}:/root/SESASR-LAB/install/py_pubsub:/root/SESASR-LAB/install/lab02_pkg:/root/SESASR-LAB/install/lab01_pkg:/opt/ros/humble /usr/bin/cmake --install /root/SESASR-LAB/build/turtlebot3_fake_node
[7.822s] Level 1:colcon.colcon_core.environment:checking '/root/SESASR-LAB/install/turtlebot3_fake_node' for CMake config files
[7.824s] Level 1:colcon.colcon_core.shell:create_environment_hook('turtlebot3_fake_node', 'cmake_prefix_path')
[7.825s] INFO:colcon.colcon_core.shell:Creating environment hook '/root/SESASR-LAB/install/turtlebot3_fake_node/share/turtlebot3_fake_node/hook/cmake_prefix_path.ps1'
[7.827s] INFO:colcon.colcon_core.shell:Creating environment descriptor '/root/SESASR-LAB/install/turtlebot3_fake_node/share/turtlebot3_fake_node/hook/cmake_prefix_path.dsv'
[7.829s] INFO:colcon.colcon_core.shell:Creating environment hook '/root/SESASR-LAB/install/turtlebot3_fake_node/share/turtlebot3_fake_node/hook/cmake_prefix_path.sh'
[7.830s] Level 1:colcon.colcon_core.environment:checking '/root/SESASR-LAB/install/turtlebot3_fake_node/lib'
[7.831s] Level 1:colcon.colcon_core.environment:checking '/root/SESASR-LAB/install/turtlebot3_fake_node/bin'
[7.831s] Level 1:colcon.colcon_core.environment:checking '/root/SESASR-LAB/install/turtlebot3_fake_node/lib/pkgconfig/turtlebot3_fake_node.pc'
[7.831s] Level 1:colcon.colcon_core.environment:checking '/root/SESASR-LAB/install/turtlebot3_fake_node/lib/python3.10/site-packages'
[7.832s] Level 1:colcon.colcon_core.environment:checking '/root/SESASR-LAB/install/turtlebot3_fake_node/bin'
[7.833s] INFO:colcon.colcon_core.shell:Creating package script '/root/SESASR-LAB/install/turtlebot3_fake_node/share/turtlebot3_fake_node/package.ps1'
[7.834s] INFO:colcon.colcon_core.shell:Creating package descriptor '/root/SESASR-LAB/install/turtlebot3_fake_node/share/turtlebot3_fake_node/package.dsv'
[7.834s] INFO:colcon.colcon_core.shell:Creating package script '/root/SESASR-LAB/install/turtlebot3_fake_node/share/turtlebot3_fake_node/package.sh'
[7.835s] INFO:colcon.colcon_core.shell:Creating package script '/root/SESASR-LAB/install/turtlebot3_fake_node/share/turtlebot3_fake_node/package.bash'
[7.835s] INFO:colcon.colcon_core.shell:Creating package script '/root/SESASR-LAB/install/turtlebot3_fake_node/share/turtlebot3_fake_node/package.zsh'
[7.836s] Level 1:colcon.colcon_core.environment:create_file_with_runtime_dependencies(/root/SESASR-LAB/install/turtlebot3_fake_node/share/colcon-core/packages/turtlebot3_fake_node)
[7.837s] Level 1:colcon.colcon_core.environment:create_environment_scripts_only(turtlebot3_fake_node)
[7.837s] Level 1:colcon.colcon_core.environment:checking '/root/SESASR-LAB/install/turtlebot3_fake_node' for CMake module files
[7.838s] Level 1:colcon.colcon_core.environment:checking '/root/SESASR-LAB/install/turtlebot3_fake_node' for CMake config files
[7.840s] Level 1:colcon.colcon_core.shell:create_environment_hook('turtlebot3_fake_node', 'cmake_prefix_path')
[7.840s] INFO:colcon.colcon_core.shell:Creating environment hook '/root/SESASR-LAB/install/turtlebot3_fake_node/share/turtlebot3_fake_node/hook/cmake_prefix_path.ps1'
[7.853s] INFO:colcon.colcon_core.shell:Creating environment descriptor '/root/SESASR-LAB/install/turtlebot3_fake_node/share/turtlebot3_fake_node/hook/cmake_prefix_path.dsv'
[7.854s] INFO:colcon.colcon_core.shell:Creating environment hook '/root/SESASR-LAB/install/turtlebot3_fake_node/share/turtlebot3_fake_node/hook/cmake_prefix_path.sh'
[7.856s] Level 1:colcon.colcon_core.environment:checking '/root/SESASR-LAB/install/turtlebot3_fake_node/lib'
[7.856s] Level 1:colcon.colcon_core.environment:checking '/root/SESASR-LAB/install/turtlebot3_fake_node/bin'
[7.857s] Level 1:colcon.colcon_core.environment:checking '/root/SESASR-LAB/install/turtlebot3_fake_node/lib/pkgconfig/turtlebot3_fake_node.pc'
[7.858s] Level 1:colcon.colcon_core.environment:checking '/root/SESASR-LAB/install/turtlebot3_fake_node/lib/python3.10/site-packages'
[7.859s] Level 1:colcon.colcon_core.environment:checking '/root/SESASR-LAB/install/turtlebot3_fake_node/bin'
[7.860s] INFO:colcon.colcon_core.shell:Creating package script '/root/SESASR-LAB/install/turtlebot3_fake_node/share/turtlebot3_fake_node/package.ps1'
[7.865s] INFO:colcon.colcon_core.shell:Creating package descriptor '/root/SESASR-LAB/install/turtlebot3_fake_node/share/turtlebot3_fake_node/package.dsv'
[7.869s] INFO:colcon.colcon_core.shell:Creating package script '/root/SESASR-LAB/install/turtlebot3_fake_node/share/turtlebot3_fake_node/package.sh'
[7.871s] INFO:colcon.colcon_core.shell:Creating package script '/root/SESASR-LAB/install/turtlebot3_fake_node/share/turtlebot3_fake_node/package.bash'
[7.872s] INFO:colcon.colcon_core.shell:Creating package script '/root/SESASR-LAB/install/turtlebot3_fake_node/share/turtlebot3_fake_node/package.zsh'
[7.873s] Level 1:colcon.colcon_core.environment:create_file_with_runtime_dependencies(/root/SESASR-LAB/install/turtlebot3_fake_node/share/colcon-core/packages/turtlebot3_fake_node)
[7.875s] INFO:colcon.colcon_ros.task.ament_cmake.build:Building ROS package in '/root/SESASR-LAB/src/turtlebot3_simulations/turtlebot3_simulations' with build type 'ament_cmake'
[7.875s] INFO:colcon.colcon_cmake.task.cmake.build:Building CMake package in '/root/SESASR-LAB/src/turtlebot3_simulations/turtlebot3_simulations'
[7.877s] INFO:colcon.colcon_core.shell:Skip shell extension 'powershell' for command environment: Not usable outside of PowerShell
[7.877s] DEBUG:colcon.colcon_core.shell:Skip shell extension 'dsv' for command environment
[7.985s] DEBUG:colcon.colcon_core.event_handler.log_command:Invoking command in '/root/SESASR-LAB/build/turtlebot3_simulations': CMAKE_PREFIX_PATH=/root/SESASR-LAB/install/turtlebot3_fake_node:/root/SESASR-LAB/install/turtlebot3_simulations:/root/SESASR-LAB/install/turtlebot3_gazebo:/root/SESASR-LAB/install/py_pubsub:/root/SESASR-LAB/install/lab02_pkg:/root/SESASR-LAB/install/lab01_pkg:/opt/ros/humble /usr/bin/cmake /root/SESASR-LAB/src/turtlebot3_simulations/turtlebot3_simulations -DCMAKE_INSTALL_PREFIX=/root/SESASR-LAB/install/turtlebot3_simulations
[8.535s] DEBUG:colcon.colcon_core.event_handler.log_command:Invoked command in '/root/SESASR-LAB/build/turtlebot3_simulations' returned '0': CMAKE_PREFIX_PATH=/root/SESASR-LAB/install/turtlebot3_fake_node:/root/SESASR-LAB/install/turtlebot3_simulations:/root/SESASR-LAB/install/turtlebot3_gazebo:/root/SESASR-LAB/install/py_pubsub:/root/SESASR-LAB/install/lab02_pkg:/root/SESASR-LAB/install/lab01_pkg:/opt/ros/humble /usr/bin/cmake /root/SESASR-LAB/src/turtlebot3_simulations/turtlebot3_simulations -DCMAKE_INSTALL_PREFIX=/root/SESASR-LAB/install/turtlebot3_simulations
[8.537s] DEBUG:colcon.colcon_core.event_handler.log_command:Invoking command in '/root/SESASR-LAB/build/turtlebot3_simulations': CMAKE_PREFIX_PATH=/root/SESASR-LAB/install/turtlebot3_fake_node:/root/SESASR-LAB/install/turtlebot3_simulations:/root/SESASR-LAB/install/turtlebot3_gazebo:/root/SESASR-LAB/install/py_pubsub:/root/SESASR-LAB/install/lab02_pkg:/root/SESASR-LAB/install/lab01_pkg:/opt/ros/humble /usr/bin/cmake --build /root/SESASR-LAB/build/turtlebot3_simulations -- -j12 -l12
[8.630s] DEBUG:colcon.colcon_core.event_handler.log_command:Invoked command in '/root/SESASR-LAB/build/turtlebot3_simulations' returned '0': CMAKE_PREFIX_PATH=/root/SESASR-LAB/install/turtlebot3_fake_node:/root/SESASR-LAB/install/turtlebot3_simulations:/root/SESASR-LAB/install/turtlebot3_gazebo:/root/SESASR-LAB/install/py_pubsub:/root/SESASR-LAB/install/lab02_pkg:/root/SESASR-LAB/install/lab01_pkg:/opt/ros/humble /usr/bin/cmake --build /root/SESASR-LAB/build/turtlebot3_simulations -- -j12 -l12
[8.661s] DEBUG:colcon.colcon_core.event_handler.log_command:Invoking command in '/root/SESASR-LAB/build/turtlebot3_simulations': CMAKE_PREFIX_PATH=/root/SESASR-LAB/install/turtlebot3_fake_node:/root/SESASR-LAB/install/turtlebot3_simulations:/root/SESASR-LAB/install/turtlebot3_gazebo:/root/SESASR-LAB/install/py_pubsub:/root/SESASR-LAB/install/lab02_pkg:/root/SESASR-LAB/install/lab01_pkg:/opt/ros/humble /usr/bin/cmake --install /root/SESASR-LAB/build/turtlebot3_simulations
[8.766s] Level 1:colcon.colcon_core.environment:create_environment_scripts_only(turtlebot3_simulations)
[8.767s] Level 1:colcon.colcon_core.environment:checking '/root/SESASR-LAB/install/turtlebot3_simulations' for CMake module files
[8.768s] DEBUG:colcon.colcon_core.event_handler.log_command:Invoked command in '/root/SESASR-LAB/build/turtlebot3_simulations' returned '0': CMAKE_PREFIX_PATH=/root/SESASR-LAB/install/turtlebot3_fake_node:/root/SESASR-LAB/install/turtlebot3_simulations:/root/SESASR-LAB/install/turtlebot3_gazebo:/root/SESASR-LAB/install/py_pubsub:/root/SESASR-LAB/install/lab02_pkg:/root/SESASR-LAB/install/lab01_pkg:/opt/ros/humble /usr/bin/cmake --install /root/SESASR-LAB/build/turtlebot3_simulations
[8.770s] Level 1:colcon.colcon_core.environment:checking '/root/SESASR-LAB/install/turtlebot3_simulations' for CMake config files
[8.771s] Level 1:colcon.colcon_core.shell:create_environment_hook('turtlebot3_simulations', 'cmake_prefix_path')
[8.772s] INFO:colcon.colcon_core.shell:Creating environment hook '/root/SESASR-LAB/install/turtlebot3_simulations/share/turtlebot3_simulations/hook/cmake_prefix_path.ps1'
[8.773s] INFO:colcon.colcon_core.shell:Creating environment descriptor '/root/SESASR-LAB/install/turtlebot3_simulations/share/turtlebot3_simulations/hook/cmake_prefix_path.dsv'
[8.774s] INFO:colcon.colcon_core.shell:Creating environment hook '/root/SESASR-LAB/install/turtlebot3_simulations/share/turtlebot3_simulations/hook/cmake_prefix_path.sh'
[8.775s] Level 1:colcon.colcon_core.environment:checking '/root/SESASR-LAB/install/turtlebot3_simulations/bin'
[8.775s] Level 1:colcon.colcon_core.environment:checking '/root/SESASR-LAB/install/turtlebot3_simulations/lib/pkgconfig/turtlebot3_simulations.pc'
[8.775s] Level 1:colcon.colcon_core.environment:checking '/root/SESASR-LAB/install/turtlebot3_simulations/lib/python3.10/site-packages'
[8.776s] Level 1:colcon.colcon_core.environment:checking '/root/SESASR-LAB/install/turtlebot3_simulations/bin'
[8.776s] INFO:colcon.colcon_core.shell:Creating package script '/root/SESASR-LAB/install/turtlebot3_simulations/share/turtlebot3_simulations/package.ps1'
[8.777s] INFO:colcon.colcon_core.shell:Creating package descriptor '/root/SESASR-LAB/install/turtlebot3_simulations/share/turtlebot3_simulations/package.dsv'
[8.778s] INFO:colcon.colcon_core.shell:Creating package script '/root/SESASR-LAB/install/turtlebot3_simulations/share/turtlebot3_simulations/package.sh'
[8.778s] INFO:colcon.colcon_core.shell:Creating package script '/root/SESASR-LAB/install/turtlebot3_simulations/share/turtlebot3_simulations/package.bash'
[8.779s] INFO:colcon.colcon_core.shell:Creating package script '/root/SESASR-LAB/install/turtlebot3_simulations/share/turtlebot3_simulations/package.zsh'
[8.780s] Level 1:colcon.colcon_core.environment:create_file_with_runtime_dependencies(/root/SESASR-LAB/install/turtlebot3_simulations/share/colcon-core/packages/turtlebot3_simulations)
[8.782s] Level 1:colcon.colcon_core.environment:create_environment_scripts_only(turtlebot3_simulations)
[8.783s] Level 1:colcon.colcon_core.environment:checking '/root/SESASR-LAB/install/turtlebot3_simulations' for CMake module files
[8.784s] Level 1:colcon.colcon_core.environment:checking '/root/SESASR-LAB/install/turtlebot3_simulations' for CMake config files
[8.785s] Level 1:colcon.colcon_core.shell:create_environment_hook('turtlebot3_simulations', 'cmake_prefix_path')
[8.785s] INFO:colcon.colcon_core.shell:Creating environment hook '/root/SESASR-LAB/install/turtlebot3_simulations/share/turtlebot3_simulations/hook/cmake_prefix_path.ps1'
[8.799s] INFO:colcon.colcon_core.shell:Creating environment descriptor '/root/SESASR-LAB/install/turtlebot3_simulations/share/turtlebot3_simulations/hook/cmake_prefix_path.dsv'
[8.801s] INFO:colcon.colcon_core.shell:Creating environment hook '/root/SESASR-LAB/install/turtlebot3_simulations/share/turtlebot3_simulations/hook/cmake_prefix_path.sh'
[8.802s] Level 1:colcon.colcon_core.environment:checking '/root/SESASR-LAB/install/turtlebot3_simulations/bin'
[8.802s] Level 1:colcon.colcon_core.environment:checking '/root/SESASR-LAB/install/turtlebot3_simulations/lib/pkgconfig/turtlebot3_simulations.pc'
[8.803s] Level 1:colcon.colcon_core.environment:checking '/root/SESASR-LAB/install/turtlebot3_simulations/lib/python3.10/site-packages'
[8.803s] Level 1:colcon.colcon_core.environment:checking '/root/SESASR-LAB/install/turtlebot3_simulations/bin'
[8.804s] INFO:colcon.colcon_core.shell:Creating package script '/root/SESASR-LAB/install/turtlebot3_simulations/share/turtlebot3_simulations/package.ps1'
[8.805s] INFO:colcon.colcon_core.shell:Creating package descriptor '/root/SESASR-LAB/install/turtlebot3_simulations/share/turtlebot3_simulations/package.dsv'
[8.806s] INFO:colcon.colcon_core.shell:Creating package script '/root/SESASR-LAB/install/turtlebot3_simulations/share/turtlebot3_simulations/package.sh'
[8.806s] INFO:colcon.colcon_core.shell:Creating package script '/root/SESASR-LAB/install/turtlebot3_simulations/share/turtlebot3_simulations/package.bash'
[8.809s] INFO:colcon.colcon_core.shell:Creating package script '/root/SESASR-LAB/install/turtlebot3_simulations/share/turtlebot3_simulations/package.zsh'
[8.810s] Level 1:colcon.colcon_core.environment:create_file_with_runtime_dependencies(/root/SESASR-LAB/install/turtlebot3_simulations/share/colcon-core/packages/turtlebot3_simulations)
[25.050s] DEBUG:colcon.colcon_core.event_handler.log_command:Invoked command in '/root/SESASR-LAB/build/turtlebot3_gazebo' returned '0': CMAKE_PREFIX_PATH=${CMAKE_PREFIX_PATH}:/root/SESASR-LAB/install/py_pubsub:/root/SESASR-LAB/install/lab02_pkg:/root/SESASR-LAB/install/lab01_pkg:/opt/ros/humble /usr/bin/cmake /root/SESASR-LAB/src/turtlebot3_simulations/turtlebot3_gazebo -DCMAKE_INSTALL_PREFIX=/root/SESASR-LAB/install/turtlebot3_gazebo
[25.054s] DEBUG:colcon.colcon_core.event_handler.log_command:Invoking command in '/root/SESASR-LAB/build/turtlebot3_gazebo': CMAKE_PREFIX_PATH=${CMAKE_PREFIX_PATH}:/root/SESASR-LAB/install/py_pubsub:/root/SESASR-LAB/install/lab02_pkg:/root/SESASR-LAB/install/lab01_pkg:/opt/ros/humble /usr/bin/cmake --build /root/SESASR-LAB/build/turtlebot3_gazebo -- -j12 -l12
[25.441s] DEBUG:colcon.colcon_core.event_handler.log_command:Invoked command in '/root/SESASR-LAB/build/turtlebot3_gazebo' returned '0': CMAKE_PREFIX_PATH=${CMAKE_PREFIX_PATH}:/root/SESASR-LAB/install/py_pubsub:/root/SESASR-LAB/install/lab02_pkg:/root/SESASR-LAB/install/lab01_pkg:/opt/ros/humble /usr/bin/cmake --build /root/SESASR-LAB/build/turtlebot3_gazebo -- -j12 -l12
[25.481s] DEBUG:colcon.colcon_core.event_handler.log_command:Invoking command in '/root/SESASR-LAB/build/turtlebot3_gazebo': CMAKE_PREFIX_PATH=${CMAKE_PREFIX_PATH}:/root/SESASR-LAB/install/py_pubsub:/root/SESASR-LAB/install/lab02_pkg:/root/SESASR-LAB/install/lab01_pkg:/opt/ros/humble /usr/bin/cmake --install /root/SESASR-LAB/build/turtlebot3_gazebo
[25.527s] Level 1:colcon.colcon_core.environment:create_environment_scripts_only(turtlebot3_gazebo)
[25.527s] Level 1:colcon.colcon_core.environment:checking '/root/SESASR-LAB/install/turtlebot3_gazebo' for CMake module files
[25.528s] DEBUG:colcon.colcon_core.event_handler.log_command:Invoked command in '/root/SESASR-LAB/build/turtlebot3_gazebo' returned '0': CMAKE_PREFIX_PATH=${CMAKE_PREFIX_PATH}:/root/SESASR-LAB/install/py_pubsub:/root/SESASR-LAB/install/lab02_pkg:/root/SESASR-LAB/install/lab01_pkg:/opt/ros/humble /usr/bin/cmake --install /root/SESASR-LAB/build/turtlebot3_gazebo
[25.529s] Level 1:colcon.colcon_core.environment:checking '/root/SESASR-LAB/install/turtlebot3_gazebo' for CMake config files
[25.529s] Level 1:colcon.colcon_core.shell:create_environment_hook('turtlebot3_gazebo', 'cmake_prefix_path')
[25.530s] INFO:colcon.colcon_core.shell:Creating environment hook '/root/SESASR-LAB/install/turtlebot3_gazebo/share/turtlebot3_gazebo/hook/cmake_prefix_path.ps1'
[25.530s] INFO:colcon.colcon_core.shell:Creating environment descriptor '/root/SESASR-LAB/install/turtlebot3_gazebo/share/turtlebot3_gazebo/hook/cmake_prefix_path.dsv'
[25.531s] INFO:colcon.colcon_core.shell:Creating environment hook '/root/SESASR-LAB/install/turtlebot3_gazebo/share/turtlebot3_gazebo/hook/cmake_prefix_path.sh'
[25.531s] Level 1:colcon.colcon_core.environment:checking '/root/SESASR-LAB/install/turtlebot3_gazebo/lib'
[25.531s] Level 1:colcon.colcon_core.environment:checking '/root/SESASR-LAB/install/turtlebot3_gazebo/bin'
[25.531s] Level 1:colcon.colcon_core.environment:checking '/root/SESASR-LAB/install/turtlebot3_gazebo/lib/pkgconfig/turtlebot3_gazebo.pc'
[25.531s] Level 1:colcon.colcon_core.environment:checking '/root/SESASR-LAB/install/turtlebot3_gazebo/lib/python3.10/site-packages'
[25.532s] Level 1:colcon.colcon_core.environment:checking '/root/SESASR-LAB/install/turtlebot3_gazebo/bin'
[25.532s] INFO:colcon.colcon_core.shell:Creating package script '/root/SESASR-LAB/install/turtlebot3_gazebo/share/turtlebot3_gazebo/package.ps1'
[25.532s] INFO:colcon.colcon_core.shell:Creating package descriptor '/root/SESASR-LAB/install/turtlebot3_gazebo/share/turtlebot3_gazebo/package.dsv'
[25.533s] INFO:colcon.colcon_core.shell:Creating package script '/root/SESASR-LAB/install/turtlebot3_gazebo/share/turtlebot3_gazebo/package.sh'
[25.533s] INFO:colcon.colcon_core.shell:Creating package script '/root/SESASR-LAB/install/turtlebot3_gazebo/share/turtlebot3_gazebo/package.bash'
[25.533s] INFO:colcon.colcon_core.shell:Creating package script '/root/SESASR-LAB/install/turtlebot3_gazebo/share/turtlebot3_gazebo/package.zsh'
[25.534s] Level 1:colcon.colcon_core.environment:create_file_with_runtime_dependencies(/root/SESASR-LAB/install/turtlebot3_gazebo/share/colcon-core/packages/turtlebot3_gazebo)
[25.534s] Level 1:colcon.colcon_core.environment:create_environment_scripts_only(turtlebot3_gazebo)
[25.535s] Level 1:colcon.colcon_core.environment:checking '/root/SESASR-LAB/install/turtlebot3_gazebo' for CMake module files
[25.535s] Level 1:colcon.colcon_core.environment:checking '/root/SESASR-LAB/install/turtlebot3_gazebo' for CMake config files
[25.536s] Level 1:colcon.colcon_core.shell:create_environment_hook('turtlebot3_gazebo', 'cmake_prefix_path')
[25.536s] INFO:colcon.colcon_core.shell:Creating environment hook '/root/SESASR-LAB/install/turtlebot3_gazebo/share/turtlebot3_gazebo/hook/cmake_prefix_path.ps1'
[25.555s] INFO:colcon.colcon_core.shell:Creating environment descriptor '/root/SESASR-LAB/install/turtlebot3_gazebo/share/turtlebot3_gazebo/hook/cmake_prefix_path.dsv'
[25.555s] INFO:colcon.colcon_core.shell:Creating environment hook '/root/SESASR-LAB/install/turtlebot3_gazebo/share/turtlebot3_gazebo/hook/cmake_prefix_path.sh'
[25.556s] Level 1:colcon.colcon_core.environment:checking '/root/SESASR-LAB/install/turtlebot3_gazebo/lib'
[25.556s] Level 1:colcon.colcon_core.environment:checking '/root/SESASR-LAB/install/turtlebot3_gazebo/bin'
[25.556s] Level 1:colcon.colcon_core.environment:checking '/root/SESASR-LAB/install/turtlebot3_gazebo/lib/pkgconfig/turtlebot3_gazebo.pc'
[25.557s] Level 1:colcon.colcon_core.environment:checking '/root/SESASR-LAB/install/turtlebot3_gazebo/lib/python3.10/site-packages'
[25.557s] Level 1:colcon.colcon_core.environment:checking '/root/SESASR-LAB/install/turtlebot3_gazebo/bin'
[25.557s] INFO:colcon.colcon_core.shell:Creating package script '/root/SESASR-LAB/install/turtlebot3_gazebo/share/turtlebot3_gazebo/package.ps1'
[25.558s] INFO:colcon.colcon_core.shell:Creating package descriptor '/root/SESASR-LAB/install/turtlebot3_gazebo/share/turtlebot3_gazebo/package.dsv'
[25.559s] INFO:colcon.colcon_core.shell:Creating package script '/root/SESASR-LAB/install/turtlebot3_gazebo/share/turtlebot3_gazebo/package.sh'
[25.560s] INFO:colcon.colcon_core.shell:Creating package script '/root/SESASR-LAB/install/turtlebot3_gazebo/share/turtlebot3_gazebo/package.bash'
[25.561s] INFO:colcon.colcon_core.shell:Creating package script '/root/SESASR-LAB/install/turtlebot3_gazebo/share/turtlebot3_gazebo/package.zsh'
[25.562s] Level 1:colcon.colcon_core.environment:create_file_with_runtime_dependencies(/root/SESASR-LAB/install/turtlebot3_gazebo/share/colcon-core/packages/turtlebot3_gazebo)
[25.563s] DEBUG:colcon.colcon_parallel_executor.executor.parallel:closing loop
[25.564s] DEBUG:colcon.colcon_parallel_executor.executor.parallel:loop closed
[25.564s] DEBUG:colcon.colcon_parallel_executor.executor.parallel:run_until_complete finished with '0'
[25.564s] DEBUG:colcon.colcon_core.event_reactor:joining thread
[25.601s] INFO:colcon.colcon_core.plugin_system:Skipping extension 'colcon_notification.desktop_notification.notify_send': Could not find 'notify-send'
[25.601s] INFO:colcon.colcon_core.plugin_system:Skipping extension 'colcon_notification.desktop_notification.terminal_notifier': Not used on non-Darwin systems
[25.601s] INFO:colcon.colcon_core.plugin_system:Skipping extension 'colcon_notification.desktop_notification.win32': Not used on non-Windows systems
[25.601s] INFO:colcon.colcon_notification.desktop_notification:Sending desktop notification using 'notify2'
[25.602s] DEBUG:colcon.colcon_notification.desktop_notification.notify2:Failed to initialize notify2: org.freedesktop.DBus.Error.FileNotFound: Failed to connect to socket /run/user/0/bus: No such file or directory
[25.602s] DEBUG:colcon.colcon_core.event_reactor:joined thread
[25.602s] INFO:colcon.colcon_core.shell:Creating prefix script '/root/SESASR-LAB/install/local_setup.ps1'
[25.604s] INFO:colcon.colcon_core.shell:Creating prefix util module '/root/SESASR-LAB/install/_local_setup_util_ps1.py'
[25.606s] INFO:colcon.colcon_core.shell:Creating prefix chain script '/root/SESASR-LAB/install/setup.ps1'
[25.609s] INFO:colcon.colcon_core.shell:Creating prefix script '/root/SESASR-LAB/install/local_setup.sh'
[25.610s] INFO:colcon.colcon_core.shell:Creating prefix util module '/root/SESASR-LAB/install/_local_setup_util_sh.py'
[25.611s] INFO:colcon.colcon_core.shell:Creating prefix chain script '/root/SESASR-LAB/install/setup.sh'
[25.613s] INFO:colcon.colcon_core.shell:Creating prefix script '/root/SESASR-LAB/install/local_setup.bash'
[25.614s] INFO:colcon.colcon_core.shell:Creating prefix chain script '/root/SESASR-LAB/install/setup.bash'
[25.616s] INFO:colcon.colcon_core.shell:Creating prefix script '/root/SESASR-LAB/install/local_setup.zsh'
[25.617s] INFO:colcon.colcon_core.shell:Creating prefix chain script '/root/SESASR-LAB/install/setup.zsh'
