[2.537s] Invoking command in '/root/SESASR-LAB/build/py_pubsub': PYTHONPATH=/root/SESASR-LAB/build/py_pubsub/prefix_override:/usr/lib/python3/dist-packages/colcon_core/task/python/colcon_distutils_commands:/root/SESASR-LAB/install/py_pubsub/lib/python3.10/site-packages:${PYTHONPATH} /usr/bin/python3 -W ignore:setup.py install is deprecated -W ignore:easy_install command is deprecated setup.py develop --uninstall --editable --build-directory /root/SESASR-LAB/build/py_pubsub/build
[3.132s] running develop
[3.563s] Removing /root/SESASR-LAB/install/py_pubsub/lib/python3.10/site-packages/py-pubsub.egg-link (link to .)
[3.671s] Invoked command in '/root/SESASR-LAB/build/py_pubsub' returned '0': PYTHONPATH=/root/SESASR-LAB/build/py_pubsub/prefix_override:/usr/lib/python3/dist-packages/colcon_core/task/python/colcon_distutils_commands:/root/SESASR-LAB/install/py_pubsub/lib/python3.10/site-packages:${PYTHONPATH} /usr/bin/python3 -W ignore:setup.py install is deprecated -W ignore:easy_install command is deprecated setup.py develop --uninstall --editable --build-directory /root/SESASR-LAB/build/py_pubsub/build
[3.675s] Invoking command in '/root/SESASR-LAB/src/py_pubsub': PYTHONPATH=/root/SESASR-LAB/build/py_pubsub/prefix_override:/usr/lib/python3/dist-packages/colcon_core/task/python/colcon_distutils_commands:/root/SESASR-LAB/install/py_pubsub/lib/python3.10/site-packages:${PYTHONPATH} /usr/bin/python3 -W ignore:setup.py install is deprecated -W ignore:easy_install command is deprecated setup.py egg_info --egg-base ../../build/py_pubsub build --build-base /root/SESASR-LAB/build/py_pubsub/build install --record /root/SESASR-LAB/build/py_pubsub/install.log --single-version-externally-managed install_data --force
[4.281s] running egg_info
[4.283s] writing ../../build/py_pubsub/py_pubsub.egg-info/PKG-INFO
[4.285s] writing dependency_links to ../../build/py_pubsub/py_pubsub.egg-info/dependency_links.txt
[4.287s] writing entry points to ../../build/py_pubsub/py_pubsub.egg-info/entry_points.txt
[4.287s] writing requirements to ../../build/py_pubsub/py_pubsub.egg-info/requires.txt
[4.288s] writing top-level names to ../../build/py_pubsub/py_pubsub.egg-info/top_level.txt
[4.296s] reading manifest file '../../build/py_pubsub/py_pubsub.egg-info/SOURCES.txt'
[4.296s] adding license file 'LICENSE'
[4.298s] writing manifest file '../../build/py_pubsub/py_pubsub.egg-info/SOURCES.txt'
[4.298s] running build
[4.302s] running build_py
[4.303s] creating /root/SESASR-LAB/build/py_pubsub/build
[4.303s] creating /root/SESASR-LAB/build/py_pubsub/build/lib
[4.304s] creating /root/SESASR-LAB/build/py_pubsub/build/lib/py_pubsub
[4.304s] copying py_pubsub/subscriber_member_function.py -> /root/SESASR-LAB/build/py_pubsub/build/lib/py_pubsub
[4.305s] copying py_pubsub/__init__.py -> /root/SESASR-LAB/build/py_pubsub/build/lib/py_pubsub
[4.305s] copying py_pubsub/publisher_member_function.py -> /root/SESASR-LAB/build/py_pubsub/build/lib/py_pubsub
[4.307s] running install
[4.308s] running install_lib
[4.309s] creating /root/SESASR-LAB/install/py_pubsub/lib/python3.10/site-packages/py_pubsub
[4.309s] copying /root/SESASR-LAB/build/py_pubsub/build/lib/py_pubsub/subscriber_member_function.py -> /root/SESASR-LAB/install/py_pubsub/lib/python3.10/site-packages/py_pubsub
[4.309s] copying /root/SESASR-LAB/build/py_pubsub/build/lib/py_pubsub/__init__.py -> /root/SESASR-LAB/install/py_pubsub/lib/python3.10/site-packages/py_pubsub
[4.310s] copying /root/SESASR-LAB/build/py_pubsub/build/lib/py_pubsub/publisher_member_function.py -> /root/SESASR-LAB/install/py_pubsub/lib/python3.10/site-packages/py_pubsub
[4.311s] byte-compiling /root/SESASR-LAB/install/py_pubsub/lib/python3.10/site-packages/py_pubsub/subscriber_member_function.py to subscriber_member_function.cpython-310.pyc
[4.312s] byte-compiling /root/SESASR-LAB/install/py_pubsub/lib/python3.10/site-packages/py_pubsub/__init__.py to __init__.cpython-310.pyc
[4.312s] byte-compiling /root/SESASR-LAB/install/py_pubsub/lib/python3.10/site-packages/py_pubsub/publisher_member_function.py to publisher_member_function.cpython-310.pyc
[4.313s] running install_data
[4.313s] copying resource/py_pubsub -> /root/SESASR-LAB/install/py_pubsub/share/ament_index/resource_index/packages
[4.313s] copying package.xml -> /root/SESASR-LAB/install/py_pubsub/share/py_pubsub
[4.313s] running install_egg_info
[4.315s] Copying ../../build/py_pubsub/py_pubsub.egg-info to /root/SESASR-LAB/install/py_pubsub/lib/python3.10/site-packages/py_pubsub-0.0.0-py3.10.egg-info
[4.320s] running install_scripts
[4.369s] Installing listener script to /root/SESASR-LAB/install/py_pubsub/lib/py_pubsub
[4.369s] Installing talker script to /root/SESASR-LAB/install/py_pubsub/lib/py_pubsub
[4.371s] writing list of installed files to '/root/SESASR-LAB/build/py_pubsub/install.log'
[4.515s] Invoked command in '/root/SESASR-LAB/src/py_pubsub' returned '0': PYTHONPATH=/root/SESASR-LAB/build/py_pubsub/prefix_override:/usr/lib/python3/dist-packages/colcon_core/task/python/colcon_distutils_commands:/root/SESASR-LAB/install/py_pubsub/lib/python3.10/site-packages:${PYTHONPATH} /usr/bin/python3 -W ignore:setup.py install is deprecated -W ignore:easy_install command is deprecated setup.py egg_info --egg-base ../../build/py_pubsub build --build-base /root/SESASR-LAB/build/py_pubsub/build install --record /root/SESASR-LAB/build/py_pubsub/install.log --single-version-externally-managed install_data --force
