[0.802s] Invoking command in '/root/SESASR-LAB/build/turtlebot3_gazebo': CMAKE_PREFIX_PATH=${CMAKE_PREFIX_PATH}:/root/SESASR-LAB/install/py_pubsub:/root/SESASR-LAB/install/lab01_pkg:/opt/ros/humble /usr/bin/cmake --build /root/SESASR-LAB/build/turtlebot3_gazebo -- -j12 -l12
[0.854s] -- Found ament_cmake: 1.3.12 (/opt/ros/humble/share/ament_cmake/cmake)
[1.021s] -- Override CMake install command with custom implementation using symlinks instead of copying resources
[1.041s] [33mCMake Warning (dev) at /usr/share/cmake-3.22/Modules/FindPackageHandleStandardArgs.cmake:438 (message):
[1.041s]   The package name passed to `find_package_handle_standard_args` (PkgConfig)
[1.041s]   does not match the name of the calling package (gazebo).  This can lead to
[1.041s]   problems in calling code that expects `find_package` result variables
[1.041s]   (e.g., `_FOUND`) to follow a certain pattern.
[1.041s] Call Stack (most recent call first):
[1.041s]   /usr/share/cmake-3.22/Modules/FindPkgConfig.cmake:99 (find_package_handle_standard_args)
[1.041s]   /usr/lib/x86_64-linux-gnu/cmake/gazebo/gazebo-config.cmake:72 (include)
[1.042s]   CMakeLists.txt:23 (find_package)
[1.042s] This warning is for project developers.  Use -Wno-dev to suppress it.
[1.042s] [0m
[1.083s] -- Found DART: /usr/include (Required is at least version "6.6") found components: dart 
[1.151s] -- Found Protobuf: /usr/lib/x86_64-linux-gnu/libprotobuf.so (found version "3.12.4") 
[1.154s] -- Looking for ignition-math6 -- found version 6.15.1
[1.164s] -- Searching for dependencies of ignition-math6
[1.167s] -- Looking for OGRE...
[1.176s] -- Found Ogre Ghadamon (1.9.0)
[1.177s] -- Found OGRE: optimized;/usr/lib/x86_64-linux-gnu/libOgreMain.so;debug;/usr/lib/x86_64-linux-gnu/libOgreMain.so
[1.187s] -- Looking for OGRE_Paging...
[1.187s] -- Found OGRE_Paging: optimized;/usr/lib/x86_64-linux-gnu/libOgrePaging.so;debug;/usr/lib/x86_64-linux-gnu/libOgrePaging.so
[1.187s] -- Looking for OGRE_Terrain...
[1.188s] -- Found OGRE_Terrain: optimized;/usr/lib/x86_64-linux-gnu/libOgreTerrain.so;debug;/usr/lib/x86_64-linux-gnu/libOgreTerrain.so
[1.188s] -- Looking for OGRE_Property...
[1.188s] -- Found OGRE_Property: optimized;/usr/lib/x86_64-linux-gnu/libOgreProperty.so;debug;/usr/lib/x86_64-linux-gnu/libOgreProperty.so
[1.188s] -- Looking for OGRE_RTShaderSystem...
[1.188s] -- Found OGRE_RTShaderSystem: optimized;/usr/lib/x86_64-linux-gnu/libOgreRTShaderSystem.so;debug;/usr/lib/x86_64-linux-gnu/libOgreRTShaderSystem.so
[1.188s] -- Looking for OGRE_Volume...
[1.188s] -- Found OGRE_Volume: optimized;/usr/lib/x86_64-linux-gnu/libOgreVolume.so;debug;/usr/lib/x86_64-linux-gnu/libOgreVolume.so
[1.188s] -- Looking for OGRE_Overlay...
[1.189s] -- Found OGRE_Overlay: optimized;/usr/lib/x86_64-linux-gnu/libOgreOverlay.so;debug;/usr/lib/x86_64-linux-gnu/libOgreOverlay.so
[10.634s] -- Looking for ignition-math6 -- found version 6.15.1
[10.635s] -- Looking for ignition-transport8 -- found version 8.2.1
[10.636s] -- Searching for dependencies of ignition-transport8
[11.296s] -- Found Protobuf: /usr/lib/x86_64-linux-gnu/libprotobuf.so (found suitable version "3.12.4", minimum required is "3") 
[11.948s] -- Config-file not installed for ZeroMQ -- checking for pkg-config
[11.954s] -- Checking for module 'libzmq >= 4'
[11.979s] --   Found libzmq , version 4.3.4
[12.040s] -- Checking for module 'uuid'
[12.061s] --   Found uuid, version 2.37.2
[12.112s] -- Looking for ignition-msgs5 -- found version 5.8.1
[12.112s] -- Searching for dependencies of ignition-msgs5
[12.784s] -- Looking for ignition-math6 -- found version 6.15.1
[12.792s] -- Checking for module 'tinyxml2'
[12.813s] --   Found tinyxml2, version 9.0.0
[12.868s] -- Looking for ignition-msgs5 -- found version 5.8.1
[12.869s] -- Looking for ignition-common3 -- found version 3.14.0
[12.870s] -- Searching for dependencies of ignition-common3
[12.870s] -- Looking for dlfcn.h - found
[12.870s] -- Looking for libdl - found
[12.921s] -- Searching for <ignition-common3> component [graphics]
[12.922s] -- Looking for ignition-common3-graphics -- found version 3.14.0
[12.922s] -- Searching for dependencies of ignition-common3-graphics
[12.923s] -- Looking for ignition-math6 -- found version 6.15.1
[12.925s] -- Looking for ignition-fuel_tools4 -- found version 4.4.0
[12.925s] -- Searching for dependencies of ignition-fuel_tools4
[13.701s] -- Checking for module 'jsoncpp'
[13.721s] --   Found jsoncpp, version 1.9.5
[13.781s] -- Checking for module 'libzip'
[13.801s] --   Found libzip, version 1.7.3
[13.850s] -- Looking for ignition-common3 -- found version 3.14.0
[13.851s] -- Looking for ignition-math6 -- found version 6.15.1
[13.851s] -- Looking for ignition-msgs5 -- found version 5.8.1
[13.856s] -- Found gazebo_ros_pkgs: 3.9.0 (/opt/ros/humble/share/gazebo_ros_pkgs/cmake)
[13.856s] -- Found geometry_msgs: 4.9.0 (/opt/ros/humble/share/geometry_msgs/cmake)
[13.895s] -- Found rosidl_generator_c: 3.1.7 (/opt/ros/humble/share/rosidl_generator_c/cmake)
[13.898s] -- Found rosidl_adapter: 3.1.7 (/opt/ros/humble/share/rosidl_adapter/cmake)
[13.905s] -- Found rosidl_generator_cpp: 3.1.7 (/opt/ros/humble/share/rosidl_generator_cpp/cmake)
[13.916s] -- Using all available rosidl_typesupport_c: rosidl_typesupport_fastrtps_c;rosidl_typesupport_introspection_c
[13.930s] -- Using all available rosidl_typesupport_cpp: rosidl_typesupport_fastrtps_cpp;rosidl_typesupport_introspection_cpp
[13.967s] -- Found nav_msgs: 4.9.0 (/opt/ros/humble/share/nav_msgs/cmake)
[13.982s] -- Found rclcpp: 16.0.15 (/opt/ros/humble/share/rclcpp/cmake)
[14.005s] -- Found rmw_implementation_cmake: 6.1.2 (/opt/ros/humble/share/rmw_implementation_cmake/cmake)
[14.007s] -- Found rmw_fastrtps_cpp: 6.2.9 (/opt/ros/humble/share/rmw_fastrtps_cpp/cmake)
[16.915s] -- Using RMW implementation 'rmw_fastrtps_cpp' as default
[16.950s] -- Found sensor_msgs: 4.9.0 (/opt/ros/humble/share/sensor_msgs/cmake)
[16.965s] -- Found tf2: 0.25.16 (/opt/ros/humble/share/tf2/cmake)
[17.056s] -- Configuring done
[17.146s] -- Generating done
[17.154s] -- Build files have been written to: /root/SESASR-LAB/build/turtlebot3_gazebo
[17.195s] [35m[1mConsolidate compiler generated dependencies of target turtlebot3_drive[0m
[17.196s] [35m[1mConsolidate compiler generated dependencies of target obstacle1[0m
[17.198s] [35m[1mConsolidate compiler generated dependencies of target obstacles[0m
[17.198s] [35m[1mConsolidate compiler generated dependencies of target obstacle2[0m
[17.228s] [ 12%] [32mBuilding CXX object CMakeFiles/turtlebot3_drive.dir/src/turtlebot3_drive.cpp.o[0m
[17.394s] [ 50%] [32mBuilding CXX object CMakeFiles/obstacle1.dir/models/turtlebot3_dqn_world/obstacle_plugin/obstacle1.cc.o[0m
[17.394s] [ 50%] [32mBuilding CXX object CMakeFiles/obstacles.dir/models/turtlebot3_dqn_world/obstacle_plugin/obstacles.cc.o[0m
[17.394s] [ 50%] [32mBuilding CXX object CMakeFiles/obstacle2.dir/models/turtlebot3_dqn_world/obstacle_plugin/obstacle2.cc.o[0m
[32.846s] [ 62%] [32m[1mLinking CXX executable turtlebot3_drive[0m
[33.734s] [ 62%] Built target turtlebot3_drive
[34.736s] [ 75%] [32m[1mLinking CXX shared library libobstacle2.so[0m
[34.785s] [ 87%] [32m[1mLinking CXX shared library libobstacle1.so[0m
[34.874s] [100%] [32m[1mLinking CXX shared library libobstacles.so[0m
[35.191s] [100%] Built target obstacle2
[35.207s] [100%] Built target obstacle1
[35.269s] [100%] Built target obstacles
[35.285s] Invoked command in '/root/SESASR-LAB/build/turtlebot3_gazebo' returned '0': CMAKE_PREFIX_PATH=${CMAKE_PREFIX_PATH}:/root/SESASR-LAB/install/py_pubsub:/root/SESASR-LAB/install/lab01_pkg:/opt/ros/humble /usr/bin/cmake --build /root/SESASR-LAB/build/turtlebot3_gazebo -- -j12 -l12
[35.288s] Invoking command in '/root/SESASR-LAB/build/turtlebot3_gazebo': CMAKE_PREFIX_PATH=${CMAKE_PREFIX_PATH}:/root/SESASR-LAB/install/py_pubsub:/root/SESASR-LAB/install/lab01_pkg:/opt/ros/humble /usr/bin/cmake --install /root/SESASR-LAB/build/turtlebot3_gazebo
[35.298s] -- Install configuration: ""
[35.298s] -- Execute custom install script
[35.299s] -- Up-to-date symlink: /root/SESASR-LAB/install/turtlebot3_gazebo/lib/turtlebot3_gazebo/turtlebot3_drive
[35.299s] -- Up-to-date symlink: /root/SESASR-LAB/install/turtlebot3_gazebo/share/turtlebot3_gazebo//launch/empty_world.launch.py
[35.299s] -- Up-to-date symlink: /root/SESASR-LAB/install/turtlebot3_gazebo/share/turtlebot3_gazebo//launch/lab02.launch.py
[35.300s] -- Up-to-date symlink: /root/SESASR-LAB/install/turtlebot3_gazebo/share/turtlebot3_gazebo//launch/lab04.launch.py
[35.300s] -- Up-to-date symlink: /root/SESASR-LAB/install/turtlebot3_gazebo/share/turtlebot3_gazebo//launch/project.launch.py
[35.300s] -- Up-to-date symlink: /root/SESASR-LAB/install/turtlebot3_gazebo/share/turtlebot3_gazebo//launch/robot_state_publisher.launch.py
[35.300s] -- Up-to-date symlink: /root/SESASR-LAB/install/turtlebot3_gazebo/share/turtlebot3_gazebo//launch/spawn_turtlebot3.launch.py
[35.300s] -- Up-to-date symlink: /root/SESASR-LAB/install/turtlebot3_gazebo/share/turtlebot3_gazebo//launch/turtlebot3_dqn_stage1.launch.py
[35.300s] -- Up-to-date symlink: /root/SESASR-LAB/install/turtlebot3_gazebo/share/turtlebot3_gazebo//launch/turtlebot3_dqn_stage2.launch.py
[35.301s] -- Up-to-date symlink: /root/SESASR-LAB/install/turtlebot3_gazebo/share/turtlebot3_gazebo//launch/turtlebot3_dqn_stage3.launch.py
[35.301s] -- Up-to-date symlink: /root/SESASR-LAB/install/turtlebot3_gazebo/share/turtlebot3_gazebo//launch/turtlebot3_dqn_stage4.launch.py
[35.301s] -- Up-to-date symlink: /root/SESASR-LAB/install/turtlebot3_gazebo/share/turtlebot3_gazebo//launch/turtlebot3_house.launch.py
[35.301s] -- Up-to-date symlink: /root/SESASR-LAB/install/turtlebot3_gazebo/share/turtlebot3_gazebo//launch/turtlebot3_world.launch.py
[35.302s] -- Up-to-date symlink: /root/SESASR-LAB/install/turtlebot3_gazebo/share/turtlebot3_gazebo//models/turtlebot3_burger/model-1_4.sdf
[35.302s] -- Up-to-date symlink: /root/SESASR-LAB/install/turtlebot3_gazebo/share/turtlebot3_gazebo//models/turtlebot3_burger/model.config
[35.302s] -- Up-to-date symlink: /root/SESASR-LAB/install/turtlebot3_gazebo/share/turtlebot3_gazebo//models/turtlebot3_burger/model.sdf
[35.302s] -- Up-to-date symlink: /root/SESASR-LAB/install/turtlebot3_gazebo/share/turtlebot3_gazebo//models/turtlebot3_common/meshes/burger_base.dae
[35.302s] -- Up-to-date symlink: /root/SESASR-LAB/install/turtlebot3_gazebo/share/turtlebot3_gazebo//models/turtlebot3_common/meshes/lds.dae
[35.302s] -- Up-to-date symlink: /root/SESASR-LAB/install/turtlebot3_gazebo/share/turtlebot3_gazebo//models/turtlebot3_common/meshes/r200.dae
[35.303s] -- Up-to-date symlink: /root/SESASR-LAB/install/turtlebot3_gazebo/share/turtlebot3_gazebo//models/turtlebot3_common/meshes/tire.dae
[35.303s] -- Up-to-date symlink: /root/SESASR-LAB/install/turtlebot3_gazebo/share/turtlebot3_gazebo//models/turtlebot3_common/meshes/waffle_base.dae
[35.303s] -- Up-to-date symlink: /root/SESASR-LAB/install/turtlebot3_gazebo/share/turtlebot3_gazebo//models/turtlebot3_common/meshes/waffle_pi_base.dae
[35.303s] -- Up-to-date symlink: /root/SESASR-LAB/install/turtlebot3_gazebo/share/turtlebot3_gazebo//models/turtlebot3_common/model.config
[35.303s] -- Up-to-date symlink: /root/SESASR-LAB/install/turtlebot3_gazebo/share/turtlebot3_gazebo//models/turtlebot3_dqn_world/goal_box/model.config
[35.304s] -- Up-to-date symlink: /root/SESASR-LAB/install/turtlebot3_gazebo/share/turtlebot3_gazebo//models/turtlebot3_dqn_world/goal_box/model.sdf
[35.304s] -- Up-to-date symlink: /root/SESASR-LAB/install/turtlebot3_gazebo/share/turtlebot3_gazebo//models/turtlebot3_dqn_world/inner_walls/model.config
[35.304s] -- Up-to-date symlink: /root/SESASR-LAB/install/turtlebot3_gazebo/share/turtlebot3_gazebo//models/turtlebot3_dqn_world/inner_walls/model.sdf
[35.304s] -- Up-to-date symlink: /root/SESASR-LAB/install/turtlebot3_gazebo/share/turtlebot3_gazebo//models/turtlebot3_dqn_world/model.config
[35.304s] -- Up-to-date symlink: /root/SESASR-LAB/install/turtlebot3_gazebo/share/turtlebot3_gazebo//models/turtlebot3_dqn_world/model.sdf
[35.305s] -- Up-to-date symlink: /root/SESASR-LAB/install/turtlebot3_gazebo/share/turtlebot3_gazebo//models/turtlebot3_dqn_world/obstacle1/model.config
[35.305s] -- Up-to-date symlink: /root/SESASR-LAB/install/turtlebot3_gazebo/share/turtlebot3_gazebo//models/turtlebot3_dqn_world/obstacle1/model.sdf
[35.305s] -- Up-to-date symlink: /root/SESASR-LAB/install/turtlebot3_gazebo/share/turtlebot3_gazebo//models/turtlebot3_dqn_world/obstacle2/model.config
[35.305s] -- Up-to-date symlink: /root/SESASR-LAB/install/turtlebot3_gazebo/share/turtlebot3_gazebo//models/turtlebot3_dqn_world/obstacle2/model.sdf
[35.305s] -- Up-to-date symlink: /root/SESASR-LAB/install/turtlebot3_gazebo/share/turtlebot3_gazebo//models/turtlebot3_dqn_world/obstacle_plugin/CMakeLists.txt
[35.305s] -- Up-to-date symlink: /root/SESASR-LAB/install/turtlebot3_gazebo/share/turtlebot3_gazebo//models/turtlebot3_dqn_world/obstacle_plugin/obstacle1.cc
[35.305s] -- Up-to-date symlink: /root/SESASR-LAB/install/turtlebot3_gazebo/share/turtlebot3_gazebo//models/turtlebot3_dqn_world/obstacle_plugin/obstacle2.cc
[35.306s] -- Up-to-date symlink: /root/SESASR-LAB/install/turtlebot3_gazebo/share/turtlebot3_gazebo//models/turtlebot3_dqn_world/obstacle_plugin/obstacles.cc
[35.306s] -- Up-to-date symlink: /root/SESASR-LAB/install/turtlebot3_gazebo/share/turtlebot3_gazebo//models/turtlebot3_dqn_world/obstacles/model.config
[35.306s] -- Up-to-date symlink: /root/SESASR-LAB/install/turtlebot3_gazebo/share/turtlebot3_gazebo//models/turtlebot3_dqn_world/obstacles/model.sdf
[35.306s] -- Up-to-date symlink: /root/SESASR-LAB/install/turtlebot3_gazebo/share/turtlebot3_gazebo//models/turtlebot3_house/model.config
[35.306s] -- Up-to-date symlink: /root/SESASR-LAB/install/turtlebot3_gazebo/share/turtlebot3_gazebo//models/turtlebot3_house/model.sdf
[35.306s] -- Up-to-date symlink: /root/SESASR-LAB/install/turtlebot3_gazebo/share/turtlebot3_gazebo//models/turtlebot3_waffle/model-1_4.sdf
[35.307s] -- Up-to-date symlink: /root/SESASR-LAB/install/turtlebot3_gazebo/share/turtlebot3_gazebo//models/turtlebot3_waffle/model.config
[35.307s] -- Up-to-date symlink: /root/SESASR-LAB/install/turtlebot3_gazebo/share/turtlebot3_gazebo//models/turtlebot3_waffle/model.sdf
[35.307s] -- Up-to-date symlink: /root/SESASR-LAB/install/turtlebot3_gazebo/share/turtlebot3_gazebo//models/turtlebot3_waffle_pi/model-1_4_.sdf
[35.307s] -- Up-to-date symlink: /root/SESASR-LAB/install/turtlebot3_gazebo/share/turtlebot3_gazebo//models/turtlebot3_waffle_pi/model.config
[35.307s] -- Up-to-date symlink: /root/SESASR-LAB/install/turtlebot3_gazebo/share/turtlebot3_gazebo//models/turtlebot3_waffle_pi/model.sdf
[35.307s] -- Up-to-date symlink: /root/SESASR-LAB/install/turtlebot3_gazebo/share/turtlebot3_gazebo//models/turtlebot3_world/meshes/hexagon.dae
[35.307s] -- Up-to-date symlink: /root/SESASR-LAB/install/turtlebot3_gazebo/share/turtlebot3_gazebo//models/turtlebot3_world/meshes/wall.dae
[35.308s] -- Up-to-date symlink: /root/SESASR-LAB/install/turtlebot3_gazebo/share/turtlebot3_gazebo//models/turtlebot3_world/model-1_4.sdf
[35.308s] -- Up-to-date symlink: /root/SESASR-LAB/install/turtlebot3_gazebo/share/turtlebot3_gazebo//models/turtlebot3_world/model.config
[35.308s] -- Up-to-date symlink: /root/SESASR-LAB/install/turtlebot3_gazebo/share/turtlebot3_gazebo//models/turtlebot3_world/model.sdf
[35.308s] -- Up-to-date symlink: /root/SESASR-LAB/install/turtlebot3_gazebo/share/turtlebot3_gazebo//rviz/tb3_gazebo.rviz
[35.308s] -- Up-to-date symlink: /root/SESASR-LAB/install/turtlebot3_gazebo/share/turtlebot3_gazebo//urdf/common_properties.urdf
[35.308s] -- Up-to-date symlink: /root/SESASR-LAB/install/turtlebot3_gazebo/share/turtlebot3_gazebo//urdf/turtlebot3_burger.urdf
[35.308s] -- Up-to-date symlink: /root/SESASR-LAB/install/turtlebot3_gazebo/share/turtlebot3_gazebo//urdf/turtlebot3_waffle.urdf
[35.308s] -- Up-to-date symlink: /root/SESASR-LAB/install/turtlebot3_gazebo/share/turtlebot3_gazebo//urdf/turtlebot3_waffle_pi.urdf
[35.308s] -- Up-to-date symlink: /root/SESASR-LAB/install/turtlebot3_gazebo/share/turtlebot3_gazebo//worlds/empty_world.world
[35.308s] -- Up-to-date symlink: /root/SESASR-LAB/install/turtlebot3_gazebo/share/turtlebot3_gazebo//worlds/hard_maze.world
[35.308s] -- Up-to-date symlink: /root/SESASR-LAB/install/turtlebot3_gazebo/share/turtlebot3_gazebo//worlds/maze.world
[35.309s] -- Up-to-date symlink: /root/SESASR-LAB/install/turtlebot3_gazebo/share/turtlebot3_gazebo//worlds/turtlebot3_dqn_stage1.world
[35.309s] -- Up-to-date symlink: /root/SESASR-LAB/install/turtlebot3_gazebo/share/turtlebot3_gazebo//worlds/turtlebot3_dqn_stage2.world
[35.309s] -- Up-to-date symlink: /root/SESASR-LAB/install/turtlebot3_gazebo/share/turtlebot3_gazebo//worlds/turtlebot3_dqn_stage3.world
[35.309s] -- Up-to-date symlink: /root/SESASR-LAB/install/turtlebot3_gazebo/share/turtlebot3_gazebo//worlds/turtlebot3_dqn_stage4.world
[35.309s] -- Up-to-date symlink: /root/SESASR-LAB/install/turtlebot3_gazebo/share/turtlebot3_gazebo//worlds/turtlebot3_house.world
[35.309s] -- Up-to-date symlink: /root/SESASR-LAB/install/turtlebot3_gazebo/share/turtlebot3_gazebo//worlds/turtlebot3_world.world
[35.310s] -- Up-to-date symlink: /root/SESASR-LAB/install/turtlebot3_gazebo/include//turtlebot3_gazebo/turtlebot3_drive.hpp
[35.310s] -- Up-to-date symlink: /root/SESASR-LAB/install/turtlebot3_gazebo/share/turtlebot3_gazebo/environment/turtlebot3_gazebo.dsv
[35.310s] -- Up-to-date symlink: /root/SESASR-LAB/install/turtlebot3_gazebo/share/ament_index/resource_index/package_run_dependencies/turtlebot3_gazebo
[35.310s] -- Up-to-date symlink: /root/SESASR-LAB/install/turtlebot3_gazebo/share/ament_index/resource_index/parent_prefix_path/turtlebot3_gazebo
[35.310s] -- Up-to-date symlink: /root/SESASR-LAB/install/turtlebot3_gazebo/share/turtlebot3_gazebo/environment/ament_prefix_path.sh
[35.311s] -- Up-to-date symlink: /root/SESASR-LAB/install/turtlebot3_gazebo/share/turtlebot3_gazebo/environment/ament_prefix_path.dsv
[35.311s] -- Up-to-date symlink: /root/SESASR-LAB/install/turtlebot3_gazebo/share/turtlebot3_gazebo/environment/path.sh
[35.311s] -- Up-to-date symlink: /root/SESASR-LAB/install/turtlebot3_gazebo/share/turtlebot3_gazebo/environment/path.dsv
[35.311s] -- Up-to-date symlink: /root/SESASR-LAB/install/turtlebot3_gazebo/share/turtlebot3_gazebo/local_setup.bash
[35.311s] -- Up-to-date symlink: /root/SESASR-LAB/install/turtlebot3_gazebo/share/turtlebot3_gazebo/local_setup.sh
[35.311s] -- Up-to-date symlink: /root/SESASR-LAB/install/turtlebot3_gazebo/share/turtlebot3_gazebo/local_setup.zsh
[35.312s] -- Up-to-date symlink: /root/SESASR-LAB/install/turtlebot3_gazebo/share/turtlebot3_gazebo/local_setup.dsv
[35.312s] -- Symlinking: /root/SESASR-LAB/install/turtlebot3_gazebo/share/turtlebot3_gazebo/package.dsv
[35.324s] -- Up-to-date symlink: /root/SESASR-LAB/install/turtlebot3_gazebo/share/ament_index/resource_index/packages/turtlebot3_gazebo
[35.325s] -- Up-to-date symlink: /root/SESASR-LAB/install/turtlebot3_gazebo/share/turtlebot3_gazebo/cmake/ament_cmake_export_include_directories-extras.cmake
[35.325s] -- Up-to-date symlink: /root/SESASR-LAB/install/turtlebot3_gazebo/share/turtlebot3_gazebo/cmake/ament_cmake_export_dependencies-extras.cmake
[35.325s] -- Up-to-date symlink: /root/SESASR-LAB/install/turtlebot3_gazebo/share/turtlebot3_gazebo/cmake/turtlebot3_gazeboConfig.cmake
[35.325s] -- Up-to-date symlink: /root/SESASR-LAB/install/turtlebot3_gazebo/share/turtlebot3_gazebo/cmake/turtlebot3_gazeboConfig-version.cmake
[35.326s] -- Up-to-date symlink: /root/SESASR-LAB/install/turtlebot3_gazebo/share/turtlebot3_gazebo/package.xml
[35.328s] Invoked command in '/root/SESASR-LAB/build/turtlebot3_gazebo' returned '0': CMAKE_PREFIX_PATH=${CMAKE_PREFIX_PATH}:/root/SESASR-LAB/install/py_pubsub:/root/SESASR-LAB/install/lab01_pkg:/opt/ros/humble /usr/bin/cmake --install /root/SESASR-LAB/build/turtlebot3_gazebo
