[2.149s] Invoking command in '/root/SESASR-LAB/build/py_pubsub': PYTHONPATH=/root/SESASR-LAB/build/py_pubsub/prefix_override:/usr/lib/python3/dist-packages/colcon_core/task/python/colcon_distutils_commands:/root/SESASR-LAB/install/py_pubsub/lib/python3.10/site-packages:${PYTHONPATH} /usr/bin/python3 -W ignore:setup.py install is deprecated -W ignore:easy_install command is deprecated setup.py develop --editable --build-directory /root/SESASR-LAB/build/py_pubsub/build --no-deps symlink_data
[2.516s] running develop
[2.750s] running egg_info
[2.750s] creating py_pubsub.egg-info
[2.751s] writing py_pubsub.egg-info/PKG-INFO
[2.752s] writing dependency_links to py_pubsub.egg-info/dependency_links.txt
[2.752s] writing entry points to py_pubsub.egg-info/entry_points.txt
[2.752s] writing requirements to py_pubsub.egg-info/requires.txt
[2.752s] writing top-level names to py_pubsub.egg-info/top_level.txt
[2.753s] writing manifest file 'py_pubsub.egg-info/SOURCES.txt'
[2.754s] reading manifest file 'py_pubsub.egg-info/SOURCES.txt'
[2.755s] writing manifest file 'py_pubsub.egg-info/SOURCES.txt'
[2.756s] running build_ext
[2.757s] Creating /root/SESASR-LAB/install/py_pubsub/lib/python3.10/site-packages/py-pubsub.egg-link (link to .)
[2.757s] Installing listener script to /root/SESASR-LAB/install/py_pubsub/lib/py_pubsub
[2.758s] Installing talker script to /root/SESASR-LAB/install/py_pubsub/lib/py_pubsub
[2.759s] 
[2.759s] Installed /root/SESASR-LAB/build/py_pubsub
[2.759s] running symlink_data
[2.759s] creating /root/SESASR-LAB/install/py_pubsub/share/ament_index
[2.760s] creating /root/SESASR-LAB/install/py_pubsub/share/ament_index/resource_index
[2.760s] creating /root/SESASR-LAB/install/py_pubsub/share/ament_index/resource_index/packages
[2.761s] symbolically linking /root/SESASR-LAB/build/py_pubsub/resource/py_pubsub -> /root/SESASR-LAB/install/py_pubsub/share/ament_index/resource_index/packages
[2.761s] symbolically linking /root/SESASR-LAB/build/py_pubsub/package.xml -> /root/SESASR-LAB/install/py_pubsub/share/py_pubsub
[2.812s] Invoked command in '/root/SESASR-LAB/build/py_pubsub' returned '0': PYTHONPATH=/root/SESASR-LAB/build/py_pubsub/prefix_override:/usr/lib/python3/dist-packages/colcon_core/task/python/colcon_distutils_commands:/root/SESASR-LAB/install/py_pubsub/lib/python3.10/site-packages:${PYTHONPATH} /usr/bin/python3 -W ignore:setup.py install is deprecated -W ignore:easy_install command is deprecated setup.py develop --editable --build-directory /root/SESASR-LAB/build/py_pubsub/build --no-deps symlink_data
