[1.461s] Invoking command in '/root/SESASR-LAB/build/lab01_pkg': PYTHONPATH=/root/SESASR-LAB/build/lab01_pkg/prefix_override:/usr/lib/python3/dist-packages/colcon_core/task/python/colcon_distutils_commands:/root/SESASR-LAB/install/lab01_pkg/lib/python3.10/site-packages:${PYTHONPATH} /usr/bin/python3 -W ignore:setup.py install is deprecated -W ignore:easy_install command is deprecated setup.py develop --editable --build-directory /root/SESASR-LAB/build/lab01_pkg/build --no-deps symlink_data
[1.776s] running develop
[2.014s] running egg_info
[2.015s] writing lab01_pkg.egg-info/PKG-INFO
[2.015s] writing dependency_links to lab01_pkg.egg-info/dependency_links.txt
[2.015s] writing entry points to lab01_pkg.egg-info/entry_points.txt
[2.016s] writing requirements to lab01_pkg.egg-info/requires.txt
[2.016s] writing top-level names to lab01_pkg.egg-info/top_level.txt
[2.020s] reading manifest file 'lab01_pkg.egg-info/SOURCES.txt'
[2.022s] writing manifest file 'lab01_pkg.egg-info/SOURCES.txt'
[2.024s] running build_ext
[2.024s] Creating /root/SESASR-LAB/install/lab01_pkg/lib/python3.10/site-packages/lab01-pkg.egg-link (link to .)
[2.026s] Installing controller script to /root/SESASR-LAB/install/lab01_pkg/lib/lab01_pkg
[2.026s] Installing controller_reset script to /root/SESASR-LAB/install/lab01_pkg/lib/lab01_pkg
[2.027s] Installing localization script to /root/SESASR-LAB/install/lab01_pkg/lib/lab01_pkg
[2.027s] Installing localization_reset script to /root/SESASR-LAB/install/lab01_pkg/lib/lab01_pkg
[2.027s] Installing reset_node script to /root/SESASR-LAB/install/lab01_pkg/lib/lab01_pkg
[2.028s] 
[2.028s] Installed /root/SESASR-LAB/build/lab01_pkg
[2.028s] running symlink_data
[2.111s] Invoked command in '/root/SESASR-LAB/build/lab01_pkg' returned '0': PYTHONPATH=/root/SESASR-LAB/build/lab01_pkg/prefix_override:/usr/lib/python3/dist-packages/colcon_core/task/python/colcon_distutils_commands:/root/SESASR-LAB/install/lab01_pkg/lib/python3.10/site-packages:${PYTHONPATH} /usr/bin/python3 -W ignore:setup.py install is deprecated -W ignore:easy_install command is deprecated setup.py develop --editable --build-directory /root/SESASR-LAB/build/lab01_pkg/build --no-deps symlink_data
