[0.080s] Invoking command in '/home/l0dz/SESASR-LAB/build/turtlebot3_fake_node': CMAKE_PREFIX_PATH=${CMAKE_PREFIX_PATH}:/home/l0dz/SESASR-LAB/install/lab02_pkg:/home/l0dz/SESASR-LAB/install/lab01_pkg:/opt/ros/humble /usr/bin/cmake --build /home/l0dz/SESASR-LAB/build/turtlebot3_fake_node -- -j16 -l16
[0.991s] [35m[1mConsolidate compiler generated dependencies of target turtlebot3_fake_node[0m
[0.993s] [100%] Built target turtlebot3_fake_node
[1.005s] Invoked command in '/home/l0dz/SESASR-LAB/build/turtlebot3_fake_node' returned '0': CMAKE_PREFIX_PATH=${CMAKE_PREFIX_PATH}:/home/l0dz/SESASR-LAB/install/lab02_pkg:/home/l0dz/SESASR-LAB/install/lab01_pkg:/opt/ros/humble /usr/bin/cmake --build /home/l0dz/SESASR-LAB/build/turtlebot3_fake_node -- -j16 -l16
[1.026s] Invoking command in '/home/l0dz/SESASR-LAB/build/turtlebot3_fake_node': CMAKE_PREFIX_PATH=${CMAKE_PREFIX_PATH}:/home/l0dz/SESASR-LAB/install/lab02_pkg:/home/l0dz/SESASR-LAB/install/lab01_pkg:/opt/ros/humble /usr/bin/cmake --install /home/l0dz/SESASR-LAB/build/turtlebot3_fake_node
[1.046s] -- Install configuration: ""
[1.047s] -- Execute custom install script
[1.048s] -- Up-to-date symlink: /home/l0dz/SESASR-LAB/install/turtlebot3_fake_node/lib/turtlebot3_fake_node/turtlebot3_fake_node
[1.050s] -- Up-to-date symlink: /home/l0dz/SESASR-LAB/install/turtlebot3_fake_node/share/turtlebot3_fake_node/launch/rviz2.launch.py
[1.051s] -- Up-to-date symlink: /home/l0dz/SESASR-LAB/install/turtlebot3_fake_node/share/turtlebot3_fake_node/launch/turtlebot3_fake_node.launch.py
[1.051s] -- Up-to-date symlink: /home/l0dz/SESASR-LAB/install/turtlebot3_fake_node/share/turtlebot3_fake_node/param/burger.yaml
[1.052s] -- Up-to-date symlink: /home/l0dz/SESASR-LAB/install/turtlebot3_fake_node/share/turtlebot3_fake_node/param/waffle.yaml
[1.052s] -- Up-to-date symlink: /home/l0dz/SESASR-LAB/install/turtlebot3_fake_node/share/turtlebot3_fake_node/param/waffle_pi.yaml
[1.053s] -- Up-to-date symlink: /home/l0dz/SESASR-LAB/install/turtlebot3_fake_node/include//turtlebot3_fake_node/turtlebot3_fake_node.hpp
[1.053s] -- Up-to-date symlink: /home/l0dz/SESASR-LAB/install/turtlebot3_fake_node/share/ament_index/resource_index/package_run_dependencies/turtlebot3_fake_node
[1.054s] -- Up-to-date symlink: /home/l0dz/SESASR-LAB/install/turtlebot3_fake_node/share/ament_index/resource_index/parent_prefix_path/turtlebot3_fake_node
[1.054s] -- Up-to-date symlink: /home/l0dz/SESASR-LAB/install/turtlebot3_fake_node/share/turtlebot3_fake_node/environment/ament_prefix_path.sh
[1.055s] -- Up-to-date symlink: /home/l0dz/SESASR-LAB/install/turtlebot3_fake_node/share/turtlebot3_fake_node/environment/ament_prefix_path.dsv
[1.055s] -- Up-to-date symlink: /home/l0dz/SESASR-LAB/install/turtlebot3_fake_node/share/turtlebot3_fake_node/environment/path.sh
[1.055s] -- Up-to-date symlink: /home/l0dz/SESASR-LAB/install/turtlebot3_fake_node/share/turtlebot3_fake_node/environment/path.dsv
[1.056s] -- Up-to-date symlink: /home/l0dz/SESASR-LAB/install/turtlebot3_fake_node/share/turtlebot3_fake_node/local_setup.bash
[1.056s] -- Up-to-date symlink: /home/l0dz/SESASR-LAB/install/turtlebot3_fake_node/share/turtlebot3_fake_node/local_setup.sh
[1.056s] -- Up-to-date symlink: /home/l0dz/SESASR-LAB/install/turtlebot3_fake_node/share/turtlebot3_fake_node/local_setup.zsh
[1.057s] -- Up-to-date symlink: /home/l0dz/SESASR-LAB/install/turtlebot3_fake_node/share/turtlebot3_fake_node/local_setup.dsv
[1.057s] -- Symlinking: /home/l0dz/SESASR-LAB/install/turtlebot3_fake_node/share/turtlebot3_fake_node/package.dsv
[1.079s] -- Up-to-date symlink: /home/l0dz/SESASR-LAB/install/turtlebot3_fake_node/share/ament_index/resource_index/packages/turtlebot3_fake_node
[1.081s] -- Up-to-date symlink: /home/l0dz/SESASR-LAB/install/turtlebot3_fake_node/share/turtlebot3_fake_node/cmake/ament_cmake_export_include_directories-extras.cmake
[1.081s] -- Up-to-date symlink: /home/l0dz/SESASR-LAB/install/turtlebot3_fake_node/share/turtlebot3_fake_node/cmake/ament_cmake_export_dependencies-extras.cmake
[1.081s] -- Up-to-date symlink: /home/l0dz/SESASR-LAB/install/turtlebot3_fake_node/share/turtlebot3_fake_node/cmake/turtlebot3_fake_nodeConfig.cmake
[1.082s] -- Up-to-date symlink: /home/l0dz/SESASR-LAB/install/turtlebot3_fake_node/share/turtlebot3_fake_node/cmake/turtlebot3_fake_nodeConfig-version.cmake
[1.083s] -- Up-to-date symlink: /home/l0dz/SESASR-LAB/install/turtlebot3_fake_node/share/turtlebot3_fake_node/package.xml
[1.089s] Invoked command in '/home/l0dz/SESASR-LAB/build/turtlebot3_fake_node' returned '0': CMAKE_PREFIX_PATH=${CMAKE_PREFIX_PATH}:/home/l0dz/SESASR-LAB/install/lab02_pkg:/home/l0dz/SESASR-LAB/install/lab01_pkg:/opt/ros/humble /usr/bin/cmake --install /home/l0dz/SESASR-LAB/build/turtlebot3_fake_node
