running develop
running egg_info
creating lab02_pkg.egg-info
writing lab02_pkg.egg-info/PKG-INFO
writing dependency_links to lab02_pkg.egg-info/dependency_links.txt
writing entry points to lab02_pkg.egg-info/entry_points.txt
writing requirements to lab02_pkg.egg-info/requires.txt
writing top-level names to lab02_pkg.egg-info/top_level.txt
writing manifest file 'lab02_pkg.egg-info/SOURCES.txt'
reading manifest file 'lab02_pkg.egg-info/SOURCES.txt'
writing manifest file 'lab02_pkg.egg-info/SOURCES.txt'
running build_ext
Creating /home/l0dz/SESASR-LAB/install/lab02_pkg/lib/python3.10/site-packages/lab02-pkg.egg-link (link to .)

Installed /home/l0dz/SESASR-LAB/build/lab02_pkg
running symlink_data
creating /home/l0dz/SESASR-LAB/install/lab02_pkg/share/ament_index
creating /home/l0dz/SESASR-LAB/install/lab02_pkg/share/ament_index/resource_index
creating /home/l0dz/SESASR-LAB/install/lab02_pkg/share/ament_index/resource_index/packages
symbolically linking /home/l0dz/SESASR-LAB/build/lab02_pkg/resource/lab02_pkg -> /home/l0dz/SESASR-LAB/install/lab02_pkg/share/ament_index/resource_index/packages
symbolically linking /home/l0dz/SESASR-LAB/build/lab02_pkg/package.xml -> /home/l0dz/SESASR-LAB/install/lab02_pkg/share/lab02_pkg
