[1.587s] Invoking command in '/home/l0dz/SESASR-LAB/build/lab02_pkg': PYTHONPATH=/home/l0dz/SESASR-LAB/build/lab02_pkg/prefix_override:/usr/lib/python3/dist-packages/colcon_core/task/python/colcon_distutils_commands:/home/l0dz/SESASR-LAB/install/lab02_pkg/lib/python3.10/site-packages:${PYTHONPATH} /usr/bin/python3 -W ignore:setup.py install is deprecated -W ignore:easy_install command is deprecated setup.py develop --editable --build-directory /home/l0dz/SESASR-LAB/build/lab02_pkg/build --no-deps symlink_data
[1.898s] running develop
[2.080s] running egg_info
[2.080s] creating lab02_pkg.egg-info
[2.081s] writing lab02_pkg.egg-info/PKG-INFO
[2.082s] writing dependency_links to lab02_pkg.egg-info/dependency_links.txt
[2.082s] writing entry points to lab02_pkg.egg-info/entry_points.txt
[2.082s] writing requirements to lab02_pkg.egg-info/requires.txt
[2.083s] writing top-level names to lab02_pkg.egg-info/top_level.txt
[2.083s] writing manifest file 'lab02_pkg.egg-info/SOURCES.txt'
[2.085s] reading manifest file 'lab02_pkg.egg-info/SOURCES.txt'
[2.086s] writing manifest file 'lab02_pkg.egg-info/SOURCES.txt'
[2.089s] running build_ext
[2.089s] Creating /home/l0dz/SESASR-LAB/install/lab02_pkg/lib/python3.10/site-packages/lab02-pkg.egg-link (link to .)
[2.090s] 
[2.091s] Installed /home/l0dz/SESASR-LAB/build/lab02_pkg
[2.091s] running symlink_data
[2.091s] creating /home/l0dz/SESASR-LAB/install/lab02_pkg/share/ament_index
[2.092s] creating /home/l0dz/SESASR-LAB/install/lab02_pkg/share/ament_index/resource_index
[2.092s] creating /home/l0dz/SESASR-LAB/install/lab02_pkg/share/ament_index/resource_index/packages
[2.094s] symbolically linking /home/l0dz/SESASR-LAB/build/lab02_pkg/resource/lab02_pkg -> /home/l0dz/SESASR-LAB/install/lab02_pkg/share/ament_index/resource_index/packages
[2.094s] symbolically linking /home/l0dz/SESASR-LAB/build/lab02_pkg/package.xml -> /home/l0dz/SESASR-LAB/install/lab02_pkg/share/lab02_pkg
[2.165s] Invoked command in '/home/l0dz/SESASR-LAB/build/lab02_pkg' returned '0': PYTHONPATH=/home/l0dz/SESASR-LAB/build/lab02_pkg/prefix_override:/usr/lib/python3/dist-packages/colcon_core/task/python/colcon_distutils_commands:/home/l0dz/SESASR-LAB/install/lab02_pkg/lib/python3.10/site-packages:${PYTHONPATH} /usr/bin/python3 -W ignore:setup.py install is deprecated -W ignore:easy_install command is deprecated setup.py develop --editable --build-directory /home/l0dz/SESASR-LAB/build/lab02_pkg/build --no-deps symlink_data
