[0.074s] Invoking command in '/home/l0dz/SESASR-LAB/build/turtlebot3_fake_node': CMAKE_PREFIX_PATH=/opt/ros/humble /usr/bin/cmake /home/l0dz/SESASR-LAB/src/turtlebot3_simulations/turtlebot3_fake_node -DAMENT_CMAKE_SYMLINK_INSTALL=1 -DCMAKE_INSTALL_PREFIX=/home/l0dz/SESASR-LAB/install/turtlebot3_fake_node
[0.874s] -- The C compiler identification is GNU 11.4.0
[3.122s] -- The CXX compiler identification is GNU 11.4.0
[4.682s] -- Detecting C compiler ABI info
[5.221s] -- Detecting C compiler ABI info - done
[5.235s] -- Check for working C compiler: /usr/bin/cc - skipped
[5.241s] -- Detecting C compile features
[5.243s] -- Detecting C compile features - done
[5.252s] -- Detecting CXX compiler ABI info
[5.819s] -- Detecting CXX compiler ABI info - done
[5.834s] -- Check for working CXX compiler: /usr/bin/c++ - skipped
[5.835s] -- Detecting CXX compile features
[5.836s] -- Detecting CXX compile features - done
[5.881s] -- Found ament_cmake: 1.3.12 (/opt/ros/humble/share/ament_cmake/cmake)
[6.215s] -- Found Python3: /usr/bin/python3 (found version "3.10.12") found components: Interpreter 
[6.381s] -- Override CMake install command with custom implementation using symlinks instead of copying resources
[6.479s] -- Found geometry_msgs: 4.9.0 (/opt/ros/humble/share/geometry_msgs/cmake)
[7.195s] -- Found rosidl_generator_c: 3.1.7 (/opt/ros/humble/share/rosidl_generator_c/cmake)
[7.213s] -- Found rosidl_adapter: 3.1.7 (/opt/ros/humble/share/rosidl_adapter/cmake)
[7.242s] -- Found rosidl_generator_cpp: 3.1.7 (/opt/ros/humble/share/rosidl_generator_cpp/cmake)
[7.291s] -- Using all available rosidl_typesupport_c: rosidl_typesupport_fastrtps_c;rosidl_typesupport_introspection_c
[7.345s] -- Using all available rosidl_typesupport_cpp: rosidl_typesupport_fastrtps_cpp;rosidl_typesupport_introspection_cpp
[7.473s] -- Found nav_msgs: 4.9.0 (/opt/ros/humble/share/nav_msgs/cmake)
[7.533s] -- Found rclcpp: 16.0.15 (/opt/ros/humble/share/rclcpp/cmake)
[7.675s] -- Found rmw_implementation_cmake: 6.1.2 (/opt/ros/humble/share/rmw_implementation_cmake/cmake)
[7.685s] -- Found rmw_fastrtps_cpp: 6.2.8 (/opt/ros/humble/share/rmw_fastrtps_cpp/cmake)
[13.676s] -- Found OpenSSL: /usr/lib/x86_64-linux-gnu/libcrypto.so (found version "3.0.2")  
[19.944s] -- Found FastRTPS: /opt/ros/humble/include  
[31.640s] -- Using RMW implementation 'rmw_fastrtps_cpp' as default
[31.672s] -- Looking for pthread.h
[32.188s] -- Looking for pthread.h - found
[32.189s] -- Performing Test CMAKE_HAVE_LIBC_PTHREAD
[32.713s] -- Performing Test CMAKE_HAVE_LIBC_PTHREAD - Success
[32.716s] -- Found Threads: TRUE  
[32.854s] -- Found sensor_msgs: 4.9.0 (/opt/ros/humble/share/sensor_msgs/cmake)
[32.928s] -- Found tf2: 0.25.16 (/opt/ros/humble/share/tf2/cmake)
[32.961s] -- Found tf2_msgs: 0.25.16 (/opt/ros/humble/share/tf2_msgs/cmake)
[38.962s] [31mCMake Error at CMakeLists.txt:25 (find_package):
[38.963s]   By not providing "Findturtlebot3_msgs.cmake" in CMAKE_MODULE_PATH this
[38.963s]   project has asked CMake to find a package configuration file provided by
[38.963s]   "turtlebot3_msgs", but CMake did not find one.
[38.963s] 
[38.963s]   Could not find a package configuration file provided by "turtlebot3_msgs"
[38.964s]   with any of the following names:
[38.964s] 
[38.964s]     turtlebot3_msgsConfig.cmake
[38.965s]     turtlebot3_msgs-config.cmake
[38.965s] 
[38.965s]   Add the installation prefix of "turtlebot3_msgs" to CMAKE_PREFIX_PATH or
[38.965s]   set "turtlebot3_msgs_DIR" to a directory containing one of the above files.
[38.966s]   If "turtlebot3_msgs" provides a separate development package or SDK, be
[38.966s]   sure it has been installed.
[38.966s] 
[38.966s] [0m
[38.967s] -- Configuring incomplete, errors occurred!
[38.967s] See also "/home/l0dz/SESASR-LAB/build/turtlebot3_fake_node/CMakeFiles/CMakeOutput.log".
[38.996s] Invoked command in '/home/l0dz/SESASR-LAB/build/turtlebot3_fake_node' returned '1': CMAKE_PREFIX_PATH=/opt/ros/humble /usr/bin/cmake /home/l0dz/SESASR-LAB/src/turtlebot3_simulations/turtlebot3_fake_node -DAMENT_CMAKE_SYMLINK_INSTALL=1 -DCMAKE_INSTALL_PREFIX=/home/l0dz/SESASR-LAB/install/turtlebot3_fake_node
