[0.267s] DEBUG:colcon:Command line arguments: ['/usr/bin/colcon', 'build', '--symlink-install']
[0.267s] DEBUG:colcon:Parsed command line arguments: Namespace(log_base=None, log_level=None, verb_name='build', build_base='build', install_base='install', merge_install=False, symlink_install=True, test_result_base=None, continue_on_error=False, executor='parallel', parallel_workers=12, event_handlers=None, ignore_user_meta=False, metas=['./colcon.meta'], base_paths=['.'], packages_ignore=None, packages_ignore_regex=None, paths=None, packages_up_to=None, packages_up_to_regex=None, packages_above=None, packages_above_and_dependencies=None, packages_above_depth=None, packages_select_by_dep=None, packages_skip_by_dep=None, packages_skip_up_to=None, packages_select_build_failed=False, packages_skip_build_finished=False, packages_select_test_failures=False, packages_skip_test_passed=False, packages_select=None, packages_skip=None, packages_select_regex=None, packages_skip_regex=None, packages_start=None, packages_end=None, allow_overriding=[], cmake_args=None, cmake_target=None, cmake_target_skip_unavailable=False, cmake_clean_cache=False, cmake_clean_first=False, cmake_force_configure=False, ament_cmake_args=None, catkin_cmake_args=None, catkin_skip_building_tests=False, mixin_files=None, mixin=None, verb_parser=<colcon_mixin.mixin.mixin_argument.MixinArgumentDecorator object at 0x7ea6e5f124a0>, verb_extension=<colcon_core.verb.build.BuildVerb object at 0x7ea6e605f430>, main=<bound method BuildVerb.main of <colcon_core.verb.build.BuildVerb object at 0x7ea6e605f430>>, mixin_verb=('build',))
[0.917s] Level 1:colcon.colcon_core.package_discovery:discover_packages(colcon_meta) check parameters
[0.917s] Level 1:colcon.colcon_core.package_discovery:discover_packages(recursive) check parameters
[0.917s] Level 1:colcon.colcon_core.package_discovery:discover_packages(ignore) check parameters
[0.917s] Level 1:colcon.colcon_core.package_discovery:discover_packages(path) check parameters
[0.917s] Level 1:colcon.colcon_core.package_discovery:discover_packages(colcon_meta) discover
[0.917s] Level 1:colcon.colcon_core.package_discovery:discover_packages(recursive) discover
[0.918s] INFO:colcon.colcon_core.package_discovery:Crawling recursively for packages in '/root/SESASR-LAB'
[0.918s] Level 1:colcon.colcon_core.package_identification:_identify(.) by extensions ['ignore', 'ignore_ament_install']
[0.918s] Level 1:colcon.colcon_core.package_identification:_identify(.) by extension 'ignore'
[0.918s] Level 1:colcon.colcon_core.package_identification:_identify(.) by extension 'ignore_ament_install'
[0.918s] Level 1:colcon.colcon_core.package_identification:_identify(.) by extensions ['colcon_pkg']
[0.918s] Level 1:colcon.colcon_core.package_identification:_identify(.) by extension 'colcon_pkg'
[0.919s] Level 1:colcon.colcon_core.package_identification:_identify(.) by extensions ['colcon_meta']
[0.919s] Level 1:colcon.colcon_core.package_identification:_identify(.) by extension 'colcon_meta'
[0.919s] Level 1:colcon.colcon_core.package_identification:_identify(.) by extensions ['ros']
[0.919s] Level 1:colcon.colcon_core.package_identification:_identify(.) by extension 'ros'
[0.947s] Level 1:colcon.colcon_core.package_identification:_identify(.) by extensions ['cmake', 'python']
[0.947s] Level 1:colcon.colcon_core.package_identification:_identify(.) by extension 'cmake'
[0.947s] Level 1:colcon.colcon_core.package_identification:_identify(.) by extension 'python'
[0.947s] Level 1:colcon.colcon_core.package_identification:_identify(.) by extensions ['python_setup_py']
[0.948s] Level 1:colcon.colcon_core.package_identification:_identify(.) by extension 'python_setup_py'
[0.949s] Level 1:colcon.colcon_core.package_identification:_identify(build) by extensions ['ignore', 'ignore_ament_install']
[0.949s] Level 1:colcon.colcon_core.package_identification:_identify(build) by extension 'ignore'
[0.949s] Level 1:colcon.colcon_core.package_identification:_identify(build) ignored
[0.950s] Level 1:colcon.colcon_core.package_identification:_identify(install) by extensions ['ignore', 'ignore_ament_install']
[0.950s] Level 1:colcon.colcon_core.package_identification:_identify(install) by extension 'ignore'
[0.950s] Level 1:colcon.colcon_core.package_identification:_identify(install) ignored
[0.950s] Level 1:colcon.colcon_core.package_identification:_identify(log) by extensions ['ignore', 'ignore_ament_install']
[0.950s] Level 1:colcon.colcon_core.package_identification:_identify(log) by extension 'ignore'
[0.951s] Level 1:colcon.colcon_core.package_identification:_identify(log) ignored
[0.951s] Level 1:colcon.colcon_core.package_identification:_identify(py_pubsub) by extensions ['ignore', 'ignore_ament_install']
[0.951s] Level 1:colcon.colcon_core.package_identification:_identify(py_pubsub) by extension 'ignore'
[0.952s] Level 1:colcon.colcon_core.package_identification:_identify(py_pubsub) by extension 'ignore_ament_install'
[0.952s] Level 1:colcon.colcon_core.package_identification:_identify(py_pubsub) by extensions ['colcon_pkg']
[0.952s] Level 1:colcon.colcon_core.package_identification:_identify(py_pubsub) by extension 'colcon_pkg'
[0.952s] Level 1:colcon.colcon_core.package_identification:_identify(py_pubsub) by extensions ['colcon_meta']
[0.952s] Level 1:colcon.colcon_core.package_identification:_identify(py_pubsub) by extension 'colcon_meta'
[0.952s] Level 1:colcon.colcon_core.package_identification:_identify(py_pubsub) by extensions ['ros']
[0.952s] Level 1:colcon.colcon_core.package_identification:_identify(py_pubsub) by extension 'ros'
[0.952s] Level 1:colcon.colcon_core.package_identification:_identify(py_pubsub) by extensions ['cmake', 'python']
[0.952s] Level 1:colcon.colcon_core.package_identification:_identify(py_pubsub) by extension 'cmake'
[0.952s] Level 1:colcon.colcon_core.package_identification:_identify(py_pubsub) by extension 'python'
[0.952s] Level 1:colcon.colcon_core.package_identification:_identify(py_pubsub) by extensions ['python_setup_py']
[0.952s] Level 1:colcon.colcon_core.package_identification:_identify(py_pubsub) by extension 'python_setup_py'
[0.952s] Level 1:colcon.colcon_core.package_identification:_identify(src) by extensions ['ignore', 'ignore_ament_install']
[0.953s] Level 1:colcon.colcon_core.package_identification:_identify(src) by extension 'ignore'
[0.953s] Level 1:colcon.colcon_core.package_identification:_identify(src) by extension 'ignore_ament_install'
[0.953s] Level 1:colcon.colcon_core.package_identification:_identify(src) by extensions ['colcon_pkg']
[0.953s] Level 1:colcon.colcon_core.package_identification:_identify(src) by extension 'colcon_pkg'
[0.953s] Level 1:colcon.colcon_core.package_identification:_identify(src) by extensions ['colcon_meta']
[0.953s] Level 1:colcon.colcon_core.package_identification:_identify(src) by extension 'colcon_meta'
[0.953s] Level 1:colcon.colcon_core.package_identification:_identify(src) by extensions ['ros']
[0.953s] Level 1:colcon.colcon_core.package_identification:_identify(src) by extension 'ros'
[0.953s] Level 1:colcon.colcon_core.package_identification:_identify(src) by extensions ['cmake', 'python']
[0.953s] Level 1:colcon.colcon_core.package_identification:_identify(src) by extension 'cmake'
[0.954s] Level 1:colcon.colcon_core.package_identification:_identify(src) by extension 'python'
[0.954s] Level 1:colcon.colcon_core.package_identification:_identify(src) by extensions ['python_setup_py']
[0.954s] Level 1:colcon.colcon_core.package_identification:_identify(src) by extension 'python_setup_py'
[0.954s] Level 1:colcon.colcon_core.package_identification:_identify(src/lab01_pkg) by extensions ['ignore', 'ignore_ament_install']
[0.954s] Level 1:colcon.colcon_core.package_identification:_identify(src/lab01_pkg) by extension 'ignore'
[0.954s] Level 1:colcon.colcon_core.package_identification:_identify(src/lab01_pkg) by extension 'ignore_ament_install'
[0.954s] Level 1:colcon.colcon_core.package_identification:_identify(src/lab01_pkg) by extensions ['colcon_pkg']
[0.954s] Level 1:colcon.colcon_core.package_identification:_identify(src/lab01_pkg) by extension 'colcon_pkg'
[0.954s] Level 1:colcon.colcon_core.package_identification:_identify(src/lab01_pkg) by extensions ['colcon_meta']
[0.954s] Level 1:colcon.colcon_core.package_identification:_identify(src/lab01_pkg) by extension 'colcon_meta'
[0.955s] Level 1:colcon.colcon_core.package_identification:_identify(src/lab01_pkg) by extensions ['ros']
[0.955s] Level 1:colcon.colcon_core.package_identification:_identify(src/lab01_pkg) by extension 'ros'
[0.961s] DEBUG:colcon.colcon_core.package_identification:Package 'src/lab01_pkg' with type 'ros.ament_python' and name 'lab01_pkg'
[0.961s] Level 1:colcon.colcon_core.package_identification:_identify(src/lab02_pkg) by extensions ['ignore', 'ignore_ament_install']
[0.961s] Level 1:colcon.colcon_core.package_identification:_identify(src/lab02_pkg) by extension 'ignore'
[0.962s] Level 1:colcon.colcon_core.package_identification:_identify(src/lab02_pkg) by extension 'ignore_ament_install'
[0.962s] Level 1:colcon.colcon_core.package_identification:_identify(src/lab02_pkg) by extensions ['colcon_pkg']
[0.962s] Level 1:colcon.colcon_core.package_identification:_identify(src/lab02_pkg) by extension 'colcon_pkg'
[0.962s] Level 1:colcon.colcon_core.package_identification:_identify(src/lab02_pkg) by extensions ['colcon_meta']
[0.962s] Level 1:colcon.colcon_core.package_identification:_identify(src/lab02_pkg) by extension 'colcon_meta'
[0.962s] Level 1:colcon.colcon_core.package_identification:_identify(src/lab02_pkg) by extensions ['ros']
[0.962s] Level 1:colcon.colcon_core.package_identification:_identify(src/lab02_pkg) by extension 'ros'
[0.964s] DEBUG:colcon.colcon_core.package_identification:Failed to parse potential ROS package manifest in'src/lab02_pkg': Error(s) in package 'src/lab02_pkg/package.xml':
The manifest contains invalid XML:
junk after document element: line 20, column 0
[0.964s] Level 1:colcon.colcon_core.package_identification:_identify(src/lab02_pkg) by extensions ['cmake', 'python']
[0.964s] Level 1:colcon.colcon_core.package_identification:_identify(src/lab02_pkg) by extension 'cmake'
[0.964s] Level 1:colcon.colcon_core.package_identification:_identify(src/lab02_pkg) by extension 'python'
[0.965s] DEBUG:colcon.colcon_core.package_identification:Python package in 'src/lab02_pkg' passes arguments to the setup() function which requires a different identification extension than 'python'
[0.965s] Level 1:colcon.colcon_core.package_identification:_identify(src/lab02_pkg) by extensions ['python_setup_py']
[0.965s] Level 1:colcon.colcon_core.package_identification:_identify(src/lab02_pkg) by extension 'python_setup_py'
[1.432s] DEBUG:colcon.colcon_core.package_identification:Package 'src/lab02_pkg' with type 'python' and name 'lab02_pkg'
[1.464s] Level 1:colcon.colcon_core.package_identification:_identify(src/py_pubsub) by extensions ['ignore', 'ignore_ament_install']
[1.464s] Level 1:colcon.colcon_core.package_identification:_identify(src/py_pubsub) by extension 'ignore'
[1.465s] Level 1:colcon.colcon_core.package_identification:_identify(src/py_pubsub) by extension 'ignore_ament_install'
[1.465s] Level 1:colcon.colcon_core.package_identification:_identify(src/py_pubsub) by extensions ['colcon_pkg']
[1.465s] Level 1:colcon.colcon_core.package_identification:_identify(src/py_pubsub) by extension 'colcon_pkg'
[1.465s] Level 1:colcon.colcon_core.package_identification:_identify(src/py_pubsub) by extensions ['colcon_meta']
[1.465s] Level 1:colcon.colcon_core.package_identification:_identify(src/py_pubsub) by extension 'colcon_meta'
[1.465s] Level 1:colcon.colcon_core.package_identification:_identify(src/py_pubsub) by extensions ['ros']
[1.465s] Level 1:colcon.colcon_core.package_identification:_identify(src/py_pubsub) by extension 'ros'
[1.468s] DEBUG:colcon.colcon_core.package_identification:Package 'src/py_pubsub' with type 'ros.ament_python' and name 'py_pubsub'
[1.469s] Level 1:colcon.colcon_core.package_identification:_identify(src/turtlebot3_simulations) by extensions ['ignore', 'ignore_ament_install']
[1.470s] Level 1:colcon.colcon_core.package_identification:_identify(src/turtlebot3_simulations) by extension 'ignore'
[1.470s] Level 1:colcon.colcon_core.package_identification:_identify(src/turtlebot3_simulations) by extension 'ignore_ament_install'
[1.470s] Level 1:colcon.colcon_core.package_identification:_identify(src/turtlebot3_simulations) by extensions ['colcon_pkg']
[1.470s] Level 1:colcon.colcon_core.package_identification:_identify(src/turtlebot3_simulations) by extension 'colcon_pkg'
[1.470s] Level 1:colcon.colcon_core.package_identification:_identify(src/turtlebot3_simulations) by extensions ['colcon_meta']
[1.470s] Level 1:colcon.colcon_core.package_identification:_identify(src/turtlebot3_simulations) by extension 'colcon_meta'
[1.470s] Level 1:colcon.colcon_core.package_identification:_identify(src/turtlebot3_simulations) by extensions ['ros']
[1.470s] Level 1:colcon.colcon_core.package_identification:_identify(src/turtlebot3_simulations) by extension 'ros'
[1.470s] Level 1:colcon.colcon_core.package_identification:_identify(src/turtlebot3_simulations) by extensions ['cmake', 'python']
[1.470s] Level 1:colcon.colcon_core.package_identification:_identify(src/turtlebot3_simulations) by extension 'cmake'
[1.470s] Level 1:colcon.colcon_core.package_identification:_identify(src/turtlebot3_simulations) by extension 'python'
[1.470s] Level 1:colcon.colcon_core.package_identification:_identify(src/turtlebot3_simulations) by extensions ['python_setup_py']
[1.471s] Level 1:colcon.colcon_core.package_identification:_identify(src/turtlebot3_simulations) by extension 'python_setup_py'
[1.472s] Level 1:colcon.colcon_core.package_identification:_identify(src/turtlebot3_simulations/turtlebot3_fake_node) by extensions ['ignore', 'ignore_ament_install']
[1.472s] Level 1:colcon.colcon_core.package_identification:_identify(src/turtlebot3_simulations/turtlebot3_fake_node) by extension 'ignore'
[1.472s] Level 1:colcon.colcon_core.package_identification:_identify(src/turtlebot3_simulations/turtlebot3_fake_node) by extension 'ignore_ament_install'
[1.472s] Level 1:colcon.colcon_core.package_identification:_identify(src/turtlebot3_simulations/turtlebot3_fake_node) by extensions ['colcon_pkg']
[1.472s] Level 1:colcon.colcon_core.package_identification:_identify(src/turtlebot3_simulations/turtlebot3_fake_node) by extension 'colcon_pkg'
[1.472s] Level 1:colcon.colcon_core.package_identification:_identify(src/turtlebot3_simulations/turtlebot3_fake_node) by extensions ['colcon_meta']
[1.472s] Level 1:colcon.colcon_core.package_identification:_identify(src/turtlebot3_simulations/turtlebot3_fake_node) by extension 'colcon_meta'
[1.472s] Level 1:colcon.colcon_core.package_identification:_identify(src/turtlebot3_simulations/turtlebot3_fake_node) by extensions ['ros']
[1.472s] Level 1:colcon.colcon_core.package_identification:_identify(src/turtlebot3_simulations/turtlebot3_fake_node) by extension 'ros'
[1.475s] DEBUG:colcon.colcon_core.package_identification:Package 'src/turtlebot3_simulations/turtlebot3_fake_node' with type 'ros.ament_cmake' and name 'turtlebot3_fake_node'
[1.476s] Level 1:colcon.colcon_core.package_identification:_identify(src/turtlebot3_simulations/turtlebot3_gazebo) by extensions ['ignore', 'ignore_ament_install']
[1.476s] Level 1:colcon.colcon_core.package_identification:_identify(src/turtlebot3_simulations/turtlebot3_gazebo) by extension 'ignore'
[1.476s] Level 1:colcon.colcon_core.package_identification:_identify(src/turtlebot3_simulations/turtlebot3_gazebo) by extension 'ignore_ament_install'
[1.476s] Level 1:colcon.colcon_core.package_identification:_identify(src/turtlebot3_simulations/turtlebot3_gazebo) by extensions ['colcon_pkg']
[1.476s] Level 1:colcon.colcon_core.package_identification:_identify(src/turtlebot3_simulations/turtlebot3_gazebo) by extension 'colcon_pkg'
[1.476s] Level 1:colcon.colcon_core.package_identification:_identify(src/turtlebot3_simulations/turtlebot3_gazebo) by extensions ['colcon_meta']
[1.476s] Level 1:colcon.colcon_core.package_identification:_identify(src/turtlebot3_simulations/turtlebot3_gazebo) by extension 'colcon_meta'
[1.477s] Level 1:colcon.colcon_core.package_identification:_identify(src/turtlebot3_simulations/turtlebot3_gazebo) by extensions ['ros']
[1.477s] Level 1:colcon.colcon_core.package_identification:_identify(src/turtlebot3_simulations/turtlebot3_gazebo) by extension 'ros'
[1.479s] DEBUG:colcon.colcon_core.package_identification:Package 'src/turtlebot3_simulations/turtlebot3_gazebo' with type 'ros.ament_cmake' and name 'turtlebot3_gazebo'
[1.480s] Level 1:colcon.colcon_core.package_identification:_identify(src/turtlebot3_simulations/turtlebot3_ignition) by extensions ['ignore', 'ignore_ament_install']
[1.480s] Level 1:colcon.colcon_core.package_identification:_identify(src/turtlebot3_simulations/turtlebot3_ignition) by extension 'ignore'
[1.480s] Level 1:colcon.colcon_core.package_identification:_identify(src/turtlebot3_simulations/turtlebot3_ignition) ignored
[1.481s] Level 1:colcon.colcon_core.package_identification:_identify(src/turtlebot3_simulations/turtlebot3_simulations) by extensions ['ignore', 'ignore_ament_install']
[1.481s] Level 1:colcon.colcon_core.package_identification:_identify(src/turtlebot3_simulations/turtlebot3_simulations) by extension 'ignore'
[1.481s] Level 1:colcon.colcon_core.package_identification:_identify(src/turtlebot3_simulations/turtlebot3_simulations) by extension 'ignore_ament_install'
[1.481s] Level 1:colcon.colcon_core.package_identification:_identify(src/turtlebot3_simulations/turtlebot3_simulations) by extensions ['colcon_pkg']
[1.481s] Level 1:colcon.colcon_core.package_identification:_identify(src/turtlebot3_simulations/turtlebot3_simulations) by extension 'colcon_pkg'
[1.481s] Level 1:colcon.colcon_core.package_identification:_identify(src/turtlebot3_simulations/turtlebot3_simulations) by extensions ['colcon_meta']
[1.481s] Level 1:colcon.colcon_core.package_identification:_identify(src/turtlebot3_simulations/turtlebot3_simulations) by extension 'colcon_meta'
[1.481s] Level 1:colcon.colcon_core.package_identification:_identify(src/turtlebot3_simulations/turtlebot3_simulations) by extensions ['ros']
[1.481s] Level 1:colcon.colcon_core.package_identification:_identify(src/turtlebot3_simulations/turtlebot3_simulations) by extension 'ros'
[1.483s] DEBUG:colcon.colcon_core.package_identification:Package 'src/turtlebot3_simulations/turtlebot3_simulations' with type 'ros.ament_cmake' and name 'turtlebot3_simulations'
[1.483s] Level 1:colcon.colcon_core.package_discovery:discover_packages(recursive) using defaults
[1.483s] Level 1:colcon.colcon_core.package_discovery:discover_packages(ignore) discover
[1.483s] Level 1:colcon.colcon_core.package_discovery:discover_packages(ignore) using defaults
[1.483s] Level 1:colcon.colcon_core.package_discovery:discover_packages(path) discover
[1.483s] Level 1:colcon.colcon_core.package_discovery:discover_packages(path) using defaults
[1.564s] Level 1:colcon.colcon_core.package_discovery:discover_packages(prefix_path) check parameters
[1.564s] Level 1:colcon.colcon_core.package_discovery:discover_packages(prefix_path) discover
[1.571s] DEBUG:colcon.colcon_installed_package_information.package_discovery:Found 4 installed packages in /root/SESASR-LAB/install
[1.574s] DEBUG:colcon.colcon_installed_package_information.package_discovery:Found 397 installed packages in /opt/ros/humble
[1.577s] Level 1:colcon.colcon_core.package_discovery:discover_packages(prefix_path) using defaults
[1.749s] Level 5:colcon.colcon_core.verb:set package 'lab01_pkg' build argument 'cmake_args' from command line to 'None'
[1.749s] Level 5:colcon.colcon_core.verb:set package 'lab01_pkg' build argument 'cmake_target' from command line to 'None'
[1.749s] Level 5:colcon.colcon_core.verb:set package 'lab01_pkg' build argument 'cmake_target_skip_unavailable' from command line to 'False'
[1.749s] Level 5:colcon.colcon_core.verb:set package 'lab01_pkg' build argument 'cmake_clean_cache' from command line to 'False'
[1.749s] Level 5:colcon.colcon_core.verb:set package 'lab01_pkg' build argument 'cmake_clean_first' from command line to 'False'
[1.749s] Level 5:colcon.colcon_core.verb:set package 'lab01_pkg' build argument 'cmake_force_configure' from command line to 'False'
[1.749s] Level 5:colcon.colcon_core.verb:set package 'lab01_pkg' build argument 'ament_cmake_args' from command line to 'None'
[1.749s] Level 5:colcon.colcon_core.verb:set package 'lab01_pkg' build argument 'catkin_cmake_args' from command line to 'None'
[1.749s] Level 5:colcon.colcon_core.verb:set package 'lab01_pkg' build argument 'catkin_skip_building_tests' from command line to 'False'
[1.749s] DEBUG:colcon.colcon_core.verb:Building package 'lab01_pkg' with the following arguments: {'ament_cmake_args': None, 'build_base': '/root/SESASR-LAB/build/lab01_pkg', 'catkin_cmake_args': None, 'catkin_skip_building_tests': False, 'cmake_args': None, 'cmake_clean_cache': False, 'cmake_clean_first': False, 'cmake_force_configure': False, 'cmake_target': None, 'cmake_target_skip_unavailable': False, 'install_base': '/root/SESASR-LAB/install/lab01_pkg', 'merge_install': False, 'path': '/root/SESASR-LAB/src/lab01_pkg', 'symlink_install': True, 'test_result_base': None}
[1.750s] Level 5:colcon.colcon_core.verb:set package 'lab02_pkg' build argument 'cmake_args' from command line to 'None'
[1.750s] Level 5:colcon.colcon_core.verb:set package 'lab02_pkg' build argument 'cmake_target' from command line to 'None'
[1.750s] Level 5:colcon.colcon_core.verb:set package 'lab02_pkg' build argument 'cmake_target_skip_unavailable' from command line to 'False'
[1.750s] Level 5:colcon.colcon_core.verb:set package 'lab02_pkg' build argument 'cmake_clean_cache' from command line to 'False'
[1.750s] Level 5:colcon.colcon_core.verb:set package 'lab02_pkg' build argument 'cmake_clean_first' from command line to 'False'
[1.750s] Level 5:colcon.colcon_core.verb:set package 'lab02_pkg' build argument 'cmake_force_configure' from command line to 'False'
[1.750s] Level 5:colcon.colcon_core.verb:set package 'lab02_pkg' build argument 'ament_cmake_args' from command line to 'None'
[1.750s] Level 5:colcon.colcon_core.verb:set package 'lab02_pkg' build argument 'catkin_cmake_args' from command line to 'None'
[1.750s] Level 5:colcon.colcon_core.verb:set package 'lab02_pkg' build argument 'catkin_skip_building_tests' from command line to 'False'
[1.750s] DEBUG:colcon.colcon_core.verb:Building package 'lab02_pkg' with the following arguments: {'ament_cmake_args': None, 'build_base': '/root/SESASR-LAB/build/lab02_pkg', 'catkin_cmake_args': None, 'catkin_skip_building_tests': False, 'cmake_args': None, 'cmake_clean_cache': False, 'cmake_clean_first': False, 'cmake_force_configure': False, 'cmake_target': None, 'cmake_target_skip_unavailable': False, 'install_base': '/root/SESASR-LAB/install/lab02_pkg', 'merge_install': False, 'path': '/root/SESASR-LAB/src/lab02_pkg', 'symlink_install': True, 'test_result_base': None}
[1.751s] Level 5:colcon.colcon_core.verb:set package 'py_pubsub' build argument 'cmake_args' from command line to 'None'
[1.751s] Level 5:colcon.colcon_core.verb:set package 'py_pubsub' build argument 'cmake_target' from command line to 'None'
[1.751s] Level 5:colcon.colcon_core.verb:set package 'py_pubsub' build argument 'cmake_target_skip_unavailable' from command line to 'False'
[1.751s] Level 5:colcon.colcon_core.verb:set package 'py_pubsub' build argument 'cmake_clean_cache' from command line to 'False'
[1.751s] Level 5:colcon.colcon_core.verb:set package 'py_pubsub' build argument 'cmake_clean_first' from command line to 'False'
[1.751s] Level 5:colcon.colcon_core.verb:set package 'py_pubsub' build argument 'cmake_force_configure' from command line to 'False'
[1.751s] Level 5:colcon.colcon_core.verb:set package 'py_pubsub' build argument 'ament_cmake_args' from command line to 'None'
[1.751s] Level 5:colcon.colcon_core.verb:set package 'py_pubsub' build argument 'catkin_cmake_args' from command line to 'None'
[1.751s] Level 5:colcon.colcon_core.verb:set package 'py_pubsub' build argument 'catkin_skip_building_tests' from command line to 'False'
[1.751s] DEBUG:colcon.colcon_core.verb:Building package 'py_pubsub' with the following arguments: {'ament_cmake_args': None, 'build_base': '/root/SESASR-LAB/build/py_pubsub', 'catkin_cmake_args': None, 'catkin_skip_building_tests': False, 'cmake_args': None, 'cmake_clean_cache': False, 'cmake_clean_first': False, 'cmake_force_configure': False, 'cmake_target': None, 'cmake_target_skip_unavailable': False, 'install_base': '/root/SESASR-LAB/install/py_pubsub', 'merge_install': False, 'path': '/root/SESASR-LAB/src/py_pubsub', 'symlink_install': True, 'test_result_base': None}
[1.752s] Level 5:colcon.colcon_core.verb:set package 'turtlebot3_fake_node' build argument 'cmake_args' from command line to 'None'
[1.752s] Level 5:colcon.colcon_core.verb:set package 'turtlebot3_fake_node' build argument 'cmake_target' from command line to 'None'
[1.752s] Level 5:colcon.colcon_core.verb:set package 'turtlebot3_fake_node' build argument 'cmake_target_skip_unavailable' from command line to 'False'
[1.752s] Level 5:colcon.colcon_core.verb:set package 'turtlebot3_fake_node' build argument 'cmake_clean_cache' from command line to 'False'
[1.752s] Level 5:colcon.colcon_core.verb:set package 'turtlebot3_fake_node' build argument 'cmake_clean_first' from command line to 'False'
[1.752s] Level 5:colcon.colcon_core.verb:set package 'turtlebot3_fake_node' build argument 'cmake_force_configure' from command line to 'False'
[1.752s] Level 5:colcon.colcon_core.verb:set package 'turtlebot3_fake_node' build argument 'ament_cmake_args' from command line to 'None'
[1.752s] Level 5:colcon.colcon_core.verb:set package 'turtlebot3_fake_node' build argument 'catkin_cmake_args' from command line to 'None'
[1.752s] Level 5:colcon.colcon_core.verb:set package 'turtlebot3_fake_node' build argument 'catkin_skip_building_tests' from command line to 'False'
[1.752s] DEBUG:colcon.colcon_core.verb:Building package 'turtlebot3_fake_node' with the following arguments: {'ament_cmake_args': None, 'build_base': '/root/SESASR-LAB/build/turtlebot3_fake_node', 'catkin_cmake_args': None, 'catkin_skip_building_tests': False, 'cmake_args': None, 'cmake_clean_cache': False, 'cmake_clean_first': False, 'cmake_force_configure': False, 'cmake_target': None, 'cmake_target_skip_unavailable': False, 'install_base': '/root/SESASR-LAB/install/turtlebot3_fake_node', 'merge_install': False, 'path': '/root/SESASR-LAB/src/turtlebot3_simulations/turtlebot3_fake_node', 'symlink_install': True, 'test_result_base': None}
[1.753s] Level 5:colcon.colcon_core.verb:set package 'turtlebot3_gazebo' build argument 'cmake_args' from command line to 'None'
[1.753s] Level 5:colcon.colcon_core.verb:set package 'turtlebot3_gazebo' build argument 'cmake_target' from command line to 'None'
[1.753s] Level 5:colcon.colcon_core.verb:set package 'turtlebot3_gazebo' build argument 'cmake_target_skip_unavailable' from command line to 'False'
[1.753s] Level 5:colcon.colcon_core.verb:set package 'turtlebot3_gazebo' build argument 'cmake_clean_cache' from command line to 'False'
[1.753s] Level 5:colcon.colcon_core.verb:set package 'turtlebot3_gazebo' build argument 'cmake_clean_first' from command line to 'False'
[1.753s] Level 5:colcon.colcon_core.verb:set package 'turtlebot3_gazebo' build argument 'cmake_force_configure' from command line to 'False'
[1.753s] Level 5:colcon.colcon_core.verb:set package 'turtlebot3_gazebo' build argument 'ament_cmake_args' from command line to 'None'
[1.753s] Level 5:colcon.colcon_core.verb:set package 'turtlebot3_gazebo' build argument 'catkin_cmake_args' from command line to 'None'
[1.753s] Level 5:colcon.colcon_core.verb:set package 'turtlebot3_gazebo' build argument 'catkin_skip_building_tests' from command line to 'False'
[1.753s] DEBUG:colcon.colcon_core.verb:Building package 'turtlebot3_gazebo' with the following arguments: {'ament_cmake_args': None, 'build_base': '/root/SESASR-LAB/build/turtlebot3_gazebo', 'catkin_cmake_args': None, 'catkin_skip_building_tests': False, 'cmake_args': None, 'cmake_clean_cache': False, 'cmake_clean_first': False, 'cmake_force_configure': False, 'cmake_target': None, 'cmake_target_skip_unavailable': False, 'install_base': '/root/SESASR-LAB/install/turtlebot3_gazebo', 'merge_install': False, 'path': '/root/SESASR-LAB/src/turtlebot3_simulations/turtlebot3_gazebo', 'symlink_install': True, 'test_result_base': None}
[1.753s] Level 5:colcon.colcon_core.verb:set package 'turtlebot3_simulations' build argument 'cmake_args' from command line to 'None'
[1.753s] Level 5:colcon.colcon_core.verb:set package 'turtlebot3_simulations' build argument 'cmake_target' from command line to 'None'
[1.753s] Level 5:colcon.colcon_core.verb:set package 'turtlebot3_simulations' build argument 'cmake_target_skip_unavailable' from command line to 'False'
[1.753s] Level 5:colcon.colcon_core.verb:set package 'turtlebot3_simulations' build argument 'cmake_clean_cache' from command line to 'False'
[1.753s] Level 5:colcon.colcon_core.verb:set package 'turtlebot3_simulations' build argument 'cmake_clean_first' from command line to 'False'
[1.754s] Level 5:colcon.colcon_core.verb:set package 'turtlebot3_simulations' build argument 'cmake_force_configure' from command line to 'False'
[1.754s] Level 5:colcon.colcon_core.verb:set package 'turtlebot3_simulations' build argument 'ament_cmake_args' from command line to 'None'
[1.754s] Level 5:colcon.colcon_core.verb:set package 'turtlebot3_simulations' build argument 'catkin_cmake_args' from command line to 'None'
[1.754s] Level 5:colcon.colcon_core.verb:set package 'turtlebot3_simulations' build argument 'catkin_skip_building_tests' from command line to 'False'
[1.754s] DEBUG:colcon.colcon_core.verb:Building package 'turtlebot3_simulations' with the following arguments: {'ament_cmake_args': None, 'build_base': '/root/SESASR-LAB/build/turtlebot3_simulations', 'catkin_cmake_args': None, 'catkin_skip_building_tests': False, 'cmake_args': None, 'cmake_clean_cache': False, 'cmake_clean_first': False, 'cmake_force_configure': False, 'cmake_target': None, 'cmake_target_skip_unavailable': False, 'install_base': '/root/SESASR-LAB/install/turtlebot3_simulations', 'merge_install': False, 'path': '/root/SESASR-LAB/src/turtlebot3_simulations/turtlebot3_simulations', 'symlink_install': True, 'test_result_base': None}
[1.754s] INFO:colcon.colcon_core.executor:Executing jobs using 'parallel' executor
[1.756s] DEBUG:colcon.colcon_parallel_executor.executor.parallel:run_until_complete
[1.757s] INFO:colcon.colcon_ros.task.ament_cmake.build:Building ROS package in '/root/SESASR-LAB/src/turtlebot3_simulations/turtlebot3_fake_node' with build type 'ament_cmake'
[1.758s] INFO:colcon.colcon_cmake.task.cmake.build:Building CMake package in '/root/SESASR-LAB/src/turtlebot3_simulations/turtlebot3_fake_node'
[1.808s] INFO:colcon.colcon_core.plugin_system:Skipping extension 'colcon_core.shell.bat': Not used on non-Windows systems
[1.809s] INFO:colcon.colcon_core.shell:Skip shell extension 'powershell' for command environment: Not usable outside of PowerShell
[1.809s] DEBUG:colcon.colcon_core.shell:Skip shell extension 'dsv' for command environment
[1.818s] INFO:colcon.colcon_ros.task.ament_python.build:Building ROS package in '/root/SESASR-LAB/src/lab01_pkg' with build type 'ament_python'
[1.819s] Level 1:colcon.colcon_core.shell:create_environment_hook('lab01_pkg', 'ament_prefix_path')
[1.820s] INFO:colcon.colcon_core.shell:Creating environment hook '/root/SESASR-LAB/install/lab01_pkg/share/lab01_pkg/hook/ament_prefix_path.ps1'
[1.825s] INFO:colcon.colcon_core.shell:Creating environment descriptor '/root/SESASR-LAB/install/lab01_pkg/share/lab01_pkg/hook/ament_prefix_path.dsv'
[1.828s] INFO:colcon.colcon_core.shell:Creating environment hook '/root/SESASR-LAB/install/lab01_pkg/share/lab01_pkg/hook/ament_prefix_path.sh'
[1.830s] INFO:colcon.colcon_core.shell:Skip shell extension 'powershell' for command environment: Not usable outside of PowerShell
[1.830s] DEBUG:colcon.colcon_core.shell:Skip shell extension 'dsv' for command environment
[1.837s] INFO:colcon.colcon_core.task.python.build:Building Python package in '/root/SESASR-LAB/src/lab02_pkg'
[1.838s] INFO:colcon.colcon_core.shell:Skip shell extension 'powershell' for command environment: Not usable outside of PowerShell
[1.838s] DEBUG:colcon.colcon_core.shell:Skip shell extension 'dsv' for command environment
[1.850s] INFO:colcon.colcon_ros.task.ament_python.build:Building ROS package in '/root/SESASR-LAB/src/py_pubsub' with build type 'ament_python'
[1.850s] Level 1:colcon.colcon_core.shell:create_environment_hook('py_pubsub', 'ament_prefix_path')
[1.851s] INFO:colcon.colcon_core.shell:Creating environment hook '/root/SESASR-LAB/install/py_pubsub/share/py_pubsub/hook/ament_prefix_path.ps1'
[1.856s] INFO:colcon.colcon_core.shell:Creating environment descriptor '/root/SESASR-LAB/install/py_pubsub/share/py_pubsub/hook/ament_prefix_path.dsv'
[1.857s] INFO:colcon.colcon_core.shell:Creating environment hook '/root/SESASR-LAB/install/py_pubsub/share/py_pubsub/hook/ament_prefix_path.sh'
[1.860s] INFO:colcon.colcon_core.shell:Skip shell extension 'powershell' for command environment: Not usable outside of PowerShell
[1.860s] DEBUG:colcon.colcon_core.shell:Skip shell extension 'dsv' for command environment
[1.870s] INFO:colcon.colcon_ros.task.ament_cmake.build:Building ROS package in '/root/SESASR-LAB/src/turtlebot3_simulations/turtlebot3_gazebo' with build type 'ament_cmake'
[1.870s] INFO:colcon.colcon_cmake.task.cmake.build:Building CMake package in '/root/SESASR-LAB/src/turtlebot3_simulations/turtlebot3_gazebo'
[1.871s] INFO:colcon.colcon_core.shell:Skip shell extension 'powershell' for command environment: Not usable outside of PowerShell
[1.871s] DEBUG:colcon.colcon_core.shell:Skip shell extension 'dsv' for command environment
[1.902s] DEBUG:colcon.colcon_core.event_handler.log_command:Invoking command in '/root/SESASR-LAB/build/turtlebot3_fake_node': CMAKE_PREFIX_PATH=${CMAKE_PREFIX_PATH}:/root/SESASR-LAB/install/lab01_pkg:/opt/ros/humble /usr/bin/cmake --build /root/SESASR-LAB/build/turtlebot3_fake_node -- -j12 -l12
[2.393s] INFO:colcon.colcon_core.task.python.build:Building Python package in '/root/SESASR-LAB/src/lab01_pkg'
[2.394s] INFO:colcon.colcon_core.shell:Skip shell extension 'powershell' for command environment: Not usable outside of PowerShell
[2.394s] DEBUG:colcon.colcon_core.shell:Skip shell extension 'dsv' for command environment
[3.288s] INFO:colcon.colcon_core.task.python.build:Building Python package in '/root/SESASR-LAB/src/py_pubsub'
[3.288s] INFO:colcon.colcon_core.shell:Skip shell extension 'powershell' for command environment: Not usable outside of PowerShell
[3.288s] DEBUG:colcon.colcon_core.shell:Skip shell extension 'dsv' for command environment
[3.311s] DEBUG:colcon.colcon_core.event_handler.log_command:Invoking command in '/root/SESASR-LAB/build/turtlebot3_gazebo': CMAKE_PREFIX_PATH=${CMAKE_PREFIX_PATH}:/root/SESASR-LAB/install/lab01_pkg:/opt/ros/humble /usr/bin/cmake --build /root/SESASR-LAB/build/turtlebot3_gazebo -- -j12 -l12
[3.312s] DEBUG:colcon.colcon_core.event_handler.log_command:Invoked command in '/root/SESASR-LAB/build/turtlebot3_fake_node' returned '0': CMAKE_PREFIX_PATH=${CMAKE_PREFIX_PATH}:/root/SESASR-LAB/install/lab01_pkg:/opt/ros/humble /usr/bin/cmake --build /root/SESASR-LAB/build/turtlebot3_fake_node -- -j12 -l12
[3.334s] DEBUG:colcon.colcon_core.event_handler.log_command:Invoking command in '/root/SESASR-LAB/build/turtlebot3_fake_node': CMAKE_PREFIX_PATH=${CMAKE_PREFIX_PATH}:/root/SESASR-LAB/install/lab01_pkg:/opt/ros/humble /usr/bin/cmake --install /root/SESASR-LAB/build/turtlebot3_fake_node
[3.424s] Level 1:colcon.colcon_core.environment:create_environment_scripts_only(turtlebot3_fake_node)
[3.425s] DEBUG:colcon.colcon_core.event_handler.log_command:Invoked command in '/root/SESASR-LAB/build/turtlebot3_fake_node' returned '0': CMAKE_PREFIX_PATH=${CMAKE_PREFIX_PATH}:/root/SESASR-LAB/install/lab01_pkg:/opt/ros/humble /usr/bin/cmake --install /root/SESASR-LAB/build/turtlebot3_fake_node
[3.434s] Level 1:colcon.colcon_core.environment:checking '/root/SESASR-LAB/install/turtlebot3_fake_node' for CMake module files
[3.437s] Level 1:colcon.colcon_core.environment:checking '/root/SESASR-LAB/install/turtlebot3_fake_node' for CMake config files
[3.441s] Level 1:colcon.colcon_core.shell:create_environment_hook('turtlebot3_fake_node', 'cmake_prefix_path')
[3.442s] INFO:colcon.colcon_core.shell:Creating environment hook '/root/SESASR-LAB/install/turtlebot3_fake_node/share/turtlebot3_fake_node/hook/cmake_prefix_path.ps1'
[3.443s] INFO:colcon.colcon_core.shell:Creating environment descriptor '/root/SESASR-LAB/install/turtlebot3_fake_node/share/turtlebot3_fake_node/hook/cmake_prefix_path.dsv'
[3.444s] INFO:colcon.colcon_core.shell:Creating environment hook '/root/SESASR-LAB/install/turtlebot3_fake_node/share/turtlebot3_fake_node/hook/cmake_prefix_path.sh'
[3.445s] Level 1:colcon.colcon_core.environment:checking '/root/SESASR-LAB/install/turtlebot3_fake_node/lib'
[3.446s] Level 1:colcon.colcon_core.environment:checking '/root/SESASR-LAB/install/turtlebot3_fake_node/bin'
[3.446s] Level 1:colcon.colcon_core.environment:checking '/root/SESASR-LAB/install/turtlebot3_fake_node/lib/pkgconfig/turtlebot3_fake_node.pc'
[3.446s] Level 1:colcon.colcon_core.environment:checking '/root/SESASR-LAB/install/turtlebot3_fake_node/lib/python3.10/site-packages'
[3.447s] Level 1:colcon.colcon_core.environment:checking '/root/SESASR-LAB/install/turtlebot3_fake_node/bin'
[3.447s] INFO:colcon.colcon_core.shell:Creating package script '/root/SESASR-LAB/install/turtlebot3_fake_node/share/turtlebot3_fake_node/package.ps1'
[3.450s] INFO:colcon.colcon_core.shell:Creating package descriptor '/root/SESASR-LAB/install/turtlebot3_fake_node/share/turtlebot3_fake_node/package.dsv'
[3.451s] INFO:colcon.colcon_core.shell:Creating package script '/root/SESASR-LAB/install/turtlebot3_fake_node/share/turtlebot3_fake_node/package.sh'
[3.453s] INFO:colcon.colcon_core.shell:Creating package script '/root/SESASR-LAB/install/turtlebot3_fake_node/share/turtlebot3_fake_node/package.bash'
[3.456s] INFO:colcon.colcon_core.shell:Creating package script '/root/SESASR-LAB/install/turtlebot3_fake_node/share/turtlebot3_fake_node/package.zsh'
[3.458s] Level 1:colcon.colcon_core.environment:create_file_with_runtime_dependencies(/root/SESASR-LAB/install/turtlebot3_fake_node/share/colcon-core/packages/turtlebot3_fake_node)
[3.460s] Level 1:colcon.colcon_core.environment:create_environment_scripts_only(turtlebot3_fake_node)
[3.460s] Level 1:colcon.colcon_core.environment:checking '/root/SESASR-LAB/install/turtlebot3_fake_node' for CMake module files
[3.461s] Level 1:colcon.colcon_core.environment:checking '/root/SESASR-LAB/install/turtlebot3_fake_node' for CMake config files
[3.463s] Level 1:colcon.colcon_core.shell:create_environment_hook('turtlebot3_fake_node', 'cmake_prefix_path')
[3.463s] INFO:colcon.colcon_core.shell:Creating environment hook '/root/SESASR-LAB/install/turtlebot3_fake_node/share/turtlebot3_fake_node/hook/cmake_prefix_path.ps1'
[3.464s] INFO:colcon.colcon_core.shell:Creating environment descriptor '/root/SESASR-LAB/install/turtlebot3_fake_node/share/turtlebot3_fake_node/hook/cmake_prefix_path.dsv'
[3.466s] INFO:colcon.colcon_core.shell:Creating environment hook '/root/SESASR-LAB/install/turtlebot3_fake_node/share/turtlebot3_fake_node/hook/cmake_prefix_path.sh'
[3.467s] Level 1:colcon.colcon_core.environment:checking '/root/SESASR-LAB/install/turtlebot3_fake_node/lib'
[3.468s] Level 1:colcon.colcon_core.environment:checking '/root/SESASR-LAB/install/turtlebot3_fake_node/bin'
[3.468s] Level 1:colcon.colcon_core.environment:checking '/root/SESASR-LAB/install/turtlebot3_fake_node/lib/pkgconfig/turtlebot3_fake_node.pc'
[3.468s] Level 1:colcon.colcon_core.environment:checking '/root/SESASR-LAB/install/turtlebot3_fake_node/lib/python3.10/site-packages'
[3.469s] Level 1:colcon.colcon_core.environment:checking '/root/SESASR-LAB/install/turtlebot3_fake_node/bin'
[3.470s] INFO:colcon.colcon_core.shell:Creating package script '/root/SESASR-LAB/install/turtlebot3_fake_node/share/turtlebot3_fake_node/package.ps1'
[3.471s] INFO:colcon.colcon_core.shell:Creating package descriptor '/root/SESASR-LAB/install/turtlebot3_fake_node/share/turtlebot3_fake_node/package.dsv'
[3.473s] INFO:colcon.colcon_core.shell:Creating package script '/root/SESASR-LAB/install/turtlebot3_fake_node/share/turtlebot3_fake_node/package.sh'
[3.475s] INFO:colcon.colcon_core.shell:Creating package script '/root/SESASR-LAB/install/turtlebot3_fake_node/share/turtlebot3_fake_node/package.bash'
[3.476s] INFO:colcon.colcon_core.shell:Creating package script '/root/SESASR-LAB/install/turtlebot3_fake_node/share/turtlebot3_fake_node/package.zsh'
[3.478s] Level 1:colcon.colcon_core.environment:create_file_with_runtime_dependencies(/root/SESASR-LAB/install/turtlebot3_fake_node/share/colcon-core/packages/turtlebot3_fake_node)
[3.479s] INFO:colcon.colcon_ros.task.ament_cmake.build:Building ROS package in '/root/SESASR-LAB/src/turtlebot3_simulations/turtlebot3_simulations' with build type 'ament_cmake'
[3.479s] INFO:colcon.colcon_cmake.task.cmake.build:Building CMake package in '/root/SESASR-LAB/src/turtlebot3_simulations/turtlebot3_simulations'
[3.479s] INFO:colcon.colcon_core.shell:Skip shell extension 'powershell' for command environment: Not usable outside of PowerShell
[3.480s] DEBUG:colcon.colcon_core.shell:Skip shell extension 'dsv' for command environment
[3.540s] DEBUG:colcon.colcon_core.event_handler.log_command:Invoking command in '/root/SESASR-LAB/build/turtlebot3_simulations': CMAKE_PREFIX_PATH=/root/SESASR-LAB/install/turtlebot3_fake_node:/root/SESASR-LAB/install/turtlebot3_simulations:/root/SESASR-LAB/install/turtlebot3_gazebo:/root/SESASR-LAB/install/lab01_pkg:/opt/ros/humble /usr/bin/cmake --build /root/SESASR-LAB/build/turtlebot3_simulations -- -j12 -l12
[3.638s] DEBUG:colcon.colcon_core.event_handler.log_command:Invoked command in '/root/SESASR-LAB/build/turtlebot3_simulations' returned '0': CMAKE_PREFIX_PATH=/root/SESASR-LAB/install/turtlebot3_fake_node:/root/SESASR-LAB/install/turtlebot3_simulations:/root/SESASR-LAB/install/turtlebot3_gazebo:/root/SESASR-LAB/install/lab01_pkg:/opt/ros/humble /usr/bin/cmake --build /root/SESASR-LAB/build/turtlebot3_simulations -- -j12 -l12
[3.642s] DEBUG:colcon.colcon_core.event_handler.log_command:Invoking command in '/root/SESASR-LAB/build/turtlebot3_simulations': CMAKE_PREFIX_PATH=/root/SESASR-LAB/install/turtlebot3_fake_node:/root/SESASR-LAB/install/turtlebot3_simulations:/root/SESASR-LAB/install/turtlebot3_gazebo:/root/SESASR-LAB/install/lab01_pkg:/opt/ros/humble /usr/bin/cmake --install /root/SESASR-LAB/build/turtlebot3_simulations
[3.697s] Level 1:colcon.colcon_core.environment:create_environment_scripts_only(turtlebot3_simulations)
[3.698s] Level 1:colcon.colcon_core.environment:checking '/root/SESASR-LAB/install/turtlebot3_simulations' for CMake module files
[3.699s] DEBUG:colcon.colcon_core.event_handler.log_command:Invoked command in '/root/SESASR-LAB/build/turtlebot3_simulations' returned '0': CMAKE_PREFIX_PATH=/root/SESASR-LAB/install/turtlebot3_fake_node:/root/SESASR-LAB/install/turtlebot3_simulations:/root/SESASR-LAB/install/turtlebot3_gazebo:/root/SESASR-LAB/install/lab01_pkg:/opt/ros/humble /usr/bin/cmake --install /root/SESASR-LAB/build/turtlebot3_simulations
[3.701s] Level 1:colcon.colcon_core.environment:checking '/root/SESASR-LAB/install/turtlebot3_simulations' for CMake config files
[3.703s] Level 1:colcon.colcon_core.shell:create_environment_hook('turtlebot3_simulations', 'cmake_prefix_path')
[3.704s] INFO:colcon.colcon_core.shell:Creating environment hook '/root/SESASR-LAB/install/turtlebot3_simulations/share/turtlebot3_simulations/hook/cmake_prefix_path.ps1'
[3.704s] INFO:colcon.colcon_core.shell:Creating environment descriptor '/root/SESASR-LAB/install/turtlebot3_simulations/share/turtlebot3_simulations/hook/cmake_prefix_path.dsv'
[3.705s] INFO:colcon.colcon_core.shell:Creating environment hook '/root/SESASR-LAB/install/turtlebot3_simulations/share/turtlebot3_simulations/hook/cmake_prefix_path.sh'
[3.706s] Level 1:colcon.colcon_core.environment:checking '/root/SESASR-LAB/install/turtlebot3_simulations/bin'
[3.706s] Level 1:colcon.colcon_core.environment:checking '/root/SESASR-LAB/install/turtlebot3_simulations/lib/pkgconfig/turtlebot3_simulations.pc'
[3.706s] Level 1:colcon.colcon_core.environment:checking '/root/SESASR-LAB/install/turtlebot3_simulations/lib/python3.10/site-packages'
[3.707s] Level 1:colcon.colcon_core.environment:checking '/root/SESASR-LAB/install/turtlebot3_simulations/bin'
[3.708s] INFO:colcon.colcon_core.shell:Creating package script '/root/SESASR-LAB/install/turtlebot3_simulations/share/turtlebot3_simulations/package.ps1'
[3.709s] INFO:colcon.colcon_core.shell:Creating package descriptor '/root/SESASR-LAB/install/turtlebot3_simulations/share/turtlebot3_simulations/package.dsv'
[3.709s] INFO:colcon.colcon_core.shell:Creating package script '/root/SESASR-LAB/install/turtlebot3_simulations/share/turtlebot3_simulations/package.sh'
[3.710s] INFO:colcon.colcon_core.shell:Creating package script '/root/SESASR-LAB/install/turtlebot3_simulations/share/turtlebot3_simulations/package.bash'
[3.710s] INFO:colcon.colcon_core.shell:Creating package script '/root/SESASR-LAB/install/turtlebot3_simulations/share/turtlebot3_simulations/package.zsh'
[3.711s] Level 1:colcon.colcon_core.environment:create_file_with_runtime_dependencies(/root/SESASR-LAB/install/turtlebot3_simulations/share/colcon-core/packages/turtlebot3_simulations)
[3.712s] Level 1:colcon.colcon_core.environment:create_environment_scripts_only(turtlebot3_simulations)
[3.712s] Level 1:colcon.colcon_core.environment:checking '/root/SESASR-LAB/install/turtlebot3_simulations' for CMake module files
[3.712s] Level 1:colcon.colcon_core.environment:checking '/root/SESASR-LAB/install/turtlebot3_simulations' for CMake config files
[3.713s] Level 1:colcon.colcon_core.shell:create_environment_hook('turtlebot3_simulations', 'cmake_prefix_path')
[3.713s] INFO:colcon.colcon_core.shell:Creating environment hook '/root/SESASR-LAB/install/turtlebot3_simulations/share/turtlebot3_simulations/hook/cmake_prefix_path.ps1'
[3.714s] INFO:colcon.colcon_core.shell:Creating environment descriptor '/root/SESASR-LAB/install/turtlebot3_simulations/share/turtlebot3_simulations/hook/cmake_prefix_path.dsv'
[3.714s] INFO:colcon.colcon_core.shell:Creating environment hook '/root/SESASR-LAB/install/turtlebot3_simulations/share/turtlebot3_simulations/hook/cmake_prefix_path.sh'
[3.715s] Level 1:colcon.colcon_core.environment:checking '/root/SESASR-LAB/install/turtlebot3_simulations/bin'
[3.715s] Level 1:colcon.colcon_core.environment:checking '/root/SESASR-LAB/install/turtlebot3_simulations/lib/pkgconfig/turtlebot3_simulations.pc'
[3.716s] Level 1:colcon.colcon_core.environment:checking '/root/SESASR-LAB/install/turtlebot3_simulations/lib/python3.10/site-packages'
[3.716s] Level 1:colcon.colcon_core.environment:checking '/root/SESASR-LAB/install/turtlebot3_simulations/bin'
[3.717s] INFO:colcon.colcon_core.shell:Creating package script '/root/SESASR-LAB/install/turtlebot3_simulations/share/turtlebot3_simulations/package.ps1'
[3.717s] INFO:colcon.colcon_core.shell:Creating package descriptor '/root/SESASR-LAB/install/turtlebot3_simulations/share/turtlebot3_simulations/package.dsv'
[3.718s] INFO:colcon.colcon_core.shell:Creating package script '/root/SESASR-LAB/install/turtlebot3_simulations/share/turtlebot3_simulations/package.sh'
[3.718s] INFO:colcon.colcon_core.shell:Creating package script '/root/SESASR-LAB/install/turtlebot3_simulations/share/turtlebot3_simulations/package.bash'
[3.719s] INFO:colcon.colcon_core.shell:Creating package script '/root/SESASR-LAB/install/turtlebot3_simulations/share/turtlebot3_simulations/package.zsh'
[3.720s] Level 1:colcon.colcon_core.environment:create_file_with_runtime_dependencies(/root/SESASR-LAB/install/turtlebot3_simulations/share/colcon-core/packages/turtlebot3_simulations)
[3.790s] DEBUG:colcon.colcon_core.event_handler.log_command:Invoking command in '/root/SESASR-LAB/build/lab02_pkg': PYTHONPATH=/root/SESASR-LAB/build/lab02_pkg/prefix_override:/usr/lib/python3/dist-packages/colcon_core/task/python/colcon_distutils_commands:/root/SESASR-LAB/install/lab02_pkg/lib/python3.10/site-packages:${PYTHONPATH} /usr/bin/python3 -W ignore:setup.py install is deprecated -W ignore:easy_install command is deprecated setup.py develop --editable --build-directory /root/SESASR-LAB/build/lab02_pkg/build --no-deps symlink_data
[3.790s] DEBUG:colcon.colcon_core.event_handler.log_command:Invoked command in '/root/SESASR-LAB/build/turtlebot3_gazebo' returned '0': CMAKE_PREFIX_PATH=${CMAKE_PREFIX_PATH}:/root/SESASR-LAB/install/lab01_pkg:/opt/ros/humble /usr/bin/cmake --build /root/SESASR-LAB/build/turtlebot3_gazebo -- -j12 -l12
[3.832s] DEBUG:colcon.colcon_core.event_handler.log_command:Invoking command in '/root/SESASR-LAB/build/turtlebot3_gazebo': CMAKE_PREFIX_PATH=${CMAKE_PREFIX_PATH}:/root/SESASR-LAB/install/lab01_pkg:/opt/ros/humble /usr/bin/cmake --install /root/SESASR-LAB/build/turtlebot3_gazebo
[3.943s] Level 1:colcon.colcon_core.environment:create_environment_scripts_only(turtlebot3_gazebo)
[3.943s] Level 1:colcon.colcon_core.environment:checking '/root/SESASR-LAB/install/turtlebot3_gazebo' for CMake module files
[3.944s] DEBUG:colcon.colcon_core.event_handler.log_command:Invoked command in '/root/SESASR-LAB/build/turtlebot3_gazebo' returned '0': CMAKE_PREFIX_PATH=${CMAKE_PREFIX_PATH}:/root/SESASR-LAB/install/lab01_pkg:/opt/ros/humble /usr/bin/cmake --install /root/SESASR-LAB/build/turtlebot3_gazebo
[3.969s] Level 1:colcon.colcon_core.environment:checking '/root/SESASR-LAB/install/turtlebot3_gazebo' for CMake config files
[3.974s] Level 1:colcon.colcon_core.shell:create_environment_hook('turtlebot3_gazebo', 'cmake_prefix_path')
[3.974s] INFO:colcon.colcon_core.shell:Creating environment hook '/root/SESASR-LAB/install/turtlebot3_gazebo/share/turtlebot3_gazebo/hook/cmake_prefix_path.ps1'
[3.975s] INFO:colcon.colcon_core.shell:Creating environment descriptor '/root/SESASR-LAB/install/turtlebot3_gazebo/share/turtlebot3_gazebo/hook/cmake_prefix_path.dsv'
[3.976s] INFO:colcon.colcon_core.shell:Creating environment hook '/root/SESASR-LAB/install/turtlebot3_gazebo/share/turtlebot3_gazebo/hook/cmake_prefix_path.sh'
[3.977s] Level 1:colcon.colcon_core.environment:checking '/root/SESASR-LAB/install/turtlebot3_gazebo/lib'
[3.977s] Level 1:colcon.colcon_core.environment:checking '/root/SESASR-LAB/install/turtlebot3_gazebo/bin'
[3.977s] Level 1:colcon.colcon_core.environment:checking '/root/SESASR-LAB/install/turtlebot3_gazebo/lib/pkgconfig/turtlebot3_gazebo.pc'
[3.978s] Level 1:colcon.colcon_core.environment:checking '/root/SESASR-LAB/install/turtlebot3_gazebo/lib/python3.10/site-packages'
[3.978s] Level 1:colcon.colcon_core.environment:checking '/root/SESASR-LAB/install/turtlebot3_gazebo/bin'
[3.979s] INFO:colcon.colcon_core.shell:Creating package script '/root/SESASR-LAB/install/turtlebot3_gazebo/share/turtlebot3_gazebo/package.ps1'
[3.979s] INFO:colcon.colcon_core.shell:Creating package descriptor '/root/SESASR-LAB/install/turtlebot3_gazebo/share/turtlebot3_gazebo/package.dsv'
[3.980s] INFO:colcon.colcon_core.shell:Creating package script '/root/SESASR-LAB/install/turtlebot3_gazebo/share/turtlebot3_gazebo/package.sh'
[3.980s] INFO:colcon.colcon_core.shell:Creating package script '/root/SESASR-LAB/install/turtlebot3_gazebo/share/turtlebot3_gazebo/package.bash'
[3.981s] INFO:colcon.colcon_core.shell:Creating package script '/root/SESASR-LAB/install/turtlebot3_gazebo/share/turtlebot3_gazebo/package.zsh'
[3.981s] Level 1:colcon.colcon_core.environment:create_file_with_runtime_dependencies(/root/SESASR-LAB/install/turtlebot3_gazebo/share/colcon-core/packages/turtlebot3_gazebo)
[3.983s] Level 1:colcon.colcon_core.environment:create_environment_scripts_only(turtlebot3_gazebo)
[3.983s] Level 1:colcon.colcon_core.environment:checking '/root/SESASR-LAB/install/turtlebot3_gazebo' for CMake module files
[3.984s] Level 1:colcon.colcon_core.environment:checking '/root/SESASR-LAB/install/turtlebot3_gazebo' for CMake config files
[3.985s] Level 1:colcon.colcon_core.shell:create_environment_hook('turtlebot3_gazebo', 'cmake_prefix_path')
[3.986s] INFO:colcon.colcon_core.shell:Creating environment hook '/root/SESASR-LAB/install/turtlebot3_gazebo/share/turtlebot3_gazebo/hook/cmake_prefix_path.ps1'
[3.986s] INFO:colcon.colcon_core.shell:Creating environment descriptor '/root/SESASR-LAB/install/turtlebot3_gazebo/share/turtlebot3_gazebo/hook/cmake_prefix_path.dsv'
[3.987s] INFO:colcon.colcon_core.shell:Creating environment hook '/root/SESASR-LAB/install/turtlebot3_gazebo/share/turtlebot3_gazebo/hook/cmake_prefix_path.sh'
[3.987s] Level 1:colcon.colcon_core.environment:checking '/root/SESASR-LAB/install/turtlebot3_gazebo/lib'
[3.988s] Level 1:colcon.colcon_core.environment:checking '/root/SESASR-LAB/install/turtlebot3_gazebo/bin'
[3.988s] Level 1:colcon.colcon_core.environment:checking '/root/SESASR-LAB/install/turtlebot3_gazebo/lib/pkgconfig/turtlebot3_gazebo.pc'
[3.988s] Level 1:colcon.colcon_core.environment:checking '/root/SESASR-LAB/install/turtlebot3_gazebo/lib/python3.10/site-packages'
[3.988s] Level 1:colcon.colcon_core.environment:checking '/root/SESASR-LAB/install/turtlebot3_gazebo/bin'
[3.989s] INFO:colcon.colcon_core.shell:Creating package script '/root/SESASR-LAB/install/turtlebot3_gazebo/share/turtlebot3_gazebo/package.ps1'
[3.989s] INFO:colcon.colcon_core.shell:Creating package descriptor '/root/SESASR-LAB/install/turtlebot3_gazebo/share/turtlebot3_gazebo/package.dsv'
[3.990s] INFO:colcon.colcon_core.shell:Creating package script '/root/SESASR-LAB/install/turtlebot3_gazebo/share/turtlebot3_gazebo/package.sh'
[3.991s] INFO:colcon.colcon_core.shell:Creating package script '/root/SESASR-LAB/install/turtlebot3_gazebo/share/turtlebot3_gazebo/package.bash'
[3.991s] INFO:colcon.colcon_core.shell:Creating package script '/root/SESASR-LAB/install/turtlebot3_gazebo/share/turtlebot3_gazebo/package.zsh'
[3.992s] Level 1:colcon.colcon_core.environment:create_file_with_runtime_dependencies(/root/SESASR-LAB/install/turtlebot3_gazebo/share/colcon-core/packages/turtlebot3_gazebo)
[3.999s] DEBUG:colcon.colcon_core.event_handler.log_command:Invoking command in '/root/SESASR-LAB/build/py_pubsub': PYTHONPATH=/root/SESASR-LAB/build/py_pubsub/prefix_override:/usr/lib/python3/dist-packages/colcon_core/task/python/colcon_distutils_commands:/root/SESASR-LAB/install/py_pubsub/lib/python3.10/site-packages:${PYTHONPATH} /usr/bin/python3 -W ignore:setup.py install is deprecated -W ignore:easy_install command is deprecated setup.py develop --editable --build-directory /root/SESASR-LAB/build/py_pubsub/build --no-deps symlink_data
[4.025s] DEBUG:colcon.colcon_core.event_handler.log_command:Invoking command in '/root/SESASR-LAB/build/lab01_pkg': PYTHONPATH=/root/SESASR-LAB/build/lab01_pkg/prefix_override:/usr/lib/python3/dist-packages/colcon_core/task/python/colcon_distutils_commands:/root/SESASR-LAB/install/lab01_pkg/lib/python3.10/site-packages:${PYTHONPATH} /usr/bin/python3 -W ignore:setup.py install is deprecated -W ignore:easy_install command is deprecated setup.py develop --editable --build-directory /root/SESASR-LAB/build/lab01_pkg/build --no-deps symlink_data
[4.480s] Level 1:colcon.colcon_core.shell:create_environment_hook('lab02_pkg', 'pythonpath_develop')
[4.480s] DEBUG:colcon.colcon_core.event_handler.log_command:Invoked command in '/root/SESASR-LAB/build/lab02_pkg' returned '0': PYTHONPATH=/root/SESASR-LAB/build/lab02_pkg/prefix_override:/usr/lib/python3/dist-packages/colcon_core/task/python/colcon_distutils_commands:/root/SESASR-LAB/install/lab02_pkg/lib/python3.10/site-packages:${PYTHONPATH} /usr/bin/python3 -W ignore:setup.py install is deprecated -W ignore:easy_install command is deprecated setup.py develop --editable --build-directory /root/SESASR-LAB/build/lab02_pkg/build --no-deps symlink_data
[4.481s] INFO:colcon.colcon_core.shell:Creating environment hook '/root/SESASR-LAB/build/lab02_pkg/share/lab02_pkg/hook/pythonpath_develop.ps1'
[4.484s] INFO:colcon.colcon_core.shell:Creating environment descriptor '/root/SESASR-LAB/build/lab02_pkg/share/lab02_pkg/hook/pythonpath_develop.dsv'
[4.484s] INFO:colcon.colcon_core.shell:Creating environment hook '/root/SESASR-LAB/build/lab02_pkg/share/lab02_pkg/hook/pythonpath_develop.sh'
[4.485s] Level 1:colcon.colcon_core.environment:checking '/root/SESASR-LAB/install/lab02_pkg' for CMake module files
[4.485s] Level 1:colcon.colcon_core.environment:checking '/root/SESASR-LAB/install/lab02_pkg' for CMake config files
[4.486s] Level 1:colcon.colcon_core.environment:checking '/root/SESASR-LAB/install/lab02_pkg/lib'
[4.486s] Level 1:colcon.colcon_core.environment:checking '/root/SESASR-LAB/install/lab02_pkg/bin'
[4.486s] Level 1:colcon.colcon_core.environment:checking '/root/SESASR-LAB/install/lab02_pkg/lib/pkgconfig/lab02_pkg.pc'
[4.486s] Level 1:colcon.colcon_core.environment:checking '/root/SESASR-LAB/install/lab02_pkg/lib/python3.10/site-packages'
[4.486s] Level 1:colcon.colcon_core.shell:create_environment_hook('lab02_pkg', 'pythonpath')
[4.487s] INFO:colcon.colcon_core.shell:Creating environment hook '/root/SESASR-LAB/install/lab02_pkg/share/lab02_pkg/hook/pythonpath.ps1'
[4.488s] INFO:colcon.colcon_core.shell:Creating environment descriptor '/root/SESASR-LAB/install/lab02_pkg/share/lab02_pkg/hook/pythonpath.dsv'
[4.488s] INFO:colcon.colcon_core.shell:Creating environment hook '/root/SESASR-LAB/install/lab02_pkg/share/lab02_pkg/hook/pythonpath.sh'
[4.489s] Level 1:colcon.colcon_core.environment:checking '/root/SESASR-LAB/install/lab02_pkg/bin'
[4.489s] Level 1:colcon.colcon_core.environment:create_environment_scripts_only(lab02_pkg)
[4.490s] INFO:colcon.colcon_core.shell:Creating package script '/root/SESASR-LAB/install/lab02_pkg/share/lab02_pkg/package.ps1'
[4.490s] INFO:colcon.colcon_core.shell:Creating package descriptor '/root/SESASR-LAB/install/lab02_pkg/share/lab02_pkg/package.dsv'
[4.490s] INFO:colcon.colcon_core.shell:Creating package script '/root/SESASR-LAB/install/lab02_pkg/share/lab02_pkg/package.sh'
[4.491s] INFO:colcon.colcon_core.shell:Creating package script '/root/SESASR-LAB/install/lab02_pkg/share/lab02_pkg/package.bash'
[4.491s] INFO:colcon.colcon_core.shell:Creating package script '/root/SESASR-LAB/install/lab02_pkg/share/lab02_pkg/package.zsh'
[4.492s] Level 1:colcon.colcon_core.environment:create_file_with_runtime_dependencies(/root/SESASR-LAB/install/lab02_pkg/share/colcon-core/packages/lab02_pkg)
[4.661s] Level 1:colcon.colcon_core.shell:create_environment_hook('py_pubsub', 'pythonpath_develop')
[4.661s] INFO:colcon.colcon_core.shell:Creating environment hook '/root/SESASR-LAB/build/py_pubsub/share/py_pubsub/hook/pythonpath_develop.ps1'
[4.663s] DEBUG:colcon.colcon_core.event_handler.log_command:Invoked command in '/root/SESASR-LAB/build/py_pubsub' returned '0': PYTHONPATH=/root/SESASR-LAB/build/py_pubsub/prefix_override:/usr/lib/python3/dist-packages/colcon_core/task/python/colcon_distutils_commands:/root/SESASR-LAB/install/py_pubsub/lib/python3.10/site-packages:${PYTHONPATH} /usr/bin/python3 -W ignore:setup.py install is deprecated -W ignore:easy_install command is deprecated setup.py develop --editable --build-directory /root/SESASR-LAB/build/py_pubsub/build --no-deps symlink_data
[4.666s] INFO:colcon.colcon_core.shell:Creating environment descriptor '/root/SESASR-LAB/build/py_pubsub/share/py_pubsub/hook/pythonpath_develop.dsv'
[4.666s] INFO:colcon.colcon_core.shell:Creating environment hook '/root/SESASR-LAB/build/py_pubsub/share/py_pubsub/hook/pythonpath_develop.sh'
[4.667s] Level 1:colcon.colcon_core.environment:checking '/root/SESASR-LAB/install/py_pubsub' for CMake module files
[4.670s] Level 1:colcon.colcon_core.environment:checking '/root/SESASR-LAB/install/py_pubsub' for CMake config files
[4.670s] Level 1:colcon.colcon_core.environment:checking '/root/SESASR-LAB/install/py_pubsub/lib'
[4.671s] Level 1:colcon.colcon_core.environment:checking '/root/SESASR-LAB/install/py_pubsub/bin'
[4.671s] Level 1:colcon.colcon_core.environment:checking '/root/SESASR-LAB/install/py_pubsub/lib/pkgconfig/py_pubsub.pc'
[4.671s] Level 1:colcon.colcon_core.environment:checking '/root/SESASR-LAB/install/py_pubsub/lib/python3.10/site-packages'
[4.671s] Level 1:colcon.colcon_core.shell:create_environment_hook('py_pubsub', 'pythonpath')
[4.671s] INFO:colcon.colcon_core.shell:Creating environment hook '/root/SESASR-LAB/install/py_pubsub/share/py_pubsub/hook/pythonpath.ps1'
[4.672s] INFO:colcon.colcon_core.shell:Creating environment descriptor '/root/SESASR-LAB/install/py_pubsub/share/py_pubsub/hook/pythonpath.dsv'
[4.673s] INFO:colcon.colcon_core.shell:Creating environment hook '/root/SESASR-LAB/install/py_pubsub/share/py_pubsub/hook/pythonpath.sh'
[4.674s] Level 1:colcon.colcon_core.environment:checking '/root/SESASR-LAB/install/py_pubsub/bin'
[4.674s] Level 1:colcon.colcon_core.environment:create_environment_scripts_only(py_pubsub)
[4.675s] INFO:colcon.colcon_core.shell:Creating package script '/root/SESASR-LAB/install/py_pubsub/share/py_pubsub/package.ps1'
[4.676s] INFO:colcon.colcon_core.shell:Creating package descriptor '/root/SESASR-LAB/install/py_pubsub/share/py_pubsub/package.dsv'
[4.677s] INFO:colcon.colcon_core.shell:Creating package script '/root/SESASR-LAB/install/py_pubsub/share/py_pubsub/package.sh'
[4.677s] INFO:colcon.colcon_core.shell:Creating package script '/root/SESASR-LAB/install/py_pubsub/share/py_pubsub/package.bash'
[4.678s] INFO:colcon.colcon_core.shell:Creating package script '/root/SESASR-LAB/install/py_pubsub/share/py_pubsub/package.zsh'
[4.678s] Level 1:colcon.colcon_core.environment:create_file_with_runtime_dependencies(/root/SESASR-LAB/install/py_pubsub/share/colcon-core/packages/py_pubsub)
[4.709s] Level 1:colcon.colcon_core.shell:create_environment_hook('lab01_pkg', 'pythonpath_develop')
[4.709s] DEBUG:colcon.colcon_core.event_handler.log_command:Invoked command in '/root/SESASR-LAB/build/lab01_pkg' returned '0': PYTHONPATH=/root/SESASR-LAB/build/lab01_pkg/prefix_override:/usr/lib/python3/dist-packages/colcon_core/task/python/colcon_distutils_commands:/root/SESASR-LAB/install/lab01_pkg/lib/python3.10/site-packages:${PYTHONPATH} /usr/bin/python3 -W ignore:setup.py install is deprecated -W ignore:easy_install command is deprecated setup.py develop --editable --build-directory /root/SESASR-LAB/build/lab01_pkg/build --no-deps symlink_data
[4.710s] INFO:colcon.colcon_core.shell:Creating environment hook '/root/SESASR-LAB/build/lab01_pkg/share/lab01_pkg/hook/pythonpath_develop.ps1'
[4.710s] INFO:colcon.colcon_core.shell:Creating environment descriptor '/root/SESASR-LAB/build/lab01_pkg/share/lab01_pkg/hook/pythonpath_develop.dsv'
[4.711s] INFO:colcon.colcon_core.shell:Creating environment hook '/root/SESASR-LAB/build/lab01_pkg/share/lab01_pkg/hook/pythonpath_develop.sh'
[4.712s] Level 1:colcon.colcon_core.environment:checking '/root/SESASR-LAB/install/lab01_pkg' for CMake module files
[4.712s] Level 1:colcon.colcon_core.environment:checking '/root/SESASR-LAB/install/lab01_pkg' for CMake config files
[4.713s] Level 1:colcon.colcon_core.environment:checking '/root/SESASR-LAB/install/lab01_pkg/lib'
[4.713s] Level 1:colcon.colcon_core.environment:checking '/root/SESASR-LAB/install/lab01_pkg/bin'
[4.713s] Level 1:colcon.colcon_core.environment:checking '/root/SESASR-LAB/install/lab01_pkg/lib/pkgconfig/lab01_pkg.pc'
[4.714s] Level 1:colcon.colcon_core.environment:checking '/root/SESASR-LAB/install/lab01_pkg/lib/python3.10/site-packages'
[4.714s] Level 1:colcon.colcon_core.shell:create_environment_hook('lab01_pkg', 'pythonpath')
[4.714s] INFO:colcon.colcon_core.shell:Creating environment hook '/root/SESASR-LAB/install/lab01_pkg/share/lab01_pkg/hook/pythonpath.ps1'
[4.715s] INFO:colcon.colcon_core.shell:Creating environment descriptor '/root/SESASR-LAB/install/lab01_pkg/share/lab01_pkg/hook/pythonpath.dsv'
[4.716s] INFO:colcon.colcon_core.shell:Creating environment hook '/root/SESASR-LAB/install/lab01_pkg/share/lab01_pkg/hook/pythonpath.sh'
[4.717s] Level 1:colcon.colcon_core.environment:checking '/root/SESASR-LAB/install/lab01_pkg/bin'
[4.718s] Level 1:colcon.colcon_core.environment:create_environment_scripts_only(lab01_pkg)
[4.718s] INFO:colcon.colcon_core.shell:Creating package script '/root/SESASR-LAB/install/lab01_pkg/share/lab01_pkg/package.ps1'
[4.719s] INFO:colcon.colcon_core.shell:Creating package descriptor '/root/SESASR-LAB/install/lab01_pkg/share/lab01_pkg/package.dsv'
[4.720s] INFO:colcon.colcon_core.shell:Creating package script '/root/SESASR-LAB/install/lab01_pkg/share/lab01_pkg/package.sh'
[4.720s] INFO:colcon.colcon_core.shell:Creating package script '/root/SESASR-LAB/install/lab01_pkg/share/lab01_pkg/package.bash'
[4.721s] INFO:colcon.colcon_core.shell:Creating package script '/root/SESASR-LAB/install/lab01_pkg/share/lab01_pkg/package.zsh'
[4.722s] Level 1:colcon.colcon_core.environment:create_file_with_runtime_dependencies(/root/SESASR-LAB/install/lab01_pkg/share/colcon-core/packages/lab01_pkg)
[4.722s] DEBUG:colcon.colcon_parallel_executor.executor.parallel:closing loop
[4.723s] DEBUG:colcon.colcon_parallel_executor.executor.parallel:loop closed
[4.724s] DEBUG:colcon.colcon_parallel_executor.executor.parallel:run_until_complete finished with '0'
[4.724s] DEBUG:colcon.colcon_core.event_reactor:joining thread
[4.779s] INFO:colcon.colcon_core.plugin_system:Skipping extension 'colcon_notification.desktop_notification.notify_send': Could not find 'notify-send'
[4.779s] INFO:colcon.colcon_core.plugin_system:Skipping extension 'colcon_notification.desktop_notification.terminal_notifier': Not used on non-Darwin systems
[4.779s] INFO:colcon.colcon_core.plugin_system:Skipping extension 'colcon_notification.desktop_notification.win32': Not used on non-Windows systems
[4.779s] INFO:colcon.colcon_notification.desktop_notification:Sending desktop notification using 'notify2'
[4.779s] DEBUG:colcon.colcon_notification.desktop_notification.notify2:Failed to initialize notify2: org.freedesktop.DBus.Error.FileNotFound: Failed to connect to socket /run/user/0/bus: No such file or directory
[4.779s] DEBUG:colcon.colcon_core.event_reactor:joined thread
[4.780s] INFO:colcon.colcon_core.shell:Creating prefix script '/root/SESASR-LAB/install/local_setup.ps1'
[4.782s] INFO:colcon.colcon_core.shell:Creating prefix util module '/root/SESASR-LAB/install/_local_setup_util_ps1.py'
[4.785s] INFO:colcon.colcon_core.shell:Creating prefix chain script '/root/SESASR-LAB/install/setup.ps1'
[4.786s] INFO:colcon.colcon_core.shell:Creating prefix script '/root/SESASR-LAB/install/local_setup.sh'
[4.787s] INFO:colcon.colcon_core.shell:Creating prefix util module '/root/SESASR-LAB/install/_local_setup_util_sh.py'
[4.788s] INFO:colcon.colcon_core.shell:Creating prefix chain script '/root/SESASR-LAB/install/setup.sh'
[4.790s] INFO:colcon.colcon_core.shell:Creating prefix script '/root/SESASR-LAB/install/local_setup.bash'
[4.791s] INFO:colcon.colcon_core.shell:Creating prefix chain script '/root/SESASR-LAB/install/setup.bash'
[4.793s] INFO:colcon.colcon_core.shell:Creating prefix script '/root/SESASR-LAB/install/local_setup.zsh'
[4.794s] INFO:colcon.colcon_core.shell:Creating prefix chain script '/root/SESASR-LAB/install/setup.zsh'
