[0.174s] DEBUG:colcon:Command line arguments: ['/usr/bin/colcon', 'build', '--symlink-install']
[0.174s] DEBUG:colcon:Parsed command line arguments: Namespace(log_base=None, log_level=None, verb_name='build', build_base='build', install_base='install', merge_install=False, symlink_install=True, test_result_base=None, continue_on_error=False, executor='parallel', parallel_workers=12, event_handlers=None, ignore_user_meta=False, metas=['./colcon.meta'], base_paths=['.'], packages_ignore=None, packages_ignore_regex=None, paths=None, packages_up_to=None, packages_up_to_regex=None, packages_above=None, packages_above_and_dependencies=None, packages_above_depth=None, packages_select_by_dep=None, packages_skip_by_dep=None, packages_skip_up_to=None, packages_select_build_failed=False, packages_skip_build_finished=False, packages_select_test_failures=False, packages_skip_test_passed=False, packages_select=None, packages_skip=None, packages_select_regex=None, packages_skip_regex=None, packages_start=None, packages_end=None, allow_overriding=[], cmake_args=None, cmake_target=None, cmake_target_skip_unavailable=False, cmake_clean_cache=False, cmake_clean_first=False, cmake_force_configure=False, ament_cmake_args=None, catkin_cmake_args=None, catkin_skip_building_tests=False, mixin_files=None, mixin=None, verb_parser=<colcon_mixin.mixin.mixin_argument.MixinArgumentDecorator object at 0x746b600d2e00>, verb_extension=<colcon_core.verb.build.BuildVerb object at 0x746b60247d00>, main=<bound method BuildVerb.main of <colcon_core.verb.build.BuildVerb object at 0x746b60247d00>>, mixin_verb=('build',))
[0.609s] Level 1:colcon.colcon_core.package_discovery:discover_packages(colcon_meta) check parameters
[0.610s] Level 1:colcon.colcon_core.package_discovery:discover_packages(recursive) check parameters
[0.610s] Level 1:colcon.colcon_core.package_discovery:discover_packages(ignore) check parameters
[0.610s] Level 1:colcon.colcon_core.package_discovery:discover_packages(path) check parameters
[0.610s] Level 1:colcon.colcon_core.package_discovery:discover_packages(colcon_meta) discover
[0.610s] Level 1:colcon.colcon_core.package_discovery:discover_packages(recursive) discover
[0.610s] INFO:colcon.colcon_core.package_discovery:Crawling recursively for packages in '/root/SESASR-LAB'
[0.610s] Level 1:colcon.colcon_core.package_identification:_identify(.) by extensions ['ignore', 'ignore_ament_install']
[0.610s] Level 1:colcon.colcon_core.package_identification:_identify(.) by extension 'ignore'
[0.610s] Level 1:colcon.colcon_core.package_identification:_identify(.) by extension 'ignore_ament_install'
[0.610s] Level 1:colcon.colcon_core.package_identification:_identify(.) by extensions ['colcon_pkg']
[0.611s] Level 1:colcon.colcon_core.package_identification:_identify(.) by extension 'colcon_pkg'
[0.611s] Level 1:colcon.colcon_core.package_identification:_identify(.) by extensions ['colcon_meta']
[0.611s] Level 1:colcon.colcon_core.package_identification:_identify(.) by extension 'colcon_meta'
[0.611s] Level 1:colcon.colcon_core.package_identification:_identify(.) by extensions ['ros']
[0.611s] Level 1:colcon.colcon_core.package_identification:_identify(.) by extension 'ros'
[0.624s] Level 1:colcon.colcon_core.package_identification:_identify(.) by extensions ['cmake', 'python']
[0.624s] Level 1:colcon.colcon_core.package_identification:_identify(.) by extension 'cmake'
[0.624s] Level 1:colcon.colcon_core.package_identification:_identify(.) by extension 'python'
[0.624s] Level 1:colcon.colcon_core.package_identification:_identify(.) by extensions ['python_setup_py']
[0.624s] Level 1:colcon.colcon_core.package_identification:_identify(.) by extension 'python_setup_py'
[0.624s] Level 1:colcon.colcon_core.package_identification:_identify(build) by extensions ['ignore', 'ignore_ament_install']
[0.625s] Level 1:colcon.colcon_core.package_identification:_identify(build) by extension 'ignore'
[0.625s] Level 1:colcon.colcon_core.package_identification:_identify(build) ignored
[0.625s] Level 1:colcon.colcon_core.package_identification:_identify(install) by extensions ['ignore', 'ignore_ament_install']
[0.625s] Level 1:colcon.colcon_core.package_identification:_identify(install) by extension 'ignore'
[0.625s] Level 1:colcon.colcon_core.package_identification:_identify(install) ignored
[0.625s] Level 1:colcon.colcon_core.package_identification:_identify(log) by extensions ['ignore', 'ignore_ament_install']
[0.625s] Level 1:colcon.colcon_core.package_identification:_identify(log) by extension 'ignore'
[0.625s] Level 1:colcon.colcon_core.package_identification:_identify(log) ignored
[0.625s] Level 1:colcon.colcon_core.package_identification:_identify(py_pubsub) by extensions ['ignore', 'ignore_ament_install']
[0.625s] Level 1:colcon.colcon_core.package_identification:_identify(py_pubsub) by extension 'ignore'
[0.626s] Level 1:colcon.colcon_core.package_identification:_identify(py_pubsub) by extension 'ignore_ament_install'
[0.626s] Level 1:colcon.colcon_core.package_identification:_identify(py_pubsub) by extensions ['colcon_pkg']
[0.626s] Level 1:colcon.colcon_core.package_identification:_identify(py_pubsub) by extension 'colcon_pkg'
[0.626s] Level 1:colcon.colcon_core.package_identification:_identify(py_pubsub) by extensions ['colcon_meta']
[0.626s] Level 1:colcon.colcon_core.package_identification:_identify(py_pubsub) by extension 'colcon_meta'
[0.626s] Level 1:colcon.colcon_core.package_identification:_identify(py_pubsub) by extensions ['ros']
[0.626s] Level 1:colcon.colcon_core.package_identification:_identify(py_pubsub) by extension 'ros'
[0.626s] Level 1:colcon.colcon_core.package_identification:_identify(py_pubsub) by extensions ['cmake', 'python']
[0.626s] Level 1:colcon.colcon_core.package_identification:_identify(py_pubsub) by extension 'cmake'
[0.626s] Level 1:colcon.colcon_core.package_identification:_identify(py_pubsub) by extension 'python'
[0.626s] Level 1:colcon.colcon_core.package_identification:_identify(py_pubsub) by extensions ['python_setup_py']
[0.626s] Level 1:colcon.colcon_core.package_identification:_identify(py_pubsub) by extension 'python_setup_py'
[0.626s] Level 1:colcon.colcon_core.package_identification:_identify(python-crash-intro) by extensions ['ignore', 'ignore_ament_install']
[0.626s] Level 1:colcon.colcon_core.package_identification:_identify(python-crash-intro) by extension 'ignore'
[0.627s] Level 1:colcon.colcon_core.package_identification:_identify(python-crash-intro) by extension 'ignore_ament_install'
[0.627s] Level 1:colcon.colcon_core.package_identification:_identify(python-crash-intro) by extensions ['colcon_pkg']
[0.627s] Level 1:colcon.colcon_core.package_identification:_identify(python-crash-intro) by extension 'colcon_pkg'
[0.627s] Level 1:colcon.colcon_core.package_identification:_identify(python-crash-intro) by extensions ['colcon_meta']
[0.627s] Level 1:colcon.colcon_core.package_identification:_identify(python-crash-intro) by extension 'colcon_meta'
[0.627s] Level 1:colcon.colcon_core.package_identification:_identify(python-crash-intro) by extensions ['ros']
[0.627s] Level 1:colcon.colcon_core.package_identification:_identify(python-crash-intro) by extension 'ros'
[0.627s] Level 1:colcon.colcon_core.package_identification:_identify(python-crash-intro) by extensions ['cmake', 'python']
[0.627s] Level 1:colcon.colcon_core.package_identification:_identify(python-crash-intro) by extension 'cmake'
[0.627s] Level 1:colcon.colcon_core.package_identification:_identify(python-crash-intro) by extension 'python'
[0.627s] Level 1:colcon.colcon_core.package_identification:_identify(python-crash-intro) by extensions ['python_setup_py']
[0.627s] Level 1:colcon.colcon_core.package_identification:_identify(python-crash-intro) by extension 'python_setup_py'
[0.627s] Level 1:colcon.colcon_core.package_identification:_identify(python-crash-intro/Module0_Basics) by extensions ['ignore', 'ignore_ament_install']
[0.627s] Level 1:colcon.colcon_core.package_identification:_identify(python-crash-intro/Module0_Basics) by extension 'ignore'
[0.627s] Level 1:colcon.colcon_core.package_identification:_identify(python-crash-intro/Module0_Basics) by extension 'ignore_ament_install'
[0.627s] Level 1:colcon.colcon_core.package_identification:_identify(python-crash-intro/Module0_Basics) by extensions ['colcon_pkg']
[0.627s] Level 1:colcon.colcon_core.package_identification:_identify(python-crash-intro/Module0_Basics) by extension 'colcon_pkg'
[0.627s] Level 1:colcon.colcon_core.package_identification:_identify(python-crash-intro/Module0_Basics) by extensions ['colcon_meta']
[0.628s] Level 1:colcon.colcon_core.package_identification:_identify(python-crash-intro/Module0_Basics) by extension 'colcon_meta'
[0.628s] Level 1:colcon.colcon_core.package_identification:_identify(python-crash-intro/Module0_Basics) by extensions ['ros']
[0.628s] Level 1:colcon.colcon_core.package_identification:_identify(python-crash-intro/Module0_Basics) by extension 'ros'
[0.628s] Level 1:colcon.colcon_core.package_identification:_identify(python-crash-intro/Module0_Basics) by extensions ['cmake', 'python']
[0.628s] Level 1:colcon.colcon_core.package_identification:_identify(python-crash-intro/Module0_Basics) by extension 'cmake'
[0.628s] Level 1:colcon.colcon_core.package_identification:_identify(python-crash-intro/Module0_Basics) by extension 'python'
[0.628s] Level 1:colcon.colcon_core.package_identification:_identify(python-crash-intro/Module0_Basics) by extensions ['python_setup_py']
[0.628s] Level 1:colcon.colcon_core.package_identification:_identify(python-crash-intro/Module0_Basics) by extension 'python_setup_py'
[0.628s] Level 1:colcon.colcon_core.package_identification:_identify(python-crash-intro/Module1_Functions) by extensions ['ignore', 'ignore_ament_install']
[0.628s] Level 1:colcon.colcon_core.package_identification:_identify(python-crash-intro/Module1_Functions) by extension 'ignore'
[0.628s] Level 1:colcon.colcon_core.package_identification:_identify(python-crash-intro/Module1_Functions) by extension 'ignore_ament_install'
[0.628s] Level 1:colcon.colcon_core.package_identification:_identify(python-crash-intro/Module1_Functions) by extensions ['colcon_pkg']
[0.629s] Level 1:colcon.colcon_core.package_identification:_identify(python-crash-intro/Module1_Functions) by extension 'colcon_pkg'
[0.629s] Level 1:colcon.colcon_core.package_identification:_identify(python-crash-intro/Module1_Functions) by extensions ['colcon_meta']
[0.629s] Level 1:colcon.colcon_core.package_identification:_identify(python-crash-intro/Module1_Functions) by extension 'colcon_meta'
[0.629s] Level 1:colcon.colcon_core.package_identification:_identify(python-crash-intro/Module1_Functions) by extensions ['ros']
[0.629s] Level 1:colcon.colcon_core.package_identification:_identify(python-crash-intro/Module1_Functions) by extension 'ros'
[0.630s] Level 1:colcon.colcon_core.package_identification:_identify(python-crash-intro/Module1_Functions) by extensions ['cmake', 'python']
[0.630s] Level 1:colcon.colcon_core.package_identification:_identify(python-crash-intro/Module1_Functions) by extension 'cmake'
[0.630s] Level 1:colcon.colcon_core.package_identification:_identify(python-crash-intro/Module1_Functions) by extension 'python'
[0.630s] Level 1:colcon.colcon_core.package_identification:_identify(python-crash-intro/Module1_Functions) by extensions ['python_setup_py']
[0.630s] Level 1:colcon.colcon_core.package_identification:_identify(python-crash-intro/Module1_Functions) by extension 'python_setup_py'
[0.630s] Level 1:colcon.colcon_core.package_identification:_identify(python-crash-intro/Module1_Functions/__pycache__) by extensions ['ignore', 'ignore_ament_install']
[0.631s] Level 1:colcon.colcon_core.package_identification:_identify(python-crash-intro/Module1_Functions/__pycache__) by extension 'ignore'
[0.631s] Level 1:colcon.colcon_core.package_identification:_identify(python-crash-intro/Module1_Functions/__pycache__) by extension 'ignore_ament_install'
[0.631s] Level 1:colcon.colcon_core.package_identification:_identify(python-crash-intro/Module1_Functions/__pycache__) by extensions ['colcon_pkg']
[0.631s] Level 1:colcon.colcon_core.package_identification:_identify(python-crash-intro/Module1_Functions/__pycache__) by extension 'colcon_pkg'
[0.631s] Level 1:colcon.colcon_core.package_identification:_identify(python-crash-intro/Module1_Functions/__pycache__) by extensions ['colcon_meta']
[0.631s] Level 1:colcon.colcon_core.package_identification:_identify(python-crash-intro/Module1_Functions/__pycache__) by extension 'colcon_meta'
[0.631s] Level 1:colcon.colcon_core.package_identification:_identify(python-crash-intro/Module1_Functions/__pycache__) by extensions ['ros']
[0.631s] Level 1:colcon.colcon_core.package_identification:_identify(python-crash-intro/Module1_Functions/__pycache__) by extension 'ros'
[0.631s] Level 1:colcon.colcon_core.package_identification:_identify(python-crash-intro/Module1_Functions/__pycache__) by extensions ['cmake', 'python']
[0.631s] Level 1:colcon.colcon_core.package_identification:_identify(python-crash-intro/Module1_Functions/__pycache__) by extension 'cmake'
[0.632s] Level 1:colcon.colcon_core.package_identification:_identify(python-crash-intro/Module1_Functions/__pycache__) by extension 'python'
[0.632s] Level 1:colcon.colcon_core.package_identification:_identify(python-crash-intro/Module1_Functions/__pycache__) by extensions ['python_setup_py']
[0.632s] Level 1:colcon.colcon_core.package_identification:_identify(python-crash-intro/Module1_Functions/__pycache__) by extension 'python_setup_py'
[0.632s] Level 1:colcon.colcon_core.package_identification:_identify(python-crash-intro/Module2_ObjectsProgramming) by extensions ['ignore', 'ignore_ament_install']
[0.632s] Level 1:colcon.colcon_core.package_identification:_identify(python-crash-intro/Module2_ObjectsProgramming) by extension 'ignore'
[0.632s] Level 1:colcon.colcon_core.package_identification:_identify(python-crash-intro/Module2_ObjectsProgramming) by extension 'ignore_ament_install'
[0.632s] Level 1:colcon.colcon_core.package_identification:_identify(python-crash-intro/Module2_ObjectsProgramming) by extensions ['colcon_pkg']
[0.632s] Level 1:colcon.colcon_core.package_identification:_identify(python-crash-intro/Module2_ObjectsProgramming) by extension 'colcon_pkg'
[0.632s] Level 1:colcon.colcon_core.package_identification:_identify(python-crash-intro/Module2_ObjectsProgramming) by extensions ['colcon_meta']
[0.632s] Level 1:colcon.colcon_core.package_identification:_identify(python-crash-intro/Module2_ObjectsProgramming) by extension 'colcon_meta'
[0.632s] Level 1:colcon.colcon_core.package_identification:_identify(python-crash-intro/Module2_ObjectsProgramming) by extensions ['ros']
[0.632s] Level 1:colcon.colcon_core.package_identification:_identify(python-crash-intro/Module2_ObjectsProgramming) by extension 'ros'
[0.633s] Level 1:colcon.colcon_core.package_identification:_identify(python-crash-intro/Module2_ObjectsProgramming) by extensions ['cmake', 'python']
[0.633s] Level 1:colcon.colcon_core.package_identification:_identify(python-crash-intro/Module2_ObjectsProgramming) by extension 'cmake'
[0.633s] Level 1:colcon.colcon_core.package_identification:_identify(python-crash-intro/Module2_ObjectsProgramming) by extension 'python'
[0.633s] Level 1:colcon.colcon_core.package_identification:_identify(python-crash-intro/Module2_ObjectsProgramming) by extensions ['python_setup_py']
[0.633s] Level 1:colcon.colcon_core.package_identification:_identify(python-crash-intro/Module2_ObjectsProgramming) by extension 'python_setup_py'
[0.633s] Level 1:colcon.colcon_core.package_identification:_identify(python-crash-intro/Module3_Numpy) by extensions ['ignore', 'ignore_ament_install']
[0.633s] Level 1:colcon.colcon_core.package_identification:_identify(python-crash-intro/Module3_Numpy) by extension 'ignore'
[0.633s] Level 1:colcon.colcon_core.package_identification:_identify(python-crash-intro/Module3_Numpy) by extension 'ignore_ament_install'
[0.633s] Level 1:colcon.colcon_core.package_identification:_identify(python-crash-intro/Module3_Numpy) by extensions ['colcon_pkg']
[0.633s] Level 1:colcon.colcon_core.package_identification:_identify(python-crash-intro/Module3_Numpy) by extension 'colcon_pkg'
[0.633s] Level 1:colcon.colcon_core.package_identification:_identify(python-crash-intro/Module3_Numpy) by extensions ['colcon_meta']
[0.633s] Level 1:colcon.colcon_core.package_identification:_identify(python-crash-intro/Module3_Numpy) by extension 'colcon_meta'
[0.633s] Level 1:colcon.colcon_core.package_identification:_identify(python-crash-intro/Module3_Numpy) by extensions ['ros']
[0.633s] Level 1:colcon.colcon_core.package_identification:_identify(python-crash-intro/Module3_Numpy) by extension 'ros'
[0.634s] Level 1:colcon.colcon_core.package_identification:_identify(python-crash-intro/Module3_Numpy) by extensions ['cmake', 'python']
[0.634s] Level 1:colcon.colcon_core.package_identification:_identify(python-crash-intro/Module3_Numpy) by extension 'cmake'
[0.634s] Level 1:colcon.colcon_core.package_identification:_identify(python-crash-intro/Module3_Numpy) by extension 'python'
[0.634s] Level 1:colcon.colcon_core.package_identification:_identify(python-crash-intro/Module3_Numpy) by extensions ['python_setup_py']
[0.634s] Level 1:colcon.colcon_core.package_identification:_identify(python-crash-intro/Module3_Numpy) by extension 'python_setup_py'
[0.634s] Level 1:colcon.colcon_core.package_identification:_identify(python-crash-intro/Module4_Simpy) by extensions ['ignore', 'ignore_ament_install']
[0.634s] Level 1:colcon.colcon_core.package_identification:_identify(python-crash-intro/Module4_Simpy) by extension 'ignore'
[0.634s] Level 1:colcon.colcon_core.package_identification:_identify(python-crash-intro/Module4_Simpy) by extension 'ignore_ament_install'
[0.634s] Level 1:colcon.colcon_core.package_identification:_identify(python-crash-intro/Module4_Simpy) by extensions ['colcon_pkg']
[0.634s] Level 1:colcon.colcon_core.package_identification:_identify(python-crash-intro/Module4_Simpy) by extension 'colcon_pkg'
[0.634s] Level 1:colcon.colcon_core.package_identification:_identify(python-crash-intro/Module4_Simpy) by extensions ['colcon_meta']
[0.634s] Level 1:colcon.colcon_core.package_identification:_identify(python-crash-intro/Module4_Simpy) by extension 'colcon_meta'
[0.634s] Level 1:colcon.colcon_core.package_identification:_identify(python-crash-intro/Module4_Simpy) by extensions ['ros']
[0.634s] Level 1:colcon.colcon_core.package_identification:_identify(python-crash-intro/Module4_Simpy) by extension 'ros'
[0.634s] Level 1:colcon.colcon_core.package_identification:_identify(python-crash-intro/Module4_Simpy) by extensions ['cmake', 'python']
[0.634s] Level 1:colcon.colcon_core.package_identification:_identify(python-crash-intro/Module4_Simpy) by extension 'cmake'
[0.634s] Level 1:colcon.colcon_core.package_identification:_identify(python-crash-intro/Module4_Simpy) by extension 'python'
[0.634s] Level 1:colcon.colcon_core.package_identification:_identify(python-crash-intro/Module4_Simpy) by extensions ['python_setup_py']
[0.634s] Level 1:colcon.colcon_core.package_identification:_identify(python-crash-intro/Module4_Simpy) by extension 'python_setup_py'
[0.635s] Level 1:colcon.colcon_core.package_identification:_identify(src) by extensions ['ignore', 'ignore_ament_install']
[0.635s] Level 1:colcon.colcon_core.package_identification:_identify(src) by extension 'ignore'
[0.635s] Level 1:colcon.colcon_core.package_identification:_identify(src) by extension 'ignore_ament_install'
[0.635s] Level 1:colcon.colcon_core.package_identification:_identify(src) by extensions ['colcon_pkg']
[0.635s] Level 1:colcon.colcon_core.package_identification:_identify(src) by extension 'colcon_pkg'
[0.635s] Level 1:colcon.colcon_core.package_identification:_identify(src) by extensions ['colcon_meta']
[0.635s] Level 1:colcon.colcon_core.package_identification:_identify(src) by extension 'colcon_meta'
[0.635s] Level 1:colcon.colcon_core.package_identification:_identify(src) by extensions ['ros']
[0.635s] Level 1:colcon.colcon_core.package_identification:_identify(src) by extension 'ros'
[0.635s] Level 1:colcon.colcon_core.package_identification:_identify(src) by extensions ['cmake', 'python']
[0.635s] Level 1:colcon.colcon_core.package_identification:_identify(src) by extension 'cmake'
[0.635s] Level 1:colcon.colcon_core.package_identification:_identify(src) by extension 'python'
[0.635s] Level 1:colcon.colcon_core.package_identification:_identify(src) by extensions ['python_setup_py']
[0.635s] Level 1:colcon.colcon_core.package_identification:_identify(src) by extension 'python_setup_py'
[0.635s] Level 1:colcon.colcon_core.package_identification:_identify(src/lab01_pkg) by extensions ['ignore', 'ignore_ament_install']
[0.636s] Level 1:colcon.colcon_core.package_identification:_identify(src/lab01_pkg) by extension 'ignore'
[0.636s] Level 1:colcon.colcon_core.package_identification:_identify(src/lab01_pkg) by extension 'ignore_ament_install'
[0.636s] Level 1:colcon.colcon_core.package_identification:_identify(src/lab01_pkg) by extensions ['colcon_pkg']
[0.636s] Level 1:colcon.colcon_core.package_identification:_identify(src/lab01_pkg) by extension 'colcon_pkg'
[0.636s] Level 1:colcon.colcon_core.package_identification:_identify(src/lab01_pkg) by extensions ['colcon_meta']
[0.636s] Level 1:colcon.colcon_core.package_identification:_identify(src/lab01_pkg) by extension 'colcon_meta'
[0.636s] Level 1:colcon.colcon_core.package_identification:_identify(src/lab01_pkg) by extensions ['ros']
[0.636s] Level 1:colcon.colcon_core.package_identification:_identify(src/lab01_pkg) by extension 'ros'
[0.639s] DEBUG:colcon.colcon_core.package_identification:Package 'src/lab01_pkg' with type 'ros.ament_python' and name 'lab01_pkg'
[0.640s] Level 1:colcon.colcon_core.package_identification:_identify(src/lab02_pkg) by extensions ['ignore', 'ignore_ament_install']
[0.640s] Level 1:colcon.colcon_core.package_identification:_identify(src/lab02_pkg) by extension 'ignore'
[0.640s] Level 1:colcon.colcon_core.package_identification:_identify(src/lab02_pkg) by extension 'ignore_ament_install'
[0.640s] Level 1:colcon.colcon_core.package_identification:_identify(src/lab02_pkg) by extensions ['colcon_pkg']
[0.640s] Level 1:colcon.colcon_core.package_identification:_identify(src/lab02_pkg) by extension 'colcon_pkg'
[0.640s] Level 1:colcon.colcon_core.package_identification:_identify(src/lab02_pkg) by extensions ['colcon_meta']
[0.640s] Level 1:colcon.colcon_core.package_identification:_identify(src/lab02_pkg) by extension 'colcon_meta'
[0.640s] Level 1:colcon.colcon_core.package_identification:_identify(src/lab02_pkg) by extensions ['ros']
[0.640s] Level 1:colcon.colcon_core.package_identification:_identify(src/lab02_pkg) by extension 'ros'
[0.641s] DEBUG:colcon.colcon_core.package_identification:Package 'src/lab02_pkg' with type 'ros.ament_python' and name 'lab02_pkg'
[0.641s] Level 1:colcon.colcon_core.package_identification:_identify(src/py_pubsub) by extensions ['ignore', 'ignore_ament_install']
[0.641s] Level 1:colcon.colcon_core.package_identification:_identify(src/py_pubsub) by extension 'ignore'
[0.642s] Level 1:colcon.colcon_core.package_identification:_identify(src/py_pubsub) by extension 'ignore_ament_install'
[0.642s] Level 1:colcon.colcon_core.package_identification:_identify(src/py_pubsub) by extensions ['colcon_pkg']
[0.642s] Level 1:colcon.colcon_core.package_identification:_identify(src/py_pubsub) by extension 'colcon_pkg'
[0.642s] Level 1:colcon.colcon_core.package_identification:_identify(src/py_pubsub) by extensions ['colcon_meta']
[0.642s] Level 1:colcon.colcon_core.package_identification:_identify(src/py_pubsub) by extension 'colcon_meta'
[0.642s] Level 1:colcon.colcon_core.package_identification:_identify(src/py_pubsub) by extensions ['ros']
[0.642s] Level 1:colcon.colcon_core.package_identification:_identify(src/py_pubsub) by extension 'ros'
[0.643s] DEBUG:colcon.colcon_core.package_identification:Package 'src/py_pubsub' with type 'ros.ament_python' and name 'py_pubsub'
[0.643s] Level 1:colcon.colcon_core.package_identification:_identify(src/turtlebot3_simulations) by extensions ['ignore', 'ignore_ament_install']
[0.643s] Level 1:colcon.colcon_core.package_identification:_identify(src/turtlebot3_simulations) by extension 'ignore'
[0.643s] Level 1:colcon.colcon_core.package_identification:_identify(src/turtlebot3_simulations) by extension 'ignore_ament_install'
[0.643s] Level 1:colcon.colcon_core.package_identification:_identify(src/turtlebot3_simulations) by extensions ['colcon_pkg']
[0.643s] Level 1:colcon.colcon_core.package_identification:_identify(src/turtlebot3_simulations) by extension 'colcon_pkg'
[0.643s] Level 1:colcon.colcon_core.package_identification:_identify(src/turtlebot3_simulations) by extensions ['colcon_meta']
[0.643s] Level 1:colcon.colcon_core.package_identification:_identify(src/turtlebot3_simulations) by extension 'colcon_meta'
[0.643s] Level 1:colcon.colcon_core.package_identification:_identify(src/turtlebot3_simulations) by extensions ['ros']
[0.643s] Level 1:colcon.colcon_core.package_identification:_identify(src/turtlebot3_simulations) by extension 'ros'
[0.644s] Level 1:colcon.colcon_core.package_identification:_identify(src/turtlebot3_simulations) by extensions ['cmake', 'python']
[0.644s] Level 1:colcon.colcon_core.package_identification:_identify(src/turtlebot3_simulations) by extension 'cmake'
[0.644s] Level 1:colcon.colcon_core.package_identification:_identify(src/turtlebot3_simulations) by extension 'python'
[0.644s] Level 1:colcon.colcon_core.package_identification:_identify(src/turtlebot3_simulations) by extensions ['python_setup_py']
[0.644s] Level 1:colcon.colcon_core.package_identification:_identify(src/turtlebot3_simulations) by extension 'python_setup_py'
[0.644s] Level 1:colcon.colcon_core.package_identification:_identify(src/turtlebot3_simulations/turtlebot3_fake_node) by extensions ['ignore', 'ignore_ament_install']
[0.644s] Level 1:colcon.colcon_core.package_identification:_identify(src/turtlebot3_simulations/turtlebot3_fake_node) by extension 'ignore'
[0.645s] Level 1:colcon.colcon_core.package_identification:_identify(src/turtlebot3_simulations/turtlebot3_fake_node) by extension 'ignore_ament_install'
[0.645s] Level 1:colcon.colcon_core.package_identification:_identify(src/turtlebot3_simulations/turtlebot3_fake_node) by extensions ['colcon_pkg']
[0.645s] Level 1:colcon.colcon_core.package_identification:_identify(src/turtlebot3_simulations/turtlebot3_fake_node) by extension 'colcon_pkg'
[0.645s] Level 1:colcon.colcon_core.package_identification:_identify(src/turtlebot3_simulations/turtlebot3_fake_node) by extensions ['colcon_meta']
[0.645s] Level 1:colcon.colcon_core.package_identification:_identify(src/turtlebot3_simulations/turtlebot3_fake_node) by extension 'colcon_meta'
[0.645s] Level 1:colcon.colcon_core.package_identification:_identify(src/turtlebot3_simulations/turtlebot3_fake_node) by extensions ['ros']
[0.645s] Level 1:colcon.colcon_core.package_identification:_identify(src/turtlebot3_simulations/turtlebot3_fake_node) by extension 'ros'
[0.649s] DEBUG:colcon.colcon_core.package_identification:Package 'src/turtlebot3_simulations/turtlebot3_fake_node' with type 'ros.ament_cmake' and name 'turtlebot3_fake_node'
[0.650s] Level 1:colcon.colcon_core.package_identification:_identify(src/turtlebot3_simulations/turtlebot3_gazebo) by extensions ['ignore', 'ignore_ament_install']
[0.650s] Level 1:colcon.colcon_core.package_identification:_identify(src/turtlebot3_simulations/turtlebot3_gazebo) by extension 'ignore'
[0.650s] Level 1:colcon.colcon_core.package_identification:_identify(src/turtlebot3_simulations/turtlebot3_gazebo) by extension 'ignore_ament_install'
[0.650s] Level 1:colcon.colcon_core.package_identification:_identify(src/turtlebot3_simulations/turtlebot3_gazebo) by extensions ['colcon_pkg']
[0.650s] Level 1:colcon.colcon_core.package_identification:_identify(src/turtlebot3_simulations/turtlebot3_gazebo) by extension 'colcon_pkg'
[0.650s] Level 1:colcon.colcon_core.package_identification:_identify(src/turtlebot3_simulations/turtlebot3_gazebo) by extensions ['colcon_meta']
[0.650s] Level 1:colcon.colcon_core.package_identification:_identify(src/turtlebot3_simulations/turtlebot3_gazebo) by extension 'colcon_meta'
[0.650s] Level 1:colcon.colcon_core.package_identification:_identify(src/turtlebot3_simulations/turtlebot3_gazebo) by extensions ['ros']
[0.650s] Level 1:colcon.colcon_core.package_identification:_identify(src/turtlebot3_simulations/turtlebot3_gazebo) by extension 'ros'
[0.651s] DEBUG:colcon.colcon_core.package_identification:Package 'src/turtlebot3_simulations/turtlebot3_gazebo' with type 'ros.ament_cmake' and name 'turtlebot3_gazebo'
[0.652s] Level 1:colcon.colcon_core.package_identification:_identify(src/turtlebot3_simulations/turtlebot3_ignition) by extensions ['ignore', 'ignore_ament_install']
[0.652s] Level 1:colcon.colcon_core.package_identification:_identify(src/turtlebot3_simulations/turtlebot3_ignition) by extension 'ignore'
[0.652s] Level 1:colcon.colcon_core.package_identification:_identify(src/turtlebot3_simulations/turtlebot3_ignition) ignored
[0.652s] Level 1:colcon.colcon_core.package_identification:_identify(src/turtlebot3_simulations/turtlebot3_simulations) by extensions ['ignore', 'ignore_ament_install']
[0.652s] Level 1:colcon.colcon_core.package_identification:_identify(src/turtlebot3_simulations/turtlebot3_simulations) by extension 'ignore'
[0.652s] Level 1:colcon.colcon_core.package_identification:_identify(src/turtlebot3_simulations/turtlebot3_simulations) by extension 'ignore_ament_install'
[0.652s] Level 1:colcon.colcon_core.package_identification:_identify(src/turtlebot3_simulations/turtlebot3_simulations) by extensions ['colcon_pkg']
[0.652s] Level 1:colcon.colcon_core.package_identification:_identify(src/turtlebot3_simulations/turtlebot3_simulations) by extension 'colcon_pkg'
[0.652s] Level 1:colcon.colcon_core.package_identification:_identify(src/turtlebot3_simulations/turtlebot3_simulations) by extensions ['colcon_meta']
[0.652s] Level 1:colcon.colcon_core.package_identification:_identify(src/turtlebot3_simulations/turtlebot3_simulations) by extension 'colcon_meta'
[0.652s] Level 1:colcon.colcon_core.package_identification:_identify(src/turtlebot3_simulations/turtlebot3_simulations) by extensions ['ros']
[0.652s] Level 1:colcon.colcon_core.package_identification:_identify(src/turtlebot3_simulations/turtlebot3_simulations) by extension 'ros'
[0.653s] DEBUG:colcon.colcon_core.package_identification:Package 'src/turtlebot3_simulations/turtlebot3_simulations' with type 'ros.ament_cmake' and name 'turtlebot3_simulations'
[0.653s] Level 1:colcon.colcon_core.package_discovery:discover_packages(recursive) using defaults
[0.653s] Level 1:colcon.colcon_core.package_discovery:discover_packages(ignore) discover
[0.653s] Level 1:colcon.colcon_core.package_discovery:discover_packages(ignore) using defaults
[0.653s] Level 1:colcon.colcon_core.package_discovery:discover_packages(path) discover
[0.653s] Level 1:colcon.colcon_core.package_discovery:discover_packages(path) using defaults
[0.708s] Level 1:colcon.colcon_core.package_discovery:discover_packages(prefix_path) check parameters
[0.708s] Level 1:colcon.colcon_core.package_discovery:discover_packages(prefix_path) discover
[0.716s] DEBUG:colcon.colcon_installed_package_information.package_discovery:Found 6 installed packages in /root/SESASR-LAB/install
[0.718s] DEBUG:colcon.colcon_installed_package_information.package_discovery:Found 397 installed packages in /opt/ros/humble
[0.719s] Level 1:colcon.colcon_core.package_discovery:discover_packages(prefix_path) using defaults
[0.779s] Level 5:colcon.colcon_core.verb:set package 'lab01_pkg' build argument 'cmake_args' from command line to 'None'
[0.779s] Level 5:colcon.colcon_core.verb:set package 'lab01_pkg' build argument 'cmake_target' from command line to 'None'
[0.779s] Level 5:colcon.colcon_core.verb:set package 'lab01_pkg' build argument 'cmake_target_skip_unavailable' from command line to 'False'
[0.779s] Level 5:colcon.colcon_core.verb:set package 'lab01_pkg' build argument 'cmake_clean_cache' from command line to 'False'
[0.779s] Level 5:colcon.colcon_core.verb:set package 'lab01_pkg' build argument 'cmake_clean_first' from command line to 'False'
[0.779s] Level 5:colcon.colcon_core.verb:set package 'lab01_pkg' build argument 'cmake_force_configure' from command line to 'False'
[0.779s] Level 5:colcon.colcon_core.verb:set package 'lab01_pkg' build argument 'ament_cmake_args' from command line to 'None'
[0.779s] Level 5:colcon.colcon_core.verb:set package 'lab01_pkg' build argument 'catkin_cmake_args' from command line to 'None'
[0.779s] Level 5:colcon.colcon_core.verb:set package 'lab01_pkg' build argument 'catkin_skip_building_tests' from command line to 'False'
[0.779s] DEBUG:colcon.colcon_core.verb:Building package 'lab01_pkg' with the following arguments: {'ament_cmake_args': None, 'build_base': '/root/SESASR-LAB/build/lab01_pkg', 'catkin_cmake_args': None, 'catkin_skip_building_tests': False, 'cmake_args': None, 'cmake_clean_cache': False, 'cmake_clean_first': False, 'cmake_force_configure': False, 'cmake_target': None, 'cmake_target_skip_unavailable': False, 'install_base': '/root/SESASR-LAB/install/lab01_pkg', 'merge_install': False, 'path': '/root/SESASR-LAB/src/lab01_pkg', 'symlink_install': True, 'test_result_base': None}
[0.780s] Level 5:colcon.colcon_core.verb:set package 'lab02_pkg' build argument 'cmake_args' from command line to 'None'
[0.780s] Level 5:colcon.colcon_core.verb:set package 'lab02_pkg' build argument 'cmake_target' from command line to 'None'
[0.780s] Level 5:colcon.colcon_core.verb:set package 'lab02_pkg' build argument 'cmake_target_skip_unavailable' from command line to 'False'
[0.780s] Level 5:colcon.colcon_core.verb:set package 'lab02_pkg' build argument 'cmake_clean_cache' from command line to 'False'
[0.780s] Level 5:colcon.colcon_core.verb:set package 'lab02_pkg' build argument 'cmake_clean_first' from command line to 'False'
[0.780s] Level 5:colcon.colcon_core.verb:set package 'lab02_pkg' build argument 'cmake_force_configure' from command line to 'False'
[0.780s] Level 5:colcon.colcon_core.verb:set package 'lab02_pkg' build argument 'ament_cmake_args' from command line to 'None'
[0.780s] Level 5:colcon.colcon_core.verb:set package 'lab02_pkg' build argument 'catkin_cmake_args' from command line to 'None'
[0.780s] Level 5:colcon.colcon_core.verb:set package 'lab02_pkg' build argument 'catkin_skip_building_tests' from command line to 'False'
[0.780s] DEBUG:colcon.colcon_core.verb:Building package 'lab02_pkg' with the following arguments: {'ament_cmake_args': None, 'build_base': '/root/SESASR-LAB/build/lab02_pkg', 'catkin_cmake_args': None, 'catkin_skip_building_tests': False, 'cmake_args': None, 'cmake_clean_cache': False, 'cmake_clean_first': False, 'cmake_force_configure': False, 'cmake_target': None, 'cmake_target_skip_unavailable': False, 'install_base': '/root/SESASR-LAB/install/lab02_pkg', 'merge_install': False, 'path': '/root/SESASR-LAB/src/lab02_pkg', 'symlink_install': True, 'test_result_base': None}
[0.780s] Level 5:colcon.colcon_core.verb:set package 'py_pubsub' build argument 'cmake_args' from command line to 'None'
[0.780s] Level 5:colcon.colcon_core.verb:set package 'py_pubsub' build argument 'cmake_target' from command line to 'None'
[0.780s] Level 5:colcon.colcon_core.verb:set package 'py_pubsub' build argument 'cmake_target_skip_unavailable' from command line to 'False'
[0.780s] Level 5:colcon.colcon_core.verb:set package 'py_pubsub' build argument 'cmake_clean_cache' from command line to 'False'
[0.781s] Level 5:colcon.colcon_core.verb:set package 'py_pubsub' build argument 'cmake_clean_first' from command line to 'False'
[0.781s] Level 5:colcon.colcon_core.verb:set package 'py_pubsub' build argument 'cmake_force_configure' from command line to 'False'
[0.781s] Level 5:colcon.colcon_core.verb:set package 'py_pubsub' build argument 'ament_cmake_args' from command line to 'None'
[0.781s] Level 5:colcon.colcon_core.verb:set package 'py_pubsub' build argument 'catkin_cmake_args' from command line to 'None'
[0.781s] Level 5:colcon.colcon_core.verb:set package 'py_pubsub' build argument 'catkin_skip_building_tests' from command line to 'False'
[0.781s] DEBUG:colcon.colcon_core.verb:Building package 'py_pubsub' with the following arguments: {'ament_cmake_args': None, 'build_base': '/root/SESASR-LAB/build/py_pubsub', 'catkin_cmake_args': None, 'catkin_skip_building_tests': False, 'cmake_args': None, 'cmake_clean_cache': False, 'cmake_clean_first': False, 'cmake_force_configure': False, 'cmake_target': None, 'cmake_target_skip_unavailable': False, 'install_base': '/root/SESASR-LAB/install/py_pubsub', 'merge_install': False, 'path': '/root/SESASR-LAB/src/py_pubsub', 'symlink_install': True, 'test_result_base': None}
[0.781s] Level 5:colcon.colcon_core.verb:set package 'turtlebot3_fake_node' build argument 'cmake_args' from command line to 'None'
[0.781s] Level 5:colcon.colcon_core.verb:set package 'turtlebot3_fake_node' build argument 'cmake_target' from command line to 'None'
[0.781s] Level 5:colcon.colcon_core.verb:set package 'turtlebot3_fake_node' build argument 'cmake_target_skip_unavailable' from command line to 'False'
[0.781s] Level 5:colcon.colcon_core.verb:set package 'turtlebot3_fake_node' build argument 'cmake_clean_cache' from command line to 'False'
[0.781s] Level 5:colcon.colcon_core.verb:set package 'turtlebot3_fake_node' build argument 'cmake_clean_first' from command line to 'False'
[0.781s] Level 5:colcon.colcon_core.verb:set package 'turtlebot3_fake_node' build argument 'cmake_force_configure' from command line to 'False'
[0.781s] Level 5:colcon.colcon_core.verb:set package 'turtlebot3_fake_node' build argument 'ament_cmake_args' from command line to 'None'
[0.782s] Level 5:colcon.colcon_core.verb:set package 'turtlebot3_fake_node' build argument 'catkin_cmake_args' from command line to 'None'
[0.782s] Level 5:colcon.colcon_core.verb:set package 'turtlebot3_fake_node' build argument 'catkin_skip_building_tests' from command line to 'False'
[0.782s] DEBUG:colcon.colcon_core.verb:Building package 'turtlebot3_fake_node' with the following arguments: {'ament_cmake_args': None, 'build_base': '/root/SESASR-LAB/build/turtlebot3_fake_node', 'catkin_cmake_args': None, 'catkin_skip_building_tests': False, 'cmake_args': None, 'cmake_clean_cache': False, 'cmake_clean_first': False, 'cmake_force_configure': False, 'cmake_target': None, 'cmake_target_skip_unavailable': False, 'install_base': '/root/SESASR-LAB/install/turtlebot3_fake_node', 'merge_install': False, 'path': '/root/SESASR-LAB/src/turtlebot3_simulations/turtlebot3_fake_node', 'symlink_install': True, 'test_result_base': None}
[0.782s] Level 5:colcon.colcon_core.verb:set package 'turtlebot3_gazebo' build argument 'cmake_args' from command line to 'None'
[0.782s] Level 5:colcon.colcon_core.verb:set package 'turtlebot3_gazebo' build argument 'cmake_target' from command line to 'None'
[0.782s] Level 5:colcon.colcon_core.verb:set package 'turtlebot3_gazebo' build argument 'cmake_target_skip_unavailable' from command line to 'False'
[0.782s] Level 5:colcon.colcon_core.verb:set package 'turtlebot3_gazebo' build argument 'cmake_clean_cache' from command line to 'False'
[0.782s] Level 5:colcon.colcon_core.verb:set package 'turtlebot3_gazebo' build argument 'cmake_clean_first' from command line to 'False'
[0.782s] Level 5:colcon.colcon_core.verb:set package 'turtlebot3_gazebo' build argument 'cmake_force_configure' from command line to 'False'
[0.782s] Level 5:colcon.colcon_core.verb:set package 'turtlebot3_gazebo' build argument 'ament_cmake_args' from command line to 'None'
[0.782s] Level 5:colcon.colcon_core.verb:set package 'turtlebot3_gazebo' build argument 'catkin_cmake_args' from command line to 'None'
[0.782s] Level 5:colcon.colcon_core.verb:set package 'turtlebot3_gazebo' build argument 'catkin_skip_building_tests' from command line to 'False'
[0.782s] DEBUG:colcon.colcon_core.verb:Building package 'turtlebot3_gazebo' with the following arguments: {'ament_cmake_args': None, 'build_base': '/root/SESASR-LAB/build/turtlebot3_gazebo', 'catkin_cmake_args': None, 'catkin_skip_building_tests': False, 'cmake_args': None, 'cmake_clean_cache': False, 'cmake_clean_first': False, 'cmake_force_configure': False, 'cmake_target': None, 'cmake_target_skip_unavailable': False, 'install_base': '/root/SESASR-LAB/install/turtlebot3_gazebo', 'merge_install': False, 'path': '/root/SESASR-LAB/src/turtlebot3_simulations/turtlebot3_gazebo', 'symlink_install': True, 'test_result_base': None}
[0.783s] Level 5:colcon.colcon_core.verb:set package 'turtlebot3_simulations' build argument 'cmake_args' from command line to 'None'
[0.783s] Level 5:colcon.colcon_core.verb:set package 'turtlebot3_simulations' build argument 'cmake_target' from command line to 'None'
[0.783s] Level 5:colcon.colcon_core.verb:set package 'turtlebot3_simulations' build argument 'cmake_target_skip_unavailable' from command line to 'False'
[0.783s] Level 5:colcon.colcon_core.verb:set package 'turtlebot3_simulations' build argument 'cmake_clean_cache' from command line to 'False'
[0.783s] Level 5:colcon.colcon_core.verb:set package 'turtlebot3_simulations' build argument 'cmake_clean_first' from command line to 'False'
[0.783s] Level 5:colcon.colcon_core.verb:set package 'turtlebot3_simulations' build argument 'cmake_force_configure' from command line to 'False'
[0.783s] Level 5:colcon.colcon_core.verb:set package 'turtlebot3_simulations' build argument 'ament_cmake_args' from command line to 'None'
[0.783s] Level 5:colcon.colcon_core.verb:set package 'turtlebot3_simulations' build argument 'catkin_cmake_args' from command line to 'None'
[0.783s] Level 5:colcon.colcon_core.verb:set package 'turtlebot3_simulations' build argument 'catkin_skip_building_tests' from command line to 'False'
[0.783s] DEBUG:colcon.colcon_core.verb:Building package 'turtlebot3_simulations' with the following arguments: {'ament_cmake_args': None, 'build_base': '/root/SESASR-LAB/build/turtlebot3_simulations', 'catkin_cmake_args': None, 'catkin_skip_building_tests': False, 'cmake_args': None, 'cmake_clean_cache': False, 'cmake_clean_first': False, 'cmake_force_configure': False, 'cmake_target': None, 'cmake_target_skip_unavailable': False, 'install_base': '/root/SESASR-LAB/install/turtlebot3_simulations', 'merge_install': False, 'path': '/root/SESASR-LAB/src/turtlebot3_simulations/turtlebot3_simulations', 'symlink_install': True, 'test_result_base': None}
[0.783s] INFO:colcon.colcon_core.executor:Executing jobs using 'parallel' executor
[0.785s] DEBUG:colcon.colcon_parallel_executor.executor.parallel:run_until_complete
[0.785s] INFO:colcon.colcon_ros.task.ament_cmake.build:Building ROS package in '/root/SESASR-LAB/src/turtlebot3_simulations/turtlebot3_fake_node' with build type 'ament_cmake'
[0.785s] INFO:colcon.colcon_cmake.task.cmake.build:Building CMake package in '/root/SESASR-LAB/src/turtlebot3_simulations/turtlebot3_fake_node'
[0.796s] INFO:colcon.colcon_core.plugin_system:Skipping extension 'colcon_core.shell.bat': Not used on non-Windows systems
[0.797s] INFO:colcon.colcon_core.shell:Skip shell extension 'powershell' for command environment: Not usable outside of PowerShell
[0.797s] DEBUG:colcon.colcon_core.shell:Skip shell extension 'dsv' for command environment
[0.803s] INFO:colcon.colcon_ros.task.ament_python.build:Building ROS package in '/root/SESASR-LAB/src/lab01_pkg' with build type 'ament_python'
[0.804s] Level 1:colcon.colcon_core.shell:create_environment_hook('lab01_pkg', 'ament_prefix_path')
[0.805s] INFO:colcon.colcon_core.shell:Creating environment hook '/root/SESASR-LAB/install/lab01_pkg/share/lab01_pkg/hook/ament_prefix_path.ps1'
[0.807s] INFO:colcon.colcon_core.shell:Creating environment descriptor '/root/SESASR-LAB/install/lab01_pkg/share/lab01_pkg/hook/ament_prefix_path.dsv'
[0.808s] INFO:colcon.colcon_core.shell:Creating environment hook '/root/SESASR-LAB/install/lab01_pkg/share/lab01_pkg/hook/ament_prefix_path.sh'
[0.811s] INFO:colcon.colcon_core.shell:Skip shell extension 'powershell' for command environment: Not usable outside of PowerShell
[0.811s] DEBUG:colcon.colcon_core.shell:Skip shell extension 'dsv' for command environment
[0.819s] INFO:colcon.colcon_ros.task.ament_python.build:Building ROS package in '/root/SESASR-LAB/src/lab02_pkg' with build type 'ament_python'
[0.819s] Level 1:colcon.colcon_core.shell:create_environment_hook('lab02_pkg', 'ament_prefix_path')
[0.820s] INFO:colcon.colcon_core.shell:Creating environment hook '/root/SESASR-LAB/install/lab02_pkg/share/lab02_pkg/hook/ament_prefix_path.ps1'
[0.822s] INFO:colcon.colcon_core.shell:Creating environment descriptor '/root/SESASR-LAB/install/lab02_pkg/share/lab02_pkg/hook/ament_prefix_path.dsv'
[0.823s] INFO:colcon.colcon_core.shell:Creating environment hook '/root/SESASR-LAB/install/lab02_pkg/share/lab02_pkg/hook/ament_prefix_path.sh'
[0.825s] INFO:colcon.colcon_core.shell:Skip shell extension 'powershell' for command environment: Not usable outside of PowerShell
[0.826s] DEBUG:colcon.colcon_core.shell:Skip shell extension 'dsv' for command environment
[0.832s] INFO:colcon.colcon_ros.task.ament_python.build:Building ROS package in '/root/SESASR-LAB/src/py_pubsub' with build type 'ament_python'
[0.833s] Level 1:colcon.colcon_core.shell:create_environment_hook('py_pubsub', 'ament_prefix_path')
[0.833s] INFO:colcon.colcon_core.shell:Creating environment hook '/root/SESASR-LAB/install/py_pubsub/share/py_pubsub/hook/ament_prefix_path.ps1'
[0.834s] INFO:colcon.colcon_core.shell:Creating environment descriptor '/root/SESASR-LAB/install/py_pubsub/share/py_pubsub/hook/ament_prefix_path.dsv'
[0.835s] INFO:colcon.colcon_core.shell:Creating environment hook '/root/SESASR-LAB/install/py_pubsub/share/py_pubsub/hook/ament_prefix_path.sh'
[0.837s] INFO:colcon.colcon_core.shell:Skip shell extension 'powershell' for command environment: Not usable outside of PowerShell
[0.837s] DEBUG:colcon.colcon_core.shell:Skip shell extension 'dsv' for command environment
[0.845s] INFO:colcon.colcon_ros.task.ament_cmake.build:Building ROS package in '/root/SESASR-LAB/src/turtlebot3_simulations/turtlebot3_gazebo' with build type 'ament_cmake'
[0.845s] INFO:colcon.colcon_cmake.task.cmake.build:Building CMake package in '/root/SESASR-LAB/src/turtlebot3_simulations/turtlebot3_gazebo'
[0.846s] INFO:colcon.colcon_core.shell:Skip shell extension 'powershell' for command environment: Not usable outside of PowerShell
[0.846s] DEBUG:colcon.colcon_core.shell:Skip shell extension 'dsv' for command environment
[0.865s] DEBUG:colcon.colcon_core.event_handler.log_command:Invoking command in '/root/SESASR-LAB/build/turtlebot3_fake_node': CMAKE_PREFIX_PATH=${CMAKE_PREFIX_PATH}:/root/SESASR-LAB/install/py_pubsub:/root/SESASR-LAB/install/lab02_pkg:/root/SESASR-LAB/install/lab01_pkg:/opt/ros/humble /usr/bin/cmake /root/SESASR-LAB/src/turtlebot3_simulations/turtlebot3_fake_node -DAMENT_CMAKE_SYMLINK_INSTALL=1 -DCMAKE_INSTALL_PREFIX=/root/SESASR-LAB/install/turtlebot3_fake_node
[1.292s] INFO:colcon.colcon_core.task.python.build:Building Python package in '/root/SESASR-LAB/src/lab01_pkg'
[1.293s] INFO:colcon.colcon_core.shell:Skip shell extension 'powershell' for command environment: Not usable outside of PowerShell
[1.293s] DEBUG:colcon.colcon_core.shell:Skip shell extension 'dsv' for command environment
[1.745s] INFO:colcon.colcon_core.task.python.build:Building Python package in '/root/SESASR-LAB/src/lab02_pkg'
[1.745s] INFO:colcon.colcon_core.shell:Skip shell extension 'powershell' for command environment: Not usable outside of PowerShell
[1.746s] DEBUG:colcon.colcon_core.shell:Skip shell extension 'dsv' for command environment
[2.187s] INFO:colcon.colcon_core.task.python.build:Building Python package in '/root/SESASR-LAB/src/py_pubsub'
[2.188s] INFO:colcon.colcon_core.shell:Skip shell extension 'powershell' for command environment: Not usable outside of PowerShell
[2.188s] DEBUG:colcon.colcon_core.shell:Skip shell extension 'dsv' for command environment
[2.215s] DEBUG:colcon.colcon_core.event_handler.log_command:Invoking command in '/root/SESASR-LAB/build/turtlebot3_gazebo': CMAKE_PREFIX_PATH=${CMAKE_PREFIX_PATH}:/root/SESASR-LAB/install/py_pubsub:/root/SESASR-LAB/install/lab02_pkg:/root/SESASR-LAB/install/lab01_pkg:/opt/ros/humble /usr/bin/cmake /root/SESASR-LAB/src/turtlebot3_simulations/turtlebot3_gazebo -DAMENT_CMAKE_SYMLINK_INSTALL=1 -DCMAKE_INSTALL_PREFIX=/root/SESASR-LAB/install/turtlebot3_gazebo
[3.246s] DEBUG:colcon.colcon_core.task.python.build:While undoing a previous installation files outside the Python library path are being ignored: /root/SESASR-LAB/install/lab02_pkg/share/ament_index/resource_index/packages/lab02_pkg
[3.247s] DEBUG:colcon.colcon_core.task.python.build:While undoing a previous installation files outside the Python library path are being ignored: /root/SESASR-LAB/install/lab02_pkg/share/lab02_pkg/package.xml
[3.247s] DEBUG:colcon.colcon_core.task.python.build:While undoing a previous installation files outside the Python library path are being ignored: /root/SESASR-LAB/install/lab02_pkg/lib/lab02_pkg/controller
[3.254s] DEBUG:colcon.colcon_core.event_handler.log_command:Invoking command in '/root/SESASR-LAB/build/lab02_pkg': PYTHONPATH=/root/SESASR-LAB/build/lab02_pkg/prefix_override:/usr/lib/python3/dist-packages/colcon_core/task/python/colcon_distutils_commands:/root/SESASR-LAB/install/lab02_pkg/lib/python3.10/site-packages:${PYTHONPATH} /usr/bin/python3 -W ignore:setup.py install is deprecated -W ignore:easy_install command is deprecated setup.py develop --editable --build-directory /root/SESASR-LAB/build/lab02_pkg/build --no-deps symlink_data --force
[3.257s] DEBUG:colcon.colcon_core.task.python.build:While undoing a previous installation files outside the Python library path are being ignored: /root/SESASR-LAB/install/lab01_pkg/share/ament_index/resource_index/packages/lab01_pkg
[3.257s] DEBUG:colcon.colcon_core.task.python.build:While undoing a previous installation files outside the Python library path are being ignored: /root/SESASR-LAB/install/lab01_pkg/share/lab01_pkg/package.xml
[3.257s] DEBUG:colcon.colcon_core.task.python.build:While undoing a previous installation files outside the Python library path are being ignored: /root/SESASR-LAB/install/lab01_pkg/share/lab01_pkg/launchR.py
[3.257s] DEBUG:colcon.colcon_core.task.python.build:While undoing a previous installation files outside the Python library path are being ignored: /root/SESASR-LAB/install/lab01_pkg/share/lab01_pkg/launch.py
[3.257s] DEBUG:colcon.colcon_core.task.python.build:While undoing a previous installation files outside the Python library path are being ignored: /root/SESASR-LAB/install/lab01_pkg/lib/lab01_pkg/controller
[3.258s] DEBUG:colcon.colcon_core.task.python.build:While undoing a previous installation files outside the Python library path are being ignored: /root/SESASR-LAB/install/lab01_pkg/lib/lab01_pkg/controller_reset
[3.258s] DEBUG:colcon.colcon_core.task.python.build:While undoing a previous installation files outside the Python library path are being ignored: /root/SESASR-LAB/install/lab01_pkg/lib/lab01_pkg/localization
[3.258s] DEBUG:colcon.colcon_core.task.python.build:While undoing a previous installation files outside the Python library path are being ignored: /root/SESASR-LAB/install/lab01_pkg/lib/lab01_pkg/localization_reset
[3.258s] DEBUG:colcon.colcon_core.task.python.build:While undoing a previous installation files outside the Python library path are being ignored: /root/SESASR-LAB/install/lab01_pkg/lib/lab01_pkg/reset_node
[3.265s] DEBUG:colcon.colcon_core.event_handler.log_command:Invoking command in '/root/SESASR-LAB/build/lab01_pkg': PYTHONPATH=/root/SESASR-LAB/build/lab01_pkg/prefix_override:/usr/lib/python3/dist-packages/colcon_core/task/python/colcon_distutils_commands:/root/SESASR-LAB/install/lab01_pkg/lib/python3.10/site-packages:${PYTHONPATH} /usr/bin/python3 -W ignore:setup.py install is deprecated -W ignore:easy_install command is deprecated setup.py develop --editable --build-directory /root/SESASR-LAB/build/lab01_pkg/build --no-deps symlink_data --force
[3.266s] DEBUG:colcon.colcon_core.task.python.build:While undoing a previous installation files outside the Python library path are being ignored: /root/SESASR-LAB/install/py_pubsub/share/ament_index/resource_index/packages/py_pubsub
[3.266s] DEBUG:colcon.colcon_core.task.python.build:While undoing a previous installation files outside the Python library path are being ignored: /root/SESASR-LAB/install/py_pubsub/share/py_pubsub/package.xml
[3.266s] DEBUG:colcon.colcon_core.task.python.build:While undoing a previous installation files outside the Python library path are being ignored: /root/SESASR-LAB/install/py_pubsub/lib/py_pubsub/listener
[3.267s] DEBUG:colcon.colcon_core.task.python.build:While undoing a previous installation files outside the Python library path are being ignored: /root/SESASR-LAB/install/py_pubsub/lib/py_pubsub/talker
[3.272s] DEBUG:colcon.colcon_core.event_handler.log_command:Invoking command in '/root/SESASR-LAB/build/py_pubsub': PYTHONPATH=/root/SESASR-LAB/build/py_pubsub/prefix_override:/usr/lib/python3/dist-packages/colcon_core/task/python/colcon_distutils_commands:/root/SESASR-LAB/install/py_pubsub/lib/python3.10/site-packages:${PYTHONPATH} /usr/bin/python3 -W ignore:setup.py install is deprecated -W ignore:easy_install command is deprecated setup.py develop --editable --build-directory /root/SESASR-LAB/build/py_pubsub/build --no-deps symlink_data --force
[4.148s] Level 1:colcon.colcon_core.shell:create_environment_hook('lab01_pkg', 'pythonpath_develop')
[4.149s] INFO:colcon.colcon_core.shell:Creating environment hook '/root/SESASR-LAB/build/lab01_pkg/share/lab01_pkg/hook/pythonpath_develop.ps1'
[4.152s] DEBUG:colcon.colcon_core.event_handler.log_command:Invoked command in '/root/SESASR-LAB/build/lab01_pkg' returned '0': PYTHONPATH=/root/SESASR-LAB/build/lab01_pkg/prefix_override:/usr/lib/python3/dist-packages/colcon_core/task/python/colcon_distutils_commands:/root/SESASR-LAB/install/lab01_pkg/lib/python3.10/site-packages:${PYTHONPATH} /usr/bin/python3 -W ignore:setup.py install is deprecated -W ignore:easy_install command is deprecated setup.py develop --editable --build-directory /root/SESASR-LAB/build/lab01_pkg/build --no-deps symlink_data --force
[4.153s] INFO:colcon.colcon_core.shell:Creating environment descriptor '/root/SESASR-LAB/build/lab01_pkg/share/lab01_pkg/hook/pythonpath_develop.dsv'
[4.154s] INFO:colcon.colcon_core.shell:Creating environment hook '/root/SESASR-LAB/build/lab01_pkg/share/lab01_pkg/hook/pythonpath_develop.sh'
[4.165s] Level 1:colcon.colcon_core.environment:checking '/root/SESASR-LAB/install/lab01_pkg' for CMake module files
[4.166s] Level 1:colcon.colcon_core.environment:checking '/root/SESASR-LAB/install/lab01_pkg' for CMake config files
[4.171s] Level 1:colcon.colcon_core.environment:checking '/root/SESASR-LAB/install/lab01_pkg/lib'
[4.171s] Level 1:colcon.colcon_core.environment:checking '/root/SESASR-LAB/install/lab01_pkg/bin'
[4.171s] Level 1:colcon.colcon_core.environment:checking '/root/SESASR-LAB/install/lab01_pkg/lib/pkgconfig/lab01_pkg.pc'
[4.172s] Level 1:colcon.colcon_core.environment:checking '/root/SESASR-LAB/install/lab01_pkg/lib/python3.10/site-packages'
[4.172s] Level 1:colcon.colcon_core.shell:create_environment_hook('lab01_pkg', 'pythonpath')
[4.172s] INFO:colcon.colcon_core.shell:Creating environment hook '/root/SESASR-LAB/install/lab01_pkg/share/lab01_pkg/hook/pythonpath.ps1'
[4.173s] INFO:colcon.colcon_core.shell:Creating environment descriptor '/root/SESASR-LAB/install/lab01_pkg/share/lab01_pkg/hook/pythonpath.dsv'
[4.174s] INFO:colcon.colcon_core.shell:Creating environment hook '/root/SESASR-LAB/install/lab01_pkg/share/lab01_pkg/hook/pythonpath.sh'
[4.175s] Level 1:colcon.colcon_core.environment:checking '/root/SESASR-LAB/install/lab01_pkg/bin'
[4.176s] Level 1:colcon.colcon_core.environment:create_environment_scripts_only(lab01_pkg)
[4.176s] INFO:colcon.colcon_core.shell:Creating package script '/root/SESASR-LAB/install/lab01_pkg/share/lab01_pkg/package.ps1'
[4.178s] INFO:colcon.colcon_core.shell:Creating package descriptor '/root/SESASR-LAB/install/lab01_pkg/share/lab01_pkg/package.dsv'
[4.179s] INFO:colcon.colcon_core.shell:Creating package script '/root/SESASR-LAB/install/lab01_pkg/share/lab01_pkg/package.sh'
[4.180s] INFO:colcon.colcon_core.shell:Creating package script '/root/SESASR-LAB/install/lab01_pkg/share/lab01_pkg/package.bash'
[4.182s] INFO:colcon.colcon_core.shell:Creating package script '/root/SESASR-LAB/install/lab01_pkg/share/lab01_pkg/package.zsh'
[4.184s] Level 1:colcon.colcon_core.environment:create_file_with_runtime_dependencies(/root/SESASR-LAB/install/lab01_pkg/share/colcon-core/packages/lab01_pkg)
[4.188s] Level 1:colcon.colcon_core.shell:create_environment_hook('lab02_pkg', 'pythonpath_develop')
[4.189s] INFO:colcon.colcon_core.shell:Creating environment hook '/root/SESASR-LAB/build/lab02_pkg/share/lab02_pkg/hook/pythonpath_develop.ps1'
[4.190s] DEBUG:colcon.colcon_core.event_handler.log_command:Invoked command in '/root/SESASR-LAB/build/lab02_pkg' returned '0': PYTHONPATH=/root/SESASR-LAB/build/lab02_pkg/prefix_override:/usr/lib/python3/dist-packages/colcon_core/task/python/colcon_distutils_commands:/root/SESASR-LAB/install/lab02_pkg/lib/python3.10/site-packages:${PYTHONPATH} /usr/bin/python3 -W ignore:setup.py install is deprecated -W ignore:easy_install command is deprecated setup.py develop --editable --build-directory /root/SESASR-LAB/build/lab02_pkg/build --no-deps symlink_data --force
[4.190s] INFO:colcon.colcon_core.shell:Creating environment descriptor '/root/SESASR-LAB/build/lab02_pkg/share/lab02_pkg/hook/pythonpath_develop.dsv'
[4.191s] INFO:colcon.colcon_core.shell:Creating environment hook '/root/SESASR-LAB/build/lab02_pkg/share/lab02_pkg/hook/pythonpath_develop.sh'
[4.193s] Level 1:colcon.colcon_core.environment:checking '/root/SESASR-LAB/install/lab02_pkg' for CMake module files
[4.193s] Level 1:colcon.colcon_core.environment:checking '/root/SESASR-LAB/install/lab02_pkg' for CMake config files
[4.195s] Level 1:colcon.colcon_core.environment:checking '/root/SESASR-LAB/install/lab02_pkg/lib'
[4.195s] Level 1:colcon.colcon_core.environment:checking '/root/SESASR-LAB/install/lab02_pkg/bin'
[4.196s] Level 1:colcon.colcon_core.environment:checking '/root/SESASR-LAB/install/lab02_pkg/lib/pkgconfig/lab02_pkg.pc'
[4.196s] Level 1:colcon.colcon_core.environment:checking '/root/SESASR-LAB/install/lab02_pkg/lib/python3.10/site-packages'
[4.196s] Level 1:colcon.colcon_core.shell:create_environment_hook('lab02_pkg', 'pythonpath')
[4.196s] INFO:colcon.colcon_core.shell:Creating environment hook '/root/SESASR-LAB/install/lab02_pkg/share/lab02_pkg/hook/pythonpath.ps1'
[4.198s] INFO:colcon.colcon_core.shell:Creating environment descriptor '/root/SESASR-LAB/install/lab02_pkg/share/lab02_pkg/hook/pythonpath.dsv'
[4.199s] INFO:colcon.colcon_core.shell:Creating environment hook '/root/SESASR-LAB/install/lab02_pkg/share/lab02_pkg/hook/pythonpath.sh'
[4.200s] Level 1:colcon.colcon_core.environment:checking '/root/SESASR-LAB/install/lab02_pkg/bin'
[4.201s] Level 1:colcon.colcon_core.environment:create_environment_scripts_only(lab02_pkg)
[4.202s] INFO:colcon.colcon_core.shell:Creating package script '/root/SESASR-LAB/install/lab02_pkg/share/lab02_pkg/package.ps1'
[4.203s] INFO:colcon.colcon_core.shell:Creating package descriptor '/root/SESASR-LAB/install/lab02_pkg/share/lab02_pkg/package.dsv'
[4.204s] INFO:colcon.colcon_core.shell:Creating package script '/root/SESASR-LAB/install/lab02_pkg/share/lab02_pkg/package.sh'
[4.205s] INFO:colcon.colcon_core.shell:Creating package script '/root/SESASR-LAB/install/lab02_pkg/share/lab02_pkg/package.bash'
[4.206s] INFO:colcon.colcon_core.shell:Creating package script '/root/SESASR-LAB/install/lab02_pkg/share/lab02_pkg/package.zsh'
[4.207s] Level 1:colcon.colcon_core.environment:create_file_with_runtime_dependencies(/root/SESASR-LAB/install/lab02_pkg/share/colcon-core/packages/lab02_pkg)
[4.210s] Level 1:colcon.colcon_core.shell:create_environment_hook('py_pubsub', 'pythonpath_develop')
[4.210s] INFO:colcon.colcon_core.shell:Creating environment hook '/root/SESASR-LAB/build/py_pubsub/share/py_pubsub/hook/pythonpath_develop.ps1'
[4.212s] DEBUG:colcon.colcon_core.event_handler.log_command:Invoked command in '/root/SESASR-LAB/build/py_pubsub' returned '0': PYTHONPATH=/root/SESASR-LAB/build/py_pubsub/prefix_override:/usr/lib/python3/dist-packages/colcon_core/task/python/colcon_distutils_commands:/root/SESASR-LAB/install/py_pubsub/lib/python3.10/site-packages:${PYTHONPATH} /usr/bin/python3 -W ignore:setup.py install is deprecated -W ignore:easy_install command is deprecated setup.py develop --editable --build-directory /root/SESASR-LAB/build/py_pubsub/build --no-deps symlink_data --force
[4.212s] INFO:colcon.colcon_core.shell:Creating environment descriptor '/root/SESASR-LAB/build/py_pubsub/share/py_pubsub/hook/pythonpath_develop.dsv'
[4.213s] INFO:colcon.colcon_core.shell:Creating environment hook '/root/SESASR-LAB/build/py_pubsub/share/py_pubsub/hook/pythonpath_develop.sh'
[4.216s] Level 1:colcon.colcon_core.environment:checking '/root/SESASR-LAB/install/py_pubsub' for CMake module files
[4.218s] Level 1:colcon.colcon_core.environment:checking '/root/SESASR-LAB/install/py_pubsub' for CMake config files
[4.221s] Level 1:colcon.colcon_core.environment:checking '/root/SESASR-LAB/install/py_pubsub/lib'
[4.221s] Level 1:colcon.colcon_core.environment:checking '/root/SESASR-LAB/install/py_pubsub/bin'
[4.221s] Level 1:colcon.colcon_core.environment:checking '/root/SESASR-LAB/install/py_pubsub/lib/pkgconfig/py_pubsub.pc'
[4.222s] Level 1:colcon.colcon_core.environment:checking '/root/SESASR-LAB/install/py_pubsub/lib/python3.10/site-packages'
[4.222s] Level 1:colcon.colcon_core.shell:create_environment_hook('py_pubsub', 'pythonpath')
[4.222s] INFO:colcon.colcon_core.shell:Creating environment hook '/root/SESASR-LAB/install/py_pubsub/share/py_pubsub/hook/pythonpath.ps1'
[4.223s] INFO:colcon.colcon_core.shell:Creating environment descriptor '/root/SESASR-LAB/install/py_pubsub/share/py_pubsub/hook/pythonpath.dsv'
[4.224s] INFO:colcon.colcon_core.shell:Creating environment hook '/root/SESASR-LAB/install/py_pubsub/share/py_pubsub/hook/pythonpath.sh'
[4.225s] Level 1:colcon.colcon_core.environment:checking '/root/SESASR-LAB/install/py_pubsub/bin'
[4.225s] Level 1:colcon.colcon_core.environment:create_environment_scripts_only(py_pubsub)
[4.225s] INFO:colcon.colcon_core.shell:Creating package script '/root/SESASR-LAB/install/py_pubsub/share/py_pubsub/package.ps1'
[4.226s] INFO:colcon.colcon_core.shell:Creating package descriptor '/root/SESASR-LAB/install/py_pubsub/share/py_pubsub/package.dsv'
[4.227s] INFO:colcon.colcon_core.shell:Creating package script '/root/SESASR-LAB/install/py_pubsub/share/py_pubsub/package.sh'
[4.227s] INFO:colcon.colcon_core.shell:Creating package script '/root/SESASR-LAB/install/py_pubsub/share/py_pubsub/package.bash'
[4.228s] INFO:colcon.colcon_core.shell:Creating package script '/root/SESASR-LAB/install/py_pubsub/share/py_pubsub/package.zsh'
[4.229s] Level 1:colcon.colcon_core.environment:create_file_with_runtime_dependencies(/root/SESASR-LAB/install/py_pubsub/share/colcon-core/packages/py_pubsub)
[6.066s] DEBUG:colcon.colcon_core.event_handler.log_command:Invoked command in '/root/SESASR-LAB/build/turtlebot3_fake_node' returned '0': CMAKE_PREFIX_PATH=${CMAKE_PREFIX_PATH}:/root/SESASR-LAB/install/py_pubsub:/root/SESASR-LAB/install/lab02_pkg:/root/SESASR-LAB/install/lab01_pkg:/opt/ros/humble /usr/bin/cmake /root/SESASR-LAB/src/turtlebot3_simulations/turtlebot3_fake_node -DAMENT_CMAKE_SYMLINK_INSTALL=1 -DCMAKE_INSTALL_PREFIX=/root/SESASR-LAB/install/turtlebot3_fake_node
[6.073s] DEBUG:colcon.colcon_core.event_handler.log_command:Invoking command in '/root/SESASR-LAB/build/turtlebot3_fake_node': CMAKE_PREFIX_PATH=${CMAKE_PREFIX_PATH}:/root/SESASR-LAB/install/py_pubsub:/root/SESASR-LAB/install/lab02_pkg:/root/SESASR-LAB/install/lab01_pkg:/opt/ros/humble /usr/bin/cmake --build /root/SESASR-LAB/build/turtlebot3_fake_node -- -j12 -l12
[6.249s] DEBUG:colcon.colcon_core.event_handler.log_command:Invoked command in '/root/SESASR-LAB/build/turtlebot3_fake_node' returned '0': CMAKE_PREFIX_PATH=${CMAKE_PREFIX_PATH}:/root/SESASR-LAB/install/py_pubsub:/root/SESASR-LAB/install/lab02_pkg:/root/SESASR-LAB/install/lab01_pkg:/opt/ros/humble /usr/bin/cmake --build /root/SESASR-LAB/build/turtlebot3_fake_node -- -j12 -l12
[6.271s] DEBUG:colcon.colcon_core.event_handler.log_command:Invoking command in '/root/SESASR-LAB/build/turtlebot3_fake_node': CMAKE_PREFIX_PATH=${CMAKE_PREFIX_PATH}:/root/SESASR-LAB/install/py_pubsub:/root/SESASR-LAB/install/lab02_pkg:/root/SESASR-LAB/install/lab01_pkg:/opt/ros/humble /usr/bin/cmake --install /root/SESASR-LAB/build/turtlebot3_fake_node
[6.316s] Level 1:colcon.colcon_core.environment:create_environment_scripts_only(turtlebot3_fake_node)
[6.316s] Level 1:colcon.colcon_core.environment:checking '/root/SESASR-LAB/install/turtlebot3_fake_node' for CMake module files
[6.317s] DEBUG:colcon.colcon_core.event_handler.log_command:Invoked command in '/root/SESASR-LAB/build/turtlebot3_fake_node' returned '0': CMAKE_PREFIX_PATH=${CMAKE_PREFIX_PATH}:/root/SESASR-LAB/install/py_pubsub:/root/SESASR-LAB/install/lab02_pkg:/root/SESASR-LAB/install/lab01_pkg:/opt/ros/humble /usr/bin/cmake --install /root/SESASR-LAB/build/turtlebot3_fake_node
[6.318s] Level 1:colcon.colcon_core.environment:checking '/root/SESASR-LAB/install/turtlebot3_fake_node' for CMake config files
[6.319s] Level 1:colcon.colcon_core.shell:create_environment_hook('turtlebot3_fake_node', 'cmake_prefix_path')
[6.319s] INFO:colcon.colcon_core.shell:Creating environment hook '/root/SESASR-LAB/install/turtlebot3_fake_node/share/turtlebot3_fake_node/hook/cmake_prefix_path.ps1'
[6.320s] INFO:colcon.colcon_core.shell:Creating environment descriptor '/root/SESASR-LAB/install/turtlebot3_fake_node/share/turtlebot3_fake_node/hook/cmake_prefix_path.dsv'
[6.321s] INFO:colcon.colcon_core.shell:Creating environment hook '/root/SESASR-LAB/install/turtlebot3_fake_node/share/turtlebot3_fake_node/hook/cmake_prefix_path.sh'
[6.321s] Level 1:colcon.colcon_core.environment:checking '/root/SESASR-LAB/install/turtlebot3_fake_node/lib'
[6.322s] Level 1:colcon.colcon_core.environment:checking '/root/SESASR-LAB/install/turtlebot3_fake_node/bin'
[6.322s] Level 1:colcon.colcon_core.environment:checking '/root/SESASR-LAB/install/turtlebot3_fake_node/lib/pkgconfig/turtlebot3_fake_node.pc'
[6.322s] Level 1:colcon.colcon_core.environment:checking '/root/SESASR-LAB/install/turtlebot3_fake_node/lib/python3.10/site-packages'
[6.322s] Level 1:colcon.colcon_core.environment:checking '/root/SESASR-LAB/install/turtlebot3_fake_node/bin'
[6.323s] INFO:colcon.colcon_core.shell:Creating package script '/root/SESASR-LAB/install/turtlebot3_fake_node/share/turtlebot3_fake_node/package.ps1'
[6.324s] INFO:colcon.colcon_core.shell:Creating package descriptor '/root/SESASR-LAB/install/turtlebot3_fake_node/share/turtlebot3_fake_node/package.dsv'
[6.325s] INFO:colcon.colcon_core.shell:Creating package script '/root/SESASR-LAB/install/turtlebot3_fake_node/share/turtlebot3_fake_node/package.sh'
[6.325s] INFO:colcon.colcon_core.shell:Creating package script '/root/SESASR-LAB/install/turtlebot3_fake_node/share/turtlebot3_fake_node/package.bash'
[6.326s] INFO:colcon.colcon_core.shell:Creating package script '/root/SESASR-LAB/install/turtlebot3_fake_node/share/turtlebot3_fake_node/package.zsh'
[6.327s] Level 1:colcon.colcon_core.environment:create_file_with_runtime_dependencies(/root/SESASR-LAB/install/turtlebot3_fake_node/share/colcon-core/packages/turtlebot3_fake_node)
[6.328s] Level 1:colcon.colcon_core.environment:create_environment_scripts_only(turtlebot3_fake_node)
[6.329s] Level 1:colcon.colcon_core.environment:checking '/root/SESASR-LAB/install/turtlebot3_fake_node' for CMake module files
[6.329s] Level 1:colcon.colcon_core.environment:checking '/root/SESASR-LAB/install/turtlebot3_fake_node' for CMake config files
[6.330s] Level 1:colcon.colcon_core.shell:create_environment_hook('turtlebot3_fake_node', 'cmake_prefix_path')
[6.331s] INFO:colcon.colcon_core.shell:Creating environment hook '/root/SESASR-LAB/install/turtlebot3_fake_node/share/turtlebot3_fake_node/hook/cmake_prefix_path.ps1'
[6.331s] INFO:colcon.colcon_core.shell:Creating environment descriptor '/root/SESASR-LAB/install/turtlebot3_fake_node/share/turtlebot3_fake_node/hook/cmake_prefix_path.dsv'
[6.332s] INFO:colcon.colcon_core.shell:Creating environment hook '/root/SESASR-LAB/install/turtlebot3_fake_node/share/turtlebot3_fake_node/hook/cmake_prefix_path.sh'
[6.333s] Level 1:colcon.colcon_core.environment:checking '/root/SESASR-LAB/install/turtlebot3_fake_node/lib'
[6.333s] Level 1:colcon.colcon_core.environment:checking '/root/SESASR-LAB/install/turtlebot3_fake_node/bin'
[6.333s] Level 1:colcon.colcon_core.environment:checking '/root/SESASR-LAB/install/turtlebot3_fake_node/lib/pkgconfig/turtlebot3_fake_node.pc'
[6.334s] Level 1:colcon.colcon_core.environment:checking '/root/SESASR-LAB/install/turtlebot3_fake_node/lib/python3.10/site-packages'
[6.334s] Level 1:colcon.colcon_core.environment:checking '/root/SESASR-LAB/install/turtlebot3_fake_node/bin'
[6.335s] INFO:colcon.colcon_core.shell:Creating package script '/root/SESASR-LAB/install/turtlebot3_fake_node/share/turtlebot3_fake_node/package.ps1'
[6.335s] INFO:colcon.colcon_core.shell:Creating package descriptor '/root/SESASR-LAB/install/turtlebot3_fake_node/share/turtlebot3_fake_node/package.dsv'
[6.336s] INFO:colcon.colcon_core.shell:Creating package script '/root/SESASR-LAB/install/turtlebot3_fake_node/share/turtlebot3_fake_node/package.sh'
[6.337s] INFO:colcon.colcon_core.shell:Creating package script '/root/SESASR-LAB/install/turtlebot3_fake_node/share/turtlebot3_fake_node/package.bash'
[6.338s] INFO:colcon.colcon_core.shell:Creating package script '/root/SESASR-LAB/install/turtlebot3_fake_node/share/turtlebot3_fake_node/package.zsh'
[6.338s] Level 1:colcon.colcon_core.environment:create_file_with_runtime_dependencies(/root/SESASR-LAB/install/turtlebot3_fake_node/share/colcon-core/packages/turtlebot3_fake_node)
[6.339s] INFO:colcon.colcon_ros.task.ament_cmake.build:Building ROS package in '/root/SESASR-LAB/src/turtlebot3_simulations/turtlebot3_simulations' with build type 'ament_cmake'
[6.339s] INFO:colcon.colcon_cmake.task.cmake.build:Building CMake package in '/root/SESASR-LAB/src/turtlebot3_simulations/turtlebot3_simulations'
[6.340s] INFO:colcon.colcon_core.shell:Skip shell extension 'powershell' for command environment: Not usable outside of PowerShell
[6.340s] DEBUG:colcon.colcon_core.shell:Skip shell extension 'dsv' for command environment
[6.383s] DEBUG:colcon.colcon_core.event_handler.log_command:Invoking command in '/root/SESASR-LAB/build/turtlebot3_simulations': CMAKE_PREFIX_PATH=/root/SESASR-LAB/install/turtlebot3_fake_node:/root/SESASR-LAB/install/turtlebot3_simulations:/root/SESASR-LAB/install/turtlebot3_gazebo:/root/SESASR-LAB/install/py_pubsub:/root/SESASR-LAB/install/lab02_pkg:/root/SESASR-LAB/install/lab01_pkg:/opt/ros/humble /usr/bin/cmake /root/SESASR-LAB/src/turtlebot3_simulations/turtlebot3_simulations -DAMENT_CMAKE_SYMLINK_INSTALL=1 -DCMAKE_INSTALL_PREFIX=/root/SESASR-LAB/install/turtlebot3_simulations
[6.695s] DEBUG:colcon.colcon_core.event_handler.log_command:Invoked command in '/root/SESASR-LAB/build/turtlebot3_simulations' returned '0': CMAKE_PREFIX_PATH=/root/SESASR-LAB/install/turtlebot3_fake_node:/root/SESASR-LAB/install/turtlebot3_simulations:/root/SESASR-LAB/install/turtlebot3_gazebo:/root/SESASR-LAB/install/py_pubsub:/root/SESASR-LAB/install/lab02_pkg:/root/SESASR-LAB/install/lab01_pkg:/opt/ros/humble /usr/bin/cmake /root/SESASR-LAB/src/turtlebot3_simulations/turtlebot3_simulations -DAMENT_CMAKE_SYMLINK_INSTALL=1 -DCMAKE_INSTALL_PREFIX=/root/SESASR-LAB/install/turtlebot3_simulations
[6.698s] DEBUG:colcon.colcon_core.event_handler.log_command:Invoking command in '/root/SESASR-LAB/build/turtlebot3_simulations': CMAKE_PREFIX_PATH=/root/SESASR-LAB/install/turtlebot3_fake_node:/root/SESASR-LAB/install/turtlebot3_simulations:/root/SESASR-LAB/install/turtlebot3_gazebo:/root/SESASR-LAB/install/py_pubsub:/root/SESASR-LAB/install/lab02_pkg:/root/SESASR-LAB/install/lab01_pkg:/opt/ros/humble /usr/bin/cmake --build /root/SESASR-LAB/build/turtlebot3_simulations -- -j12 -l12
[6.764s] DEBUG:colcon.colcon_core.event_handler.log_command:Invoked command in '/root/SESASR-LAB/build/turtlebot3_simulations' returned '0': CMAKE_PREFIX_PATH=/root/SESASR-LAB/install/turtlebot3_fake_node:/root/SESASR-LAB/install/turtlebot3_simulations:/root/SESASR-LAB/install/turtlebot3_gazebo:/root/SESASR-LAB/install/py_pubsub:/root/SESASR-LAB/install/lab02_pkg:/root/SESASR-LAB/install/lab01_pkg:/opt/ros/humble /usr/bin/cmake --build /root/SESASR-LAB/build/turtlebot3_simulations -- -j12 -l12
[6.767s] DEBUG:colcon.colcon_core.event_handler.log_command:Invoking command in '/root/SESASR-LAB/build/turtlebot3_simulations': CMAKE_PREFIX_PATH=/root/SESASR-LAB/install/turtlebot3_fake_node:/root/SESASR-LAB/install/turtlebot3_simulations:/root/SESASR-LAB/install/turtlebot3_gazebo:/root/SESASR-LAB/install/py_pubsub:/root/SESASR-LAB/install/lab02_pkg:/root/SESASR-LAB/install/lab01_pkg:/opt/ros/humble /usr/bin/cmake --install /root/SESASR-LAB/build/turtlebot3_simulations
[6.804s] Level 1:colcon.colcon_core.environment:create_environment_scripts_only(turtlebot3_simulations)
[6.805s] Level 1:colcon.colcon_core.environment:checking '/root/SESASR-LAB/install/turtlebot3_simulations' for CMake module files
[6.806s] DEBUG:colcon.colcon_core.event_handler.log_command:Invoked command in '/root/SESASR-LAB/build/turtlebot3_simulations' returned '0': CMAKE_PREFIX_PATH=/root/SESASR-LAB/install/turtlebot3_fake_node:/root/SESASR-LAB/install/turtlebot3_simulations:/root/SESASR-LAB/install/turtlebot3_gazebo:/root/SESASR-LAB/install/py_pubsub:/root/SESASR-LAB/install/lab02_pkg:/root/SESASR-LAB/install/lab01_pkg:/opt/ros/humble /usr/bin/cmake --install /root/SESASR-LAB/build/turtlebot3_simulations
[6.807s] Level 1:colcon.colcon_core.environment:checking '/root/SESASR-LAB/install/turtlebot3_simulations' for CMake config files
[6.808s] Level 1:colcon.colcon_core.shell:create_environment_hook('turtlebot3_simulations', 'cmake_prefix_path')
[6.808s] INFO:colcon.colcon_core.shell:Creating environment hook '/root/SESASR-LAB/install/turtlebot3_simulations/share/turtlebot3_simulations/hook/cmake_prefix_path.ps1'
[6.810s] INFO:colcon.colcon_core.shell:Creating environment descriptor '/root/SESASR-LAB/install/turtlebot3_simulations/share/turtlebot3_simulations/hook/cmake_prefix_path.dsv'
[6.810s] INFO:colcon.colcon_core.shell:Creating environment hook '/root/SESASR-LAB/install/turtlebot3_simulations/share/turtlebot3_simulations/hook/cmake_prefix_path.sh'
[6.812s] Level 1:colcon.colcon_core.environment:checking '/root/SESASR-LAB/install/turtlebot3_simulations/bin'
[6.812s] Level 1:colcon.colcon_core.environment:checking '/root/SESASR-LAB/install/turtlebot3_simulations/lib/pkgconfig/turtlebot3_simulations.pc'
[6.812s] Level 1:colcon.colcon_core.environment:checking '/root/SESASR-LAB/install/turtlebot3_simulations/lib/python3.10/site-packages'
[6.812s] Level 1:colcon.colcon_core.environment:checking '/root/SESASR-LAB/install/turtlebot3_simulations/bin'
[6.813s] INFO:colcon.colcon_core.shell:Creating package script '/root/SESASR-LAB/install/turtlebot3_simulations/share/turtlebot3_simulations/package.ps1'
[6.814s] INFO:colcon.colcon_core.shell:Creating package descriptor '/root/SESASR-LAB/install/turtlebot3_simulations/share/turtlebot3_simulations/package.dsv'
[6.815s] INFO:colcon.colcon_core.shell:Creating package script '/root/SESASR-LAB/install/turtlebot3_simulations/share/turtlebot3_simulations/package.sh'
[6.816s] INFO:colcon.colcon_core.shell:Creating package script '/root/SESASR-LAB/install/turtlebot3_simulations/share/turtlebot3_simulations/package.bash'
[6.817s] INFO:colcon.colcon_core.shell:Creating package script '/root/SESASR-LAB/install/turtlebot3_simulations/share/turtlebot3_simulations/package.zsh'
[6.817s] Level 1:colcon.colcon_core.environment:create_file_with_runtime_dependencies(/root/SESASR-LAB/install/turtlebot3_simulations/share/colcon-core/packages/turtlebot3_simulations)
[6.818s] Level 1:colcon.colcon_core.environment:create_environment_scripts_only(turtlebot3_simulations)
[6.818s] Level 1:colcon.colcon_core.environment:checking '/root/SESASR-LAB/install/turtlebot3_simulations' for CMake module files
[6.819s] Level 1:colcon.colcon_core.environment:checking '/root/SESASR-LAB/install/turtlebot3_simulations' for CMake config files
[6.819s] Level 1:colcon.colcon_core.shell:create_environment_hook('turtlebot3_simulations', 'cmake_prefix_path')
[6.820s] INFO:colcon.colcon_core.shell:Creating environment hook '/root/SESASR-LAB/install/turtlebot3_simulations/share/turtlebot3_simulations/hook/cmake_prefix_path.ps1'
[6.821s] INFO:colcon.colcon_core.shell:Creating environment descriptor '/root/SESASR-LAB/install/turtlebot3_simulations/share/turtlebot3_simulations/hook/cmake_prefix_path.dsv'
[6.821s] INFO:colcon.colcon_core.shell:Creating environment hook '/root/SESASR-LAB/install/turtlebot3_simulations/share/turtlebot3_simulations/hook/cmake_prefix_path.sh'
[6.823s] Level 1:colcon.colcon_core.environment:checking '/root/SESASR-LAB/install/turtlebot3_simulations/bin'
[6.823s] Level 1:colcon.colcon_core.environment:checking '/root/SESASR-LAB/install/turtlebot3_simulations/lib/pkgconfig/turtlebot3_simulations.pc'
[6.824s] Level 1:colcon.colcon_core.environment:checking '/root/SESASR-LAB/install/turtlebot3_simulations/lib/python3.10/site-packages'
[6.825s] Level 1:colcon.colcon_core.environment:checking '/root/SESASR-LAB/install/turtlebot3_simulations/bin'
[6.825s] INFO:colcon.colcon_core.shell:Creating package script '/root/SESASR-LAB/install/turtlebot3_simulations/share/turtlebot3_simulations/package.ps1'
[6.827s] INFO:colcon.colcon_core.shell:Creating package descriptor '/root/SESASR-LAB/install/turtlebot3_simulations/share/turtlebot3_simulations/package.dsv'
[6.827s] INFO:colcon.colcon_core.shell:Creating package script '/root/SESASR-LAB/install/turtlebot3_simulations/share/turtlebot3_simulations/package.sh'
[6.828s] INFO:colcon.colcon_core.shell:Creating package script '/root/SESASR-LAB/install/turtlebot3_simulations/share/turtlebot3_simulations/package.bash'
[6.828s] INFO:colcon.colcon_core.shell:Creating package script '/root/SESASR-LAB/install/turtlebot3_simulations/share/turtlebot3_simulations/package.zsh'
[6.829s] Level 1:colcon.colcon_core.environment:create_file_with_runtime_dependencies(/root/SESASR-LAB/install/turtlebot3_simulations/share/colcon-core/packages/turtlebot3_simulations)
[20.834s] DEBUG:colcon.colcon_core.event_handler.log_command:Invoked command in '/root/SESASR-LAB/build/turtlebot3_gazebo' returned '0': CMAKE_PREFIX_PATH=${CMAKE_PREFIX_PATH}:/root/SESASR-LAB/install/py_pubsub:/root/SESASR-LAB/install/lab02_pkg:/root/SESASR-LAB/install/lab01_pkg:/opt/ros/humble /usr/bin/cmake /root/SESASR-LAB/src/turtlebot3_simulations/turtlebot3_gazebo -DAMENT_CMAKE_SYMLINK_INSTALL=1 -DCMAKE_INSTALL_PREFIX=/root/SESASR-LAB/install/turtlebot3_gazebo
[20.835s] DEBUG:colcon.colcon_core.event_handler.log_command:Invoking command in '/root/SESASR-LAB/build/turtlebot3_gazebo': CMAKE_PREFIX_PATH=${CMAKE_PREFIX_PATH}:/root/SESASR-LAB/install/py_pubsub:/root/SESASR-LAB/install/lab02_pkg:/root/SESASR-LAB/install/lab01_pkg:/opt/ros/humble /usr/bin/cmake --build /root/SESASR-LAB/build/turtlebot3_gazebo -- -j12 -l12
[21.157s] DEBUG:colcon.colcon_core.event_handler.log_command:Invoked command in '/root/SESASR-LAB/build/turtlebot3_gazebo' returned '0': CMAKE_PREFIX_PATH=${CMAKE_PREFIX_PATH}:/root/SESASR-LAB/install/py_pubsub:/root/SESASR-LAB/install/lab02_pkg:/root/SESASR-LAB/install/lab01_pkg:/opt/ros/humble /usr/bin/cmake --build /root/SESASR-LAB/build/turtlebot3_gazebo -- -j12 -l12
[21.161s] DEBUG:colcon.colcon_core.event_handler.log_command:Invoking command in '/root/SESASR-LAB/build/turtlebot3_gazebo': CMAKE_PREFIX_PATH=${CMAKE_PREFIX_PATH}:/root/SESASR-LAB/install/py_pubsub:/root/SESASR-LAB/install/lab02_pkg:/root/SESASR-LAB/install/lab01_pkg:/opt/ros/humble /usr/bin/cmake --install /root/SESASR-LAB/build/turtlebot3_gazebo
[21.215s] Level 1:colcon.colcon_core.environment:create_environment_scripts_only(turtlebot3_gazebo)
[21.216s] Level 1:colcon.colcon_core.environment:checking '/root/SESASR-LAB/install/turtlebot3_gazebo' for CMake module files
[21.216s] DEBUG:colcon.colcon_core.event_handler.log_command:Invoked command in '/root/SESASR-LAB/build/turtlebot3_gazebo' returned '0': CMAKE_PREFIX_PATH=${CMAKE_PREFIX_PATH}:/root/SESASR-LAB/install/py_pubsub:/root/SESASR-LAB/install/lab02_pkg:/root/SESASR-LAB/install/lab01_pkg:/opt/ros/humble /usr/bin/cmake --install /root/SESASR-LAB/build/turtlebot3_gazebo
[21.217s] Level 1:colcon.colcon_core.environment:checking '/root/SESASR-LAB/install/turtlebot3_gazebo' for CMake config files
[21.218s] Level 1:colcon.colcon_core.shell:create_environment_hook('turtlebot3_gazebo', 'cmake_prefix_path')
[21.218s] INFO:colcon.colcon_core.shell:Creating environment hook '/root/SESASR-LAB/install/turtlebot3_gazebo/share/turtlebot3_gazebo/hook/cmake_prefix_path.ps1'
[21.218s] INFO:colcon.colcon_core.shell:Creating environment descriptor '/root/SESASR-LAB/install/turtlebot3_gazebo/share/turtlebot3_gazebo/hook/cmake_prefix_path.dsv'
[21.219s] INFO:colcon.colcon_core.shell:Creating environment hook '/root/SESASR-LAB/install/turtlebot3_gazebo/share/turtlebot3_gazebo/hook/cmake_prefix_path.sh'
[21.219s] Level 1:colcon.colcon_core.environment:checking '/root/SESASR-LAB/install/turtlebot3_gazebo/lib'
[21.219s] Level 1:colcon.colcon_core.environment:checking '/root/SESASR-LAB/install/turtlebot3_gazebo/bin'
[21.219s] Level 1:colcon.colcon_core.environment:checking '/root/SESASR-LAB/install/turtlebot3_gazebo/lib/pkgconfig/turtlebot3_gazebo.pc'
[21.220s] Level 1:colcon.colcon_core.environment:checking '/root/SESASR-LAB/install/turtlebot3_gazebo/lib/python3.10/site-packages'
[21.220s] Level 1:colcon.colcon_core.environment:checking '/root/SESASR-LAB/install/turtlebot3_gazebo/bin'
[21.220s] INFO:colcon.colcon_core.shell:Creating package script '/root/SESASR-LAB/install/turtlebot3_gazebo/share/turtlebot3_gazebo/package.ps1'
[21.221s] INFO:colcon.colcon_core.shell:Creating package descriptor '/root/SESASR-LAB/install/turtlebot3_gazebo/share/turtlebot3_gazebo/package.dsv'
[21.221s] INFO:colcon.colcon_core.shell:Creating package script '/root/SESASR-LAB/install/turtlebot3_gazebo/share/turtlebot3_gazebo/package.sh'
[21.222s] INFO:colcon.colcon_core.shell:Creating package script '/root/SESASR-LAB/install/turtlebot3_gazebo/share/turtlebot3_gazebo/package.bash'
[21.222s] INFO:colcon.colcon_core.shell:Creating package script '/root/SESASR-LAB/install/turtlebot3_gazebo/share/turtlebot3_gazebo/package.zsh'
[21.222s] Level 1:colcon.colcon_core.environment:create_file_with_runtime_dependencies(/root/SESASR-LAB/install/turtlebot3_gazebo/share/colcon-core/packages/turtlebot3_gazebo)
[21.223s] Level 1:colcon.colcon_core.environment:create_environment_scripts_only(turtlebot3_gazebo)
[21.223s] Level 1:colcon.colcon_core.environment:checking '/root/SESASR-LAB/install/turtlebot3_gazebo' for CMake module files
[21.224s] Level 1:colcon.colcon_core.environment:checking '/root/SESASR-LAB/install/turtlebot3_gazebo' for CMake config files
[21.224s] Level 1:colcon.colcon_core.shell:create_environment_hook('turtlebot3_gazebo', 'cmake_prefix_path')
[21.224s] INFO:colcon.colcon_core.shell:Creating environment hook '/root/SESASR-LAB/install/turtlebot3_gazebo/share/turtlebot3_gazebo/hook/cmake_prefix_path.ps1'
[21.225s] INFO:colcon.colcon_core.shell:Creating environment descriptor '/root/SESASR-LAB/install/turtlebot3_gazebo/share/turtlebot3_gazebo/hook/cmake_prefix_path.dsv'
[21.225s] INFO:colcon.colcon_core.shell:Creating environment hook '/root/SESASR-LAB/install/turtlebot3_gazebo/share/turtlebot3_gazebo/hook/cmake_prefix_path.sh'
[21.226s] Level 1:colcon.colcon_core.environment:checking '/root/SESASR-LAB/install/turtlebot3_gazebo/lib'
[21.226s] Level 1:colcon.colcon_core.environment:checking '/root/SESASR-LAB/install/turtlebot3_gazebo/bin'
[21.226s] Level 1:colcon.colcon_core.environment:checking '/root/SESASR-LAB/install/turtlebot3_gazebo/lib/pkgconfig/turtlebot3_gazebo.pc'
[21.226s] Level 1:colcon.colcon_core.environment:checking '/root/SESASR-LAB/install/turtlebot3_gazebo/lib/python3.10/site-packages'
[21.226s] Level 1:colcon.colcon_core.environment:checking '/root/SESASR-LAB/install/turtlebot3_gazebo/bin'
[21.226s] INFO:colcon.colcon_core.shell:Creating package script '/root/SESASR-LAB/install/turtlebot3_gazebo/share/turtlebot3_gazebo/package.ps1'
[21.227s] INFO:colcon.colcon_core.shell:Creating package descriptor '/root/SESASR-LAB/install/turtlebot3_gazebo/share/turtlebot3_gazebo/package.dsv'
[21.228s] INFO:colcon.colcon_core.shell:Creating package script '/root/SESASR-LAB/install/turtlebot3_gazebo/share/turtlebot3_gazebo/package.sh'
[21.229s] INFO:colcon.colcon_core.shell:Creating package script '/root/SESASR-LAB/install/turtlebot3_gazebo/share/turtlebot3_gazebo/package.bash'
[21.230s] INFO:colcon.colcon_core.shell:Creating package script '/root/SESASR-LAB/install/turtlebot3_gazebo/share/turtlebot3_gazebo/package.zsh'
[21.231s] Level 1:colcon.colcon_core.environment:create_file_with_runtime_dependencies(/root/SESASR-LAB/install/turtlebot3_gazebo/share/colcon-core/packages/turtlebot3_gazebo)
[21.231s] DEBUG:colcon.colcon_parallel_executor.executor.parallel:closing loop
[21.232s] DEBUG:colcon.colcon_parallel_executor.executor.parallel:loop closed
[21.232s] DEBUG:colcon.colcon_parallel_executor.executor.parallel:run_until_complete finished with '0'
[21.232s] DEBUG:colcon.colcon_core.event_reactor:joining thread
[21.271s] INFO:colcon.colcon_core.plugin_system:Skipping extension 'colcon_notification.desktop_notification.notify_send': Could not find 'notify-send'
[21.272s] INFO:colcon.colcon_core.plugin_system:Skipping extension 'colcon_notification.desktop_notification.terminal_notifier': Not used on non-Darwin systems
[21.272s] INFO:colcon.colcon_core.plugin_system:Skipping extension 'colcon_notification.desktop_notification.win32': Not used on non-Windows systems
[21.272s] INFO:colcon.colcon_notification.desktop_notification:Sending desktop notification using 'notify2'
[21.272s] DEBUG:colcon.colcon_notification.desktop_notification.notify2:Failed to initialize notify2: org.freedesktop.DBus.Error.FileNotFound: Failed to connect to socket /run/user/0/bus: No such file or directory
[21.272s] DEBUG:colcon.colcon_core.event_reactor:joined thread
[21.273s] INFO:colcon.colcon_core.shell:Creating prefix script '/root/SESASR-LAB/install/local_setup.ps1'
[21.274s] INFO:colcon.colcon_core.shell:Creating prefix util module '/root/SESASR-LAB/install/_local_setup_util_ps1.py'
[21.277s] INFO:colcon.colcon_core.shell:Creating prefix chain script '/root/SESASR-LAB/install/setup.ps1'
[21.280s] INFO:colcon.colcon_core.shell:Creating prefix script '/root/SESASR-LAB/install/local_setup.sh'
[21.281s] INFO:colcon.colcon_core.shell:Creating prefix util module '/root/SESASR-LAB/install/_local_setup_util_sh.py'
[21.281s] INFO:colcon.colcon_core.shell:Creating prefix chain script '/root/SESASR-LAB/install/setup.sh'
[21.283s] INFO:colcon.colcon_core.shell:Creating prefix script '/root/SESASR-LAB/install/local_setup.bash'
[21.284s] INFO:colcon.colcon_core.shell:Creating prefix chain script '/root/SESASR-LAB/install/setup.bash'
[21.286s] INFO:colcon.colcon_core.shell:Creating prefix script '/root/SESASR-LAB/install/local_setup.zsh'
[21.287s] INFO:colcon.colcon_core.shell:Creating prefix chain script '/root/SESASR-LAB/install/setup.zsh'
