[-2.024s] DEBUG:colcon:Command line arguments: ['/usr/bin/colcon', 'build', '--symlink-install']
[-2.024s] DEBUG:colcon:Parsed command line arguments: Namespace(log_base=None, log_level=None, verb_name='build', build_base='build', install_base='install', merge_install=False, symlink_install=True, test_result_base=None, continue_on_error=False, executor='parallel', parallel_workers=16, event_handlers=None, ignore_user_meta=False, metas=['./colcon.meta'], base_paths=['.'], packages_ignore=None, packages_ignore_regex=None, paths=None, packages_up_to=None, packages_up_to_regex=None, packages_above=None, packages_above_and_dependencies=None, packages_above_depth=None, packages_select_by_dep=None, packages_skip_by_dep=None, packages_skip_up_to=None, packages_select_build_failed=False, packages_skip_build_finished=False, packages_select_test_failures=False, packages_skip_test_passed=False, packages_select=None, packages_skip=None, packages_select_regex=None, packages_skip_regex=None, packages_start=None, packages_end=None, allow_overriding=[], cmake_args=None, cmake_target=None, cmake_target_skip_unavailable=False, cmake_clean_cache=False, cmake_clean_first=False, cmake_force_configure=False, ament_cmake_args=None, catkin_cmake_args=None, catkin_skip_building_tests=False, mixin_files=None, mixin=None, verb_parser=<colcon_mixin.mixin.mixin_argument.MixinArgumentDecorator object at 0x7589fbd42ad0>, verb_extension=<colcon_core.verb.build.BuildVerb object at 0x7589fbe37a90>, main=<bound method BuildVerb.main of <colcon_core.verb.build.BuildVerb object at 0x7589fbe37a90>>, mixin_verb=('build',))
[-1.857s] Level 1:colcon.colcon_core.package_discovery:discover_packages(colcon_meta) check parameters
[-1.857s] Level 1:colcon.colcon_core.package_discovery:discover_packages(recursive) check parameters
[-1.857s] Level 1:colcon.colcon_core.package_discovery:discover_packages(ignore) check parameters
[-1.857s] Level 1:colcon.colcon_core.package_discovery:discover_packages(path) check parameters
[-1.857s] Level 1:colcon.colcon_core.package_discovery:discover_packages(colcon_meta) discover
[-1.857s] Level 1:colcon.colcon_core.package_discovery:discover_packages(recursive) discover
[-1.856s] INFO:colcon.colcon_core.package_discovery:Crawling recursively for packages in '/home/l0dz/SESASR-LAB'
[-1.856s] Level 1:colcon.colcon_core.package_identification:_identify(.) by extensions ['ignore', 'ignore_ament_install']
[-1.856s] Level 1:colcon.colcon_core.package_identification:_identify(.) by extension 'ignore'
[-1.856s] Level 1:colcon.colcon_core.package_identification:_identify(.) by extension 'ignore_ament_install'
[-1.856s] Level 1:colcon.colcon_core.package_identification:_identify(.) by extensions ['colcon_pkg']
[-1.856s] Level 1:colcon.colcon_core.package_identification:_identify(.) by extension 'colcon_pkg'
[-1.856s] Level 1:colcon.colcon_core.package_identification:_identify(.) by extensions ['colcon_meta']
[-1.856s] Level 1:colcon.colcon_core.package_identification:_identify(.) by extension 'colcon_meta'
[-1.856s] Level 1:colcon.colcon_core.package_identification:_identify(.) by extensions ['ros']
[-1.856s] Level 1:colcon.colcon_core.package_identification:_identify(.) by extension 'ros'
[-1.843s] Level 1:colcon.colcon_core.package_identification:_identify(.) by extensions ['cmake', 'python']
[-1.843s] Level 1:colcon.colcon_core.package_identification:_identify(.) by extension 'cmake'
[-1.843s] Level 1:colcon.colcon_core.package_identification:_identify(.) by extension 'python'
[-1.843s] Level 1:colcon.colcon_core.package_identification:_identify(.) by extensions ['python_setup_py']
[-1.843s] Level 1:colcon.colcon_core.package_identification:_identify(.) by extension 'python_setup_py'
[-1.843s] Level 1:colcon.colcon_core.package_identification:_identify(build) by extensions ['ignore', 'ignore_ament_install']
[-1.843s] Level 1:colcon.colcon_core.package_identification:_identify(build) by extension 'ignore'
[-1.843s] Level 1:colcon.colcon_core.package_identification:_identify(build) ignored
[-1.843s] Level 1:colcon.colcon_core.package_identification:_identify(install) by extensions ['ignore', 'ignore_ament_install']
[-1.842s] Level 1:colcon.colcon_core.package_identification:_identify(install) by extension 'ignore'
[-1.842s] Level 1:colcon.colcon_core.package_identification:_identify(install) ignored
[-1.842s] Level 1:colcon.colcon_core.package_identification:_identify(log) by extensions ['ignore', 'ignore_ament_install']
[-1.842s] Level 1:colcon.colcon_core.package_identification:_identify(log) by extension 'ignore'
[-1.842s] Level 1:colcon.colcon_core.package_identification:_identify(log) ignored
[-1.842s] Level 1:colcon.colcon_core.package_identification:_identify(src) by extensions ['ignore', 'ignore_ament_install']
[-1.842s] Level 1:colcon.colcon_core.package_identification:_identify(src) by extension 'ignore'
[-1.842s] Level 1:colcon.colcon_core.package_identification:_identify(src) by extension 'ignore_ament_install'
[-1.842s] Level 1:colcon.colcon_core.package_identification:_identify(src) by extensions ['colcon_pkg']
[-1.842s] Level 1:colcon.colcon_core.package_identification:_identify(src) by extension 'colcon_pkg'
[-1.842s] Level 1:colcon.colcon_core.package_identification:_identify(src) by extensions ['colcon_meta']
[-1.842s] Level 1:colcon.colcon_core.package_identification:_identify(src) by extension 'colcon_meta'
[-1.842s] Level 1:colcon.colcon_core.package_identification:_identify(src) by extensions ['ros']
[-1.842s] Level 1:colcon.colcon_core.package_identification:_identify(src) by extension 'ros'
[-1.841s] Level 1:colcon.colcon_core.package_identification:_identify(src) by extensions ['cmake', 'python']
[-1.841s] Level 1:colcon.colcon_core.package_identification:_identify(src) by extension 'cmake'
[-1.841s] Level 1:colcon.colcon_core.package_identification:_identify(src) by extension 'python'
[-1.841s] Level 1:colcon.colcon_core.package_identification:_identify(src) by extensions ['python_setup_py']
[-1.841s] Level 1:colcon.colcon_core.package_identification:_identify(src) by extension 'python_setup_py'
[-1.841s] Level 1:colcon.colcon_core.package_identification:_identify(src/lab01_pkg) by extensions ['ignore', 'ignore_ament_install']
[-1.841s] Level 1:colcon.colcon_core.package_identification:_identify(src/lab01_pkg) by extension 'ignore'
[-1.841s] Level 1:colcon.colcon_core.package_identification:_identify(src/lab01_pkg) by extension 'ignore_ament_install'
[-1.841s] Level 1:colcon.colcon_core.package_identification:_identify(src/lab01_pkg) by extensions ['colcon_pkg']
[-1.841s] Level 1:colcon.colcon_core.package_identification:_identify(src/lab01_pkg) by extension 'colcon_pkg'
[-1.841s] Level 1:colcon.colcon_core.package_identification:_identify(src/lab01_pkg) by extensions ['colcon_meta']
[-1.841s] Level 1:colcon.colcon_core.package_identification:_identify(src/lab01_pkg) by extension 'colcon_meta'
[-1.841s] Level 1:colcon.colcon_core.package_identification:_identify(src/lab01_pkg) by extensions ['ros']
[-1.841s] Level 1:colcon.colcon_core.package_identification:_identify(src/lab01_pkg) by extension 'ros'
[-1.838s] DEBUG:colcon.colcon_core.package_identification:Package 'src/lab01_pkg' with type 'ros.ament_python' and name 'lab01_pkg'
[-1.838s] Level 1:colcon.colcon_core.package_identification:_identify(src/lab02_pkg) by extensions ['ignore', 'ignore_ament_install']
[-1.838s] Level 1:colcon.colcon_core.package_identification:_identify(src/lab02_pkg) by extension 'ignore'
[-1.838s] Level 1:colcon.colcon_core.package_identification:_identify(src/lab02_pkg) by extension 'ignore_ament_install'
[-1.838s] Level 1:colcon.colcon_core.package_identification:_identify(src/lab02_pkg) by extensions ['colcon_pkg']
[-1.838s] Level 1:colcon.colcon_core.package_identification:_identify(src/lab02_pkg) by extension 'colcon_pkg'
[-1.838s] Level 1:colcon.colcon_core.package_identification:_identify(src/lab02_pkg) by extensions ['colcon_meta']
[-1.838s] Level 1:colcon.colcon_core.package_identification:_identify(src/lab02_pkg) by extension 'colcon_meta'
[-1.838s] Level 1:colcon.colcon_core.package_identification:_identify(src/lab02_pkg) by extensions ['ros']
[-1.838s] Level 1:colcon.colcon_core.package_identification:_identify(src/lab02_pkg) by extension 'ros'
[-1.837s] DEBUG:colcon.colcon_core.package_identification:Failed to parse potential ROS package manifest in'src/lab02_pkg': Error(s) in package 'src/lab02_pkg/package.xml':
The manifest contains invalid XML:
not well-formed (invalid token): line 7, column 1
[-1.837s] Level 1:colcon.colcon_core.package_identification:_identify(src/lab02_pkg) by extensions ['cmake', 'python']
[-1.837s] Level 1:colcon.colcon_core.package_identification:_identify(src/lab02_pkg) by extension 'cmake'
[-1.837s] Level 1:colcon.colcon_core.package_identification:_identify(src/lab02_pkg) by extension 'python'
[-1.837s] DEBUG:colcon.colcon_core.package_identification:Python package in 'src/lab02_pkg' passes arguments to the setup() function which requires a different identification extension than 'python'
[-1.837s] Level 1:colcon.colcon_core.package_identification:_identify(src/lab02_pkg) by extensions ['python_setup_py']
[-1.837s] Level 1:colcon.colcon_core.package_identification:_identify(src/lab02_pkg) by extension 'python_setup_py'
[-1.558s] DEBUG:colcon.colcon_core.package_identification:Package 'src/lab02_pkg' with type 'python' and name 'lab02_pkg'
[-1.558s] Level 1:colcon.colcon_core.package_identification:_identify(src/turtlebot3_simulations) by extensions ['ignore', 'ignore_ament_install']
[-1.557s] Level 1:colcon.colcon_core.package_identification:_identify(src/turtlebot3_simulations) by extension 'ignore'
[-1.557s] Level 1:colcon.colcon_core.package_identification:_identify(src/turtlebot3_simulations) by extension 'ignore_ament_install'
[-1.557s] Level 1:colcon.colcon_core.package_identification:_identify(src/turtlebot3_simulations) by extensions ['colcon_pkg']
[-1.557s] Level 1:colcon.colcon_core.package_identification:_identify(src/turtlebot3_simulations) by extension 'colcon_pkg'
[-1.557s] Level 1:colcon.colcon_core.package_identification:_identify(src/turtlebot3_simulations) by extensions ['colcon_meta']
[-1.557s] Level 1:colcon.colcon_core.package_identification:_identify(src/turtlebot3_simulations) by extension 'colcon_meta'
[-1.557s] Level 1:colcon.colcon_core.package_identification:_identify(src/turtlebot3_simulations) by extensions ['ros']
[-1.557s] Level 1:colcon.colcon_core.package_identification:_identify(src/turtlebot3_simulations) by extension 'ros'
[-1.557s] Level 1:colcon.colcon_core.package_identification:_identify(src/turtlebot3_simulations) by extensions ['cmake', 'python']
[-1.557s] Level 1:colcon.colcon_core.package_identification:_identify(src/turtlebot3_simulations) by extension 'cmake'
[-1.557s] Level 1:colcon.colcon_core.package_identification:_identify(src/turtlebot3_simulations) by extension 'python'
[-1.557s] Level 1:colcon.colcon_core.package_identification:_identify(src/turtlebot3_simulations) by extensions ['python_setup_py']
[-1.557s] Level 1:colcon.colcon_core.package_identification:_identify(src/turtlebot3_simulations) by extension 'python_setup_py'
[-1.557s] Level 1:colcon.colcon_core.package_discovery:discover_packages(recursive) using defaults
[-1.557s] Level 1:colcon.colcon_core.package_discovery:discover_packages(ignore) discover
[-1.557s] Level 1:colcon.colcon_core.package_discovery:discover_packages(ignore) using defaults
[-1.557s] Level 1:colcon.colcon_core.package_discovery:discover_packages(path) discover
[-1.557s] Level 1:colcon.colcon_core.package_discovery:discover_packages(path) using defaults
[-1.523s] Level 1:colcon.colcon_core.package_discovery:discover_packages(prefix_path) check parameters
[-1.523s] Level 1:colcon.colcon_core.package_discovery:discover_packages(prefix_path) discover
[-1.521s] DEBUG:colcon.colcon_installed_package_information.package_discovery:Found 5 installed packages in /home/l0dz/SESASR-LAB/install
[-1.520s] DEBUG:colcon.colcon_installed_package_information.package_discovery:Found 339 installed packages in /opt/ros/humble
[-1.518s] Level 1:colcon.colcon_core.package_discovery:discover_packages(prefix_path) using defaults
[-1.477s] Level 5:colcon.colcon_core.verb:set package 'lab01_pkg' build argument 'cmake_args' from command line to 'None'
[-1.477s] Level 5:colcon.colcon_core.verb:set package 'lab01_pkg' build argument 'cmake_target' from command line to 'None'
[-1.477s] Level 5:colcon.colcon_core.verb:set package 'lab01_pkg' build argument 'cmake_target_skip_unavailable' from command line to 'False'
[-1.477s] Level 5:colcon.colcon_core.verb:set package 'lab01_pkg' build argument 'cmake_clean_cache' from command line to 'False'
[-1.477s] Level 5:colcon.colcon_core.verb:set package 'lab01_pkg' build argument 'cmake_clean_first' from command line to 'False'
[-1.477s] Level 5:colcon.colcon_core.verb:set package 'lab01_pkg' build argument 'cmake_force_configure' from command line to 'False'
[-1.477s] Level 5:colcon.colcon_core.verb:set package 'lab01_pkg' build argument 'ament_cmake_args' from command line to 'None'
[-1.477s] Level 5:colcon.colcon_core.verb:set package 'lab01_pkg' build argument 'catkin_cmake_args' from command line to 'None'
[-1.476s] Level 5:colcon.colcon_core.verb:set package 'lab01_pkg' build argument 'catkin_skip_building_tests' from command line to 'False'
[-1.476s] DEBUG:colcon.colcon_core.verb:Building package 'lab01_pkg' with the following arguments: {'ament_cmake_args': None, 'build_base': '/home/l0dz/SESASR-LAB/build/lab01_pkg', 'catkin_cmake_args': None, 'catkin_skip_building_tests': False, 'cmake_args': None, 'cmake_clean_cache': False, 'cmake_clean_first': False, 'cmake_force_configure': False, 'cmake_target': None, 'cmake_target_skip_unavailable': False, 'install_base': '/home/l0dz/SESASR-LAB/install/lab01_pkg', 'merge_install': False, 'path': '/home/l0dz/SESASR-LAB/src/lab01_pkg', 'symlink_install': True, 'test_result_base': None}
[-1.476s] Level 5:colcon.colcon_core.verb:set package 'lab02_pkg' build argument 'cmake_args' from command line to 'None'
[-1.476s] Level 5:colcon.colcon_core.verb:set package 'lab02_pkg' build argument 'cmake_target' from command line to 'None'
[-1.476s] Level 5:colcon.colcon_core.verb:set package 'lab02_pkg' build argument 'cmake_target_skip_unavailable' from command line to 'False'
[-1.476s] Level 5:colcon.colcon_core.verb:set package 'lab02_pkg' build argument 'cmake_clean_cache' from command line to 'False'
[-1.476s] Level 5:colcon.colcon_core.verb:set package 'lab02_pkg' build argument 'cmake_clean_first' from command line to 'False'
[-1.476s] Level 5:colcon.colcon_core.verb:set package 'lab02_pkg' build argument 'cmake_force_configure' from command line to 'False'
[-1.476s] Level 5:colcon.colcon_core.verb:set package 'lab02_pkg' build argument 'ament_cmake_args' from command line to 'None'
[-1.476s] Level 5:colcon.colcon_core.verb:set package 'lab02_pkg' build argument 'catkin_cmake_args' from command line to 'None'
[-1.476s] Level 5:colcon.colcon_core.verb:set package 'lab02_pkg' build argument 'catkin_skip_building_tests' from command line to 'False'
[-1.476s] DEBUG:colcon.colcon_core.verb:Building package 'lab02_pkg' with the following arguments: {'ament_cmake_args': None, 'build_base': '/home/l0dz/SESASR-LAB/build/lab02_pkg', 'catkin_cmake_args': None, 'catkin_skip_building_tests': False, 'cmake_args': None, 'cmake_clean_cache': False, 'cmake_clean_first': False, 'cmake_force_configure': False, 'cmake_target': None, 'cmake_target_skip_unavailable': False, 'install_base': '/home/l0dz/SESASR-LAB/install/lab02_pkg', 'merge_install': False, 'path': '/home/l0dz/SESASR-LAB/src/lab02_pkg', 'symlink_install': True, 'test_result_base': None}
[-1.476s] INFO:colcon.colcon_core.executor:Executing jobs using 'parallel' executor
[-1.474s] DEBUG:colcon.colcon_parallel_executor.executor.parallel:run_until_complete
[-1.474s] INFO:colcon.colcon_ros.task.ament_python.build:Building ROS package in '/home/l0dz/SESASR-LAB/src/lab01_pkg' with build type 'ament_python'
[-1.473s] Level 1:colcon.colcon_core.shell:create_environment_hook('lab01_pkg', 'ament_prefix_path')
[-1.471s] INFO:colcon.colcon_core.plugin_system:Skipping extension 'colcon_core.shell.bat': Not used on non-Windows systems
[-1.471s] INFO:colcon.colcon_core.shell:Creating environment hook '/home/l0dz/SESASR-LAB/install/lab01_pkg/share/lab01_pkg/hook/ament_prefix_path.ps1'
[-1.470s] INFO:colcon.colcon_core.shell:Creating environment descriptor '/home/l0dz/SESASR-LAB/install/lab01_pkg/share/lab01_pkg/hook/ament_prefix_path.dsv'
[-1.469s] INFO:colcon.colcon_core.shell:Creating environment hook '/home/l0dz/SESASR-LAB/install/lab01_pkg/share/lab01_pkg/hook/ament_prefix_path.sh'
[-1.468s] INFO:colcon.colcon_core.shell:Skip shell extension 'powershell' for command environment: Not usable outside of PowerShell
[-1.468s] DEBUG:colcon.colcon_core.shell:Skip shell extension 'dsv' for command environment
[-1.463s] INFO:colcon.colcon_core.task.python.build:Building Python package in '/home/l0dz/SESASR-LAB/src/lab02_pkg'
[-1.463s] INFO:colcon.colcon_core.shell:Skip shell extension 'powershell' for command environment: Not usable outside of PowerShell
[-1.463s] DEBUG:colcon.colcon_core.shell:Skip shell extension 'dsv' for command environment
[-1.181s] INFO:colcon.colcon_core.task.python.build:Building Python package in '/home/l0dz/SESASR-LAB/src/lab01_pkg'
[-1.180s] INFO:colcon.colcon_core.shell:Skip shell extension 'powershell' for command environment: Not usable outside of PowerShell
[-1.180s] DEBUG:colcon.colcon_core.shell:Skip shell extension 'dsv' for command environment
[-0.490s] DEBUG:colcon.colcon_core.event_handler.log_command:Invoking command in '/home/l0dz/SESASR-LAB/build/lab02_pkg': PYTHONPATH=/home/l0dz/SESASR-LAB/build/lab02_pkg/prefix_override:/usr/lib/python3/dist-packages/colcon_core/task/python/colcon_distutils_commands:/home/l0dz/SESASR-LAB/install/lab02_pkg/lib/python3.10/site-packages:${PYTHONPATH} /usr/bin/python3 -W ignore:setup.py install is deprecated -W ignore:easy_install command is deprecated setup.py develop --editable --build-directory /home/l0dz/SESASR-LAB/build/lab02_pkg/build --no-deps symlink_data
[-0.484s] DEBUG:colcon.colcon_core.event_handler.log_command:Invoking command in '/home/l0dz/SESASR-LAB/build/lab01_pkg': PYTHONPATH=/home/l0dz/SESASR-LAB/build/lab01_pkg/prefix_override:/usr/lib/python3/dist-packages/colcon_core/task/python/colcon_distutils_commands:/home/l0dz/SESASR-LAB/install/lab01_pkg/lib/python3.10/site-packages:${PYTHONPATH} /usr/bin/python3 -W ignore:setup.py install is deprecated -W ignore:easy_install command is deprecated setup.py develop --editable --build-directory /home/l0dz/SESASR-LAB/build/lab01_pkg/build --no-deps symlink_data
[0.005s] Level 1:colcon.colcon_core.shell:create_environment_hook('lab01_pkg', 'pythonpath_develop')
[0.006s] INFO:colcon.colcon_core.shell:Creating environment hook '/home/l0dz/SESASR-LAB/build/lab01_pkg/share/lab01_pkg/hook/pythonpath_develop.ps1'
[0.007s] DEBUG:colcon.colcon_core.event_handler.log_command:Invoked command in '/home/l0dz/SESASR-LAB/build/lab01_pkg' returned '0': PYTHONPATH=/home/l0dz/SESASR-LAB/build/lab01_pkg/prefix_override:/usr/lib/python3/dist-packages/colcon_core/task/python/colcon_distutils_commands:/home/l0dz/SESASR-LAB/install/lab01_pkg/lib/python3.10/site-packages:${PYTHONPATH} /usr/bin/python3 -W ignore:setup.py install is deprecated -W ignore:easy_install command is deprecated setup.py develop --editable --build-directory /home/l0dz/SESASR-LAB/build/lab01_pkg/build --no-deps symlink_data
[0.008s] INFO:colcon.colcon_core.shell:Creating environment descriptor '/home/l0dz/SESASR-LAB/build/lab01_pkg/share/lab01_pkg/hook/pythonpath_develop.dsv'
[0.008s] INFO:colcon.colcon_core.shell:Creating environment hook '/home/l0dz/SESASR-LAB/build/lab01_pkg/share/lab01_pkg/hook/pythonpath_develop.sh'
[0.011s] Level 1:colcon.colcon_core.environment:checking '/home/l0dz/SESASR-LAB/install/lab01_pkg' for CMake module files
[0.012s] Level 1:colcon.colcon_core.environment:checking '/home/l0dz/SESASR-LAB/install/lab01_pkg' for CMake config files
[0.013s] Level 1:colcon.colcon_core.environment:checking '/home/l0dz/SESASR-LAB/install/lab01_pkg/lib'
[0.013s] Level 1:colcon.colcon_core.environment:checking '/home/l0dz/SESASR-LAB/install/lab01_pkg/bin'
[0.013s] Level 1:colcon.colcon_core.environment:checking '/home/l0dz/SESASR-LAB/install/lab01_pkg/lib/pkgconfig/lab01_pkg.pc'
[0.013s] Level 1:colcon.colcon_core.environment:checking '/home/l0dz/SESASR-LAB/install/lab01_pkg/lib/python3.10/site-packages'
[0.013s] Level 1:colcon.colcon_core.shell:create_environment_hook('lab01_pkg', 'pythonpath')
[0.014s] INFO:colcon.colcon_core.shell:Creating environment hook '/home/l0dz/SESASR-LAB/install/lab01_pkg/share/lab01_pkg/hook/pythonpath.ps1'
[0.014s] INFO:colcon.colcon_core.shell:Creating environment descriptor '/home/l0dz/SESASR-LAB/install/lab01_pkg/share/lab01_pkg/hook/pythonpath.dsv'
[0.014s] INFO:colcon.colcon_core.shell:Creating environment hook '/home/l0dz/SESASR-LAB/install/lab01_pkg/share/lab01_pkg/hook/pythonpath.sh'
[0.015s] Level 1:colcon.colcon_core.environment:checking '/home/l0dz/SESASR-LAB/install/lab01_pkg/bin'
[0.015s] Level 1:colcon.colcon_core.environment:create_environment_scripts_only(lab01_pkg)
[0.016s] INFO:colcon.colcon_core.shell:Creating package script '/home/l0dz/SESASR-LAB/install/lab01_pkg/share/lab01_pkg/package.ps1'
[0.017s] INFO:colcon.colcon_core.shell:Creating package descriptor '/home/l0dz/SESASR-LAB/install/lab01_pkg/share/lab01_pkg/package.dsv'
[0.018s] INFO:colcon.colcon_core.shell:Creating package script '/home/l0dz/SESASR-LAB/install/lab01_pkg/share/lab01_pkg/package.sh'
[0.018s] INFO:colcon.colcon_core.shell:Creating package script '/home/l0dz/SESASR-LAB/install/lab01_pkg/share/lab01_pkg/package.bash'
[0.019s] INFO:colcon.colcon_core.shell:Creating package script '/home/l0dz/SESASR-LAB/install/lab01_pkg/share/lab01_pkg/package.zsh'
[0.020s] Level 1:colcon.colcon_core.environment:create_file_with_runtime_dependencies(/home/l0dz/SESASR-LAB/install/lab01_pkg/share/colcon-core/packages/lab01_pkg)
[0.022s] Level 1:colcon.colcon_core.shell:create_environment_hook('lab02_pkg', 'pythonpath_develop')
[0.023s] INFO:colcon.colcon_core.shell:Creating environment hook '/home/l0dz/SESASR-LAB/build/lab02_pkg/share/lab02_pkg/hook/pythonpath_develop.ps1'
[0.024s] INFO:colcon.colcon_core.shell:Creating environment descriptor '/home/l0dz/SESASR-LAB/build/lab02_pkg/share/lab02_pkg/hook/pythonpath_develop.dsv'
[0.025s] DEBUG:colcon.colcon_core.event_handler.log_command:Invoked command in '/home/l0dz/SESASR-LAB/build/lab02_pkg' returned '0': PYTHONPATH=/home/l0dz/SESASR-LAB/build/lab02_pkg/prefix_override:/usr/lib/python3/dist-packages/colcon_core/task/python/colcon_distutils_commands:/home/l0dz/SESASR-LAB/install/lab02_pkg/lib/python3.10/site-packages:${PYTHONPATH} /usr/bin/python3 -W ignore:setup.py install is deprecated -W ignore:easy_install command is deprecated setup.py develop --editable --build-directory /home/l0dz/SESASR-LAB/build/lab02_pkg/build --no-deps symlink_data
[0.025s] INFO:colcon.colcon_core.shell:Creating environment hook '/home/l0dz/SESASR-LAB/build/lab02_pkg/share/lab02_pkg/hook/pythonpath_develop.sh'
[0.026s] Level 1:colcon.colcon_core.environment:checking '/home/l0dz/SESASR-LAB/install/lab02_pkg' for CMake module files
[0.026s] Level 1:colcon.colcon_core.environment:checking '/home/l0dz/SESASR-LAB/install/lab02_pkg' for CMake config files
[0.027s] Level 1:colcon.colcon_core.environment:checking '/home/l0dz/SESASR-LAB/install/lab02_pkg/lib'
[0.027s] Level 1:colcon.colcon_core.environment:checking '/home/l0dz/SESASR-LAB/install/lab02_pkg/bin'
[0.027s] Level 1:colcon.colcon_core.environment:checking '/home/l0dz/SESASR-LAB/install/lab02_pkg/lib/pkgconfig/lab02_pkg.pc'
[0.027s] Level 1:colcon.colcon_core.environment:checking '/home/l0dz/SESASR-LAB/install/lab02_pkg/lib/python3.10/site-packages'
[0.027s] Level 1:colcon.colcon_core.shell:create_environment_hook('lab02_pkg', 'pythonpath')
[0.027s] INFO:colcon.colcon_core.shell:Creating environment hook '/home/l0dz/SESASR-LAB/install/lab02_pkg/share/lab02_pkg/hook/pythonpath.ps1'
[0.028s] INFO:colcon.colcon_core.shell:Creating environment descriptor '/home/l0dz/SESASR-LAB/install/lab02_pkg/share/lab02_pkg/hook/pythonpath.dsv'
[0.028s] INFO:colcon.colcon_core.shell:Creating environment hook '/home/l0dz/SESASR-LAB/install/lab02_pkg/share/lab02_pkg/hook/pythonpath.sh'
[0.029s] Level 1:colcon.colcon_core.environment:checking '/home/l0dz/SESASR-LAB/install/lab02_pkg/bin'
[0.029s] Level 1:colcon.colcon_core.environment:create_environment_scripts_only(lab02_pkg)
[0.030s] INFO:colcon.colcon_core.shell:Creating package script '/home/l0dz/SESASR-LAB/install/lab02_pkg/share/lab02_pkg/package.ps1'
[0.031s] INFO:colcon.colcon_core.shell:Creating package descriptor '/home/l0dz/SESASR-LAB/install/lab02_pkg/share/lab02_pkg/package.dsv'
[0.032s] INFO:colcon.colcon_core.shell:Creating package script '/home/l0dz/SESASR-LAB/install/lab02_pkg/share/lab02_pkg/package.sh'
[0.032s] INFO:colcon.colcon_core.shell:Creating package script '/home/l0dz/SESASR-LAB/install/lab02_pkg/share/lab02_pkg/package.bash'
[0.033s] INFO:colcon.colcon_core.shell:Creating package script '/home/l0dz/SESASR-LAB/install/lab02_pkg/share/lab02_pkg/package.zsh'
[0.034s] Level 1:colcon.colcon_core.environment:create_file_with_runtime_dependencies(/home/l0dz/SESASR-LAB/install/lab02_pkg/share/colcon-core/packages/lab02_pkg)
[0.034s] DEBUG:colcon.colcon_parallel_executor.executor.parallel:closing loop
[0.035s] DEBUG:colcon.colcon_parallel_executor.executor.parallel:loop closed
[0.036s] DEBUG:colcon.colcon_parallel_executor.executor.parallel:run_until_complete finished with '0'
[0.036s] DEBUG:colcon.colcon_core.event_reactor:joining thread
[0.133s] INFO:colcon.colcon_core.plugin_system:Skipping extension 'colcon_notification.desktop_notification.notify_send': Could not find 'notify-send'
[0.133s] INFO:colcon.colcon_core.plugin_system:Skipping extension 'colcon_notification.desktop_notification.terminal_notifier': Not used on non-Darwin systems
[0.133s] INFO:colcon.colcon_core.plugin_system:Skipping extension 'colcon_notification.desktop_notification.win32': Not used on non-Windows systems
[0.133s] INFO:colcon.colcon_notification.desktop_notification:Sending desktop notification using 'notify2'
[0.133s] DEBUG:colcon.colcon_notification.desktop_notification.notify2:Failed to initialize notify2: org.freedesktop.DBus.Error.FileNotFound: Failed to connect to socket /run/user/1000/bus: No such file or directory
[0.133s] DEBUG:colcon.colcon_core.event_reactor:joined thread
[0.133s] INFO:colcon.colcon_core.shell:Creating prefix script '/home/l0dz/SESASR-LAB/install/local_setup.ps1'
[0.134s] INFO:colcon.colcon_core.shell:Creating prefix util module '/home/l0dz/SESASR-LAB/install/_local_setup_util_ps1.py'
[0.136s] INFO:colcon.colcon_core.shell:Creating prefix chain script '/home/l0dz/SESASR-LAB/install/setup.ps1'
[0.138s] INFO:colcon.colcon_core.shell:Creating prefix script '/home/l0dz/SESASR-LAB/install/local_setup.sh'
[0.138s] INFO:colcon.colcon_core.shell:Creating prefix util module '/home/l0dz/SESASR-LAB/install/_local_setup_util_sh.py'
[0.139s] INFO:colcon.colcon_core.shell:Creating prefix chain script '/home/l0dz/SESASR-LAB/install/setup.sh'
[0.140s] INFO:colcon.colcon_core.shell:Creating prefix script '/home/l0dz/SESASR-LAB/install/local_setup.bash'
[0.141s] INFO:colcon.colcon_core.shell:Creating prefix chain script '/home/l0dz/SESASR-LAB/install/setup.bash'
[0.142s] INFO:colcon.colcon_core.shell:Creating prefix script '/home/l0dz/SESASR-LAB/install/local_setup.zsh'
[0.143s] INFO:colcon.colcon_core.shell:Creating prefix chain script '/home/l0dz/SESASR-LAB/install/setup.zsh'
