[0.257s] DEBUG:colcon:Command line arguments: ['/usr/bin/colcon', 'build', '--symlink-install']
[0.257s] DEBUG:colcon:Parsed command line arguments: Namespace(log_base=None, log_level=None, verb_name='build', build_base='build', install_base='install', merge_install=False, symlink_install=True, test_result_base=None, continue_on_error=False, executor='parallel', parallel_workers=12, event_handlers=None, ignore_user_meta=False, metas=['./colcon.meta'], base_paths=['.'], packages_ignore=None, packages_ignore_regex=None, paths=None, packages_up_to=None, packages_up_to_regex=None, packages_above=None, packages_above_and_dependencies=None, packages_above_depth=None, packages_select_by_dep=None, packages_skip_by_dep=None, packages_skip_up_to=None, packages_select_build_failed=False, packages_skip_build_finished=False, packages_select_test_failures=False, packages_skip_test_passed=False, packages_select=None, packages_skip=None, packages_select_regex=None, packages_skip_regex=None, packages_start=None, packages_end=None, allow_overriding=[], cmake_args=None, cmake_target=None, cmake_target_skip_unavailable=False, cmake_clean_cache=False, cmake_clean_first=False, cmake_force_configure=False, ament_cmake_args=None, catkin_cmake_args=None, catkin_skip_building_tests=False, mixin_files=None, mixin=None, verb_parser=<colcon_mixin.mixin.mixin_argument.MixinArgumentDecorator object at 0x7ce1685fd540>, verb_extension=<colcon_core.verb.build.BuildVerb object at 0x7ce16876e4d0>, main=<bound method BuildVerb.main of <colcon_core.verb.build.BuildVerb object at 0x7ce16876e4d0>>, mixin_verb=('build',))
[0.547s] Level 1:colcon.colcon_core.package_discovery:discover_packages(colcon_meta) check parameters
[0.547s] Level 1:colcon.colcon_core.package_discovery:discover_packages(recursive) check parameters
[0.547s] Level 1:colcon.colcon_core.package_discovery:discover_packages(ignore) check parameters
[0.547s] Level 1:colcon.colcon_core.package_discovery:discover_packages(path) check parameters
[0.547s] Level 1:colcon.colcon_core.package_discovery:discover_packages(colcon_meta) discover
[0.547s] Level 1:colcon.colcon_core.package_discovery:discover_packages(recursive) discover
[0.547s] INFO:colcon.colcon_core.package_discovery:Crawling recursively for packages in '/root/SESASR-LAB'
[0.547s] Level 1:colcon.colcon_core.package_identification:_identify(.) by extensions ['ignore', 'ignore_ament_install']
[0.548s] Level 1:colcon.colcon_core.package_identification:_identify(.) by extension 'ignore'
[0.548s] Level 1:colcon.colcon_core.package_identification:_identify(.) by extension 'ignore_ament_install'
[0.548s] Level 1:colcon.colcon_core.package_identification:_identify(.) by extensions ['colcon_pkg']
[0.548s] Level 1:colcon.colcon_core.package_identification:_identify(.) by extension 'colcon_pkg'
[0.548s] Level 1:colcon.colcon_core.package_identification:_identify(.) by extensions ['colcon_meta']
[0.548s] Level 1:colcon.colcon_core.package_identification:_identify(.) by extension 'colcon_meta'
[0.548s] Level 1:colcon.colcon_core.package_identification:_identify(.) by extensions ['ros']
[0.548s] Level 1:colcon.colcon_core.package_identification:_identify(.) by extension 'ros'
[0.561s] Level 1:colcon.colcon_core.package_identification:_identify(.) by extensions ['cmake', 'python']
[0.561s] Level 1:colcon.colcon_core.package_identification:_identify(.) by extension 'cmake'
[0.561s] Level 1:colcon.colcon_core.package_identification:_identify(.) by extension 'python'
[0.561s] Level 1:colcon.colcon_core.package_identification:_identify(.) by extensions ['python_setup_py']
[0.561s] Level 1:colcon.colcon_core.package_identification:_identify(.) by extension 'python_setup_py'
[0.562s] Level 1:colcon.colcon_core.package_identification:_identify(build) by extensions ['ignore', 'ignore_ament_install']
[0.562s] Level 1:colcon.colcon_core.package_identification:_identify(build) by extension 'ignore'
[0.562s] Level 1:colcon.colcon_core.package_identification:_identify(build) ignored
[0.563s] Level 1:colcon.colcon_core.package_identification:_identify(install) by extensions ['ignore', 'ignore_ament_install']
[0.563s] Level 1:colcon.colcon_core.package_identification:_identify(install) by extension 'ignore'
[0.563s] Level 1:colcon.colcon_core.package_identification:_identify(install) ignored
[0.563s] Level 1:colcon.colcon_core.package_identification:_identify(log) by extensions ['ignore', 'ignore_ament_install']
[0.563s] Level 1:colcon.colcon_core.package_identification:_identify(log) by extension 'ignore'
[0.563s] Level 1:colcon.colcon_core.package_identification:_identify(log) ignored
[0.563s] Level 1:colcon.colcon_core.package_identification:_identify(src) by extensions ['ignore', 'ignore_ament_install']
[0.563s] Level 1:colcon.colcon_core.package_identification:_identify(src) by extension 'ignore'
[0.563s] Level 1:colcon.colcon_core.package_identification:_identify(src) by extension 'ignore_ament_install'
[0.563s] Level 1:colcon.colcon_core.package_identification:_identify(src) by extensions ['colcon_pkg']
[0.563s] Level 1:colcon.colcon_core.package_identification:_identify(src) by extension 'colcon_pkg'
[0.563s] Level 1:colcon.colcon_core.package_identification:_identify(src) by extensions ['colcon_meta']
[0.563s] Level 1:colcon.colcon_core.package_identification:_identify(src) by extension 'colcon_meta'
[0.563s] Level 1:colcon.colcon_core.package_identification:_identify(src) by extensions ['ros']
[0.563s] Level 1:colcon.colcon_core.package_identification:_identify(src) by extension 'ros'
[0.563s] Level 1:colcon.colcon_core.package_identification:_identify(src) by extensions ['cmake', 'python']
[0.563s] Level 1:colcon.colcon_core.package_identification:_identify(src) by extension 'cmake'
[0.564s] Level 1:colcon.colcon_core.package_identification:_identify(src) by extension 'python'
[0.564s] Level 1:colcon.colcon_core.package_identification:_identify(src) by extensions ['python_setup_py']
[0.564s] Level 1:colcon.colcon_core.package_identification:_identify(src) by extension 'python_setup_py'
[0.564s] Level 1:colcon.colcon_core.package_identification:_identify(src/lab01_pkg) by extensions ['ignore', 'ignore_ament_install']
[0.564s] Level 1:colcon.colcon_core.package_identification:_identify(src/lab01_pkg) by extension 'ignore'
[0.564s] Level 1:colcon.colcon_core.package_identification:_identify(src/lab01_pkg) by extension 'ignore_ament_install'
[0.564s] Level 1:colcon.colcon_core.package_identification:_identify(src/lab01_pkg) by extensions ['colcon_pkg']
[0.564s] Level 1:colcon.colcon_core.package_identification:_identify(src/lab01_pkg) by extension 'colcon_pkg'
[0.565s] Level 1:colcon.colcon_core.package_identification:_identify(src/lab01_pkg) by extensions ['colcon_meta']
[0.565s] Level 1:colcon.colcon_core.package_identification:_identify(src/lab01_pkg) by extension 'colcon_meta'
[0.565s] Level 1:colcon.colcon_core.package_identification:_identify(src/lab01_pkg) by extensions ['ros']
[0.565s] Level 1:colcon.colcon_core.package_identification:_identify(src/lab01_pkg) by extension 'ros'
[0.567s] DEBUG:colcon.colcon_core.package_identification:Package 'src/lab01_pkg' with type 'ros.ament_python' and name 'lab01_pkg'
[0.568s] Level 1:colcon.colcon_core.package_identification:_identify(src/lab02) by extensions ['ignore', 'ignore_ament_install']
[0.568s] Level 1:colcon.colcon_core.package_identification:_identify(src/lab02) by extension 'ignore'
[0.568s] Level 1:colcon.colcon_core.package_identification:_identify(src/lab02) by extension 'ignore_ament_install'
[0.568s] Level 1:colcon.colcon_core.package_identification:_identify(src/lab02) by extensions ['colcon_pkg']
[0.568s] Level 1:colcon.colcon_core.package_identification:_identify(src/lab02) by extension 'colcon_pkg'
[0.568s] Level 1:colcon.colcon_core.package_identification:_identify(src/lab02) by extensions ['colcon_meta']
[0.568s] Level 1:colcon.colcon_core.package_identification:_identify(src/lab02) by extension 'colcon_meta'
[0.568s] Level 1:colcon.colcon_core.package_identification:_identify(src/lab02) by extensions ['ros']
[0.568s] Level 1:colcon.colcon_core.package_identification:_identify(src/lab02) by extension 'ros'
[0.568s] Level 1:colcon.colcon_core.package_identification:_identify(src/lab02) by extensions ['cmake', 'python']
[0.568s] Level 1:colcon.colcon_core.package_identification:_identify(src/lab02) by extension 'cmake'
[0.568s] Level 1:colcon.colcon_core.package_identification:_identify(src/lab02) by extension 'python'
[0.568s] Level 1:colcon.colcon_core.package_identification:_identify(src/lab02) by extensions ['python_setup_py']
[0.568s] Level 1:colcon.colcon_core.package_identification:_identify(src/lab02) by extension 'python_setup_py'
[0.569s] Level 1:colcon.colcon_core.package_identification:_identify(src/turtlebot3_simulations) by extensions ['ignore', 'ignore_ament_install']
[0.569s] Level 1:colcon.colcon_core.package_identification:_identify(src/turtlebot3_simulations) by extension 'ignore'
[0.569s] Level 1:colcon.colcon_core.package_identification:_identify(src/turtlebot3_simulations) by extension 'ignore_ament_install'
[0.569s] Level 1:colcon.colcon_core.package_identification:_identify(src/turtlebot3_simulations) by extensions ['colcon_pkg']
[0.569s] Level 1:colcon.colcon_core.package_identification:_identify(src/turtlebot3_simulations) by extension 'colcon_pkg'
[0.569s] Level 1:colcon.colcon_core.package_identification:_identify(src/turtlebot3_simulations) by extensions ['colcon_meta']
[0.569s] Level 1:colcon.colcon_core.package_identification:_identify(src/turtlebot3_simulations) by extension 'colcon_meta'
[0.569s] Level 1:colcon.colcon_core.package_identification:_identify(src/turtlebot3_simulations) by extensions ['ros']
[0.569s] Level 1:colcon.colcon_core.package_identification:_identify(src/turtlebot3_simulations) by extension 'ros'
[0.569s] Level 1:colcon.colcon_core.package_identification:_identify(src/turtlebot3_simulations) by extensions ['cmake', 'python']
[0.569s] Level 1:colcon.colcon_core.package_identification:_identify(src/turtlebot3_simulations) by extension 'cmake'
[0.569s] Level 1:colcon.colcon_core.package_identification:_identify(src/turtlebot3_simulations) by extension 'python'
[0.569s] Level 1:colcon.colcon_core.package_identification:_identify(src/turtlebot3_simulations) by extensions ['python_setup_py']
[0.569s] Level 1:colcon.colcon_core.package_identification:_identify(src/turtlebot3_simulations) by extension 'python_setup_py'
[0.569s] Level 1:colcon.colcon_core.package_identification:_identify(src/turtlebot3_simulations/turtlebot3_fake_node) by extensions ['ignore', 'ignore_ament_install']
[0.570s] Level 1:colcon.colcon_core.package_identification:_identify(src/turtlebot3_simulations/turtlebot3_fake_node) by extension 'ignore'
[0.570s] Level 1:colcon.colcon_core.package_identification:_identify(src/turtlebot3_simulations/turtlebot3_fake_node) by extension 'ignore_ament_install'
[0.570s] Level 1:colcon.colcon_core.package_identification:_identify(src/turtlebot3_simulations/turtlebot3_fake_node) by extensions ['colcon_pkg']
[0.570s] Level 1:colcon.colcon_core.package_identification:_identify(src/turtlebot3_simulations/turtlebot3_fake_node) by extension 'colcon_pkg'
[0.570s] Level 1:colcon.colcon_core.package_identification:_identify(src/turtlebot3_simulations/turtlebot3_fake_node) by extensions ['colcon_meta']
[0.570s] Level 1:colcon.colcon_core.package_identification:_identify(src/turtlebot3_simulations/turtlebot3_fake_node) by extension 'colcon_meta'
[0.570s] Level 1:colcon.colcon_core.package_identification:_identify(src/turtlebot3_simulations/turtlebot3_fake_node) by extensions ['ros']
[0.570s] Level 1:colcon.colcon_core.package_identification:_identify(src/turtlebot3_simulations/turtlebot3_fake_node) by extension 'ros'
[0.571s] DEBUG:colcon.colcon_core.package_identification:Package 'src/turtlebot3_simulations/turtlebot3_fake_node' with type 'ros.ament_cmake' and name 'turtlebot3_fake_node'
[0.571s] Level 1:colcon.colcon_core.package_identification:_identify(src/turtlebot3_simulations/turtlebot3_gazebo) by extensions ['ignore', 'ignore_ament_install']
[0.571s] Level 1:colcon.colcon_core.package_identification:_identify(src/turtlebot3_simulations/turtlebot3_gazebo) by extension 'ignore'
[0.571s] Level 1:colcon.colcon_core.package_identification:_identify(src/turtlebot3_simulations/turtlebot3_gazebo) by extension 'ignore_ament_install'
[0.571s] Level 1:colcon.colcon_core.package_identification:_identify(src/turtlebot3_simulations/turtlebot3_gazebo) by extensions ['colcon_pkg']
[0.571s] Level 1:colcon.colcon_core.package_identification:_identify(src/turtlebot3_simulations/turtlebot3_gazebo) by extension 'colcon_pkg'
[0.571s] Level 1:colcon.colcon_core.package_identification:_identify(src/turtlebot3_simulations/turtlebot3_gazebo) by extensions ['colcon_meta']
[0.571s] Level 1:colcon.colcon_core.package_identification:_identify(src/turtlebot3_simulations/turtlebot3_gazebo) by extension 'colcon_meta'
[0.571s] Level 1:colcon.colcon_core.package_identification:_identify(src/turtlebot3_simulations/turtlebot3_gazebo) by extensions ['ros']
[0.571s] Level 1:colcon.colcon_core.package_identification:_identify(src/turtlebot3_simulations/turtlebot3_gazebo) by extension 'ros'
[0.572s] DEBUG:colcon.colcon_core.package_identification:Package 'src/turtlebot3_simulations/turtlebot3_gazebo' with type 'ros.ament_cmake' and name 'turtlebot3_gazebo'
[0.573s] Level 1:colcon.colcon_core.package_identification:_identify(src/turtlebot3_simulations/turtlebot3_ignition) by extensions ['ignore', 'ignore_ament_install']
[0.573s] Level 1:colcon.colcon_core.package_identification:_identify(src/turtlebot3_simulations/turtlebot3_ignition) by extension 'ignore'
[0.573s] Level 1:colcon.colcon_core.package_identification:_identify(src/turtlebot3_simulations/turtlebot3_ignition) ignored
[0.573s] Level 1:colcon.colcon_core.package_identification:_identify(src/turtlebot3_simulations/turtlebot3_simulations) by extensions ['ignore', 'ignore_ament_install']
[0.573s] Level 1:colcon.colcon_core.package_identification:_identify(src/turtlebot3_simulations/turtlebot3_simulations) by extension 'ignore'
[0.573s] Level 1:colcon.colcon_core.package_identification:_identify(src/turtlebot3_simulations/turtlebot3_simulations) by extension 'ignore_ament_install'
[0.573s] Level 1:colcon.colcon_core.package_identification:_identify(src/turtlebot3_simulations/turtlebot3_simulations) by extensions ['colcon_pkg']
[0.573s] Level 1:colcon.colcon_core.package_identification:_identify(src/turtlebot3_simulations/turtlebot3_simulations) by extension 'colcon_pkg'
[0.574s] Level 1:colcon.colcon_core.package_identification:_identify(src/turtlebot3_simulations/turtlebot3_simulations) by extensions ['colcon_meta']
[0.574s] Level 1:colcon.colcon_core.package_identification:_identify(src/turtlebot3_simulations/turtlebot3_simulations) by extension 'colcon_meta'
[0.574s] Level 1:colcon.colcon_core.package_identification:_identify(src/turtlebot3_simulations/turtlebot3_simulations) by extensions ['ros']
[0.574s] Level 1:colcon.colcon_core.package_identification:_identify(src/turtlebot3_simulations/turtlebot3_simulations) by extension 'ros'
[0.574s] DEBUG:colcon.colcon_core.package_identification:Package 'src/turtlebot3_simulations/turtlebot3_simulations' with type 'ros.ament_cmake' and name 'turtlebot3_simulations'
[0.574s] Level 1:colcon.colcon_core.package_discovery:discover_packages(recursive) using defaults
[0.574s] Level 1:colcon.colcon_core.package_discovery:discover_packages(ignore) discover
[0.574s] Level 1:colcon.colcon_core.package_discovery:discover_packages(ignore) using defaults
[0.574s] Level 1:colcon.colcon_core.package_discovery:discover_packages(path) discover
[0.574s] Level 1:colcon.colcon_core.package_discovery:discover_packages(path) using defaults
[0.612s] Level 1:colcon.colcon_core.package_discovery:discover_packages(prefix_path) check parameters
[0.612s] Level 1:colcon.colcon_core.package_discovery:discover_packages(prefix_path) discover
[0.617s] DEBUG:colcon.colcon_installed_package_information.package_discovery:Found 339 installed packages in /opt/ros/humble
[0.619s] Level 1:colcon.colcon_core.package_discovery:discover_packages(prefix_path) using defaults
[0.703s] Level 5:colcon.colcon_core.verb:set package 'lab01_pkg' build argument 'cmake_args' from command line to 'None'
[0.703s] Level 5:colcon.colcon_core.verb:set package 'lab01_pkg' build argument 'cmake_target' from command line to 'None'
[0.703s] Level 5:colcon.colcon_core.verb:set package 'lab01_pkg' build argument 'cmake_target_skip_unavailable' from command line to 'False'
[0.703s] Level 5:colcon.colcon_core.verb:set package 'lab01_pkg' build argument 'cmake_clean_cache' from command line to 'False'
[0.703s] Level 5:colcon.colcon_core.verb:set package 'lab01_pkg' build argument 'cmake_clean_first' from command line to 'False'
[0.703s] Level 5:colcon.colcon_core.verb:set package 'lab01_pkg' build argument 'cmake_force_configure' from command line to 'False'
[0.703s] Level 5:colcon.colcon_core.verb:set package 'lab01_pkg' build argument 'ament_cmake_args' from command line to 'None'
[0.703s] Level 5:colcon.colcon_core.verb:set package 'lab01_pkg' build argument 'catkin_cmake_args' from command line to 'None'
[0.703s] Level 5:colcon.colcon_core.verb:set package 'lab01_pkg' build argument 'catkin_skip_building_tests' from command line to 'False'
[0.703s] DEBUG:colcon.colcon_core.verb:Building package 'lab01_pkg' with the following arguments: {'ament_cmake_args': None, 'build_base': '/root/SESASR-LAB/build/lab01_pkg', 'catkin_cmake_args': None, 'catkin_skip_building_tests': False, 'cmake_args': None, 'cmake_clean_cache': False, 'cmake_clean_first': False, 'cmake_force_configure': False, 'cmake_target': None, 'cmake_target_skip_unavailable': False, 'install_base': '/root/SESASR-LAB/install/lab01_pkg', 'merge_install': False, 'path': '/root/SESASR-LAB/src/lab01_pkg', 'symlink_install': True, 'test_result_base': None}
[0.703s] Level 5:colcon.colcon_core.verb:set package 'turtlebot3_fake_node' build argument 'cmake_args' from command line to 'None'
[0.704s] Level 5:colcon.colcon_core.verb:set package 'turtlebot3_fake_node' build argument 'cmake_target' from command line to 'None'
[0.704s] Level 5:colcon.colcon_core.verb:set package 'turtlebot3_fake_node' build argument 'cmake_target_skip_unavailable' from command line to 'False'
[0.704s] Level 5:colcon.colcon_core.verb:set package 'turtlebot3_fake_node' build argument 'cmake_clean_cache' from command line to 'False'
[0.704s] Level 5:colcon.colcon_core.verb:set package 'turtlebot3_fake_node' build argument 'cmake_clean_first' from command line to 'False'
[0.704s] Level 5:colcon.colcon_core.verb:set package 'turtlebot3_fake_node' build argument 'cmake_force_configure' from command line to 'False'
[0.704s] Level 5:colcon.colcon_core.verb:set package 'turtlebot3_fake_node' build argument 'ament_cmake_args' from command line to 'None'
[0.704s] Level 5:colcon.colcon_core.verb:set package 'turtlebot3_fake_node' build argument 'catkin_cmake_args' from command line to 'None'
[0.704s] Level 5:colcon.colcon_core.verb:set package 'turtlebot3_fake_node' build argument 'catkin_skip_building_tests' from command line to 'False'
[0.704s] DEBUG:colcon.colcon_core.verb:Building package 'turtlebot3_fake_node' with the following arguments: {'ament_cmake_args': None, 'build_base': '/root/SESASR-LAB/build/turtlebot3_fake_node', 'catkin_cmake_args': None, 'catkin_skip_building_tests': False, 'cmake_args': None, 'cmake_clean_cache': False, 'cmake_clean_first': False, 'cmake_force_configure': False, 'cmake_target': None, 'cmake_target_skip_unavailable': False, 'install_base': '/root/SESASR-LAB/install/turtlebot3_fake_node', 'merge_install': False, 'path': '/root/SESASR-LAB/src/turtlebot3_simulations/turtlebot3_fake_node', 'symlink_install': True, 'test_result_base': None}
[0.704s] Level 5:colcon.colcon_core.verb:set package 'turtlebot3_gazebo' build argument 'cmake_args' from command line to 'None'
[0.704s] Level 5:colcon.colcon_core.verb:set package 'turtlebot3_gazebo' build argument 'cmake_target' from command line to 'None'
[0.704s] Level 5:colcon.colcon_core.verb:set package 'turtlebot3_gazebo' build argument 'cmake_target_skip_unavailable' from command line to 'False'
[0.704s] Level 5:colcon.colcon_core.verb:set package 'turtlebot3_gazebo' build argument 'cmake_clean_cache' from command line to 'False'
[0.704s] Level 5:colcon.colcon_core.verb:set package 'turtlebot3_gazebo' build argument 'cmake_clean_first' from command line to 'False'
[0.704s] Level 5:colcon.colcon_core.verb:set package 'turtlebot3_gazebo' build argument 'cmake_force_configure' from command line to 'False'
[0.704s] Level 5:colcon.colcon_core.verb:set package 'turtlebot3_gazebo' build argument 'ament_cmake_args' from command line to 'None'
[0.704s] Level 5:colcon.colcon_core.verb:set package 'turtlebot3_gazebo' build argument 'catkin_cmake_args' from command line to 'None'
[0.704s] Level 5:colcon.colcon_core.verb:set package 'turtlebot3_gazebo' build argument 'catkin_skip_building_tests' from command line to 'False'
[0.704s] DEBUG:colcon.colcon_core.verb:Building package 'turtlebot3_gazebo' with the following arguments: {'ament_cmake_args': None, 'build_base': '/root/SESASR-LAB/build/turtlebot3_gazebo', 'catkin_cmake_args': None, 'catkin_skip_building_tests': False, 'cmake_args': None, 'cmake_clean_cache': False, 'cmake_clean_first': False, 'cmake_force_configure': False, 'cmake_target': None, 'cmake_target_skip_unavailable': False, 'install_base': '/root/SESASR-LAB/install/turtlebot3_gazebo', 'merge_install': False, 'path': '/root/SESASR-LAB/src/turtlebot3_simulations/turtlebot3_gazebo', 'symlink_install': True, 'test_result_base': None}
[0.704s] Level 5:colcon.colcon_core.verb:set package 'turtlebot3_simulations' build argument 'cmake_args' from command line to 'None'
[0.704s] Level 5:colcon.colcon_core.verb:set package 'turtlebot3_simulations' build argument 'cmake_target' from command line to 'None'
[0.704s] Level 5:colcon.colcon_core.verb:set package 'turtlebot3_simulations' build argument 'cmake_target_skip_unavailable' from command line to 'False'
[0.705s] Level 5:colcon.colcon_core.verb:set package 'turtlebot3_simulations' build argument 'cmake_clean_cache' from command line to 'False'
[0.705s] Level 5:colcon.colcon_core.verb:set package 'turtlebot3_simulations' build argument 'cmake_clean_first' from command line to 'False'
[0.705s] Level 5:colcon.colcon_core.verb:set package 'turtlebot3_simulations' build argument 'cmake_force_configure' from command line to 'False'
[0.705s] Level 5:colcon.colcon_core.verb:set package 'turtlebot3_simulations' build argument 'ament_cmake_args' from command line to 'None'
[0.705s] Level 5:colcon.colcon_core.verb:set package 'turtlebot3_simulations' build argument 'catkin_cmake_args' from command line to 'None'
[0.705s] Level 5:colcon.colcon_core.verb:set package 'turtlebot3_simulations' build argument 'catkin_skip_building_tests' from command line to 'False'
[0.705s] DEBUG:colcon.colcon_core.verb:Building package 'turtlebot3_simulations' with the following arguments: {'ament_cmake_args': None, 'build_base': '/root/SESASR-LAB/build/turtlebot3_simulations', 'catkin_cmake_args': None, 'catkin_skip_building_tests': False, 'cmake_args': None, 'cmake_clean_cache': False, 'cmake_clean_first': False, 'cmake_force_configure': False, 'cmake_target': None, 'cmake_target_skip_unavailable': False, 'install_base': '/root/SESASR-LAB/install/turtlebot3_simulations', 'merge_install': False, 'path': '/root/SESASR-LAB/src/turtlebot3_simulations/turtlebot3_simulations', 'symlink_install': True, 'test_result_base': None}
[0.705s] INFO:colcon.colcon_core.executor:Executing jobs using 'parallel' executor
[0.706s] DEBUG:colcon.colcon_parallel_executor.executor.parallel:run_until_complete
[0.706s] INFO:colcon.colcon_ros.task.ament_cmake.build:Building ROS package in '/root/SESASR-LAB/src/turtlebot3_simulations/turtlebot3_fake_node' with build type 'ament_cmake'
[0.706s] INFO:colcon.colcon_cmake.task.cmake.build:Building CMake package in '/root/SESASR-LAB/src/turtlebot3_simulations/turtlebot3_fake_node'
[0.710s] INFO:colcon.colcon_core.plugin_system:Skipping extension 'colcon_core.shell.bat': Not used on non-Windows systems
[0.710s] INFO:colcon.colcon_core.shell:Skip shell extension 'powershell' for command environment: Not usable outside of PowerShell
[0.710s] DEBUG:colcon.colcon_core.shell:Skip shell extension 'dsv' for command environment
[0.714s] INFO:colcon.colcon_ros.task.ament_python.build:Building ROS package in '/root/SESASR-LAB/src/lab01_pkg' with build type 'ament_python'
[0.715s] Level 1:colcon.colcon_core.shell:create_environment_hook('lab01_pkg', 'ament_prefix_path')
[0.715s] INFO:colcon.colcon_core.shell:Creating environment hook '/root/SESASR-LAB/install/lab01_pkg/share/lab01_pkg/hook/ament_prefix_path.ps1'
[0.716s] INFO:colcon.colcon_core.shell:Creating environment descriptor '/root/SESASR-LAB/install/lab01_pkg/share/lab01_pkg/hook/ament_prefix_path.dsv'
[0.717s] INFO:colcon.colcon_core.shell:Creating environment hook '/root/SESASR-LAB/install/lab01_pkg/share/lab01_pkg/hook/ament_prefix_path.sh'
[0.718s] INFO:colcon.colcon_core.shell:Skip shell extension 'powershell' for command environment: Not usable outside of PowerShell
[0.718s] DEBUG:colcon.colcon_core.shell:Skip shell extension 'dsv' for command environment
[0.721s] INFO:colcon.colcon_ros.task.ament_cmake.build:Building ROS package in '/root/SESASR-LAB/src/turtlebot3_simulations/turtlebot3_gazebo' with build type 'ament_cmake'
[0.721s] INFO:colcon.colcon_cmake.task.cmake.build:Building CMake package in '/root/SESASR-LAB/src/turtlebot3_simulations/turtlebot3_gazebo'
[0.721s] INFO:colcon.colcon_core.shell:Skip shell extension 'powershell' for command environment: Not usable outside of PowerShell
[0.721s] DEBUG:colcon.colcon_core.shell:Skip shell extension 'dsv' for command environment
[0.732s] DEBUG:colcon.colcon_core.event_handler.log_command:Invoking command in '/root/SESASR-LAB/build/turtlebot3_fake_node': CMAKE_PREFIX_PATH=/opt/ros/humble /usr/bin/cmake /root/SESASR-LAB/src/turtlebot3_simulations/turtlebot3_fake_node -DAMENT_CMAKE_SYMLINK_INSTALL=1 -DCMAKE_INSTALL_PREFIX=/root/SESASR-LAB/install/turtlebot3_fake_node
[0.975s] INFO:colcon.colcon_core.task.python.build:Building Python package in '/root/SESASR-LAB/src/lab01_pkg'
[0.976s] INFO:colcon.colcon_core.shell:Skip shell extension 'powershell' for command environment: Not usable outside of PowerShell
[0.976s] DEBUG:colcon.colcon_core.shell:Skip shell extension 'dsv' for command environment
[0.987s] DEBUG:colcon.colcon_core.event_handler.log_command:Invoking command in '/root/SESASR-LAB/build/turtlebot3_gazebo': CMAKE_PREFIX_PATH=/opt/ros/humble /usr/bin/cmake /root/SESASR-LAB/src/turtlebot3_simulations/turtlebot3_gazebo -DAMENT_CMAKE_SYMLINK_INSTALL=1 -DCMAKE_INSTALL_PREFIX=/root/SESASR-LAB/install/turtlebot3_gazebo
[1.454s] DEBUG:colcon.colcon_core.event_handler.log_command:Invoking command in '/root/SESASR-LAB/build/lab01_pkg': PYTHONPATH=/root/SESASR-LAB/build/lab01_pkg/prefix_override:/usr/lib/python3/dist-packages/colcon_core/task/python/colcon_distutils_commands:/root/SESASR-LAB/install/lab01_pkg/lib/python3.10/site-packages:${PYTHONPATH} /usr/bin/python3 -W ignore:setup.py install is deprecated -W ignore:easy_install command is deprecated setup.py develop --editable --build-directory /root/SESASR-LAB/build/lab01_pkg/build --no-deps symlink_data
[1.907s] Level 1:colcon.colcon_core.shell:create_environment_hook('lab01_pkg', 'pythonpath_develop')
[1.907s] INFO:colcon.colcon_core.shell:Creating environment hook '/root/SESASR-LAB/build/lab01_pkg/share/lab01_pkg/hook/pythonpath_develop.ps1'
[1.908s] DEBUG:colcon.colcon_core.event_handler.log_command:Invoked command in '/root/SESASR-LAB/build/lab01_pkg' returned '0': PYTHONPATH=/root/SESASR-LAB/build/lab01_pkg/prefix_override:/usr/lib/python3/dist-packages/colcon_core/task/python/colcon_distutils_commands:/root/SESASR-LAB/install/lab01_pkg/lib/python3.10/site-packages:${PYTHONPATH} /usr/bin/python3 -W ignore:setup.py install is deprecated -W ignore:easy_install command is deprecated setup.py develop --editable --build-directory /root/SESASR-LAB/build/lab01_pkg/build --no-deps symlink_data
[1.908s] INFO:colcon.colcon_core.shell:Creating environment descriptor '/root/SESASR-LAB/build/lab01_pkg/share/lab01_pkg/hook/pythonpath_develop.dsv'
[1.909s] INFO:colcon.colcon_core.shell:Creating environment hook '/root/SESASR-LAB/build/lab01_pkg/share/lab01_pkg/hook/pythonpath_develop.sh'
[1.915s] Level 1:colcon.colcon_core.environment:checking '/root/SESASR-LAB/install/lab01_pkg' for CMake module files
[1.916s] Level 1:colcon.colcon_core.environment:checking '/root/SESASR-LAB/install/lab01_pkg' for CMake config files
[1.918s] Level 1:colcon.colcon_core.environment:checking '/root/SESASR-LAB/install/lab01_pkg/lib'
[1.918s] Level 1:colcon.colcon_core.environment:checking '/root/SESASR-LAB/install/lab01_pkg/bin'
[1.918s] Level 1:colcon.colcon_core.environment:checking '/root/SESASR-LAB/install/lab01_pkg/lib/pkgconfig/lab01_pkg.pc'
[1.919s] Level 1:colcon.colcon_core.environment:checking '/root/SESASR-LAB/install/lab01_pkg/lib/python3.10/site-packages'
[1.919s] Level 1:colcon.colcon_core.shell:create_environment_hook('lab01_pkg', 'pythonpath')
[1.919s] INFO:colcon.colcon_core.shell:Creating environment hook '/root/SESASR-LAB/install/lab01_pkg/share/lab01_pkg/hook/pythonpath.ps1'
[1.920s] INFO:colcon.colcon_core.shell:Creating environment descriptor '/root/SESASR-LAB/install/lab01_pkg/share/lab01_pkg/hook/pythonpath.dsv'
[1.920s] INFO:colcon.colcon_core.shell:Creating environment hook '/root/SESASR-LAB/install/lab01_pkg/share/lab01_pkg/hook/pythonpath.sh'
[1.921s] Level 1:colcon.colcon_core.environment:checking '/root/SESASR-LAB/install/lab01_pkg/bin'
[1.921s] Level 1:colcon.colcon_core.environment:create_environment_scripts_only(lab01_pkg)
[1.921s] INFO:colcon.colcon_core.shell:Creating package script '/root/SESASR-LAB/install/lab01_pkg/share/lab01_pkg/package.ps1'
[1.923s] INFO:colcon.colcon_core.shell:Creating package descriptor '/root/SESASR-LAB/install/lab01_pkg/share/lab01_pkg/package.dsv'
[1.924s] INFO:colcon.colcon_core.shell:Creating package script '/root/SESASR-LAB/install/lab01_pkg/share/lab01_pkg/package.sh'
[1.925s] INFO:colcon.colcon_core.shell:Creating package script '/root/SESASR-LAB/install/lab01_pkg/share/lab01_pkg/package.bash'
[1.926s] INFO:colcon.colcon_core.shell:Creating package script '/root/SESASR-LAB/install/lab01_pkg/share/lab01_pkg/package.zsh'
[1.927s] Level 1:colcon.colcon_core.environment:create_file_with_runtime_dependencies(/root/SESASR-LAB/install/lab01_pkg/share/colcon-core/packages/lab01_pkg)
[3.866s] DEBUG:colcon.colcon_core.event_handler.log_command:Invoked command in '/root/SESASR-LAB/build/turtlebot3_fake_node' returned '0': CMAKE_PREFIX_PATH=/opt/ros/humble /usr/bin/cmake /root/SESASR-LAB/src/turtlebot3_simulations/turtlebot3_fake_node -DAMENT_CMAKE_SYMLINK_INSTALL=1 -DCMAKE_INSTALL_PREFIX=/root/SESASR-LAB/install/turtlebot3_fake_node
[3.867s] DEBUG:colcon.colcon_core.event_handler.log_command:Invoking command in '/root/SESASR-LAB/build/turtlebot3_fake_node': CMAKE_PREFIX_PATH=/opt/ros/humble /usr/bin/cmake --build /root/SESASR-LAB/build/turtlebot3_fake_node -- -j12 -l12
[13.229s] DEBUG:colcon.colcon_core.event_handler.log_command:Invoked command in '/root/SESASR-LAB/build/turtlebot3_fake_node' returned '0': CMAKE_PREFIX_PATH=/opt/ros/humble /usr/bin/cmake --build /root/SESASR-LAB/build/turtlebot3_fake_node -- -j12 -l12
[13.245s] DEBUG:colcon.colcon_core.event_handler.log_command:Invoking command in '/root/SESASR-LAB/build/turtlebot3_fake_node': CMAKE_PREFIX_PATH=/opt/ros/humble /usr/bin/cmake --install /root/SESASR-LAB/build/turtlebot3_fake_node
[13.527s] Level 1:colcon.colcon_core.environment:create_environment_scripts_only(turtlebot3_fake_node)
[13.527s] Level 1:colcon.colcon_core.environment:checking '/root/SESASR-LAB/install/turtlebot3_fake_node' for CMake module files
[13.528s] DEBUG:colcon.colcon_core.event_handler.log_command:Invoked command in '/root/SESASR-LAB/build/turtlebot3_fake_node' returned '0': CMAKE_PREFIX_PATH=/opt/ros/humble /usr/bin/cmake --install /root/SESASR-LAB/build/turtlebot3_fake_node
[13.528s] Level 1:colcon.colcon_core.environment:checking '/root/SESASR-LAB/install/turtlebot3_fake_node' for CMake config files
[13.532s] Level 1:colcon.colcon_core.shell:create_environment_hook('turtlebot3_fake_node', 'cmake_prefix_path')
[13.532s] INFO:colcon.colcon_core.shell:Creating environment hook '/root/SESASR-LAB/install/turtlebot3_fake_node/share/turtlebot3_fake_node/hook/cmake_prefix_path.ps1'
[13.533s] INFO:colcon.colcon_core.shell:Creating environment descriptor '/root/SESASR-LAB/install/turtlebot3_fake_node/share/turtlebot3_fake_node/hook/cmake_prefix_path.dsv'
[13.534s] INFO:colcon.colcon_core.shell:Creating environment hook '/root/SESASR-LAB/install/turtlebot3_fake_node/share/turtlebot3_fake_node/hook/cmake_prefix_path.sh'
[13.534s] Level 1:colcon.colcon_core.environment:checking '/root/SESASR-LAB/install/turtlebot3_fake_node/lib'
[13.534s] Level 1:colcon.colcon_core.environment:checking '/root/SESASR-LAB/install/turtlebot3_fake_node/bin'
[13.535s] Level 1:colcon.colcon_core.environment:checking '/root/SESASR-LAB/install/turtlebot3_fake_node/lib/pkgconfig/turtlebot3_fake_node.pc'
[13.535s] Level 1:colcon.colcon_core.environment:checking '/root/SESASR-LAB/install/turtlebot3_fake_node/lib/python3.10/site-packages'
[13.535s] Level 1:colcon.colcon_core.environment:checking '/root/SESASR-LAB/install/turtlebot3_fake_node/bin'
[13.535s] INFO:colcon.colcon_core.shell:Creating package script '/root/SESASR-LAB/install/turtlebot3_fake_node/share/turtlebot3_fake_node/package.ps1'
[13.536s] INFO:colcon.colcon_core.shell:Creating package descriptor '/root/SESASR-LAB/install/turtlebot3_fake_node/share/turtlebot3_fake_node/package.dsv'
[13.536s] INFO:colcon.colcon_core.shell:Creating package script '/root/SESASR-LAB/install/turtlebot3_fake_node/share/turtlebot3_fake_node/package.sh'
[13.537s] INFO:colcon.colcon_core.shell:Creating package script '/root/SESASR-LAB/install/turtlebot3_fake_node/share/turtlebot3_fake_node/package.bash'
[13.537s] INFO:colcon.colcon_core.shell:Creating package script '/root/SESASR-LAB/install/turtlebot3_fake_node/share/turtlebot3_fake_node/package.zsh'
[13.537s] Level 1:colcon.colcon_core.environment:create_file_with_runtime_dependencies(/root/SESASR-LAB/install/turtlebot3_fake_node/share/colcon-core/packages/turtlebot3_fake_node)
[13.538s] Level 1:colcon.colcon_core.environment:create_environment_scripts_only(turtlebot3_fake_node)
[13.538s] Level 1:colcon.colcon_core.environment:checking '/root/SESASR-LAB/install/turtlebot3_fake_node' for CMake module files
[13.538s] Level 1:colcon.colcon_core.environment:checking '/root/SESASR-LAB/install/turtlebot3_fake_node' for CMake config files
[13.539s] Level 1:colcon.colcon_core.shell:create_environment_hook('turtlebot3_fake_node', 'cmake_prefix_path')
[13.540s] INFO:colcon.colcon_core.shell:Creating environment hook '/root/SESASR-LAB/install/turtlebot3_fake_node/share/turtlebot3_fake_node/hook/cmake_prefix_path.ps1'
[13.540s] INFO:colcon.colcon_core.shell:Creating environment descriptor '/root/SESASR-LAB/install/turtlebot3_fake_node/share/turtlebot3_fake_node/hook/cmake_prefix_path.dsv'
[13.540s] INFO:colcon.colcon_core.shell:Creating environment hook '/root/SESASR-LAB/install/turtlebot3_fake_node/share/turtlebot3_fake_node/hook/cmake_prefix_path.sh'
[13.541s] Level 1:colcon.colcon_core.environment:checking '/root/SESASR-LAB/install/turtlebot3_fake_node/lib'
[13.541s] Level 1:colcon.colcon_core.environment:checking '/root/SESASR-LAB/install/turtlebot3_fake_node/bin'
[13.541s] Level 1:colcon.colcon_core.environment:checking '/root/SESASR-LAB/install/turtlebot3_fake_node/lib/pkgconfig/turtlebot3_fake_node.pc'
[13.541s] Level 1:colcon.colcon_core.environment:checking '/root/SESASR-LAB/install/turtlebot3_fake_node/lib/python3.10/site-packages'
[13.541s] Level 1:colcon.colcon_core.environment:checking '/root/SESASR-LAB/install/turtlebot3_fake_node/bin'
[13.542s] INFO:colcon.colcon_core.shell:Creating package script '/root/SESASR-LAB/install/turtlebot3_fake_node/share/turtlebot3_fake_node/package.ps1'
[13.542s] INFO:colcon.colcon_core.shell:Creating package descriptor '/root/SESASR-LAB/install/turtlebot3_fake_node/share/turtlebot3_fake_node/package.dsv'
[13.543s] INFO:colcon.colcon_core.shell:Creating package script '/root/SESASR-LAB/install/turtlebot3_fake_node/share/turtlebot3_fake_node/package.sh'
[13.543s] INFO:colcon.colcon_core.shell:Creating package script '/root/SESASR-LAB/install/turtlebot3_fake_node/share/turtlebot3_fake_node/package.bash'
[13.543s] INFO:colcon.colcon_core.shell:Creating package script '/root/SESASR-LAB/install/turtlebot3_fake_node/share/turtlebot3_fake_node/package.zsh'
[13.544s] Level 1:colcon.colcon_core.environment:create_file_with_runtime_dependencies(/root/SESASR-LAB/install/turtlebot3_fake_node/share/colcon-core/packages/turtlebot3_fake_node)
[13.544s] INFO:colcon.colcon_ros.task.ament_cmake.build:Building ROS package in '/root/SESASR-LAB/src/turtlebot3_simulations/turtlebot3_simulations' with build type 'ament_cmake'
[13.544s] INFO:colcon.colcon_cmake.task.cmake.build:Building CMake package in '/root/SESASR-LAB/src/turtlebot3_simulations/turtlebot3_simulations'
[13.545s] INFO:colcon.colcon_core.shell:Skip shell extension 'powershell' for command environment: Not usable outside of PowerShell
[13.545s] DEBUG:colcon.colcon_core.shell:Skip shell extension 'dsv' for command environment
[13.586s] DEBUG:colcon.colcon_core.event_handler.log_command:Invoking command in '/root/SESASR-LAB/build/turtlebot3_simulations': AMENT_PREFIX_PATH=/root/SESASR-LAB/install/turtlebot3_fake_node:${AMENT_PREFIX_PATH} CMAKE_PREFIX_PATH=/root/SESASR-LAB/install/turtlebot3_fake_node:/opt/ros/humble /usr/bin/cmake /root/SESASR-LAB/src/turtlebot3_simulations/turtlebot3_simulations -DAMENT_CMAKE_SYMLINK_INSTALL=1 -DCMAKE_INSTALL_PREFIX=/root/SESASR-LAB/install/turtlebot3_simulations
[13.800s] DEBUG:colcon.colcon_core.event_handler.log_command:Invoked command in '/root/SESASR-LAB/build/turtlebot3_gazebo' returned '0': CMAKE_PREFIX_PATH=/opt/ros/humble /usr/bin/cmake /root/SESASR-LAB/src/turtlebot3_simulations/turtlebot3_gazebo -DAMENT_CMAKE_SYMLINK_INSTALL=1 -DCMAKE_INSTALL_PREFIX=/root/SESASR-LAB/install/turtlebot3_gazebo
[13.802s] DEBUG:colcon.colcon_core.event_handler.log_command:Invoking command in '/root/SESASR-LAB/build/turtlebot3_gazebo': CMAKE_PREFIX_PATH=/opt/ros/humble /usr/bin/cmake --build /root/SESASR-LAB/build/turtlebot3_gazebo -- -j12 -l12
[14.897s] DEBUG:colcon.colcon_core.event_handler.log_command:Invoked command in '/root/SESASR-LAB/build/turtlebot3_simulations' returned '0': AMENT_PREFIX_PATH=/root/SESASR-LAB/install/turtlebot3_fake_node:${AMENT_PREFIX_PATH} CMAKE_PREFIX_PATH=/root/SESASR-LAB/install/turtlebot3_fake_node:/opt/ros/humble /usr/bin/cmake /root/SESASR-LAB/src/turtlebot3_simulations/turtlebot3_simulations -DAMENT_CMAKE_SYMLINK_INSTALL=1 -DCMAKE_INSTALL_PREFIX=/root/SESASR-LAB/install/turtlebot3_simulations
[14.900s] DEBUG:colcon.colcon_core.event_handler.log_command:Invoking command in '/root/SESASR-LAB/build/turtlebot3_simulations': AMENT_PREFIX_PATH=/root/SESASR-LAB/install/turtlebot3_fake_node:${AMENT_PREFIX_PATH} CMAKE_PREFIX_PATH=/root/SESASR-LAB/install/turtlebot3_fake_node:/opt/ros/humble /usr/bin/cmake --build /root/SESASR-LAB/build/turtlebot3_simulations -- -j12 -l12
[14.960s] DEBUG:colcon.colcon_core.event_handler.log_command:Invoked command in '/root/SESASR-LAB/build/turtlebot3_simulations' returned '0': AMENT_PREFIX_PATH=/root/SESASR-LAB/install/turtlebot3_fake_node:${AMENT_PREFIX_PATH} CMAKE_PREFIX_PATH=/root/SESASR-LAB/install/turtlebot3_fake_node:/opt/ros/humble /usr/bin/cmake --build /root/SESASR-LAB/build/turtlebot3_simulations -- -j12 -l12
[14.963s] DEBUG:colcon.colcon_core.event_handler.log_command:Invoking command in '/root/SESASR-LAB/build/turtlebot3_simulations': AMENT_PREFIX_PATH=/root/SESASR-LAB/install/turtlebot3_fake_node:${AMENT_PREFIX_PATH} CMAKE_PREFIX_PATH=/root/SESASR-LAB/install/turtlebot3_fake_node:/opt/ros/humble /usr/bin/cmake --install /root/SESASR-LAB/build/turtlebot3_simulations
[15.230s] Level 1:colcon.colcon_core.environment:create_environment_scripts_only(turtlebot3_simulations)
[15.231s] Level 1:colcon.colcon_core.environment:checking '/root/SESASR-LAB/install/turtlebot3_simulations' for CMake module files
[15.232s] DEBUG:colcon.colcon_core.event_handler.log_command:Invoked command in '/root/SESASR-LAB/build/turtlebot3_simulations' returned '0': AMENT_PREFIX_PATH=/root/SESASR-LAB/install/turtlebot3_fake_node:${AMENT_PREFIX_PATH} CMAKE_PREFIX_PATH=/root/SESASR-LAB/install/turtlebot3_fake_node:/opt/ros/humble /usr/bin/cmake --install /root/SESASR-LAB/build/turtlebot3_simulations
[15.232s] Level 1:colcon.colcon_core.environment:checking '/root/SESASR-LAB/install/turtlebot3_simulations' for CMake config files
[15.233s] Level 1:colcon.colcon_core.shell:create_environment_hook('turtlebot3_simulations', 'cmake_prefix_path')
[15.233s] INFO:colcon.colcon_core.shell:Creating environment hook '/root/SESASR-LAB/install/turtlebot3_simulations/share/turtlebot3_simulations/hook/cmake_prefix_path.ps1'
[15.235s] INFO:colcon.colcon_core.shell:Creating environment descriptor '/root/SESASR-LAB/install/turtlebot3_simulations/share/turtlebot3_simulations/hook/cmake_prefix_path.dsv'
[15.235s] INFO:colcon.colcon_core.shell:Creating environment hook '/root/SESASR-LAB/install/turtlebot3_simulations/share/turtlebot3_simulations/hook/cmake_prefix_path.sh'
[15.236s] Level 1:colcon.colcon_core.environment:checking '/root/SESASR-LAB/install/turtlebot3_simulations/bin'
[15.236s] Level 1:colcon.colcon_core.environment:checking '/root/SESASR-LAB/install/turtlebot3_simulations/lib/pkgconfig/turtlebot3_simulations.pc'
[15.237s] Level 1:colcon.colcon_core.environment:checking '/root/SESASR-LAB/install/turtlebot3_simulations/lib/python3.10/site-packages'
[15.237s] Level 1:colcon.colcon_core.environment:checking '/root/SESASR-LAB/install/turtlebot3_simulations/bin'
[15.238s] INFO:colcon.colcon_core.shell:Creating package script '/root/SESASR-LAB/install/turtlebot3_simulations/share/turtlebot3_simulations/package.ps1'
[15.239s] INFO:colcon.colcon_core.shell:Creating package descriptor '/root/SESASR-LAB/install/turtlebot3_simulations/share/turtlebot3_simulations/package.dsv'
[15.240s] INFO:colcon.colcon_core.shell:Creating package script '/root/SESASR-LAB/install/turtlebot3_simulations/share/turtlebot3_simulations/package.sh'
[15.241s] INFO:colcon.colcon_core.shell:Creating package script '/root/SESASR-LAB/install/turtlebot3_simulations/share/turtlebot3_simulations/package.bash'
[15.241s] INFO:colcon.colcon_core.shell:Creating package script '/root/SESASR-LAB/install/turtlebot3_simulations/share/turtlebot3_simulations/package.zsh'
[15.242s] Level 1:colcon.colcon_core.environment:create_file_with_runtime_dependencies(/root/SESASR-LAB/install/turtlebot3_simulations/share/colcon-core/packages/turtlebot3_simulations)
[15.244s] Level 1:colcon.colcon_core.environment:create_environment_scripts_only(turtlebot3_simulations)
[15.245s] Level 1:colcon.colcon_core.environment:checking '/root/SESASR-LAB/install/turtlebot3_simulations' for CMake module files
[15.246s] Level 1:colcon.colcon_core.environment:checking '/root/SESASR-LAB/install/turtlebot3_simulations' for CMake config files
[15.246s] Level 1:colcon.colcon_core.shell:create_environment_hook('turtlebot3_simulations', 'cmake_prefix_path')
[15.246s] INFO:colcon.colcon_core.shell:Creating environment hook '/root/SESASR-LAB/install/turtlebot3_simulations/share/turtlebot3_simulations/hook/cmake_prefix_path.ps1'
[15.247s] INFO:colcon.colcon_core.shell:Creating environment descriptor '/root/SESASR-LAB/install/turtlebot3_simulations/share/turtlebot3_simulations/hook/cmake_prefix_path.dsv'
[15.247s] INFO:colcon.colcon_core.shell:Creating environment hook '/root/SESASR-LAB/install/turtlebot3_simulations/share/turtlebot3_simulations/hook/cmake_prefix_path.sh'
[15.248s] Level 1:colcon.colcon_core.environment:checking '/root/SESASR-LAB/install/turtlebot3_simulations/bin'
[15.248s] Level 1:colcon.colcon_core.environment:checking '/root/SESASR-LAB/install/turtlebot3_simulations/lib/pkgconfig/turtlebot3_simulations.pc'
[15.249s] Level 1:colcon.colcon_core.environment:checking '/root/SESASR-LAB/install/turtlebot3_simulations/lib/python3.10/site-packages'
[15.249s] Level 1:colcon.colcon_core.environment:checking '/root/SESASR-LAB/install/turtlebot3_simulations/bin'
[15.249s] INFO:colcon.colcon_core.shell:Creating package script '/root/SESASR-LAB/install/turtlebot3_simulations/share/turtlebot3_simulations/package.ps1'
[15.250s] INFO:colcon.colcon_core.shell:Creating package descriptor '/root/SESASR-LAB/install/turtlebot3_simulations/share/turtlebot3_simulations/package.dsv'
[15.251s] INFO:colcon.colcon_core.shell:Creating package script '/root/SESASR-LAB/install/turtlebot3_simulations/share/turtlebot3_simulations/package.sh'
[15.251s] INFO:colcon.colcon_core.shell:Creating package script '/root/SESASR-LAB/install/turtlebot3_simulations/share/turtlebot3_simulations/package.bash'
[15.252s] INFO:colcon.colcon_core.shell:Creating package script '/root/SESASR-LAB/install/turtlebot3_simulations/share/turtlebot3_simulations/package.zsh'
[15.253s] Level 1:colcon.colcon_core.environment:create_file_with_runtime_dependencies(/root/SESASR-LAB/install/turtlebot3_simulations/share/colcon-core/packages/turtlebot3_simulations)
[31.379s] DEBUG:colcon.colcon_core.event_handler.log_command:Invoked command in '/root/SESASR-LAB/build/turtlebot3_gazebo' returned '0': CMAKE_PREFIX_PATH=/opt/ros/humble /usr/bin/cmake --build /root/SESASR-LAB/build/turtlebot3_gazebo -- -j12 -l12
[31.383s] DEBUG:colcon.colcon_core.event_handler.log_command:Invoking command in '/root/SESASR-LAB/build/turtlebot3_gazebo': CMAKE_PREFIX_PATH=/opt/ros/humble /usr/bin/cmake --install /root/SESASR-LAB/build/turtlebot3_gazebo
[32.394s] Level 1:colcon.colcon_core.environment:create_environment_scripts_only(turtlebot3_gazebo)
[32.395s] Level 1:colcon.colcon_core.environment:checking '/root/SESASR-LAB/install/turtlebot3_gazebo' for CMake module files
[32.395s] DEBUG:colcon.colcon_core.event_handler.log_command:Invoked command in '/root/SESASR-LAB/build/turtlebot3_gazebo' returned '0': CMAKE_PREFIX_PATH=/opt/ros/humble /usr/bin/cmake --install /root/SESASR-LAB/build/turtlebot3_gazebo
[32.396s] Level 1:colcon.colcon_core.environment:checking '/root/SESASR-LAB/install/turtlebot3_gazebo' for CMake config files
[32.397s] Level 1:colcon.colcon_core.shell:create_environment_hook('turtlebot3_gazebo', 'cmake_prefix_path')
[32.397s] INFO:colcon.colcon_core.shell:Creating environment hook '/root/SESASR-LAB/install/turtlebot3_gazebo/share/turtlebot3_gazebo/hook/cmake_prefix_path.ps1'
[32.399s] INFO:colcon.colcon_core.shell:Creating environment descriptor '/root/SESASR-LAB/install/turtlebot3_gazebo/share/turtlebot3_gazebo/hook/cmake_prefix_path.dsv'
[32.399s] INFO:colcon.colcon_core.shell:Creating environment hook '/root/SESASR-LAB/install/turtlebot3_gazebo/share/turtlebot3_gazebo/hook/cmake_prefix_path.sh'
[32.400s] Level 1:colcon.colcon_core.environment:checking '/root/SESASR-LAB/install/turtlebot3_gazebo/lib'
[32.400s] Level 1:colcon.colcon_core.environment:checking '/root/SESASR-LAB/install/turtlebot3_gazebo/bin'
[32.400s] Level 1:colcon.colcon_core.environment:checking '/root/SESASR-LAB/install/turtlebot3_gazebo/lib/pkgconfig/turtlebot3_gazebo.pc'
[32.401s] Level 1:colcon.colcon_core.environment:checking '/root/SESASR-LAB/install/turtlebot3_gazebo/lib/python3.10/site-packages'
[32.401s] Level 1:colcon.colcon_core.environment:checking '/root/SESASR-LAB/install/turtlebot3_gazebo/bin'
[32.402s] INFO:colcon.colcon_core.shell:Creating package script '/root/SESASR-LAB/install/turtlebot3_gazebo/share/turtlebot3_gazebo/package.ps1'
[32.402s] INFO:colcon.colcon_core.shell:Creating package descriptor '/root/SESASR-LAB/install/turtlebot3_gazebo/share/turtlebot3_gazebo/package.dsv'
[32.403s] INFO:colcon.colcon_core.shell:Creating package script '/root/SESASR-LAB/install/turtlebot3_gazebo/share/turtlebot3_gazebo/package.sh'
[32.403s] INFO:colcon.colcon_core.shell:Creating package script '/root/SESASR-LAB/install/turtlebot3_gazebo/share/turtlebot3_gazebo/package.bash'
[32.404s] INFO:colcon.colcon_core.shell:Creating package script '/root/SESASR-LAB/install/turtlebot3_gazebo/share/turtlebot3_gazebo/package.zsh'
[32.404s] Level 1:colcon.colcon_core.environment:create_file_with_runtime_dependencies(/root/SESASR-LAB/install/turtlebot3_gazebo/share/colcon-core/packages/turtlebot3_gazebo)
[32.407s] Level 1:colcon.colcon_core.environment:create_environment_scripts_only(turtlebot3_gazebo)
[32.407s] Level 1:colcon.colcon_core.environment:checking '/root/SESASR-LAB/install/turtlebot3_gazebo' for CMake module files
[32.408s] Level 1:colcon.colcon_core.environment:checking '/root/SESASR-LAB/install/turtlebot3_gazebo' for CMake config files
[32.408s] Level 1:colcon.colcon_core.shell:create_environment_hook('turtlebot3_gazebo', 'cmake_prefix_path')
[32.409s] INFO:colcon.colcon_core.shell:Creating environment hook '/root/SESASR-LAB/install/turtlebot3_gazebo/share/turtlebot3_gazebo/hook/cmake_prefix_path.ps1'
[32.410s] INFO:colcon.colcon_core.shell:Creating environment descriptor '/root/SESASR-LAB/install/turtlebot3_gazebo/share/turtlebot3_gazebo/hook/cmake_prefix_path.dsv'
[32.410s] INFO:colcon.colcon_core.shell:Creating environment hook '/root/SESASR-LAB/install/turtlebot3_gazebo/share/turtlebot3_gazebo/hook/cmake_prefix_path.sh'
[32.411s] Level 1:colcon.colcon_core.environment:checking '/root/SESASR-LAB/install/turtlebot3_gazebo/lib'
[32.411s] Level 1:colcon.colcon_core.environment:checking '/root/SESASR-LAB/install/turtlebot3_gazebo/bin'
[32.411s] Level 1:colcon.colcon_core.environment:checking '/root/SESASR-LAB/install/turtlebot3_gazebo/lib/pkgconfig/turtlebot3_gazebo.pc'
[32.412s] Level 1:colcon.colcon_core.environment:checking '/root/SESASR-LAB/install/turtlebot3_gazebo/lib/python3.10/site-packages'
[32.412s] Level 1:colcon.colcon_core.environment:checking '/root/SESASR-LAB/install/turtlebot3_gazebo/bin'
[32.413s] INFO:colcon.colcon_core.shell:Creating package script '/root/SESASR-LAB/install/turtlebot3_gazebo/share/turtlebot3_gazebo/package.ps1'
[32.414s] INFO:colcon.colcon_core.shell:Creating package descriptor '/root/SESASR-LAB/install/turtlebot3_gazebo/share/turtlebot3_gazebo/package.dsv'
[32.415s] INFO:colcon.colcon_core.shell:Creating package script '/root/SESASR-LAB/install/turtlebot3_gazebo/share/turtlebot3_gazebo/package.sh'
[32.415s] INFO:colcon.colcon_core.shell:Creating package script '/root/SESASR-LAB/install/turtlebot3_gazebo/share/turtlebot3_gazebo/package.bash'
[32.416s] INFO:colcon.colcon_core.shell:Creating package script '/root/SESASR-LAB/install/turtlebot3_gazebo/share/turtlebot3_gazebo/package.zsh'
[32.417s] Level 1:colcon.colcon_core.environment:create_file_with_runtime_dependencies(/root/SESASR-LAB/install/turtlebot3_gazebo/share/colcon-core/packages/turtlebot3_gazebo)
[32.418s] DEBUG:colcon.colcon_parallel_executor.executor.parallel:closing loop
[32.419s] DEBUG:colcon.colcon_parallel_executor.executor.parallel:loop closed
[32.419s] DEBUG:colcon.colcon_parallel_executor.executor.parallel:run_until_complete finished with '0'
[32.419s] DEBUG:colcon.colcon_core.event_reactor:joining thread
[32.459s] INFO:colcon.colcon_core.plugin_system:Skipping extension 'colcon_notification.desktop_notification.notify_send': Could not find 'notify-send'
[32.459s] INFO:colcon.colcon_core.plugin_system:Skipping extension 'colcon_notification.desktop_notification.terminal_notifier': Not used on non-Darwin systems
[32.459s] INFO:colcon.colcon_core.plugin_system:Skipping extension 'colcon_notification.desktop_notification.win32': Not used on non-Windows systems
[32.459s] INFO:colcon.colcon_notification.desktop_notification:Sending desktop notification using 'notify2'
[32.459s] DEBUG:colcon.colcon_notification.desktop_notification.notify2:Failed to initialize notify2: org.freedesktop.DBus.Error.FileNotFound: Failed to connect to socket /run/user/0/bus: No such file or directory
[32.460s] DEBUG:colcon.colcon_core.event_reactor:joined thread
[32.460s] INFO:colcon.colcon_core.shell:Creating prefix script '/root/SESASR-LAB/install/local_setup.ps1'
[32.463s] INFO:colcon.colcon_core.shell:Creating prefix util module '/root/SESASR-LAB/install/_local_setup_util_ps1.py'
[32.465s] INFO:colcon.colcon_core.shell:Creating prefix chain script '/root/SESASR-LAB/install/setup.ps1'
[32.467s] INFO:colcon.colcon_core.shell:Creating prefix script '/root/SESASR-LAB/install/local_setup.sh'
[32.468s] INFO:colcon.colcon_core.shell:Creating prefix util module '/root/SESASR-LAB/install/_local_setup_util_sh.py'
[32.469s] INFO:colcon.colcon_core.shell:Creating prefix chain script '/root/SESASR-LAB/install/setup.sh'
[32.471s] INFO:colcon.colcon_core.shell:Creating prefix script '/root/SESASR-LAB/install/local_setup.bash'
[32.472s] INFO:colcon.colcon_core.shell:Creating prefix chain script '/root/SESASR-LAB/install/setup.bash'
[32.473s] INFO:colcon.colcon_core.shell:Creating prefix script '/root/SESASR-LAB/install/local_setup.zsh'
[32.475s] INFO:colcon.colcon_core.shell:Creating prefix chain script '/root/SESASR-LAB/install/setup.zsh'
