[0.256s] Invoking command in '/root/SESASR-LAB/build/turtlebot3_gazebo': CMAKE_PREFIX_PATH=/opt/ros/humble /usr/bin/cmake /root/SESASR-LAB/src/turtlebot3_simulations/turtlebot3_gazebo -DAMENT_CMAKE_SYMLINK_INSTALL=1 -DCMAKE_INSTALL_PREFIX=/root/SESASR-LAB/install/turtlebot3_gazebo
[0.344s] -- The C compiler identification is GNU 11.4.0
[0.571s] -- The CXX compiler identification is GNU 11.4.0
[0.687s] -- Detecting C compiler ABI info
[0.810s] -- Detecting C compiler ABI info - done
[0.816s] -- Check for working C compiler: /usr/bin/cc - skipped
[0.817s] -- Detecting C compile features
[0.817s] -- Detecting C compile features - done
[0.819s] -- Detecting CXX compiler ABI info
[0.958s] -- Detecting CXX compiler ABI info - done
[0.964s] -- Check for working CXX compiler: /usr/bin/c++ - skipped
[0.965s] -- Detecting CXX compile features
[0.965s] -- Detecting CXX compile features - done
[0.967s] -- Found ament_cmake: 1.3.12 (/opt/ros/humble/share/ament_cmake/cmake)
[1.111s] -- Found Python3: /usr/bin/python3 (found version "3.10.12") found components: Interpreter 
[1.174s] -- Override CMake install command with custom implementation using symlinks instead of copying resources
[1.205s] [33mCMake Warning (dev) at /usr/share/cmake-3.22/Modules/FindPackageHandleStandardArgs.cmake:438 (message):
[1.206s]   The package name passed to `find_package_handle_standard_args` (PkgConfig)
[1.206s]   does not match the name of the calling package (gazebo).  This can lead to
[1.206s]   problems in calling code that expects `find_package` result variables
[1.206s]   (e.g., `_FOUND`) to follow a certain pattern.
[1.206s] Call Stack (most recent call first):
[1.206s]   /usr/share/cmake-3.22/Modules/FindPkgConfig.cmake:99 (find_package_handle_standard_args)
[1.207s]   /usr/lib/x86_64-linux-gnu/cmake/gazebo/gazebo-config.cmake:72 (include)
[1.207s]   CMakeLists.txt:23 (find_package)
[1.207s] This warning is for project developers.  Use -Wno-dev to suppress it.
[1.207s] [0m
[1.208s] -- Found PkgConfig: /usr/bin/pkg-config (found version "0.29.2") 
[1.208s] -- Checking for module 'bullet>=2.82'
[1.225s] --   Found bullet, version 3.05
[1.359s] -- Found fcl: /usr/include (found suitable version "0.7.0", minimum required is "0.5.0") 
[1.423s] -- Found assimp: /usr/include (found version "5.2.0") 
[1.452s] -- Found DART: /usr/include (Required is at least version "6.6") found components: dart 
[1.720s] -- Found Boost: /usr/lib/x86_64-linux-gnu/cmake/Boost-1.74.0/BoostConfig.cmake (found suitable version "1.74.0", minimum required is "1.40.0") found components: thread system filesystem program_options regex iostreams date_time 
[1.902s] -- Found Protobuf: /usr/lib/x86_64-linux-gnu/libprotobuf.so (found version "3.12.4") 
[1.907s] -- Looking for ignition-math6 -- found version 6.15.1
[1.918s] -- Searching for dependencies of ignition-math6
[1.920s] -- Looking for OGRE...
[1.921s] -- OGRE_PREFIX_WATCH changed.
[1.926s] -- Checking for module 'OGRE'
[1.940s] --   Found OGRE, version 1.9.0
[1.979s] -- Found Ogre Ghadamon (1.9.0)
[2.153s] -- Found OGRE: optimized;/usr/lib/x86_64-linux-gnu/libOgreMain.so;debug;/usr/lib/x86_64-linux-gnu/libOgreMain.so
[2.161s] -- Looking for OGRE_Paging...
[2.287s] -- Found OGRE_Paging: optimized;/usr/lib/x86_64-linux-gnu/libOgrePaging.so;debug;/usr/lib/x86_64-linux-gnu/libOgrePaging.so
[2.287s] -- Looking for OGRE_Terrain...
[2.412s] -- Found OGRE_Terrain: optimized;/usr/lib/x86_64-linux-gnu/libOgreTerrain.so;debug;/usr/lib/x86_64-linux-gnu/libOgreTerrain.so
[2.412s] -- Looking for OGRE_Property...
[2.539s] -- Found OGRE_Property: optimized;/usr/lib/x86_64-linux-gnu/libOgreProperty.so;debug;/usr/lib/x86_64-linux-gnu/libOgreProperty.so
[2.539s] -- Looking for OGRE_RTShaderSystem...
[2.688s] -- Found OGRE_RTShaderSystem: optimized;/usr/lib/x86_64-linux-gnu/libOgreRTShaderSystem.so;debug;/usr/lib/x86_64-linux-gnu/libOgreRTShaderSystem.so
[2.688s] -- Looking for OGRE_Volume...
[2.833s] -- Found OGRE_Volume: optimized;/usr/lib/x86_64-linux-gnu/libOgreVolume.so;debug;/usr/lib/x86_64-linux-gnu/libOgreVolume.so
[2.833s] -- Looking for OGRE_Overlay...
[2.964s] -- Found OGRE_Overlay: optimized;/usr/lib/x86_64-linux-gnu/libOgreOverlay.so;debug;/usr/lib/x86_64-linux-gnu/libOgreOverlay.so
[9.961s] -- Looking for ignition-math6 -- found version 6.15.1
[9.963s] -- Looking for ignition-transport8 -- found version 8.2.1
[9.963s] -- Searching for dependencies of ignition-transport8
[10.482s] -- Found Protobuf: /usr/lib/x86_64-linux-gnu/libprotobuf.so (found suitable version "3.12.4", minimum required is "3") 
[10.977s] -- Config-file not installed for ZeroMQ -- checking for pkg-config
[10.983s] -- Checking for module 'libzmq >= 4'
[11.004s] --   Found libzmq , version 4.3.4
[11.051s] -- Found ZeroMQ: TRUE (Required is at least version "4") 
[11.074s] -- Checking for module 'uuid'
[11.091s] --   Found uuid, version 2.37.2
[11.134s] -- Found UUID: TRUE  
[11.136s] -- Looking for ignition-msgs5 -- found version 5.8.1
[11.137s] -- Searching for dependencies of ignition-msgs5
[11.644s] -- Looking for ignition-math6 -- found version 6.15.1
[11.653s] -- Checking for module 'tinyxml2'
[11.671s] --   Found tinyxml2, version 9.0.0
[11.717s] -- Looking for ignition-msgs5 -- found version 5.8.1
[11.719s] -- Looking for ignition-common3 -- found version 3.14.0
[11.719s] -- Searching for dependencies of ignition-common3
[11.733s] -- Looking for dlfcn.h - found
[11.747s] -- Looking for libdl - found
[11.748s] -- Found DL: TRUE  
[11.787s] -- Found tinyobjloader: /usr/lib/x86_64-linux-gnu/cmake/tinyobjloader/tinyobjloader-config.cmake (found version "2.0.0") 
[11.788s] -- Searching for <ignition-common3> component [graphics]
[11.789s] -- Looking for ignition-common3-graphics -- found version 3.14.0
[11.790s] -- Searching for dependencies of ignition-common3-graphics
[11.790s] -- Looking for ignition-math6 -- found version 6.15.1
[11.792s] -- Looking for ignition-fuel_tools4 -- found version 4.4.0
[11.793s] -- Searching for dependencies of ignition-fuel_tools4
[12.458s] -- Found CURL: /usr/lib/x86_64-linux-gnu/libcurl.so (found version "7.81.0")  
[12.470s] -- Checking for module 'jsoncpp'
[12.488s] --   Found jsoncpp, version 1.9.5
[12.533s] -- Found JSONCPP: TRUE  
[12.540s] -- Checking for module 'libzip'
[12.557s] --   Found libzip, version 1.7.3
[12.603s] -- Found ZIP: TRUE  
[12.603s] -- Looking for ignition-common3 -- found version 3.14.0
[12.603s] -- Looking for ignition-math6 -- found version 6.15.1
[12.603s] -- Looking for ignition-msgs5 -- found version 5.8.1
[13.111s] [31mCMake Error at CMakeLists.txt:24 (find_package):
[13.111s]   By not providing "Findgazebo_ros_pkgs.cmake" in CMAKE_MODULE_PATH this
[13.111s]   project has asked CMake to find a package configuration file provided by
[13.111s]   "gazebo_ros_pkgs", but CMake did not find one.
[13.111s] 
[13.111s]   Could not find a package configuration file provided by "gazebo_ros_pkgs"
[13.111s]   with any of the following names:
[13.111s] 
[13.111s]     gazebo_ros_pkgsConfig.cmake
[13.111s]     gazebo_ros_pkgs-config.cmake
[13.111s] 
[13.111s]   Add the installation prefix of "gazebo_ros_pkgs" to CMAKE_PREFIX_PATH or
[13.111s]   set "gazebo_ros_pkgs_DIR" to a directory containing one of the above files.
[13.111s]   If "gazebo_ros_pkgs" provides a separate development package or SDK, be
[13.111s]   sure it has been installed.
[13.111s] 
[13.112s] [0m
[13.112s] -- Configuring incomplete, errors occurred!
[13.112s] See also "/root/SESASR-LAB/build/turtlebot3_gazebo/CMakeFiles/CMakeOutput.log".
