running develop
running egg_info
creating lab01_pkg.egg-info
writing lab01_pkg.egg-info/PKG-INFO
writing dependency_links to lab01_pkg.egg-info/dependency_links.txt
writing entry points to lab01_pkg.egg-info/entry_points.txt
writing requirements to lab01_pkg.egg-info/requires.txt
writing top-level names to lab01_pkg.egg-info/top_level.txt
writing manifest file 'lab01_pkg.egg-info/SOURCES.txt'
reading manifest file 'lab01_pkg.egg-info/SOURCES.txt'
writing manifest file 'lab01_pkg.egg-info/SOURCES.txt'
running build_ext
Creating /root/SESASR-LAB/install/lab01_pkg/lib/python3.10/site-packages/lab01-pkg.egg-link (link to .)
Installing controller script to /root/SESASR-LAB/install/lab01_pkg/lib/lab01_pkg
Installing localization script to /root/SESASR-LAB/install/lab01_pkg/lib/lab01_pkg

Installed /root/SESASR-LAB/build/lab01_pkg
running symlink_data
creating /root/SESASR-LAB/install/lab01_pkg/share/ament_index
creating /root/SESASR-LAB/install/lab01_pkg/share/ament_index/resource_index
creating /root/SESASR-LAB/install/lab01_pkg/share/ament_index/resource_index/packages
symbolically linking /root/SESASR-LAB/build/lab01_pkg/resource/lab01_pkg -> /root/SESASR-LAB/install/lab01_pkg/share/ament_index/resource_index/packages
symbolically linking /root/SESASR-LAB/build/lab01_pkg/package.xml -> /root/SESASR-LAB/install/lab01_pkg/share/lab01_pkg
