[0.762s] Invoking command in '/root/SESASR-LAB/build/lab01_pkg': PYTHONPATH=/root/SESASR-LAB/build/lab01_pkg/prefix_override:/usr/lib/python3/dist-packages/colcon_core/task/python/colcon_distutils_commands:/root/SESASR-LAB/install/lab01_pkg/lib/python3.10/site-packages:${PYTHONPATH} /usr/bin/python3 -W ignore:setup.py install is deprecated -W ignore:easy_install command is deprecated setup.py develop --editable --build-directory /root/SESASR-LAB/build/lab01_pkg/build --no-deps symlink_data
[1.015s] running develop
[1.154s] running egg_info
[1.154s] creating lab01_pkg.egg-info
[1.155s] writing lab01_pkg.egg-info/PKG-INFO
[1.155s] writing dependency_links to lab01_pkg.egg-info/dependency_links.txt
[1.155s] writing entry points to lab01_pkg.egg-info/entry_points.txt
[1.156s] writing requirements to lab01_pkg.egg-info/requires.txt
[1.156s] writing top-level names to lab01_pkg.egg-info/top_level.txt
[1.156s] writing manifest file 'lab01_pkg.egg-info/SOURCES.txt'
[1.158s] reading manifest file 'lab01_pkg.egg-info/SOURCES.txt'
[1.159s] writing manifest file 'lab01_pkg.egg-info/SOURCES.txt'
[1.160s] running build_ext
[1.161s] Creating /root/SESASR-LAB/install/lab01_pkg/lib/python3.10/site-packages/lab01-pkg.egg-link (link to .)
[1.161s] Installing controller script to /root/SESASR-LAB/install/lab01_pkg/lib/lab01_pkg
[1.162s] Installing localization script to /root/SESASR-LAB/install/lab01_pkg/lib/lab01_pkg
[1.162s] 
[1.163s] Installed /root/SESASR-LAB/build/lab01_pkg
[1.163s] running symlink_data
[1.163s] creating /root/SESASR-LAB/install/lab01_pkg/share/ament_index
[1.163s] creating /root/SESASR-LAB/install/lab01_pkg/share/ament_index/resource_index
[1.164s] creating /root/SESASR-LAB/install/lab01_pkg/share/ament_index/resource_index/packages
[1.164s] symbolically linking /root/SESASR-LAB/build/lab01_pkg/resource/lab01_pkg -> /root/SESASR-LAB/install/lab01_pkg/share/ament_index/resource_index/packages
[1.164s] symbolically linking /root/SESASR-LAB/build/lab01_pkg/package.xml -> /root/SESASR-LAB/install/lab01_pkg/share/lab01_pkg
[1.200s] Invoked command in '/root/SESASR-LAB/build/lab01_pkg' returned '0': PYTHONPATH=/root/SESASR-LAB/build/lab01_pkg/prefix_override:/usr/lib/python3/dist-packages/colcon_core/task/python/colcon_distutils_commands:/root/SESASR-LAB/install/lab01_pkg/lib/python3.10/site-packages:${PYTHONPATH} /usr/bin/python3 -W ignore:setup.py install is deprecated -W ignore:easy_install command is deprecated setup.py develop --editable --build-directory /root/SESASR-LAB/build/lab01_pkg/build --no-deps symlink_data
