[0.074s] Invoking command in '/home/l0dz/SESASR-LAB/build/turtlebot3_fake_node': CMAKE_PREFIX_PATH=${CMAKE_PREFIX_PATH}:/home/l0dz/SESASR-LAB/install/lab01_pkg:/opt/ros/humble /usr/bin/cmake --build /home/l0dz/SESASR-LAB/build/turtlebot3_fake_node -- -j16 -l16
[0.841s] [100%] Built target turtlebot3_fake_node
[0.855s] Invoked command in '/home/l0dz/SESASR-LAB/build/turtlebot3_fake_node' returned '0': CMAKE_PREFIX_PATH=${CMAKE_PREFIX_PATH}:/home/l0dz/SESASR-LAB/install/lab01_pkg:/opt/ros/humble /usr/bin/cmake --build /home/l0dz/SESASR-LAB/build/turtlebot3_fake_node -- -j16 -l16
[0.876s] Invoking command in '/home/l0dz/SESASR-LAB/build/turtlebot3_fake_node': CMAKE_PREFIX_PATH=${CMAKE_PREFIX_PATH}:/home/l0dz/SESASR-LAB/install/lab01_pkg:/opt/ros/humble /usr/bin/cmake --install /home/l0dz/SESASR-LAB/build/turtlebot3_fake_node
[0.905s] -- Install configuration: ""
[0.906s] -- Execute custom install script
[0.906s] -- Up-to-date symlink: /home/l0dz/SESASR-LAB/install/turtlebot3_fake_node/lib/turtlebot3_fake_node/turtlebot3_fake_node
[0.907s] -- Up-to-date symlink: /home/l0dz/SESASR-LAB/install/turtlebot3_fake_node/share/turtlebot3_fake_node/launch/rviz2.launch.py
[0.907s] -- Up-to-date symlink: /home/l0dz/SESASR-LAB/install/turtlebot3_fake_node/share/turtlebot3_fake_node/launch/turtlebot3_fake_node.launch.py
[0.907s] -- Up-to-date symlink: /home/l0dz/SESASR-LAB/install/turtlebot3_fake_node/share/turtlebot3_fake_node/param/burger.yaml
[0.908s] -- Up-to-date symlink: /home/l0dz/SESASR-LAB/install/turtlebot3_fake_node/share/turtlebot3_fake_node/param/waffle.yaml
[0.908s] -- Up-to-date symlink: /home/l0dz/SESASR-LAB/install/turtlebot3_fake_node/share/turtlebot3_fake_node/param/waffle_pi.yaml
[0.908s] -- Up-to-date symlink: /home/l0dz/SESASR-LAB/install/turtlebot3_fake_node/include//turtlebot3_fake_node/turtlebot3_fake_node.hpp
[0.908s] -- Up-to-date symlink: /home/l0dz/SESASR-LAB/install/turtlebot3_fake_node/share/ament_index/resource_index/package_run_dependencies/turtlebot3_fake_node
[0.908s] -- Up-to-date symlink: /home/l0dz/SESASR-LAB/install/turtlebot3_fake_node/share/ament_index/resource_index/parent_prefix_path/turtlebot3_fake_node
[0.909s] -- Up-to-date symlink: /home/l0dz/SESASR-LAB/install/turtlebot3_fake_node/share/turtlebot3_fake_node/environment/ament_prefix_path.sh
[0.910s] -- Up-to-date symlink: /home/l0dz/SESASR-LAB/install/turtlebot3_fake_node/share/turtlebot3_fake_node/environment/ament_prefix_path.dsv
[0.911s] -- Up-to-date symlink: /home/l0dz/SESASR-LAB/install/turtlebot3_fake_node/share/turtlebot3_fake_node/environment/path.sh
[0.911s] -- Up-to-date symlink: /home/l0dz/SESASR-LAB/install/turtlebot3_fake_node/share/turtlebot3_fake_node/environment/path.dsv
[0.913s] -- Up-to-date symlink: /home/l0dz/SESASR-LAB/install/turtlebot3_fake_node/share/turtlebot3_fake_node/local_setup.bash
[0.914s] -- Up-to-date symlink: /home/l0dz/SESASR-LAB/install/turtlebot3_fake_node/share/turtlebot3_fake_node/local_setup.sh
[0.914s] -- Up-to-date symlink: /home/l0dz/SESASR-LAB/install/turtlebot3_fake_node/share/turtlebot3_fake_node/local_setup.zsh
[0.914s] -- Up-to-date symlink: /home/l0dz/SESASR-LAB/install/turtlebot3_fake_node/share/turtlebot3_fake_node/local_setup.dsv
[0.914s] -- Symlinking: /home/l0dz/SESASR-LAB/install/turtlebot3_fake_node/share/turtlebot3_fake_node/package.dsv
[0.941s] -- Up-to-date symlink: /home/l0dz/SESASR-LAB/install/turtlebot3_fake_node/share/ament_index/resource_index/packages/turtlebot3_fake_node
[0.942s] -- Up-to-date symlink: /home/l0dz/SESASR-LAB/install/turtlebot3_fake_node/share/turtlebot3_fake_node/cmake/ament_cmake_export_include_directories-extras.cmake
[0.942s] -- Up-to-date symlink: /home/l0dz/SESASR-LAB/install/turtlebot3_fake_node/share/turtlebot3_fake_node/cmake/ament_cmake_export_dependencies-extras.cmake
[0.943s] -- Up-to-date symlink: /home/l0dz/SESASR-LAB/install/turtlebot3_fake_node/share/turtlebot3_fake_node/cmake/turtlebot3_fake_nodeConfig.cmake
[0.943s] -- Up-to-date symlink: /home/l0dz/SESASR-LAB/install/turtlebot3_fake_node/share/turtlebot3_fake_node/cmake/turtlebot3_fake_nodeConfig-version.cmake
[0.943s] -- Up-to-date symlink: /home/l0dz/SESASR-LAB/install/turtlebot3_fake_node/share/turtlebot3_fake_node/package.xml
[0.949s] Invoked command in '/home/l0dz/SESASR-LAB/build/turtlebot3_fake_node' returned '0': CMAKE_PREFIX_PATH=${CMAKE_PREFIX_PATH}:/home/l0dz/SESASR-LAB/install/lab01_pkg:/opt/ros/humble /usr/bin/cmake --install /home/l0dz/SESASR-LAB/build/turtlebot3_fake_node
