[2.319s] Invoking command in '/home/l0dz/SESASR-LAB/build/lab01_pkg': PYTHONPATH=/home/l0dz/SESASR-LAB/build/lab01_pkg/prefix_override:/usr/lib/python3/dist-packages/colcon_core/task/python/colcon_distutils_commands:/home/l0dz/SESASR-LAB/install/lab01_pkg/lib/python3.10/site-packages:${PYTHONPATH} /usr/bin/python3 -W ignore:setup.py install is deprecated -W ignore:easy_install command is deprecated setup.py develop --editable --build-directory /home/l0dz/SESASR-LAB/build/lab01_pkg/build --no-deps symlink_data
[2.817s] running develop
[3.123s] running egg_info
[3.124s] writing lab01_pkg.egg-info/PKG-INFO
[3.124s] writing dependency_links to lab01_pkg.egg-info/dependency_links.txt
[3.124s] writing entry points to lab01_pkg.egg-info/entry_points.txt
[3.125s] writing requirements to lab01_pkg.egg-info/requires.txt
[3.126s] writing top-level names to lab01_pkg.egg-info/top_level.txt
[3.129s] reading manifest file 'lab01_pkg.egg-info/SOURCES.txt'
[3.131s] writing manifest file 'lab01_pkg.egg-info/SOURCES.txt'
[3.135s] running build_ext
[3.136s] Creating /home/l0dz/SESASR-LAB/install/lab01_pkg/lib/python3.10/site-packages/lab01-pkg.egg-link (link to .)
[3.138s] Installing controller script to /home/l0dz/SESASR-LAB/install/lab01_pkg/lib/lab01_pkg
[3.138s] Installing controller_reset script to /home/l0dz/SESASR-LAB/install/lab01_pkg/lib/lab01_pkg
[3.139s] Installing localization script to /home/l0dz/SESASR-LAB/install/lab01_pkg/lib/lab01_pkg
[3.139s] Installing localization_reset script to /home/l0dz/SESASR-LAB/install/lab01_pkg/lib/lab01_pkg
[3.140s] Installing reset_node script to /home/l0dz/SESASR-LAB/install/lab01_pkg/lib/lab01_pkg
[3.141s] 
[3.142s] Installed /home/l0dz/SESASR-LAB/build/lab01_pkg
[3.142s] running symlink_data
[3.204s] Invoked command in '/home/l0dz/SESASR-LAB/build/lab01_pkg' returned '0': PYTHONPATH=/home/l0dz/SESASR-LAB/build/lab01_pkg/prefix_override:/usr/lib/python3/dist-packages/colcon_core/task/python/colcon_distutils_commands:/home/l0dz/SESASR-LAB/install/lab01_pkg/lib/python3.10/site-packages:${PYTHONPATH} /usr/bin/python3 -W ignore:setup.py install is deprecated -W ignore:easy_install command is deprecated setup.py develop --editable --build-directory /home/l0dz/SESASR-LAB/build/lab01_pkg/build --no-deps symlink_data
