[0.025s] Invoking command in '/root/SESASR-LAB/build/turtlebot3_fake_node': CMAKE_PREFIX_PATH=/opt/ros/humble /usr/bin/cmake /root/SESASR-LAB/src/turtlebot3_simulations/turtlebot3_fake_node -DAMENT_CMAKE_SYMLINK_INSTALL=1 -DCMAKE_INSTALL_PREFIX=/root/SESASR-LAB/install/turtlebot3_fake_node
[0.275s] -- Found ament_cmake: 1.3.12 (/opt/ros/humble/share/ament_cmake/cmake)
[0.275s] -- Override CMake install command with custom implementation using symlinks instead of copying resources
[0.275s] -- Found geometry_msgs: 4.9.0 (/opt/ros/humble/share/geometry_msgs/cmake)
[0.348s] -- Found rosidl_generator_c: 3.1.7 (/opt/ros/humble/share/rosidl_generator_c/cmake)
[0.353s] -- Found rosidl_adapter: 3.1.7 (/opt/ros/humble/share/rosidl_adapter/cmake)
[0.362s] -- Found rosidl_generator_cpp: 3.1.7 (/opt/ros/humble/share/rosidl_generator_cpp/cmake)
[0.377s] -- Using all available rosidl_typesupport_c: rosidl_typesupport_fastrtps_c;rosidl_typesupport_introspection_c
[0.395s] -- Using all available rosidl_typesupport_cpp: rosidl_typesupport_fastrtps_cpp;rosidl_typesupport_introspection_cpp
[0.445s] -- Found nav_msgs: 4.9.0 (/opt/ros/humble/share/nav_msgs/cmake)
[0.463s] -- Found rclcpp: 16.0.15 (/opt/ros/humble/share/rclcpp/cmake)
[0.507s] -- Found rmw_implementation_cmake: 6.1.2 (/opt/ros/humble/share/rmw_implementation_cmake/cmake)
[0.511s] -- Found rmw_fastrtps_cpp: 6.2.9 (/opt/ros/humble/share/rmw_fastrtps_cpp/cmake)
[2.886s] -- Using RMW implementation 'rmw_fastrtps_cpp' as default
[2.937s] -- Found sensor_msgs: 4.9.0 (/opt/ros/humble/share/sensor_msgs/cmake)
[2.959s] -- Found tf2: 0.25.16 (/opt/ros/humble/share/tf2/cmake)
[2.965s] -- Found tf2_msgs: 0.25.16 (/opt/ros/humble/share/tf2_msgs/cmake)
[3.018s] -- Found turtlebot3_msgs: 2.4.0 (/opt/ros/humble/share/turtlebot3_msgs/cmake)
[3.113s] -- Configuring done
[3.136s] -- Generating done
[3.141s] -- Build files have been written to: /root/SESASR-LAB/build/turtlebot3_fake_node
[3.158s] Invoked command in '/root/SESASR-LAB/build/turtlebot3_fake_node' returned '0': CMAKE_PREFIX_PATH=/opt/ros/humble /usr/bin/cmake /root/SESASR-LAB/src/turtlebot3_simulations/turtlebot3_fake_node -DAMENT_CMAKE_SYMLINK_INSTALL=1 -DCMAKE_INSTALL_PREFIX=/root/SESASR-LAB/install/turtlebot3_fake_node
[3.160s] Invoking command in '/root/SESASR-LAB/build/turtlebot3_fake_node': CMAKE_PREFIX_PATH=/opt/ros/humble /usr/bin/cmake --build /root/SESASR-LAB/build/turtlebot3_fake_node -- -j12 -l12
[3.221s] [ 50%] [32mBuilding CXX object CMakeFiles/turtlebot3_fake_node.dir/src/turtlebot3_fake_node.cpp.o[0m
[12.985s] [100%] [32m[1mLinking CXX executable turtlebot3_fake_node[0m
[13.590s] [100%] Built target turtlebot3_fake_node
[13.605s] Invoked command in '/root/SESASR-LAB/build/turtlebot3_fake_node' returned '0': CMAKE_PREFIX_PATH=/opt/ros/humble /usr/bin/cmake --build /root/SESASR-LAB/build/turtlebot3_fake_node -- -j12 -l12
[13.621s] Invoking command in '/root/SESASR-LAB/build/turtlebot3_fake_node': CMAKE_PREFIX_PATH=/opt/ros/humble /usr/bin/cmake --install /root/SESASR-LAB/build/turtlebot3_fake_node
[13.627s] -- Install configuration: ""
[13.628s] -- Execute custom install script
[13.629s] -- Symlinking: /root/SESASR-LAB/install/turtlebot3_fake_node/lib/turtlebot3_fake_node/turtlebot3_fake_node
[13.641s] -- Symlinking: /root/SESASR-LAB/install/turtlebot3_fake_node/share/turtlebot3_fake_node/launch/rviz2.launch.py
[13.653s] -- Symlinking: /root/SESASR-LAB/install/turtlebot3_fake_node/share/turtlebot3_fake_node/launch/turtlebot3_fake_node.launch.py
[13.666s] -- Symlinking: /root/SESASR-LAB/install/turtlebot3_fake_node/share/turtlebot3_fake_node/param/burger.yaml
[13.677s] -- Symlinking: /root/SESASR-LAB/install/turtlebot3_fake_node/share/turtlebot3_fake_node/param/waffle.yaml
[13.688s] -- Symlinking: /root/SESASR-LAB/install/turtlebot3_fake_node/share/turtlebot3_fake_node/param/waffle_pi.yaml
[13.700s] -- Symlinking: /root/SESASR-LAB/install/turtlebot3_fake_node/include//turtlebot3_fake_node/turtlebot3_fake_node.hpp
[13.712s] -- Symlinking: /root/SESASR-LAB/install/turtlebot3_fake_node/share/ament_index/resource_index/package_run_dependencies/turtlebot3_fake_node
[13.723s] -- Symlinking: /root/SESASR-LAB/install/turtlebot3_fake_node/share/ament_index/resource_index/parent_prefix_path/turtlebot3_fake_node
[13.734s] -- Symlinking: /root/SESASR-LAB/install/turtlebot3_fake_node/share/turtlebot3_fake_node/environment/ament_prefix_path.sh
[13.744s] -- Symlinking: /root/SESASR-LAB/install/turtlebot3_fake_node/share/turtlebot3_fake_node/environment/ament_prefix_path.dsv
[13.755s] -- Symlinking: /root/SESASR-LAB/install/turtlebot3_fake_node/share/turtlebot3_fake_node/environment/path.sh
[13.766s] -- Symlinking: /root/SESASR-LAB/install/turtlebot3_fake_node/share/turtlebot3_fake_node/environment/path.dsv
[13.777s] -- Symlinking: /root/SESASR-LAB/install/turtlebot3_fake_node/share/turtlebot3_fake_node/local_setup.bash
[13.788s] -- Symlinking: /root/SESASR-LAB/install/turtlebot3_fake_node/share/turtlebot3_fake_node/local_setup.sh
[13.799s] -- Symlinking: /root/SESASR-LAB/install/turtlebot3_fake_node/share/turtlebot3_fake_node/local_setup.zsh
[13.809s] -- Symlinking: /root/SESASR-LAB/install/turtlebot3_fake_node/share/turtlebot3_fake_node/local_setup.dsv
[13.821s] -- Symlinking: /root/SESASR-LAB/install/turtlebot3_fake_node/share/turtlebot3_fake_node/package.dsv
[13.834s] -- Symlinking: /root/SESASR-LAB/install/turtlebot3_fake_node/share/ament_index/resource_index/packages/turtlebot3_fake_node
[13.844s] -- Symlinking: /root/SESASR-LAB/install/turtlebot3_fake_node/share/turtlebot3_fake_node/cmake/ament_cmake_export_include_directories-extras.cmake
[13.856s] -- Symlinking: /root/SESASR-LAB/install/turtlebot3_fake_node/share/turtlebot3_fake_node/cmake/ament_cmake_export_dependencies-extras.cmake
[13.868s] -- Symlinking: /root/SESASR-LAB/install/turtlebot3_fake_node/share/turtlebot3_fake_node/cmake/turtlebot3_fake_nodeConfig.cmake
[13.878s] -- Symlinking: /root/SESASR-LAB/install/turtlebot3_fake_node/share/turtlebot3_fake_node/cmake/turtlebot3_fake_nodeConfig-version.cmake
[13.889s] -- Symlinking: /root/SESASR-LAB/install/turtlebot3_fake_node/share/turtlebot3_fake_node/package.xml
[13.904s] Invoked command in '/root/SESASR-LAB/build/turtlebot3_fake_node' returned '0': CMAKE_PREFIX_PATH=/opt/ros/humble /usr/bin/cmake --install /root/SESASR-LAB/build/turtlebot3_fake_node
