[0.386s] DEBUG:colcon:Command line arguments: ['/usr/bin/colcon', 'build', '--symlink-install']
[0.386s] DEBUG:colcon:Parsed command line arguments: Namespace(log_base=None, log_level=None, verb_name='build', build_base='build', install_base='install', merge_install=False, symlink_install=True, test_result_base=None, continue_on_error=False, executor='parallel', parallel_workers=16, event_handlers=None, ignore_user_meta=False, metas=['./colcon.meta'], base_paths=['.'], packages_ignore=None, packages_ignore_regex=None, paths=None, packages_up_to=None, packages_up_to_regex=None, packages_above=None, packages_above_and_dependencies=None, packages_above_depth=None, packages_select_by_dep=None, packages_skip_by_dep=None, packages_skip_up_to=None, packages_select_build_failed=False, packages_skip_build_finished=False, packages_select_test_failures=False, packages_skip_test_passed=False, packages_select=None, packages_skip=None, packages_select_regex=None, packages_skip_regex=None, packages_start=None, packages_end=None, allow_overriding=[], cmake_args=None, cmake_target=None, cmake_target_skip_unavailable=False, cmake_clean_cache=False, cmake_clean_first=False, cmake_force_configure=False, ament_cmake_args=None, catkin_cmake_args=None, catkin_skip_building_tests=False, mixin_files=None, mixin=None, verb_parser=<colcon_mixin.mixin.mixin_argument.MixinArgumentDecorator object at 0x7a56d2545f60>, verb_extension=<colcon_core.verb.build.BuildVerb object at 0x7a56d2646f20>, main=<bound method BuildVerb.main of <colcon_core.verb.build.BuildVerb object at 0x7a56d2646f20>>, mixin_verb=('build',))
[0.589s] Level 1:colcon.colcon_core.package_discovery:discover_packages(colcon_meta) check parameters
[0.589s] Level 1:colcon.colcon_core.package_discovery:discover_packages(recursive) check parameters
[0.589s] Level 1:colcon.colcon_core.package_discovery:discover_packages(ignore) check parameters
[0.589s] Level 1:colcon.colcon_core.package_discovery:discover_packages(path) check parameters
[0.589s] Level 1:colcon.colcon_core.package_discovery:discover_packages(colcon_meta) discover
[0.590s] Level 1:colcon.colcon_core.package_discovery:discover_packages(recursive) discover
[0.590s] INFO:colcon.colcon_core.package_discovery:Crawling recursively for packages in '/home/l0dz/SESASR-LAB'
[0.590s] Level 1:colcon.colcon_core.package_identification:_identify(.) by extensions ['ignore', 'ignore_ament_install']
[0.590s] Level 1:colcon.colcon_core.package_identification:_identify(.) by extension 'ignore'
[0.590s] Level 1:colcon.colcon_core.package_identification:_identify(.) by extension 'ignore_ament_install'
[0.590s] Level 1:colcon.colcon_core.package_identification:_identify(.) by extensions ['colcon_pkg']
[0.590s] Level 1:colcon.colcon_core.package_identification:_identify(.) by extension 'colcon_pkg'
[0.590s] Level 1:colcon.colcon_core.package_identification:_identify(.) by extensions ['colcon_meta']
[0.590s] Level 1:colcon.colcon_core.package_identification:_identify(.) by extension 'colcon_meta'
[0.590s] Level 1:colcon.colcon_core.package_identification:_identify(.) by extensions ['ros']
[0.590s] Level 1:colcon.colcon_core.package_identification:_identify(.) by extension 'ros'
[0.605s] Level 1:colcon.colcon_core.package_identification:_identify(.) by extensions ['cmake', 'python']
[0.605s] Level 1:colcon.colcon_core.package_identification:_identify(.) by extension 'cmake'
[0.605s] Level 1:colcon.colcon_core.package_identification:_identify(.) by extension 'python'
[0.605s] Level 1:colcon.colcon_core.package_identification:_identify(.) by extensions ['python_setup_py']
[0.605s] Level 1:colcon.colcon_core.package_identification:_identify(.) by extension 'python_setup_py'
[0.605s] Level 1:colcon.colcon_core.package_identification:_identify(build) by extensions ['ignore', 'ignore_ament_install']
[0.605s] Level 1:colcon.colcon_core.package_identification:_identify(build) by extension 'ignore'
[0.605s] Level 1:colcon.colcon_core.package_identification:_identify(build) ignored
[0.606s] Level 1:colcon.colcon_core.package_identification:_identify(install) by extensions ['ignore', 'ignore_ament_install']
[0.606s] Level 1:colcon.colcon_core.package_identification:_identify(install) by extension 'ignore'
[0.606s] Level 1:colcon.colcon_core.package_identification:_identify(install) ignored
[0.606s] Level 1:colcon.colcon_core.package_identification:_identify(log) by extensions ['ignore', 'ignore_ament_install']
[0.606s] Level 1:colcon.colcon_core.package_identification:_identify(log) by extension 'ignore'
[0.606s] Level 1:colcon.colcon_core.package_identification:_identify(log) ignored
[0.606s] Level 1:colcon.colcon_core.package_identification:_identify(src) by extensions ['ignore', 'ignore_ament_install']
[0.606s] Level 1:colcon.colcon_core.package_identification:_identify(src) by extension 'ignore'
[0.606s] Level 1:colcon.colcon_core.package_identification:_identify(src) by extension 'ignore_ament_install'
[0.606s] Level 1:colcon.colcon_core.package_identification:_identify(src) by extensions ['colcon_pkg']
[0.607s] Level 1:colcon.colcon_core.package_identification:_identify(src) by extension 'colcon_pkg'
[0.607s] Level 1:colcon.colcon_core.package_identification:_identify(src) by extensions ['colcon_meta']
[0.607s] Level 1:colcon.colcon_core.package_identification:_identify(src) by extension 'colcon_meta'
[0.607s] Level 1:colcon.colcon_core.package_identification:_identify(src) by extensions ['ros']
[0.607s] Level 1:colcon.colcon_core.package_identification:_identify(src) by extension 'ros'
[0.607s] Level 1:colcon.colcon_core.package_identification:_identify(src) by extensions ['cmake', 'python']
[0.607s] Level 1:colcon.colcon_core.package_identification:_identify(src) by extension 'cmake'
[0.607s] Level 1:colcon.colcon_core.package_identification:_identify(src) by extension 'python'
[0.607s] Level 1:colcon.colcon_core.package_identification:_identify(src) by extensions ['python_setup_py']
[0.607s] Level 1:colcon.colcon_core.package_identification:_identify(src) by extension 'python_setup_py'
[0.607s] Level 1:colcon.colcon_core.package_identification:_identify(src/lab01_pkg) by extensions ['ignore', 'ignore_ament_install']
[0.607s] Level 1:colcon.colcon_core.package_identification:_identify(src/lab01_pkg) by extension 'ignore'
[0.607s] Level 1:colcon.colcon_core.package_identification:_identify(src/lab01_pkg) by extension 'ignore_ament_install'
[0.608s] Level 1:colcon.colcon_core.package_identification:_identify(src/lab01_pkg) by extensions ['colcon_pkg']
[0.608s] Level 1:colcon.colcon_core.package_identification:_identify(src/lab01_pkg) by extension 'colcon_pkg'
[0.608s] Level 1:colcon.colcon_core.package_identification:_identify(src/lab01_pkg) by extensions ['colcon_meta']
[0.608s] Level 1:colcon.colcon_core.package_identification:_identify(src/lab01_pkg) by extension 'colcon_meta'
[0.608s] Level 1:colcon.colcon_core.package_identification:_identify(src/lab01_pkg) by extensions ['ros']
[0.608s] Level 1:colcon.colcon_core.package_identification:_identify(src/lab01_pkg) by extension 'ros'
[0.612s] DEBUG:colcon.colcon_core.package_identification:Package 'src/lab01_pkg' with type 'ros.ament_python' and name 'lab01_pkg'
[0.612s] Level 1:colcon.colcon_core.package_identification:_identify(src/lab02_pkg) by extensions ['ignore', 'ignore_ament_install']
[0.612s] Level 1:colcon.colcon_core.package_identification:_identify(src/lab02_pkg) by extension 'ignore'
[0.612s] Level 1:colcon.colcon_core.package_identification:_identify(src/lab02_pkg) by extension 'ignore_ament_install'
[0.612s] Level 1:colcon.colcon_core.package_identification:_identify(src/lab02_pkg) by extensions ['colcon_pkg']
[0.612s] Level 1:colcon.colcon_core.package_identification:_identify(src/lab02_pkg) by extension 'colcon_pkg'
[0.612s] Level 1:colcon.colcon_core.package_identification:_identify(src/lab02_pkg) by extensions ['colcon_meta']
[0.612s] Level 1:colcon.colcon_core.package_identification:_identify(src/lab02_pkg) by extension 'colcon_meta'
[0.612s] Level 1:colcon.colcon_core.package_identification:_identify(src/lab02_pkg) by extensions ['ros']
[0.612s] Level 1:colcon.colcon_core.package_identification:_identify(src/lab02_pkg) by extension 'ros'
[0.613s] DEBUG:colcon.colcon_core.package_identification:Package 'src/lab02_pkg' with type 'ros.ament_python' and name 'lab02_pkg'
[0.613s] Level 1:colcon.colcon_core.package_identification:_identify(src/turtlebot3_simulations) by extensions ['ignore', 'ignore_ament_install']
[0.613s] Level 1:colcon.colcon_core.package_identification:_identify(src/turtlebot3_simulations) by extension 'ignore'
[0.614s] Level 1:colcon.colcon_core.package_identification:_identify(src/turtlebot3_simulations) by extension 'ignore_ament_install'
[0.614s] Level 1:colcon.colcon_core.package_identification:_identify(src/turtlebot3_simulations) by extensions ['colcon_pkg']
[0.614s] Level 1:colcon.colcon_core.package_identification:_identify(src/turtlebot3_simulations) by extension 'colcon_pkg'
[0.614s] Level 1:colcon.colcon_core.package_identification:_identify(src/turtlebot3_simulations) by extensions ['colcon_meta']
[0.614s] Level 1:colcon.colcon_core.package_identification:_identify(src/turtlebot3_simulations) by extension 'colcon_meta'
[0.614s] Level 1:colcon.colcon_core.package_identification:_identify(src/turtlebot3_simulations) by extensions ['ros']
[0.614s] Level 1:colcon.colcon_core.package_identification:_identify(src/turtlebot3_simulations) by extension 'ros'
[0.614s] Level 1:colcon.colcon_core.package_identification:_identify(src/turtlebot3_simulations) by extensions ['cmake', 'python']
[0.614s] Level 1:colcon.colcon_core.package_identification:_identify(src/turtlebot3_simulations) by extension 'cmake'
[0.614s] Level 1:colcon.colcon_core.package_identification:_identify(src/turtlebot3_simulations) by extension 'python'
[0.614s] Level 1:colcon.colcon_core.package_identification:_identify(src/turtlebot3_simulations) by extensions ['python_setup_py']
[0.614s] Level 1:colcon.colcon_core.package_identification:_identify(src/turtlebot3_simulations) by extension 'python_setup_py'
[0.614s] Level 1:colcon.colcon_core.package_identification:_identify(src/turtlebot3_simulations/turtlebot3_fake_node) by extensions ['ignore', 'ignore_ament_install']
[0.615s] Level 1:colcon.colcon_core.package_identification:_identify(src/turtlebot3_simulations/turtlebot3_fake_node) by extension 'ignore'
[0.615s] Level 1:colcon.colcon_core.package_identification:_identify(src/turtlebot3_simulations/turtlebot3_fake_node) by extension 'ignore_ament_install'
[0.615s] Level 1:colcon.colcon_core.package_identification:_identify(src/turtlebot3_simulations/turtlebot3_fake_node) by extensions ['colcon_pkg']
[0.615s] Level 1:colcon.colcon_core.package_identification:_identify(src/turtlebot3_simulations/turtlebot3_fake_node) by extension 'colcon_pkg'
[0.615s] Level 1:colcon.colcon_core.package_identification:_identify(src/turtlebot3_simulations/turtlebot3_fake_node) by extensions ['colcon_meta']
[0.615s] Level 1:colcon.colcon_core.package_identification:_identify(src/turtlebot3_simulations/turtlebot3_fake_node) by extension 'colcon_meta'
[0.615s] Level 1:colcon.colcon_core.package_identification:_identify(src/turtlebot3_simulations/turtlebot3_fake_node) by extensions ['ros']
[0.615s] Level 1:colcon.colcon_core.package_identification:_identify(src/turtlebot3_simulations/turtlebot3_fake_node) by extension 'ros'
[0.616s] DEBUG:colcon.colcon_core.package_identification:Package 'src/turtlebot3_simulations/turtlebot3_fake_node' with type 'ros.ament_cmake' and name 'turtlebot3_fake_node'
[0.616s] Level 1:colcon.colcon_core.package_identification:_identify(src/turtlebot3_simulations/turtlebot3_gazebo) by extensions ['ignore', 'ignore_ament_install']
[0.616s] Level 1:colcon.colcon_core.package_identification:_identify(src/turtlebot3_simulations/turtlebot3_gazebo) by extension 'ignore'
[0.616s] Level 1:colcon.colcon_core.package_identification:_identify(src/turtlebot3_simulations/turtlebot3_gazebo) by extension 'ignore_ament_install'
[0.617s] Level 1:colcon.colcon_core.package_identification:_identify(src/turtlebot3_simulations/turtlebot3_gazebo) by extensions ['colcon_pkg']
[0.617s] Level 1:colcon.colcon_core.package_identification:_identify(src/turtlebot3_simulations/turtlebot3_gazebo) by extension 'colcon_pkg'
[0.617s] Level 1:colcon.colcon_core.package_identification:_identify(src/turtlebot3_simulations/turtlebot3_gazebo) by extensions ['colcon_meta']
[0.617s] Level 1:colcon.colcon_core.package_identification:_identify(src/turtlebot3_simulations/turtlebot3_gazebo) by extension 'colcon_meta'
[0.617s] Level 1:colcon.colcon_core.package_identification:_identify(src/turtlebot3_simulations/turtlebot3_gazebo) by extensions ['ros']
[0.617s] Level 1:colcon.colcon_core.package_identification:_identify(src/turtlebot3_simulations/turtlebot3_gazebo) by extension 'ros'
[0.618s] DEBUG:colcon.colcon_core.package_identification:Package 'src/turtlebot3_simulations/turtlebot3_gazebo' with type 'ros.ament_cmake' and name 'turtlebot3_gazebo'
[0.618s] Level 1:colcon.colcon_core.package_identification:_identify(src/turtlebot3_simulations/turtlebot3_ignition) by extensions ['ignore', 'ignore_ament_install']
[0.618s] Level 1:colcon.colcon_core.package_identification:_identify(src/turtlebot3_simulations/turtlebot3_ignition) by extension 'ignore'
[0.618s] Level 1:colcon.colcon_core.package_identification:_identify(src/turtlebot3_simulations/turtlebot3_ignition) ignored
[0.618s] Level 1:colcon.colcon_core.package_identification:_identify(src/turtlebot3_simulations/turtlebot3_simulations) by extensions ['ignore', 'ignore_ament_install']
[0.618s] Level 1:colcon.colcon_core.package_identification:_identify(src/turtlebot3_simulations/turtlebot3_simulations) by extension 'ignore'
[0.619s] Level 1:colcon.colcon_core.package_identification:_identify(src/turtlebot3_simulations/turtlebot3_simulations) by extension 'ignore_ament_install'
[0.619s] Level 1:colcon.colcon_core.package_identification:_identify(src/turtlebot3_simulations/turtlebot3_simulations) by extensions ['colcon_pkg']
[0.619s] Level 1:colcon.colcon_core.package_identification:_identify(src/turtlebot3_simulations/turtlebot3_simulations) by extension 'colcon_pkg'
[0.619s] Level 1:colcon.colcon_core.package_identification:_identify(src/turtlebot3_simulations/turtlebot3_simulations) by extensions ['colcon_meta']
[0.619s] Level 1:colcon.colcon_core.package_identification:_identify(src/turtlebot3_simulations/turtlebot3_simulations) by extension 'colcon_meta'
[0.619s] Level 1:colcon.colcon_core.package_identification:_identify(src/turtlebot3_simulations/turtlebot3_simulations) by extensions ['ros']
[0.619s] Level 1:colcon.colcon_core.package_identification:_identify(src/turtlebot3_simulations/turtlebot3_simulations) by extension 'ros'
[0.619s] DEBUG:colcon.colcon_core.package_identification:Package 'src/turtlebot3_simulations/turtlebot3_simulations' with type 'ros.ament_cmake' and name 'turtlebot3_simulations'
[0.620s] Level 1:colcon.colcon_core.package_discovery:discover_packages(recursive) using defaults
[0.620s] Level 1:colcon.colcon_core.package_discovery:discover_packages(ignore) discover
[0.620s] Level 1:colcon.colcon_core.package_discovery:discover_packages(ignore) using defaults
[0.620s] Level 1:colcon.colcon_core.package_discovery:discover_packages(path) discover
[0.620s] Level 1:colcon.colcon_core.package_discovery:discover_packages(path) using defaults
[0.663s] Level 1:colcon.colcon_core.package_discovery:discover_packages(prefix_path) check parameters
[0.663s] Level 1:colcon.colcon_core.package_discovery:discover_packages(prefix_path) discover
[0.666s] DEBUG:colcon.colcon_installed_package_information.package_discovery:Found 4 installed packages in /home/l0dz/SESASR-LAB/install
[0.668s] DEBUG:colcon.colcon_installed_package_information.package_discovery:Found 339 installed packages in /opt/ros/humble
[0.669s] Level 1:colcon.colcon_core.package_discovery:discover_packages(prefix_path) using defaults
[0.735s] Level 5:colcon.colcon_core.verb:set package 'lab01_pkg' build argument 'cmake_args' from command line to 'None'
[0.736s] Level 5:colcon.colcon_core.verb:set package 'lab01_pkg' build argument 'cmake_target' from command line to 'None'
[0.736s] Level 5:colcon.colcon_core.verb:set package 'lab01_pkg' build argument 'cmake_target_skip_unavailable' from command line to 'False'
[0.736s] Level 5:colcon.colcon_core.verb:set package 'lab01_pkg' build argument 'cmake_clean_cache' from command line to 'False'
[0.736s] Level 5:colcon.colcon_core.verb:set package 'lab01_pkg' build argument 'cmake_clean_first' from command line to 'False'
[0.736s] Level 5:colcon.colcon_core.verb:set package 'lab01_pkg' build argument 'cmake_force_configure' from command line to 'False'
[0.736s] Level 5:colcon.colcon_core.verb:set package 'lab01_pkg' build argument 'ament_cmake_args' from command line to 'None'
[0.736s] Level 5:colcon.colcon_core.verb:set package 'lab01_pkg' build argument 'catkin_cmake_args' from command line to 'None'
[0.736s] Level 5:colcon.colcon_core.verb:set package 'lab01_pkg' build argument 'catkin_skip_building_tests' from command line to 'False'
[0.736s] DEBUG:colcon.colcon_core.verb:Building package 'lab01_pkg' with the following arguments: {'ament_cmake_args': None, 'build_base': '/home/l0dz/SESASR-LAB/build/lab01_pkg', 'catkin_cmake_args': None, 'catkin_skip_building_tests': False, 'cmake_args': None, 'cmake_clean_cache': False, 'cmake_clean_first': False, 'cmake_force_configure': False, 'cmake_target': None, 'cmake_target_skip_unavailable': False, 'install_base': '/home/l0dz/SESASR-LAB/install/lab01_pkg', 'merge_install': False, 'path': '/home/l0dz/SESASR-LAB/src/lab01_pkg', 'symlink_install': True, 'test_result_base': None}
[0.736s] Level 5:colcon.colcon_core.verb:set package 'lab02_pkg' build argument 'cmake_args' from command line to 'None'
[0.737s] Level 5:colcon.colcon_core.verb:set package 'lab02_pkg' build argument 'cmake_target' from command line to 'None'
[0.737s] Level 5:colcon.colcon_core.verb:set package 'lab02_pkg' build argument 'cmake_target_skip_unavailable' from command line to 'False'
[0.737s] Level 5:colcon.colcon_core.verb:set package 'lab02_pkg' build argument 'cmake_clean_cache' from command line to 'False'
[0.737s] Level 5:colcon.colcon_core.verb:set package 'lab02_pkg' build argument 'cmake_clean_first' from command line to 'False'
[0.737s] Level 5:colcon.colcon_core.verb:set package 'lab02_pkg' build argument 'cmake_force_configure' from command line to 'False'
[0.737s] Level 5:colcon.colcon_core.verb:set package 'lab02_pkg' build argument 'ament_cmake_args' from command line to 'None'
[0.737s] Level 5:colcon.colcon_core.verb:set package 'lab02_pkg' build argument 'catkin_cmake_args' from command line to 'None'
[0.737s] Level 5:colcon.colcon_core.verb:set package 'lab02_pkg' build argument 'catkin_skip_building_tests' from command line to 'False'
[0.737s] DEBUG:colcon.colcon_core.verb:Building package 'lab02_pkg' with the following arguments: {'ament_cmake_args': None, 'build_base': '/home/l0dz/SESASR-LAB/build/lab02_pkg', 'catkin_cmake_args': None, 'catkin_skip_building_tests': False, 'cmake_args': None, 'cmake_clean_cache': False, 'cmake_clean_first': False, 'cmake_force_configure': False, 'cmake_target': None, 'cmake_target_skip_unavailable': False, 'install_base': '/home/l0dz/SESASR-LAB/install/lab02_pkg', 'merge_install': False, 'path': '/home/l0dz/SESASR-LAB/src/lab02_pkg', 'symlink_install': True, 'test_result_base': None}
[0.737s] Level 5:colcon.colcon_core.verb:set package 'turtlebot3_fake_node' build argument 'cmake_args' from command line to 'None'
[0.737s] Level 5:colcon.colcon_core.verb:set package 'turtlebot3_fake_node' build argument 'cmake_target' from command line to 'None'
[0.737s] Level 5:colcon.colcon_core.verb:set package 'turtlebot3_fake_node' build argument 'cmake_target_skip_unavailable' from command line to 'False'
[0.737s] Level 5:colcon.colcon_core.verb:set package 'turtlebot3_fake_node' build argument 'cmake_clean_cache' from command line to 'False'
[0.737s] Level 5:colcon.colcon_core.verb:set package 'turtlebot3_fake_node' build argument 'cmake_clean_first' from command line to 'False'
[0.737s] Level 5:colcon.colcon_core.verb:set package 'turtlebot3_fake_node' build argument 'cmake_force_configure' from command line to 'False'
[0.737s] Level 5:colcon.colcon_core.verb:set package 'turtlebot3_fake_node' build argument 'ament_cmake_args' from command line to 'None'
[0.737s] Level 5:colcon.colcon_core.verb:set package 'turtlebot3_fake_node' build argument 'catkin_cmake_args' from command line to 'None'
[0.737s] Level 5:colcon.colcon_core.verb:set package 'turtlebot3_fake_node' build argument 'catkin_skip_building_tests' from command line to 'False'
[0.738s] DEBUG:colcon.colcon_core.verb:Building package 'turtlebot3_fake_node' with the following arguments: {'ament_cmake_args': None, 'build_base': '/home/l0dz/SESASR-LAB/build/turtlebot3_fake_node', 'catkin_cmake_args': None, 'catkin_skip_building_tests': False, 'cmake_args': None, 'cmake_clean_cache': False, 'cmake_clean_first': False, 'cmake_force_configure': False, 'cmake_target': None, 'cmake_target_skip_unavailable': False, 'install_base': '/home/l0dz/SESASR-LAB/install/turtlebot3_fake_node', 'merge_install': False, 'path': '/home/l0dz/SESASR-LAB/src/turtlebot3_simulations/turtlebot3_fake_node', 'symlink_install': True, 'test_result_base': None}
[0.738s] Level 5:colcon.colcon_core.verb:set package 'turtlebot3_gazebo' build argument 'cmake_args' from command line to 'None'
[0.738s] Level 5:colcon.colcon_core.verb:set package 'turtlebot3_gazebo' build argument 'cmake_target' from command line to 'None'
[0.738s] Level 5:colcon.colcon_core.verb:set package 'turtlebot3_gazebo' build argument 'cmake_target_skip_unavailable' from command line to 'False'
[0.738s] Level 5:colcon.colcon_core.verb:set package 'turtlebot3_gazebo' build argument 'cmake_clean_cache' from command line to 'False'
[0.738s] Level 5:colcon.colcon_core.verb:set package 'turtlebot3_gazebo' build argument 'cmake_clean_first' from command line to 'False'
[0.738s] Level 5:colcon.colcon_core.verb:set package 'turtlebot3_gazebo' build argument 'cmake_force_configure' from command line to 'False'
[0.738s] Level 5:colcon.colcon_core.verb:set package 'turtlebot3_gazebo' build argument 'ament_cmake_args' from command line to 'None'
[0.738s] Level 5:colcon.colcon_core.verb:set package 'turtlebot3_gazebo' build argument 'catkin_cmake_args' from command line to 'None'
[0.738s] Level 5:colcon.colcon_core.verb:set package 'turtlebot3_gazebo' build argument 'catkin_skip_building_tests' from command line to 'False'
[0.738s] DEBUG:colcon.colcon_core.verb:Building package 'turtlebot3_gazebo' with the following arguments: {'ament_cmake_args': None, 'build_base': '/home/l0dz/SESASR-LAB/build/turtlebot3_gazebo', 'catkin_cmake_args': None, 'catkin_skip_building_tests': False, 'cmake_args': None, 'cmake_clean_cache': False, 'cmake_clean_first': False, 'cmake_force_configure': False, 'cmake_target': None, 'cmake_target_skip_unavailable': False, 'install_base': '/home/l0dz/SESASR-LAB/install/turtlebot3_gazebo', 'merge_install': False, 'path': '/home/l0dz/SESASR-LAB/src/turtlebot3_simulations/turtlebot3_gazebo', 'symlink_install': True, 'test_result_base': None}
[0.738s] Level 5:colcon.colcon_core.verb:set package 'turtlebot3_simulations' build argument 'cmake_args' from command line to 'None'
[0.739s] Level 5:colcon.colcon_core.verb:set package 'turtlebot3_simulations' build argument 'cmake_target' from command line to 'None'
[0.739s] Level 5:colcon.colcon_core.verb:set package 'turtlebot3_simulations' build argument 'cmake_target_skip_unavailable' from command line to 'False'
[0.739s] Level 5:colcon.colcon_core.verb:set package 'turtlebot3_simulations' build argument 'cmake_clean_cache' from command line to 'False'
[0.739s] Level 5:colcon.colcon_core.verb:set package 'turtlebot3_simulations' build argument 'cmake_clean_first' from command line to 'False'
[0.739s] Level 5:colcon.colcon_core.verb:set package 'turtlebot3_simulations' build argument 'cmake_force_configure' from command line to 'False'
[0.739s] Level 5:colcon.colcon_core.verb:set package 'turtlebot3_simulations' build argument 'ament_cmake_args' from command line to 'None'
[0.739s] Level 5:colcon.colcon_core.verb:set package 'turtlebot3_simulations' build argument 'catkin_cmake_args' from command line to 'None'
[0.739s] Level 5:colcon.colcon_core.verb:set package 'turtlebot3_simulations' build argument 'catkin_skip_building_tests' from command line to 'False'
[0.739s] DEBUG:colcon.colcon_core.verb:Building package 'turtlebot3_simulations' with the following arguments: {'ament_cmake_args': None, 'build_base': '/home/l0dz/SESASR-LAB/build/turtlebot3_simulations', 'catkin_cmake_args': None, 'catkin_skip_building_tests': False, 'cmake_args': None, 'cmake_clean_cache': False, 'cmake_clean_first': False, 'cmake_force_configure': False, 'cmake_target': None, 'cmake_target_skip_unavailable': False, 'install_base': '/home/l0dz/SESASR-LAB/install/turtlebot3_simulations', 'merge_install': False, 'path': '/home/l0dz/SESASR-LAB/src/turtlebot3_simulations/turtlebot3_simulations', 'symlink_install': True, 'test_result_base': None}
[0.739s] INFO:colcon.colcon_core.executor:Executing jobs using 'parallel' executor
[0.741s] DEBUG:colcon.colcon_parallel_executor.executor.parallel:run_until_complete
[0.741s] INFO:colcon.colcon_ros.task.ament_cmake.build:Building ROS package in '/home/l0dz/SESASR-LAB/src/turtlebot3_simulations/turtlebot3_fake_node' with build type 'ament_cmake'
[0.742s] INFO:colcon.colcon_cmake.task.cmake.build:Building CMake package in '/home/l0dz/SESASR-LAB/src/turtlebot3_simulations/turtlebot3_fake_node'
[0.746s] INFO:colcon.colcon_core.plugin_system:Skipping extension 'colcon_core.shell.bat': Not used on non-Windows systems
[0.746s] INFO:colcon.colcon_core.shell:Skip shell extension 'powershell' for command environment: Not usable outside of PowerShell
[0.746s] DEBUG:colcon.colcon_core.shell:Skip shell extension 'dsv' for command environment
[0.753s] INFO:colcon.colcon_ros.task.ament_python.build:Building ROS package in '/home/l0dz/SESASR-LAB/src/lab01_pkg' with build type 'ament_python'
[0.754s] Level 1:colcon.colcon_core.shell:create_environment_hook('lab01_pkg', 'ament_prefix_path')
[0.754s] INFO:colcon.colcon_core.shell:Creating environment hook '/home/l0dz/SESASR-LAB/install/lab01_pkg/share/lab01_pkg/hook/ament_prefix_path.ps1'
[0.755s] INFO:colcon.colcon_core.shell:Creating environment descriptor '/home/l0dz/SESASR-LAB/install/lab01_pkg/share/lab01_pkg/hook/ament_prefix_path.dsv'
[0.757s] INFO:colcon.colcon_core.shell:Creating environment hook '/home/l0dz/SESASR-LAB/install/lab01_pkg/share/lab01_pkg/hook/ament_prefix_path.sh'
[0.760s] INFO:colcon.colcon_core.shell:Skip shell extension 'powershell' for command environment: Not usable outside of PowerShell
[0.760s] DEBUG:colcon.colcon_core.shell:Skip shell extension 'dsv' for command environment
[0.770s] INFO:colcon.colcon_ros.task.ament_python.build:Building ROS package in '/home/l0dz/SESASR-LAB/src/lab02_pkg' with build type 'ament_python'
[0.771s] Level 1:colcon.colcon_core.shell:create_environment_hook('lab02_pkg', 'ament_prefix_path')
[0.772s] INFO:colcon.colcon_core.shell:Creating environment hook '/home/l0dz/SESASR-LAB/install/lab02_pkg/share/lab02_pkg/hook/ament_prefix_path.ps1'
[0.778s] INFO:colcon.colcon_core.shell:Creating environment descriptor '/home/l0dz/SESASR-LAB/install/lab02_pkg/share/lab02_pkg/hook/ament_prefix_path.dsv'
[0.779s] INFO:colcon.colcon_core.shell:Creating environment hook '/home/l0dz/SESASR-LAB/install/lab02_pkg/share/lab02_pkg/hook/ament_prefix_path.sh'
[0.781s] INFO:colcon.colcon_core.shell:Skip shell extension 'powershell' for command environment: Not usable outside of PowerShell
[0.781s] DEBUG:colcon.colcon_core.shell:Skip shell extension 'dsv' for command environment
[0.792s] INFO:colcon.colcon_ros.task.ament_cmake.build:Building ROS package in '/home/l0dz/SESASR-LAB/src/turtlebot3_simulations/turtlebot3_gazebo' with build type 'ament_cmake'
[0.792s] INFO:colcon.colcon_cmake.task.cmake.build:Building CMake package in '/home/l0dz/SESASR-LAB/src/turtlebot3_simulations/turtlebot3_gazebo'
[0.793s] INFO:colcon.colcon_core.shell:Skip shell extension 'powershell' for command environment: Not usable outside of PowerShell
[0.794s] DEBUG:colcon.colcon_core.shell:Skip shell extension 'dsv' for command environment
[0.818s] DEBUG:colcon.colcon_core.event_handler.log_command:Invoking command in '/home/l0dz/SESASR-LAB/build/turtlebot3_fake_node': CMAKE_PREFIX_PATH=${CMAKE_PREFIX_PATH}:/home/l0dz/SESASR-LAB/install/lab01_pkg:/opt/ros/humble /usr/bin/cmake --build /home/l0dz/SESASR-LAB/build/turtlebot3_fake_node -- -j16 -l16
[1.233s] INFO:colcon.colcon_core.task.python.build:Building Python package in '/home/l0dz/SESASR-LAB/src/lab01_pkg'
[1.234s] INFO:colcon.colcon_core.shell:Skip shell extension 'powershell' for command environment: Not usable outside of PowerShell
[1.234s] DEBUG:colcon.colcon_core.shell:Skip shell extension 'dsv' for command environment
[1.572s] INFO:colcon.colcon_core.task.python.build:Building Python package in '/home/l0dz/SESASR-LAB/src/lab02_pkg'
[1.573s] INFO:colcon.colcon_core.shell:Skip shell extension 'powershell' for command environment: Not usable outside of PowerShell
[1.573s] DEBUG:colcon.colcon_core.shell:Skip shell extension 'dsv' for command environment
[1.596s] DEBUG:colcon.colcon_core.event_handler.log_command:Invoking command in '/home/l0dz/SESASR-LAB/build/turtlebot3_gazebo': CMAKE_PREFIX_PATH=${CMAKE_PREFIX_PATH}:/home/l0dz/SESASR-LAB/install/lab01_pkg:/opt/ros/humble /usr/bin/cmake --build /home/l0dz/SESASR-LAB/build/turtlebot3_gazebo -- -j16 -l16
[1.598s] DEBUG:colcon.colcon_core.event_handler.log_command:Invoked command in '/home/l0dz/SESASR-LAB/build/turtlebot3_fake_node' returned '0': CMAKE_PREFIX_PATH=${CMAKE_PREFIX_PATH}:/home/l0dz/SESASR-LAB/install/lab01_pkg:/opt/ros/humble /usr/bin/cmake --build /home/l0dz/SESASR-LAB/build/turtlebot3_fake_node -- -j16 -l16
[1.620s] DEBUG:colcon.colcon_core.event_handler.log_command:Invoking command in '/home/l0dz/SESASR-LAB/build/turtlebot3_fake_node': CMAKE_PREFIX_PATH=${CMAKE_PREFIX_PATH}:/home/l0dz/SESASR-LAB/install/lab01_pkg:/opt/ros/humble /usr/bin/cmake --install /home/l0dz/SESASR-LAB/build/turtlebot3_fake_node
[1.689s] Level 1:colcon.colcon_core.environment:create_environment_scripts_only(turtlebot3_fake_node)
[1.691s] DEBUG:colcon.colcon_core.event_handler.log_command:Invoked command in '/home/l0dz/SESASR-LAB/build/turtlebot3_fake_node' returned '0': CMAKE_PREFIX_PATH=${CMAKE_PREFIX_PATH}:/home/l0dz/SESASR-LAB/install/lab01_pkg:/opt/ros/humble /usr/bin/cmake --install /home/l0dz/SESASR-LAB/build/turtlebot3_fake_node
[1.701s] Level 1:colcon.colcon_core.environment:checking '/home/l0dz/SESASR-LAB/install/turtlebot3_fake_node' for CMake module files
[1.702s] Level 1:colcon.colcon_core.environment:checking '/home/l0dz/SESASR-LAB/install/turtlebot3_fake_node' for CMake config files
[1.703s] Level 1:colcon.colcon_core.shell:create_environment_hook('turtlebot3_fake_node', 'cmake_prefix_path')
[1.704s] INFO:colcon.colcon_core.shell:Creating environment hook '/home/l0dz/SESASR-LAB/install/turtlebot3_fake_node/share/turtlebot3_fake_node/hook/cmake_prefix_path.ps1'
[1.706s] INFO:colcon.colcon_core.shell:Creating environment descriptor '/home/l0dz/SESASR-LAB/install/turtlebot3_fake_node/share/turtlebot3_fake_node/hook/cmake_prefix_path.dsv'
[1.707s] INFO:colcon.colcon_core.shell:Creating environment hook '/home/l0dz/SESASR-LAB/install/turtlebot3_fake_node/share/turtlebot3_fake_node/hook/cmake_prefix_path.sh'
[1.709s] Level 1:colcon.colcon_core.environment:checking '/home/l0dz/SESASR-LAB/install/turtlebot3_fake_node/lib'
[1.710s] Level 1:colcon.colcon_core.environment:checking '/home/l0dz/SESASR-LAB/install/turtlebot3_fake_node/bin'
[1.710s] Level 1:colcon.colcon_core.environment:checking '/home/l0dz/SESASR-LAB/install/turtlebot3_fake_node/lib/pkgconfig/turtlebot3_fake_node.pc'
[1.711s] Level 1:colcon.colcon_core.environment:checking '/home/l0dz/SESASR-LAB/install/turtlebot3_fake_node/lib/python3.10/site-packages'
[1.712s] Level 1:colcon.colcon_core.environment:checking '/home/l0dz/SESASR-LAB/install/turtlebot3_fake_node/bin'
[1.714s] INFO:colcon.colcon_core.shell:Creating package script '/home/l0dz/SESASR-LAB/install/turtlebot3_fake_node/share/turtlebot3_fake_node/package.ps1'
[1.717s] INFO:colcon.colcon_core.shell:Creating package descriptor '/home/l0dz/SESASR-LAB/install/turtlebot3_fake_node/share/turtlebot3_fake_node/package.dsv'
[1.719s] INFO:colcon.colcon_core.shell:Creating package script '/home/l0dz/SESASR-LAB/install/turtlebot3_fake_node/share/turtlebot3_fake_node/package.sh'
[1.721s] INFO:colcon.colcon_core.shell:Creating package script '/home/l0dz/SESASR-LAB/install/turtlebot3_fake_node/share/turtlebot3_fake_node/package.bash'
[1.723s] INFO:colcon.colcon_core.shell:Creating package script '/home/l0dz/SESASR-LAB/install/turtlebot3_fake_node/share/turtlebot3_fake_node/package.zsh'
[1.726s] Level 1:colcon.colcon_core.environment:create_file_with_runtime_dependencies(/home/l0dz/SESASR-LAB/install/turtlebot3_fake_node/share/colcon-core/packages/turtlebot3_fake_node)
[1.729s] Level 1:colcon.colcon_core.environment:create_environment_scripts_only(turtlebot3_fake_node)
[1.731s] Level 1:colcon.colcon_core.environment:checking '/home/l0dz/SESASR-LAB/install/turtlebot3_fake_node' for CMake module files
[1.732s] Level 1:colcon.colcon_core.environment:checking '/home/l0dz/SESASR-LAB/install/turtlebot3_fake_node' for CMake config files
[1.734s] Level 1:colcon.colcon_core.shell:create_environment_hook('turtlebot3_fake_node', 'cmake_prefix_path')
[1.735s] INFO:colcon.colcon_core.shell:Creating environment hook '/home/l0dz/SESASR-LAB/install/turtlebot3_fake_node/share/turtlebot3_fake_node/hook/cmake_prefix_path.ps1'
[1.737s] INFO:colcon.colcon_core.shell:Creating environment descriptor '/home/l0dz/SESASR-LAB/install/turtlebot3_fake_node/share/turtlebot3_fake_node/hook/cmake_prefix_path.dsv'
[1.738s] INFO:colcon.colcon_core.shell:Creating environment hook '/home/l0dz/SESASR-LAB/install/turtlebot3_fake_node/share/turtlebot3_fake_node/hook/cmake_prefix_path.sh'
[1.742s] Level 1:colcon.colcon_core.environment:checking '/home/l0dz/SESASR-LAB/install/turtlebot3_fake_node/lib'
[1.742s] Level 1:colcon.colcon_core.environment:checking '/home/l0dz/SESASR-LAB/install/turtlebot3_fake_node/bin'
[1.743s] Level 1:colcon.colcon_core.environment:checking '/home/l0dz/SESASR-LAB/install/turtlebot3_fake_node/lib/pkgconfig/turtlebot3_fake_node.pc'
[1.743s] Level 1:colcon.colcon_core.environment:checking '/home/l0dz/SESASR-LAB/install/turtlebot3_fake_node/lib/python3.10/site-packages'
[1.744s] Level 1:colcon.colcon_core.environment:checking '/home/l0dz/SESASR-LAB/install/turtlebot3_fake_node/bin'
[1.745s] INFO:colcon.colcon_core.shell:Creating package script '/home/l0dz/SESASR-LAB/install/turtlebot3_fake_node/share/turtlebot3_fake_node/package.ps1'
[1.747s] INFO:colcon.colcon_core.shell:Creating package descriptor '/home/l0dz/SESASR-LAB/install/turtlebot3_fake_node/share/turtlebot3_fake_node/package.dsv'
[1.749s] INFO:colcon.colcon_core.shell:Creating package script '/home/l0dz/SESASR-LAB/install/turtlebot3_fake_node/share/turtlebot3_fake_node/package.sh'
[1.751s] INFO:colcon.colcon_core.shell:Creating package script '/home/l0dz/SESASR-LAB/install/turtlebot3_fake_node/share/turtlebot3_fake_node/package.bash'
[1.752s] INFO:colcon.colcon_core.shell:Creating package script '/home/l0dz/SESASR-LAB/install/turtlebot3_fake_node/share/turtlebot3_fake_node/package.zsh'
[1.754s] Level 1:colcon.colcon_core.environment:create_file_with_runtime_dependencies(/home/l0dz/SESASR-LAB/install/turtlebot3_fake_node/share/colcon-core/packages/turtlebot3_fake_node)
[1.755s] INFO:colcon.colcon_ros.task.ament_cmake.build:Building ROS package in '/home/l0dz/SESASR-LAB/src/turtlebot3_simulations/turtlebot3_simulations' with build type 'ament_cmake'
[1.756s] INFO:colcon.colcon_cmake.task.cmake.build:Building CMake package in '/home/l0dz/SESASR-LAB/src/turtlebot3_simulations/turtlebot3_simulations'
[1.757s] INFO:colcon.colcon_core.shell:Skip shell extension 'powershell' for command environment: Not usable outside of PowerShell
[1.757s] DEBUG:colcon.colcon_core.shell:Skip shell extension 'dsv' for command environment
[1.832s] DEBUG:colcon.colcon_core.event_handler.log_command:Invoked command in '/home/l0dz/SESASR-LAB/build/turtlebot3_gazebo' returned '0': CMAKE_PREFIX_PATH=${CMAKE_PREFIX_PATH}:/home/l0dz/SESASR-LAB/install/lab01_pkg:/opt/ros/humble /usr/bin/cmake --build /home/l0dz/SESASR-LAB/build/turtlebot3_gazebo -- -j16 -l16
[1.837s] DEBUG:colcon.colcon_core.event_handler.log_command:Invoking command in '/home/l0dz/SESASR-LAB/build/turtlebot3_gazebo': CMAKE_PREFIX_PATH=${CMAKE_PREFIX_PATH}:/home/l0dz/SESASR-LAB/install/lab01_pkg:/opt/ros/humble /usr/bin/cmake --install /home/l0dz/SESASR-LAB/build/turtlebot3_gazebo
[1.922s] Level 1:colcon.colcon_core.environment:create_environment_scripts_only(turtlebot3_gazebo)
[1.923s] Level 1:colcon.colcon_core.environment:checking '/home/l0dz/SESASR-LAB/install/turtlebot3_gazebo' for CMake module files
[1.925s] DEBUG:colcon.colcon_core.event_handler.log_command:Invoked command in '/home/l0dz/SESASR-LAB/build/turtlebot3_gazebo' returned '0': CMAKE_PREFIX_PATH=${CMAKE_PREFIX_PATH}:/home/l0dz/SESASR-LAB/install/lab01_pkg:/opt/ros/humble /usr/bin/cmake --install /home/l0dz/SESASR-LAB/build/turtlebot3_gazebo
[1.926s] Level 1:colcon.colcon_core.environment:checking '/home/l0dz/SESASR-LAB/install/turtlebot3_gazebo' for CMake config files
[1.928s] Level 1:colcon.colcon_core.shell:create_environment_hook('turtlebot3_gazebo', 'cmake_prefix_path')
[1.929s] INFO:colcon.colcon_core.shell:Creating environment hook '/home/l0dz/SESASR-LAB/install/turtlebot3_gazebo/share/turtlebot3_gazebo/hook/cmake_prefix_path.ps1'
[1.930s] INFO:colcon.colcon_core.shell:Creating environment descriptor '/home/l0dz/SESASR-LAB/install/turtlebot3_gazebo/share/turtlebot3_gazebo/hook/cmake_prefix_path.dsv'
[1.931s] INFO:colcon.colcon_core.shell:Creating environment hook '/home/l0dz/SESASR-LAB/install/turtlebot3_gazebo/share/turtlebot3_gazebo/hook/cmake_prefix_path.sh'
[1.933s] Level 1:colcon.colcon_core.environment:checking '/home/l0dz/SESASR-LAB/install/turtlebot3_gazebo/lib'
[1.934s] Level 1:colcon.colcon_core.environment:checking '/home/l0dz/SESASR-LAB/install/turtlebot3_gazebo/bin'
[1.934s] Level 1:colcon.colcon_core.environment:checking '/home/l0dz/SESASR-LAB/install/turtlebot3_gazebo/lib/pkgconfig/turtlebot3_gazebo.pc'
[1.934s] Level 1:colcon.colcon_core.environment:checking '/home/l0dz/SESASR-LAB/install/turtlebot3_gazebo/lib/python3.10/site-packages'
[1.935s] Level 1:colcon.colcon_core.environment:checking '/home/l0dz/SESASR-LAB/install/turtlebot3_gazebo/bin'
[1.936s] INFO:colcon.colcon_core.shell:Creating package script '/home/l0dz/SESASR-LAB/install/turtlebot3_gazebo/share/turtlebot3_gazebo/package.ps1'
[1.937s] INFO:colcon.colcon_core.shell:Creating package descriptor '/home/l0dz/SESASR-LAB/install/turtlebot3_gazebo/share/turtlebot3_gazebo/package.dsv'
[1.939s] INFO:colcon.colcon_core.shell:Creating package script '/home/l0dz/SESASR-LAB/install/turtlebot3_gazebo/share/turtlebot3_gazebo/package.sh'
[1.939s] INFO:colcon.colcon_core.shell:Creating package script '/home/l0dz/SESASR-LAB/install/turtlebot3_gazebo/share/turtlebot3_gazebo/package.bash'
[1.940s] INFO:colcon.colcon_core.shell:Creating package script '/home/l0dz/SESASR-LAB/install/turtlebot3_gazebo/share/turtlebot3_gazebo/package.zsh'
[1.941s] Level 1:colcon.colcon_core.environment:create_file_with_runtime_dependencies(/home/l0dz/SESASR-LAB/install/turtlebot3_gazebo/share/colcon-core/packages/turtlebot3_gazebo)
[1.942s] Level 1:colcon.colcon_core.environment:create_environment_scripts_only(turtlebot3_gazebo)
[1.943s] Level 1:colcon.colcon_core.environment:checking '/home/l0dz/SESASR-LAB/install/turtlebot3_gazebo' for CMake module files
[1.943s] Level 1:colcon.colcon_core.environment:checking '/home/l0dz/SESASR-LAB/install/turtlebot3_gazebo' for CMake config files
[1.946s] Level 1:colcon.colcon_core.shell:create_environment_hook('turtlebot3_gazebo', 'cmake_prefix_path')
[1.946s] INFO:colcon.colcon_core.shell:Creating environment hook '/home/l0dz/SESASR-LAB/install/turtlebot3_gazebo/share/turtlebot3_gazebo/hook/cmake_prefix_path.ps1'
[1.947s] INFO:colcon.colcon_core.shell:Creating environment descriptor '/home/l0dz/SESASR-LAB/install/turtlebot3_gazebo/share/turtlebot3_gazebo/hook/cmake_prefix_path.dsv'
[1.948s] INFO:colcon.colcon_core.shell:Creating environment hook '/home/l0dz/SESASR-LAB/install/turtlebot3_gazebo/share/turtlebot3_gazebo/hook/cmake_prefix_path.sh'
[1.950s] Level 1:colcon.colcon_core.environment:checking '/home/l0dz/SESASR-LAB/install/turtlebot3_gazebo/lib'
[1.951s] Level 1:colcon.colcon_core.environment:checking '/home/l0dz/SESASR-LAB/install/turtlebot3_gazebo/bin'
[1.951s] Level 1:colcon.colcon_core.environment:checking '/home/l0dz/SESASR-LAB/install/turtlebot3_gazebo/lib/pkgconfig/turtlebot3_gazebo.pc'
[1.951s] Level 1:colcon.colcon_core.environment:checking '/home/l0dz/SESASR-LAB/install/turtlebot3_gazebo/lib/python3.10/site-packages'
[1.951s] Level 1:colcon.colcon_core.environment:checking '/home/l0dz/SESASR-LAB/install/turtlebot3_gazebo/bin'
[1.952s] INFO:colcon.colcon_core.shell:Creating package script '/home/l0dz/SESASR-LAB/install/turtlebot3_gazebo/share/turtlebot3_gazebo/package.ps1'
[1.953s] INFO:colcon.colcon_core.shell:Creating package descriptor '/home/l0dz/SESASR-LAB/install/turtlebot3_gazebo/share/turtlebot3_gazebo/package.dsv'
[1.955s] INFO:colcon.colcon_core.shell:Creating package script '/home/l0dz/SESASR-LAB/install/turtlebot3_gazebo/share/turtlebot3_gazebo/package.sh'
[1.956s] INFO:colcon.colcon_core.shell:Creating package script '/home/l0dz/SESASR-LAB/install/turtlebot3_gazebo/share/turtlebot3_gazebo/package.bash'
[1.957s] INFO:colcon.colcon_core.shell:Creating package script '/home/l0dz/SESASR-LAB/install/turtlebot3_gazebo/share/turtlebot3_gazebo/package.zsh'
[1.958s] Level 1:colcon.colcon_core.environment:create_file_with_runtime_dependencies(/home/l0dz/SESASR-LAB/install/turtlebot3_gazebo/share/colcon-core/packages/turtlebot3_gazebo)
[1.992s] DEBUG:colcon.colcon_core.event_handler.log_command:Invoking command in '/home/l0dz/SESASR-LAB/build/turtlebot3_simulations': CMAKE_PREFIX_PATH=/home/l0dz/SESASR-LAB/install/turtlebot3_fake_node:/home/l0dz/SESASR-LAB/install/turtlebot3_simulations:/home/l0dz/SESASR-LAB/install/turtlebot3_gazebo:/home/l0dz/SESASR-LAB/install/lab01_pkg:/opt/ros/humble /usr/bin/cmake --build /home/l0dz/SESASR-LAB/build/turtlebot3_simulations -- -j16 -l16
[2.065s] DEBUG:colcon.colcon_core.event_handler.log_command:Invoked command in '/home/l0dz/SESASR-LAB/build/turtlebot3_simulations' returned '0': CMAKE_PREFIX_PATH=/home/l0dz/SESASR-LAB/install/turtlebot3_fake_node:/home/l0dz/SESASR-LAB/install/turtlebot3_simulations:/home/l0dz/SESASR-LAB/install/turtlebot3_gazebo:/home/l0dz/SESASR-LAB/install/lab01_pkg:/opt/ros/humble /usr/bin/cmake --build /home/l0dz/SESASR-LAB/build/turtlebot3_simulations -- -j16 -l16
[2.071s] DEBUG:colcon.colcon_core.event_handler.log_command:Invoking command in '/home/l0dz/SESASR-LAB/build/turtlebot3_simulations': CMAKE_PREFIX_PATH=/home/l0dz/SESASR-LAB/install/turtlebot3_fake_node:/home/l0dz/SESASR-LAB/install/turtlebot3_simulations:/home/l0dz/SESASR-LAB/install/turtlebot3_gazebo:/home/l0dz/SESASR-LAB/install/lab01_pkg:/opt/ros/humble /usr/bin/cmake --install /home/l0dz/SESASR-LAB/build/turtlebot3_simulations
[2.113s] Level 1:colcon.colcon_core.environment:create_environment_scripts_only(turtlebot3_simulations)
[2.114s] Level 1:colcon.colcon_core.environment:checking '/home/l0dz/SESASR-LAB/install/turtlebot3_simulations' for CMake module files
[2.114s] DEBUG:colcon.colcon_core.event_handler.log_command:Invoked command in '/home/l0dz/SESASR-LAB/build/turtlebot3_simulations' returned '0': CMAKE_PREFIX_PATH=/home/l0dz/SESASR-LAB/install/turtlebot3_fake_node:/home/l0dz/SESASR-LAB/install/turtlebot3_simulations:/home/l0dz/SESASR-LAB/install/turtlebot3_gazebo:/home/l0dz/SESASR-LAB/install/lab01_pkg:/opt/ros/humble /usr/bin/cmake --install /home/l0dz/SESASR-LAB/build/turtlebot3_simulations
[2.115s] Level 1:colcon.colcon_core.environment:checking '/home/l0dz/SESASR-LAB/install/turtlebot3_simulations' for CMake config files
[2.116s] Level 1:colcon.colcon_core.shell:create_environment_hook('turtlebot3_simulations', 'cmake_prefix_path')
[2.116s] INFO:colcon.colcon_core.shell:Creating environment hook '/home/l0dz/SESASR-LAB/install/turtlebot3_simulations/share/turtlebot3_simulations/hook/cmake_prefix_path.ps1'
[2.117s] INFO:colcon.colcon_core.shell:Creating environment descriptor '/home/l0dz/SESASR-LAB/install/turtlebot3_simulations/share/turtlebot3_simulations/hook/cmake_prefix_path.dsv'
[2.118s] INFO:colcon.colcon_core.shell:Creating environment hook '/home/l0dz/SESASR-LAB/install/turtlebot3_simulations/share/turtlebot3_simulations/hook/cmake_prefix_path.sh'
[2.119s] Level 1:colcon.colcon_core.environment:checking '/home/l0dz/SESASR-LAB/install/turtlebot3_simulations/bin'
[2.120s] Level 1:colcon.colcon_core.environment:checking '/home/l0dz/SESASR-LAB/install/turtlebot3_simulations/lib/pkgconfig/turtlebot3_simulations.pc'
[2.120s] Level 1:colcon.colcon_core.environment:checking '/home/l0dz/SESASR-LAB/install/turtlebot3_simulations/lib/python3.10/site-packages'
[2.120s] Level 1:colcon.colcon_core.environment:checking '/home/l0dz/SESASR-LAB/install/turtlebot3_simulations/bin'
[2.121s] INFO:colcon.colcon_core.shell:Creating package script '/home/l0dz/SESASR-LAB/install/turtlebot3_simulations/share/turtlebot3_simulations/package.ps1'
[2.122s] INFO:colcon.colcon_core.shell:Creating package descriptor '/home/l0dz/SESASR-LAB/install/turtlebot3_simulations/share/turtlebot3_simulations/package.dsv'
[2.124s] INFO:colcon.colcon_core.shell:Creating package script '/home/l0dz/SESASR-LAB/install/turtlebot3_simulations/share/turtlebot3_simulations/package.sh'
[2.125s] INFO:colcon.colcon_core.shell:Creating package script '/home/l0dz/SESASR-LAB/install/turtlebot3_simulations/share/turtlebot3_simulations/package.bash'
[2.126s] INFO:colcon.colcon_core.shell:Creating package script '/home/l0dz/SESASR-LAB/install/turtlebot3_simulations/share/turtlebot3_simulations/package.zsh'
[2.127s] Level 1:colcon.colcon_core.environment:create_file_with_runtime_dependencies(/home/l0dz/SESASR-LAB/install/turtlebot3_simulations/share/colcon-core/packages/turtlebot3_simulations)
[2.129s] Level 1:colcon.colcon_core.environment:create_environment_scripts_only(turtlebot3_simulations)
[2.130s] Level 1:colcon.colcon_core.environment:checking '/home/l0dz/SESASR-LAB/install/turtlebot3_simulations' for CMake module files
[2.131s] Level 1:colcon.colcon_core.environment:checking '/home/l0dz/SESASR-LAB/install/turtlebot3_simulations' for CMake config files
[2.131s] Level 1:colcon.colcon_core.shell:create_environment_hook('turtlebot3_simulations', 'cmake_prefix_path')
[2.132s] INFO:colcon.colcon_core.shell:Creating environment hook '/home/l0dz/SESASR-LAB/install/turtlebot3_simulations/share/turtlebot3_simulations/hook/cmake_prefix_path.ps1'
[2.133s] INFO:colcon.colcon_core.shell:Creating environment descriptor '/home/l0dz/SESASR-LAB/install/turtlebot3_simulations/share/turtlebot3_simulations/hook/cmake_prefix_path.dsv'
[2.134s] INFO:colcon.colcon_core.shell:Creating environment hook '/home/l0dz/SESASR-LAB/install/turtlebot3_simulations/share/turtlebot3_simulations/hook/cmake_prefix_path.sh'
[2.138s] Level 1:colcon.colcon_core.environment:checking '/home/l0dz/SESASR-LAB/install/turtlebot3_simulations/bin'
[2.138s] Level 1:colcon.colcon_core.environment:checking '/home/l0dz/SESASR-LAB/install/turtlebot3_simulations/lib/pkgconfig/turtlebot3_simulations.pc'
[2.139s] Level 1:colcon.colcon_core.environment:checking '/home/l0dz/SESASR-LAB/install/turtlebot3_simulations/lib/python3.10/site-packages'
[2.139s] Level 1:colcon.colcon_core.environment:checking '/home/l0dz/SESASR-LAB/install/turtlebot3_simulations/bin'
[2.140s] INFO:colcon.colcon_core.shell:Creating package script '/home/l0dz/SESASR-LAB/install/turtlebot3_simulations/share/turtlebot3_simulations/package.ps1'
[2.142s] INFO:colcon.colcon_core.shell:Creating package descriptor '/home/l0dz/SESASR-LAB/install/turtlebot3_simulations/share/turtlebot3_simulations/package.dsv'
[2.143s] INFO:colcon.colcon_core.shell:Creating package script '/home/l0dz/SESASR-LAB/install/turtlebot3_simulations/share/turtlebot3_simulations/package.sh'
[2.145s] INFO:colcon.colcon_core.shell:Creating package script '/home/l0dz/SESASR-LAB/install/turtlebot3_simulations/share/turtlebot3_simulations/package.bash'
[2.147s] INFO:colcon.colcon_core.shell:Creating package script '/home/l0dz/SESASR-LAB/install/turtlebot3_simulations/share/turtlebot3_simulations/package.zsh'
[2.149s] Level 1:colcon.colcon_core.environment:create_file_with_runtime_dependencies(/home/l0dz/SESASR-LAB/install/turtlebot3_simulations/share/colcon-core/packages/turtlebot3_simulations)
[2.359s] DEBUG:colcon.colcon_core.event_handler.log_command:Invoking command in '/home/l0dz/SESASR-LAB/build/lab02_pkg': PYTHONPATH=/home/l0dz/SESASR-LAB/build/lab02_pkg/prefix_override:/usr/lib/python3/dist-packages/colcon_core/task/python/colcon_distutils_commands:/home/l0dz/SESASR-LAB/install/lab02_pkg/lib/python3.10/site-packages:${PYTHONPATH} /usr/bin/python3 -W ignore:setup.py install is deprecated -W ignore:easy_install command is deprecated setup.py develop --editable --build-directory /home/l0dz/SESASR-LAB/build/lab02_pkg/build --no-deps symlink_data
[2.363s] DEBUG:colcon.colcon_core.event_handler.log_command:Invoking command in '/home/l0dz/SESASR-LAB/build/lab01_pkg': PYTHONPATH=/home/l0dz/SESASR-LAB/build/lab01_pkg/prefix_override:/usr/lib/python3/dist-packages/colcon_core/task/python/colcon_distutils_commands:/home/l0dz/SESASR-LAB/install/lab01_pkg/lib/python3.10/site-packages:${PYTHONPATH} /usr/bin/python3 -W ignore:setup.py install is deprecated -W ignore:easy_install command is deprecated setup.py develop --editable --build-directory /home/l0dz/SESASR-LAB/build/lab01_pkg/build --no-deps symlink_data
[2.935s] Level 1:colcon.colcon_core.shell:create_environment_hook('lab02_pkg', 'pythonpath_develop')
[2.935s] INFO:colcon.colcon_core.shell:Creating environment hook '/home/l0dz/SESASR-LAB/build/lab02_pkg/share/lab02_pkg/hook/pythonpath_develop.ps1'
[2.936s] DEBUG:colcon.colcon_core.event_handler.log_command:Invoked command in '/home/l0dz/SESASR-LAB/build/lab02_pkg' returned '0': PYTHONPATH=/home/l0dz/SESASR-LAB/build/lab02_pkg/prefix_override:/usr/lib/python3/dist-packages/colcon_core/task/python/colcon_distutils_commands:/home/l0dz/SESASR-LAB/install/lab02_pkg/lib/python3.10/site-packages:${PYTHONPATH} /usr/bin/python3 -W ignore:setup.py install is deprecated -W ignore:easy_install command is deprecated setup.py develop --editable --build-directory /home/l0dz/SESASR-LAB/build/lab02_pkg/build --no-deps symlink_data
[2.939s] INFO:colcon.colcon_core.shell:Creating environment descriptor '/home/l0dz/SESASR-LAB/build/lab02_pkg/share/lab02_pkg/hook/pythonpath_develop.dsv'
[2.940s] INFO:colcon.colcon_core.shell:Creating environment hook '/home/l0dz/SESASR-LAB/build/lab02_pkg/share/lab02_pkg/hook/pythonpath_develop.sh'
[2.941s] Level 1:colcon.colcon_core.environment:checking '/home/l0dz/SESASR-LAB/install/lab02_pkg' for CMake module files
[2.942s] Level 1:colcon.colcon_core.environment:checking '/home/l0dz/SESASR-LAB/install/lab02_pkg' for CMake config files
[2.943s] Level 1:colcon.colcon_core.environment:checking '/home/l0dz/SESASR-LAB/install/lab02_pkg/lib'
[2.943s] Level 1:colcon.colcon_core.environment:checking '/home/l0dz/SESASR-LAB/install/lab02_pkg/bin'
[2.943s] Level 1:colcon.colcon_core.environment:checking '/home/l0dz/SESASR-LAB/install/lab02_pkg/lib/pkgconfig/lab02_pkg.pc'
[2.943s] Level 1:colcon.colcon_core.environment:checking '/home/l0dz/SESASR-LAB/install/lab02_pkg/lib/python3.10/site-packages'
[2.943s] Level 1:colcon.colcon_core.shell:create_environment_hook('lab02_pkg', 'pythonpath')
[2.944s] INFO:colcon.colcon_core.shell:Creating environment hook '/home/l0dz/SESASR-LAB/install/lab02_pkg/share/lab02_pkg/hook/pythonpath.ps1'
[2.944s] INFO:colcon.colcon_core.shell:Creating environment descriptor '/home/l0dz/SESASR-LAB/install/lab02_pkg/share/lab02_pkg/hook/pythonpath.dsv'
[2.945s] INFO:colcon.colcon_core.shell:Creating environment hook '/home/l0dz/SESASR-LAB/install/lab02_pkg/share/lab02_pkg/hook/pythonpath.sh'
[2.946s] Level 1:colcon.colcon_core.environment:checking '/home/l0dz/SESASR-LAB/install/lab02_pkg/bin'
[2.946s] Level 1:colcon.colcon_core.environment:create_environment_scripts_only(lab02_pkg)
[2.947s] INFO:colcon.colcon_core.shell:Creating package script '/home/l0dz/SESASR-LAB/install/lab02_pkg/share/lab02_pkg/package.ps1'
[2.947s] INFO:colcon.colcon_core.shell:Creating package descriptor '/home/l0dz/SESASR-LAB/install/lab02_pkg/share/lab02_pkg/package.dsv'
[2.948s] INFO:colcon.colcon_core.shell:Creating package script '/home/l0dz/SESASR-LAB/install/lab02_pkg/share/lab02_pkg/package.sh'
[2.950s] INFO:colcon.colcon_core.shell:Creating package script '/home/l0dz/SESASR-LAB/install/lab02_pkg/share/lab02_pkg/package.bash'
[2.951s] INFO:colcon.colcon_core.shell:Creating package script '/home/l0dz/SESASR-LAB/install/lab02_pkg/share/lab02_pkg/package.zsh'
[2.953s] Level 1:colcon.colcon_core.environment:create_file_with_runtime_dependencies(/home/l0dz/SESASR-LAB/install/lab02_pkg/share/colcon-core/packages/lab02_pkg)
[2.959s] Level 1:colcon.colcon_core.shell:create_environment_hook('lab01_pkg', 'pythonpath_develop')
[2.960s] INFO:colcon.colcon_core.shell:Creating environment hook '/home/l0dz/SESASR-LAB/build/lab01_pkg/share/lab01_pkg/hook/pythonpath_develop.ps1'
[2.962s] DEBUG:colcon.colcon_core.event_handler.log_command:Invoked command in '/home/l0dz/SESASR-LAB/build/lab01_pkg' returned '0': PYTHONPATH=/home/l0dz/SESASR-LAB/build/lab01_pkg/prefix_override:/usr/lib/python3/dist-packages/colcon_core/task/python/colcon_distutils_commands:/home/l0dz/SESASR-LAB/install/lab01_pkg/lib/python3.10/site-packages:${PYTHONPATH} /usr/bin/python3 -W ignore:setup.py install is deprecated -W ignore:easy_install command is deprecated setup.py develop --editable --build-directory /home/l0dz/SESASR-LAB/build/lab01_pkg/build --no-deps symlink_data
[2.963s] INFO:colcon.colcon_core.shell:Creating environment descriptor '/home/l0dz/SESASR-LAB/build/lab01_pkg/share/lab01_pkg/hook/pythonpath_develop.dsv'
[2.964s] INFO:colcon.colcon_core.shell:Creating environment hook '/home/l0dz/SESASR-LAB/build/lab01_pkg/share/lab01_pkg/hook/pythonpath_develop.sh'
[2.966s] Level 1:colcon.colcon_core.environment:checking '/home/l0dz/SESASR-LAB/install/lab01_pkg' for CMake module files
[2.966s] Level 1:colcon.colcon_core.environment:checking '/home/l0dz/SESASR-LAB/install/lab01_pkg' for CMake config files
[2.967s] Level 1:colcon.colcon_core.environment:checking '/home/l0dz/SESASR-LAB/install/lab01_pkg/lib'
[2.967s] Level 1:colcon.colcon_core.environment:checking '/home/l0dz/SESASR-LAB/install/lab01_pkg/bin'
[2.967s] Level 1:colcon.colcon_core.environment:checking '/home/l0dz/SESASR-LAB/install/lab01_pkg/lib/pkgconfig/lab01_pkg.pc'
[2.968s] Level 1:colcon.colcon_core.environment:checking '/home/l0dz/SESASR-LAB/install/lab01_pkg/lib/python3.10/site-packages'
[2.968s] Level 1:colcon.colcon_core.shell:create_environment_hook('lab01_pkg', 'pythonpath')
[2.968s] INFO:colcon.colcon_core.shell:Creating environment hook '/home/l0dz/SESASR-LAB/install/lab01_pkg/share/lab01_pkg/hook/pythonpath.ps1'
[2.969s] INFO:colcon.colcon_core.shell:Creating environment descriptor '/home/l0dz/SESASR-LAB/install/lab01_pkg/share/lab01_pkg/hook/pythonpath.dsv'
[2.970s] INFO:colcon.colcon_core.shell:Creating environment hook '/home/l0dz/SESASR-LAB/install/lab01_pkg/share/lab01_pkg/hook/pythonpath.sh'
[2.972s] Level 1:colcon.colcon_core.environment:checking '/home/l0dz/SESASR-LAB/install/lab01_pkg/bin'
[2.972s] Level 1:colcon.colcon_core.environment:create_environment_scripts_only(lab01_pkg)
[2.973s] INFO:colcon.colcon_core.shell:Creating package script '/home/l0dz/SESASR-LAB/install/lab01_pkg/share/lab01_pkg/package.ps1'
[2.974s] INFO:colcon.colcon_core.shell:Creating package descriptor '/home/l0dz/SESASR-LAB/install/lab01_pkg/share/lab01_pkg/package.dsv'
[2.974s] INFO:colcon.colcon_core.shell:Creating package script '/home/l0dz/SESASR-LAB/install/lab01_pkg/share/lab01_pkg/package.sh'
[2.975s] INFO:colcon.colcon_core.shell:Creating package script '/home/l0dz/SESASR-LAB/install/lab01_pkg/share/lab01_pkg/package.bash'
[2.977s] INFO:colcon.colcon_core.shell:Creating package script '/home/l0dz/SESASR-LAB/install/lab01_pkg/share/lab01_pkg/package.zsh'
[2.978s] Level 1:colcon.colcon_core.environment:create_file_with_runtime_dependencies(/home/l0dz/SESASR-LAB/install/lab01_pkg/share/colcon-core/packages/lab01_pkg)
[2.979s] DEBUG:colcon.colcon_parallel_executor.executor.parallel:closing loop
[2.981s] DEBUG:colcon.colcon_parallel_executor.executor.parallel:loop closed
[2.982s] DEBUG:colcon.colcon_parallel_executor.executor.parallel:run_until_complete finished with '0'
[2.982s] DEBUG:colcon.colcon_core.event_reactor:joining thread
[3.132s] INFO:colcon.colcon_core.plugin_system:Skipping extension 'colcon_notification.desktop_notification.notify_send': Could not find 'notify-send'
[3.133s] INFO:colcon.colcon_core.plugin_system:Skipping extension 'colcon_notification.desktop_notification.terminal_notifier': Not used on non-Darwin systems
[3.133s] INFO:colcon.colcon_core.plugin_system:Skipping extension 'colcon_notification.desktop_notification.win32': Not used on non-Windows systems
[3.133s] INFO:colcon.colcon_notification.desktop_notification:Sending desktop notification using 'notify2'
[3.133s] DEBUG:colcon.colcon_notification.desktop_notification.notify2:Failed to initialize notify2: org.freedesktop.DBus.Error.FileNotFound: Failed to connect to socket /run/user/1000/bus: No such file or directory
[3.133s] DEBUG:colcon.colcon_core.event_reactor:joined thread
[3.134s] INFO:colcon.colcon_core.shell:Creating prefix script '/home/l0dz/SESASR-LAB/install/local_setup.ps1'
[3.136s] INFO:colcon.colcon_core.shell:Creating prefix util module '/home/l0dz/SESASR-LAB/install/_local_setup_util_ps1.py'
[3.139s] INFO:colcon.colcon_core.shell:Creating prefix chain script '/home/l0dz/SESASR-LAB/install/setup.ps1'
[3.140s] INFO:colcon.colcon_core.shell:Creating prefix script '/home/l0dz/SESASR-LAB/install/local_setup.sh'
[3.142s] INFO:colcon.colcon_core.shell:Creating prefix util module '/home/l0dz/SESASR-LAB/install/_local_setup_util_sh.py'
[3.143s] INFO:colcon.colcon_core.shell:Creating prefix chain script '/home/l0dz/SESASR-LAB/install/setup.sh'
[3.145s] INFO:colcon.colcon_core.shell:Creating prefix script '/home/l0dz/SESASR-LAB/install/local_setup.bash'
[3.146s] INFO:colcon.colcon_core.shell:Creating prefix chain script '/home/l0dz/SESASR-LAB/install/setup.bash'
[3.148s] INFO:colcon.colcon_core.shell:Creating prefix script '/home/l0dz/SESASR-LAB/install/local_setup.zsh'
[3.149s] INFO:colcon.colcon_core.shell:Creating prefix chain script '/home/l0dz/SESASR-LAB/install/setup.zsh'
