[0.377s] DEBUG:colcon:Command line arguments: ['/usr/bin/colcon', 'build', '--symlink-install']
[0.377s] DEBUG:colcon:Parsed command line arguments: Namespace(log_base=None, log_level=None, verb_name='build', build_base='build', install_base='install', merge_install=False, symlink_install=True, test_result_base=None, continue_on_error=False, executor='parallel', parallel_workers=16, event_handlers=None, ignore_user_meta=False, metas=['./colcon.meta'], base_paths=['.'], packages_ignore=None, packages_ignore_regex=None, paths=None, packages_up_to=None, packages_up_to_regex=None, packages_above=None, packages_above_and_dependencies=None, packages_above_depth=None, packages_select_by_dep=None, packages_skip_by_dep=None, packages_skip_up_to=None, packages_select_build_failed=False, packages_skip_build_finished=False, packages_select_test_failures=False, packages_skip_test_passed=False, packages_select=None, packages_skip=None, packages_select_regex=None, packages_skip_regex=None, packages_start=None, packages_end=None, allow_overriding=[], cmake_args=None, cmake_target=None, cmake_target_skip_unavailable=False, cmake_clean_cache=False, cmake_clean_first=False, cmake_force_configure=False, ament_cmake_args=None, catkin_cmake_args=None, catkin_skip_building_tests=False, mixin_files=None, mixin=None, verb_parser=<colcon_mixin.mixin.mixin_argument.MixinArgumentDecorator object at 0x7990a2a0ea70>, verb_extension=<colcon_core.verb.build.BuildVerb object at 0x7990a2affa30>, main=<bound method BuildVerb.main of <colcon_core.verb.build.BuildVerb object at 0x7990a2affa30>>, mixin_verb=('build',))
[0.570s] Level 1:colcon.colcon_core.package_discovery:discover_packages(colcon_meta) check parameters
[0.570s] Level 1:colcon.colcon_core.package_discovery:discover_packages(recursive) check parameters
[0.570s] Level 1:colcon.colcon_core.package_discovery:discover_packages(ignore) check parameters
[0.570s] Level 1:colcon.colcon_core.package_discovery:discover_packages(path) check parameters
[0.570s] Level 1:colcon.colcon_core.package_discovery:discover_packages(colcon_meta) discover
[0.571s] Level 1:colcon.colcon_core.package_discovery:discover_packages(recursive) discover
[0.571s] INFO:colcon.colcon_core.package_discovery:Crawling recursively for packages in '/home/l0dz/SESASR-LAB'
[0.571s] Level 1:colcon.colcon_core.package_identification:_identify(.) by extensions ['ignore', 'ignore_ament_install']
[0.571s] Level 1:colcon.colcon_core.package_identification:_identify(.) by extension 'ignore'
[0.571s] Level 1:colcon.colcon_core.package_identification:_identify(.) by extension 'ignore_ament_install'
[0.571s] Level 1:colcon.colcon_core.package_identification:_identify(.) by extensions ['colcon_pkg']
[0.571s] Level 1:colcon.colcon_core.package_identification:_identify(.) by extension 'colcon_pkg'
[0.571s] Level 1:colcon.colcon_core.package_identification:_identify(.) by extensions ['colcon_meta']
[0.571s] Level 1:colcon.colcon_core.package_identification:_identify(.) by extension 'colcon_meta'
[0.571s] Level 1:colcon.colcon_core.package_identification:_identify(.) by extensions ['ros']
[0.571s] Level 1:colcon.colcon_core.package_identification:_identify(.) by extension 'ros'
[0.583s] Level 1:colcon.colcon_core.package_identification:_identify(.) by extensions ['cmake', 'python']
[0.583s] Level 1:colcon.colcon_core.package_identification:_identify(.) by extension 'cmake'
[0.584s] Level 1:colcon.colcon_core.package_identification:_identify(.) by extension 'python'
[0.584s] Level 1:colcon.colcon_core.package_identification:_identify(.) by extensions ['python_setup_py']
[0.584s] Level 1:colcon.colcon_core.package_identification:_identify(.) by extension 'python_setup_py'
[0.584s] Level 1:colcon.colcon_core.package_identification:_identify(build) by extensions ['ignore', 'ignore_ament_install']
[0.584s] Level 1:colcon.colcon_core.package_identification:_identify(build) by extension 'ignore'
[0.584s] Level 1:colcon.colcon_core.package_identification:_identify(build) ignored
[0.584s] Level 1:colcon.colcon_core.package_identification:_identify(install) by extensions ['ignore', 'ignore_ament_install']
[0.584s] Level 1:colcon.colcon_core.package_identification:_identify(install) by extension 'ignore'
[0.584s] Level 1:colcon.colcon_core.package_identification:_identify(install) ignored
[0.584s] Level 1:colcon.colcon_core.package_identification:_identify(log) by extensions ['ignore', 'ignore_ament_install']
[0.584s] Level 1:colcon.colcon_core.package_identification:_identify(log) by extension 'ignore'
[0.584s] Level 1:colcon.colcon_core.package_identification:_identify(log) ignored
[0.584s] Level 1:colcon.colcon_core.package_identification:_identify(src) by extensions ['ignore', 'ignore_ament_install']
[0.584s] Level 1:colcon.colcon_core.package_identification:_identify(src) by extension 'ignore'
[0.584s] Level 1:colcon.colcon_core.package_identification:_identify(src) by extension 'ignore_ament_install'
[0.585s] Level 1:colcon.colcon_core.package_identification:_identify(src) by extensions ['colcon_pkg']
[0.585s] Level 1:colcon.colcon_core.package_identification:_identify(src) by extension 'colcon_pkg'
[0.585s] Level 1:colcon.colcon_core.package_identification:_identify(src) by extensions ['colcon_meta']
[0.585s] Level 1:colcon.colcon_core.package_identification:_identify(src) by extension 'colcon_meta'
[0.585s] Level 1:colcon.colcon_core.package_identification:_identify(src) by extensions ['ros']
[0.585s] Level 1:colcon.colcon_core.package_identification:_identify(src) by extension 'ros'
[0.585s] Level 1:colcon.colcon_core.package_identification:_identify(src) by extensions ['cmake', 'python']
[0.585s] Level 1:colcon.colcon_core.package_identification:_identify(src) by extension 'cmake'
[0.585s] Level 1:colcon.colcon_core.package_identification:_identify(src) by extension 'python'
[0.585s] Level 1:colcon.colcon_core.package_identification:_identify(src) by extensions ['python_setup_py']
[0.585s] Level 1:colcon.colcon_core.package_identification:_identify(src) by extension 'python_setup_py'
[0.585s] Level 1:colcon.colcon_core.package_identification:_identify(src/lab01_pkg) by extensions ['ignore', 'ignore_ament_install']
[0.585s] Level 1:colcon.colcon_core.package_identification:_identify(src/lab01_pkg) by extension 'ignore'
[0.585s] Level 1:colcon.colcon_core.package_identification:_identify(src/lab01_pkg) by extension 'ignore_ament_install'
[0.585s] Level 1:colcon.colcon_core.package_identification:_identify(src/lab01_pkg) by extensions ['colcon_pkg']
[0.585s] Level 1:colcon.colcon_core.package_identification:_identify(src/lab01_pkg) by extension 'colcon_pkg'
[0.585s] Level 1:colcon.colcon_core.package_identification:_identify(src/lab01_pkg) by extensions ['colcon_meta']
[0.585s] Level 1:colcon.colcon_core.package_identification:_identify(src/lab01_pkg) by extension 'colcon_meta'
[0.585s] Level 1:colcon.colcon_core.package_identification:_identify(src/lab01_pkg) by extensions ['ros']
[0.585s] Level 1:colcon.colcon_core.package_identification:_identify(src/lab01_pkg) by extension 'ros'
[0.588s] DEBUG:colcon.colcon_core.package_identification:Package 'src/lab01_pkg' with type 'ros.ament_python' and name 'lab01_pkg'
[0.589s] Level 1:colcon.colcon_core.package_identification:_identify(src/lab02_pkg) by extensions ['ignore', 'ignore_ament_install']
[0.589s] Level 1:colcon.colcon_core.package_identification:_identify(src/lab02_pkg) by extension 'ignore'
[0.589s] Level 1:colcon.colcon_core.package_identification:_identify(src/lab02_pkg) by extension 'ignore_ament_install'
[0.589s] Level 1:colcon.colcon_core.package_identification:_identify(src/lab02_pkg) by extensions ['colcon_pkg']
[0.589s] Level 1:colcon.colcon_core.package_identification:_identify(src/lab02_pkg) by extension 'colcon_pkg'
[0.589s] Level 1:colcon.colcon_core.package_identification:_identify(src/lab02_pkg) by extensions ['colcon_meta']
[0.589s] Level 1:colcon.colcon_core.package_identification:_identify(src/lab02_pkg) by extension 'colcon_meta'
[0.589s] Level 1:colcon.colcon_core.package_identification:_identify(src/lab02_pkg) by extensions ['ros']
[0.589s] Level 1:colcon.colcon_core.package_identification:_identify(src/lab02_pkg) by extension 'ros'
[0.590s] DEBUG:colcon.colcon_core.package_identification:Package 'src/lab02_pkg' with type 'ros.ament_python' and name 'lab02_pkg'
[0.590s] Level 1:colcon.colcon_core.package_identification:_identify(src/turtlebot3_simulations) by extensions ['ignore', 'ignore_ament_install']
[0.590s] Level 1:colcon.colcon_core.package_identification:_identify(src/turtlebot3_simulations) by extension 'ignore'
[0.591s] Level 1:colcon.colcon_core.package_identification:_identify(src/turtlebot3_simulations) by extension 'ignore_ament_install'
[0.591s] Level 1:colcon.colcon_core.package_identification:_identify(src/turtlebot3_simulations) by extensions ['colcon_pkg']
[0.591s] Level 1:colcon.colcon_core.package_identification:_identify(src/turtlebot3_simulations) by extension 'colcon_pkg'
[0.591s] Level 1:colcon.colcon_core.package_identification:_identify(src/turtlebot3_simulations) by extensions ['colcon_meta']
[0.591s] Level 1:colcon.colcon_core.package_identification:_identify(src/turtlebot3_simulations) by extension 'colcon_meta'
[0.591s] Level 1:colcon.colcon_core.package_identification:_identify(src/turtlebot3_simulations) by extensions ['ros']
[0.591s] Level 1:colcon.colcon_core.package_identification:_identify(src/turtlebot3_simulations) by extension 'ros'
[0.591s] Level 1:colcon.colcon_core.package_identification:_identify(src/turtlebot3_simulations) by extensions ['cmake', 'python']
[0.591s] Level 1:colcon.colcon_core.package_identification:_identify(src/turtlebot3_simulations) by extension 'cmake'
[0.591s] Level 1:colcon.colcon_core.package_identification:_identify(src/turtlebot3_simulations) by extension 'python'
[0.591s] Level 1:colcon.colcon_core.package_identification:_identify(src/turtlebot3_simulations) by extensions ['python_setup_py']
[0.591s] Level 1:colcon.colcon_core.package_identification:_identify(src/turtlebot3_simulations) by extension 'python_setup_py'
[0.591s] Level 1:colcon.colcon_core.package_identification:_identify(src/turtlebot3_simulations/turtlebot3_fake_node) by extensions ['ignore', 'ignore_ament_install']
[0.591s] Level 1:colcon.colcon_core.package_identification:_identify(src/turtlebot3_simulations/turtlebot3_fake_node) by extension 'ignore'
[0.592s] Level 1:colcon.colcon_core.package_identification:_identify(src/turtlebot3_simulations/turtlebot3_fake_node) by extension 'ignore_ament_install'
[0.592s] Level 1:colcon.colcon_core.package_identification:_identify(src/turtlebot3_simulations/turtlebot3_fake_node) by extensions ['colcon_pkg']
[0.592s] Level 1:colcon.colcon_core.package_identification:_identify(src/turtlebot3_simulations/turtlebot3_fake_node) by extension 'colcon_pkg'
[0.592s] Level 1:colcon.colcon_core.package_identification:_identify(src/turtlebot3_simulations/turtlebot3_fake_node) by extensions ['colcon_meta']
[0.592s] Level 1:colcon.colcon_core.package_identification:_identify(src/turtlebot3_simulations/turtlebot3_fake_node) by extension 'colcon_meta'
[0.592s] Level 1:colcon.colcon_core.package_identification:_identify(src/turtlebot3_simulations/turtlebot3_fake_node) by extensions ['ros']
[0.592s] Level 1:colcon.colcon_core.package_identification:_identify(src/turtlebot3_simulations/turtlebot3_fake_node) by extension 'ros'
[0.593s] DEBUG:colcon.colcon_core.package_identification:Package 'src/turtlebot3_simulations/turtlebot3_fake_node' with type 'ros.ament_cmake' and name 'turtlebot3_fake_node'
[0.593s] Level 1:colcon.colcon_core.package_identification:_identify(src/turtlebot3_simulations/turtlebot3_gazebo) by extensions ['ignore', 'ignore_ament_install']
[0.593s] Level 1:colcon.colcon_core.package_identification:_identify(src/turtlebot3_simulations/turtlebot3_gazebo) by extension 'ignore'
[0.593s] Level 1:colcon.colcon_core.package_identification:_identify(src/turtlebot3_simulations/turtlebot3_gazebo) by extension 'ignore_ament_install'
[0.593s] Level 1:colcon.colcon_core.package_identification:_identify(src/turtlebot3_simulations/turtlebot3_gazebo) by extensions ['colcon_pkg']
[0.593s] Level 1:colcon.colcon_core.package_identification:_identify(src/turtlebot3_simulations/turtlebot3_gazebo) by extension 'colcon_pkg'
[0.593s] Level 1:colcon.colcon_core.package_identification:_identify(src/turtlebot3_simulations/turtlebot3_gazebo) by extensions ['colcon_meta']
[0.593s] Level 1:colcon.colcon_core.package_identification:_identify(src/turtlebot3_simulations/turtlebot3_gazebo) by extension 'colcon_meta'
[0.594s] Level 1:colcon.colcon_core.package_identification:_identify(src/turtlebot3_simulations/turtlebot3_gazebo) by extensions ['ros']
[0.594s] Level 1:colcon.colcon_core.package_identification:_identify(src/turtlebot3_simulations/turtlebot3_gazebo) by extension 'ros'
[0.595s] DEBUG:colcon.colcon_core.package_identification:Package 'src/turtlebot3_simulations/turtlebot3_gazebo' with type 'ros.ament_cmake' and name 'turtlebot3_gazebo'
[0.595s] Level 1:colcon.colcon_core.package_identification:_identify(src/turtlebot3_simulations/turtlebot3_ignition) by extensions ['ignore', 'ignore_ament_install']
[0.595s] Level 1:colcon.colcon_core.package_identification:_identify(src/turtlebot3_simulations/turtlebot3_ignition) by extension 'ignore'
[0.595s] Level 1:colcon.colcon_core.package_identification:_identify(src/turtlebot3_simulations/turtlebot3_ignition) ignored
[0.595s] Level 1:colcon.colcon_core.package_identification:_identify(src/turtlebot3_simulations/turtlebot3_simulations) by extensions ['ignore', 'ignore_ament_install']
[0.595s] Level 1:colcon.colcon_core.package_identification:_identify(src/turtlebot3_simulations/turtlebot3_simulations) by extension 'ignore'
[0.595s] Level 1:colcon.colcon_core.package_identification:_identify(src/turtlebot3_simulations/turtlebot3_simulations) by extension 'ignore_ament_install'
[0.595s] Level 1:colcon.colcon_core.package_identification:_identify(src/turtlebot3_simulations/turtlebot3_simulations) by extensions ['colcon_pkg']
[0.595s] Level 1:colcon.colcon_core.package_identification:_identify(src/turtlebot3_simulations/turtlebot3_simulations) by extension 'colcon_pkg'
[0.595s] Level 1:colcon.colcon_core.package_identification:_identify(src/turtlebot3_simulations/turtlebot3_simulations) by extensions ['colcon_meta']
[0.595s] Level 1:colcon.colcon_core.package_identification:_identify(src/turtlebot3_simulations/turtlebot3_simulations) by extension 'colcon_meta'
[0.595s] Level 1:colcon.colcon_core.package_identification:_identify(src/turtlebot3_simulations/turtlebot3_simulations) by extensions ['ros']
[0.595s] Level 1:colcon.colcon_core.package_identification:_identify(src/turtlebot3_simulations/turtlebot3_simulations) by extension 'ros'
[0.596s] DEBUG:colcon.colcon_core.package_identification:Package 'src/turtlebot3_simulations/turtlebot3_simulations' with type 'ros.ament_cmake' and name 'turtlebot3_simulations'
[0.596s] Level 1:colcon.colcon_core.package_discovery:discover_packages(recursive) using defaults
[0.597s] Level 1:colcon.colcon_core.package_discovery:discover_packages(ignore) discover
[0.597s] Level 1:colcon.colcon_core.package_discovery:discover_packages(ignore) using defaults
[0.597s] Level 1:colcon.colcon_core.package_discovery:discover_packages(path) discover
[0.597s] Level 1:colcon.colcon_core.package_discovery:discover_packages(path) using defaults
[0.637s] Level 1:colcon.colcon_core.package_discovery:discover_packages(prefix_path) check parameters
[0.638s] Level 1:colcon.colcon_core.package_discovery:discover_packages(prefix_path) discover
[0.640s] DEBUG:colcon.colcon_installed_package_information.package_discovery:Found 5 installed packages in /home/l0dz/SESASR-LAB/install
[0.643s] DEBUG:colcon.colcon_installed_package_information.package_discovery:Found 339 installed packages in /opt/ros/humble
[0.644s] Level 1:colcon.colcon_core.package_discovery:discover_packages(prefix_path) using defaults
[0.690s] Level 5:colcon.colcon_core.verb:set package 'lab01_pkg' build argument 'cmake_args' from command line to 'None'
[0.690s] Level 5:colcon.colcon_core.verb:set package 'lab01_pkg' build argument 'cmake_target' from command line to 'None'
[0.690s] Level 5:colcon.colcon_core.verb:set package 'lab01_pkg' build argument 'cmake_target_skip_unavailable' from command line to 'False'
[0.690s] Level 5:colcon.colcon_core.verb:set package 'lab01_pkg' build argument 'cmake_clean_cache' from command line to 'False'
[0.690s] Level 5:colcon.colcon_core.verb:set package 'lab01_pkg' build argument 'cmake_clean_first' from command line to 'False'
[0.690s] Level 5:colcon.colcon_core.verb:set package 'lab01_pkg' build argument 'cmake_force_configure' from command line to 'False'
[0.690s] Level 5:colcon.colcon_core.verb:set package 'lab01_pkg' build argument 'ament_cmake_args' from command line to 'None'
[0.690s] Level 5:colcon.colcon_core.verb:set package 'lab01_pkg' build argument 'catkin_cmake_args' from command line to 'None'
[0.690s] Level 5:colcon.colcon_core.verb:set package 'lab01_pkg' build argument 'catkin_skip_building_tests' from command line to 'False'
[0.690s] DEBUG:colcon.colcon_core.verb:Building package 'lab01_pkg' with the following arguments: {'ament_cmake_args': None, 'build_base': '/home/l0dz/SESASR-LAB/build/lab01_pkg', 'catkin_cmake_args': None, 'catkin_skip_building_tests': False, 'cmake_args': None, 'cmake_clean_cache': False, 'cmake_clean_first': False, 'cmake_force_configure': False, 'cmake_target': None, 'cmake_target_skip_unavailable': False, 'install_base': '/home/l0dz/SESASR-LAB/install/lab01_pkg', 'merge_install': False, 'path': '/home/l0dz/SESASR-LAB/src/lab01_pkg', 'symlink_install': True, 'test_result_base': None}
[0.691s] Level 5:colcon.colcon_core.verb:set package 'lab02_pkg' build argument 'cmake_args' from command line to 'None'
[0.691s] Level 5:colcon.colcon_core.verb:set package 'lab02_pkg' build argument 'cmake_target' from command line to 'None'
[0.691s] Level 5:colcon.colcon_core.verb:set package 'lab02_pkg' build argument 'cmake_target_skip_unavailable' from command line to 'False'
[0.691s] Level 5:colcon.colcon_core.verb:set package 'lab02_pkg' build argument 'cmake_clean_cache' from command line to 'False'
[0.691s] Level 5:colcon.colcon_core.verb:set package 'lab02_pkg' build argument 'cmake_clean_first' from command line to 'False'
[0.691s] Level 5:colcon.colcon_core.verb:set package 'lab02_pkg' build argument 'cmake_force_configure' from command line to 'False'
[0.691s] Level 5:colcon.colcon_core.verb:set package 'lab02_pkg' build argument 'ament_cmake_args' from command line to 'None'
[0.691s] Level 5:colcon.colcon_core.verb:set package 'lab02_pkg' build argument 'catkin_cmake_args' from command line to 'None'
[0.691s] Level 5:colcon.colcon_core.verb:set package 'lab02_pkg' build argument 'catkin_skip_building_tests' from command line to 'False'
[0.691s] DEBUG:colcon.colcon_core.verb:Building package 'lab02_pkg' with the following arguments: {'ament_cmake_args': None, 'build_base': '/home/l0dz/SESASR-LAB/build/lab02_pkg', 'catkin_cmake_args': None, 'catkin_skip_building_tests': False, 'cmake_args': None, 'cmake_clean_cache': False, 'cmake_clean_first': False, 'cmake_force_configure': False, 'cmake_target': None, 'cmake_target_skip_unavailable': False, 'install_base': '/home/l0dz/SESASR-LAB/install/lab02_pkg', 'merge_install': False, 'path': '/home/l0dz/SESASR-LAB/src/lab02_pkg', 'symlink_install': True, 'test_result_base': None}
[0.692s] Level 5:colcon.colcon_core.verb:set package 'turtlebot3_fake_node' build argument 'cmake_args' from command line to 'None'
[0.692s] Level 5:colcon.colcon_core.verb:set package 'turtlebot3_fake_node' build argument 'cmake_target' from command line to 'None'
[0.692s] Level 5:colcon.colcon_core.verb:set package 'turtlebot3_fake_node' build argument 'cmake_target_skip_unavailable' from command line to 'False'
[0.692s] Level 5:colcon.colcon_core.verb:set package 'turtlebot3_fake_node' build argument 'cmake_clean_cache' from command line to 'False'
[0.692s] Level 5:colcon.colcon_core.verb:set package 'turtlebot3_fake_node' build argument 'cmake_clean_first' from command line to 'False'
[0.692s] Level 5:colcon.colcon_core.verb:set package 'turtlebot3_fake_node' build argument 'cmake_force_configure' from command line to 'False'
[0.692s] Level 5:colcon.colcon_core.verb:set package 'turtlebot3_fake_node' build argument 'ament_cmake_args' from command line to 'None'
[0.692s] Level 5:colcon.colcon_core.verb:set package 'turtlebot3_fake_node' build argument 'catkin_cmake_args' from command line to 'None'
[0.692s] Level 5:colcon.colcon_core.verb:set package 'turtlebot3_fake_node' build argument 'catkin_skip_building_tests' from command line to 'False'
[0.692s] DEBUG:colcon.colcon_core.verb:Building package 'turtlebot3_fake_node' with the following arguments: {'ament_cmake_args': None, 'build_base': '/home/l0dz/SESASR-LAB/build/turtlebot3_fake_node', 'catkin_cmake_args': None, 'catkin_skip_building_tests': False, 'cmake_args': None, 'cmake_clean_cache': False, 'cmake_clean_first': False, 'cmake_force_configure': False, 'cmake_target': None, 'cmake_target_skip_unavailable': False, 'install_base': '/home/l0dz/SESASR-LAB/install/turtlebot3_fake_node', 'merge_install': False, 'path': '/home/l0dz/SESASR-LAB/src/turtlebot3_simulations/turtlebot3_fake_node', 'symlink_install': True, 'test_result_base': None}
[0.693s] Level 5:colcon.colcon_core.verb:set package 'turtlebot3_gazebo' build argument 'cmake_args' from command line to 'None'
[0.693s] Level 5:colcon.colcon_core.verb:set package 'turtlebot3_gazebo' build argument 'cmake_target' from command line to 'None'
[0.693s] Level 5:colcon.colcon_core.verb:set package 'turtlebot3_gazebo' build argument 'cmake_target_skip_unavailable' from command line to 'False'
[0.693s] Level 5:colcon.colcon_core.verb:set package 'turtlebot3_gazebo' build argument 'cmake_clean_cache' from command line to 'False'
[0.693s] Level 5:colcon.colcon_core.verb:set package 'turtlebot3_gazebo' build argument 'cmake_clean_first' from command line to 'False'
[0.693s] Level 5:colcon.colcon_core.verb:set package 'turtlebot3_gazebo' build argument 'cmake_force_configure' from command line to 'False'
[0.693s] Level 5:colcon.colcon_core.verb:set package 'turtlebot3_gazebo' build argument 'ament_cmake_args' from command line to 'None'
[0.693s] Level 5:colcon.colcon_core.verb:set package 'turtlebot3_gazebo' build argument 'catkin_cmake_args' from command line to 'None'
[0.693s] Level 5:colcon.colcon_core.verb:set package 'turtlebot3_gazebo' build argument 'catkin_skip_building_tests' from command line to 'False'
[0.693s] DEBUG:colcon.colcon_core.verb:Building package 'turtlebot3_gazebo' with the following arguments: {'ament_cmake_args': None, 'build_base': '/home/l0dz/SESASR-LAB/build/turtlebot3_gazebo', 'catkin_cmake_args': None, 'catkin_skip_building_tests': False, 'cmake_args': None, 'cmake_clean_cache': False, 'cmake_clean_first': False, 'cmake_force_configure': False, 'cmake_target': None, 'cmake_target_skip_unavailable': False, 'install_base': '/home/l0dz/SESASR-LAB/install/turtlebot3_gazebo', 'merge_install': False, 'path': '/home/l0dz/SESASR-LAB/src/turtlebot3_simulations/turtlebot3_gazebo', 'symlink_install': True, 'test_result_base': None}
[0.694s] Level 5:colcon.colcon_core.verb:set package 'turtlebot3_simulations' build argument 'cmake_args' from command line to 'None'
[0.694s] Level 5:colcon.colcon_core.verb:set package 'turtlebot3_simulations' build argument 'cmake_target' from command line to 'None'
[0.694s] Level 5:colcon.colcon_core.verb:set package 'turtlebot3_simulations' build argument 'cmake_target_skip_unavailable' from command line to 'False'
[0.694s] Level 5:colcon.colcon_core.verb:set package 'turtlebot3_simulations' build argument 'cmake_clean_cache' from command line to 'False'
[0.694s] Level 5:colcon.colcon_core.verb:set package 'turtlebot3_simulations' build argument 'cmake_clean_first' from command line to 'False'
[0.694s] Level 5:colcon.colcon_core.verb:set package 'turtlebot3_simulations' build argument 'cmake_force_configure' from command line to 'False'
[0.694s] Level 5:colcon.colcon_core.verb:set package 'turtlebot3_simulations' build argument 'ament_cmake_args' from command line to 'None'
[0.694s] Level 5:colcon.colcon_core.verb:set package 'turtlebot3_simulations' build argument 'catkin_cmake_args' from command line to 'None'
[0.694s] Level 5:colcon.colcon_core.verb:set package 'turtlebot3_simulations' build argument 'catkin_skip_building_tests' from command line to 'False'
[0.694s] DEBUG:colcon.colcon_core.verb:Building package 'turtlebot3_simulations' with the following arguments: {'ament_cmake_args': None, 'build_base': '/home/l0dz/SESASR-LAB/build/turtlebot3_simulations', 'catkin_cmake_args': None, 'catkin_skip_building_tests': False, 'cmake_args': None, 'cmake_clean_cache': False, 'cmake_clean_first': False, 'cmake_force_configure': False, 'cmake_target': None, 'cmake_target_skip_unavailable': False, 'install_base': '/home/l0dz/SESASR-LAB/install/turtlebot3_simulations', 'merge_install': False, 'path': '/home/l0dz/SESASR-LAB/src/turtlebot3_simulations/turtlebot3_simulations', 'symlink_install': True, 'test_result_base': None}
[0.694s] INFO:colcon.colcon_core.executor:Executing jobs using 'parallel' executor
[0.696s] DEBUG:colcon.colcon_parallel_executor.executor.parallel:run_until_complete
[0.696s] INFO:colcon.colcon_ros.task.ament_cmake.build:Building ROS package in '/home/l0dz/SESASR-LAB/src/turtlebot3_simulations/turtlebot3_fake_node' with build type 'ament_cmake'
[0.697s] INFO:colcon.colcon_cmake.task.cmake.build:Building CMake package in '/home/l0dz/SESASR-LAB/src/turtlebot3_simulations/turtlebot3_fake_node'
[0.702s] INFO:colcon.colcon_core.plugin_system:Skipping extension 'colcon_core.shell.bat': Not used on non-Windows systems
[0.702s] INFO:colcon.colcon_core.shell:Skip shell extension 'powershell' for command environment: Not usable outside of PowerShell
[0.703s] DEBUG:colcon.colcon_core.shell:Skip shell extension 'dsv' for command environment
[0.708s] INFO:colcon.colcon_ros.task.ament_python.build:Building ROS package in '/home/l0dz/SESASR-LAB/src/lab01_pkg' with build type 'ament_python'
[0.708s] Level 1:colcon.colcon_core.shell:create_environment_hook('lab01_pkg', 'ament_prefix_path')
[0.709s] INFO:colcon.colcon_core.shell:Creating environment hook '/home/l0dz/SESASR-LAB/install/lab01_pkg/share/lab01_pkg/hook/ament_prefix_path.ps1'
[0.710s] INFO:colcon.colcon_core.shell:Creating environment descriptor '/home/l0dz/SESASR-LAB/install/lab01_pkg/share/lab01_pkg/hook/ament_prefix_path.dsv'
[0.711s] INFO:colcon.colcon_core.shell:Creating environment hook '/home/l0dz/SESASR-LAB/install/lab01_pkg/share/lab01_pkg/hook/ament_prefix_path.sh'
[0.713s] INFO:colcon.colcon_core.shell:Skip shell extension 'powershell' for command environment: Not usable outside of PowerShell
[0.713s] DEBUG:colcon.colcon_core.shell:Skip shell extension 'dsv' for command environment
[0.720s] INFO:colcon.colcon_ros.task.ament_python.build:Building ROS package in '/home/l0dz/SESASR-LAB/src/lab02_pkg' with build type 'ament_python'
[0.720s] Level 1:colcon.colcon_core.shell:create_environment_hook('lab02_pkg', 'ament_prefix_path')
[0.721s] INFO:colcon.colcon_core.shell:Creating environment hook '/home/l0dz/SESASR-LAB/install/lab02_pkg/share/lab02_pkg/hook/ament_prefix_path.ps1'
[0.722s] INFO:colcon.colcon_core.shell:Creating environment descriptor '/home/l0dz/SESASR-LAB/install/lab02_pkg/share/lab02_pkg/hook/ament_prefix_path.dsv'
[0.723s] INFO:colcon.colcon_core.shell:Creating environment hook '/home/l0dz/SESASR-LAB/install/lab02_pkg/share/lab02_pkg/hook/ament_prefix_path.sh'
[0.724s] INFO:colcon.colcon_core.shell:Skip shell extension 'powershell' for command environment: Not usable outside of PowerShell
[0.725s] DEBUG:colcon.colcon_core.shell:Skip shell extension 'dsv' for command environment
[0.731s] INFO:colcon.colcon_ros.task.ament_cmake.build:Building ROS package in '/home/l0dz/SESASR-LAB/src/turtlebot3_simulations/turtlebot3_gazebo' with build type 'ament_cmake'
[0.731s] INFO:colcon.colcon_cmake.task.cmake.build:Building CMake package in '/home/l0dz/SESASR-LAB/src/turtlebot3_simulations/turtlebot3_gazebo'
[0.733s] INFO:colcon.colcon_core.shell:Skip shell extension 'powershell' for command environment: Not usable outside of PowerShell
[0.733s] DEBUG:colcon.colcon_core.shell:Skip shell extension 'dsv' for command environment
[0.753s] DEBUG:colcon.colcon_core.event_handler.log_command:Invoking command in '/home/l0dz/SESASR-LAB/build/turtlebot3_fake_node': CMAKE_PREFIX_PATH=${CMAKE_PREFIX_PATH}:/home/l0dz/SESASR-LAB/install/lab02_pkg:/home/l0dz/SESASR-LAB/install/lab01_pkg:/opt/ros/humble /usr/bin/cmake --build /home/l0dz/SESASR-LAB/build/turtlebot3_fake_node -- -j16 -l16
[1.114s] INFO:colcon.colcon_core.task.python.build:Building Python package in '/home/l0dz/SESASR-LAB/src/lab01_pkg'
[1.114s] INFO:colcon.colcon_core.shell:Skip shell extension 'powershell' for command environment: Not usable outside of PowerShell
[1.114s] DEBUG:colcon.colcon_core.shell:Skip shell extension 'dsv' for command environment
[1.528s] INFO:colcon.colcon_core.task.python.build:Building Python package in '/home/l0dz/SESASR-LAB/src/lab02_pkg'
[1.529s] INFO:colcon.colcon_core.shell:Skip shell extension 'powershell' for command environment: Not usable outside of PowerShell
[1.529s] DEBUG:colcon.colcon_core.shell:Skip shell extension 'dsv' for command environment
[1.546s] DEBUG:colcon.colcon_core.event_handler.log_command:Invoking command in '/home/l0dz/SESASR-LAB/build/turtlebot3_gazebo': CMAKE_PREFIX_PATH=${CMAKE_PREFIX_PATH}:/home/l0dz/SESASR-LAB/install/lab02_pkg:/home/l0dz/SESASR-LAB/install/lab01_pkg:/opt/ros/humble /usr/bin/cmake --build /home/l0dz/SESASR-LAB/build/turtlebot3_gazebo -- -j16 -l16
[1.546s] DEBUG:colcon.colcon_core.event_handler.log_command:Invoked command in '/home/l0dz/SESASR-LAB/build/turtlebot3_fake_node' returned '0': CMAKE_PREFIX_PATH=${CMAKE_PREFIX_PATH}:/home/l0dz/SESASR-LAB/install/lab02_pkg:/home/l0dz/SESASR-LAB/install/lab01_pkg:/opt/ros/humble /usr/bin/cmake --build /home/l0dz/SESASR-LAB/build/turtlebot3_fake_node -- -j16 -l16
[1.563s] DEBUG:colcon.colcon_core.event_handler.log_command:Invoking command in '/home/l0dz/SESASR-LAB/build/turtlebot3_fake_node': CMAKE_PREFIX_PATH=${CMAKE_PREFIX_PATH}:/home/l0dz/SESASR-LAB/install/lab02_pkg:/home/l0dz/SESASR-LAB/install/lab01_pkg:/opt/ros/humble /usr/bin/cmake --install /home/l0dz/SESASR-LAB/build/turtlebot3_fake_node
[1.607s] Level 1:colcon.colcon_core.environment:create_environment_scripts_only(turtlebot3_fake_node)
[1.610s] DEBUG:colcon.colcon_core.event_handler.log_command:Invoked command in '/home/l0dz/SESASR-LAB/build/turtlebot3_fake_node' returned '0': CMAKE_PREFIX_PATH=${CMAKE_PREFIX_PATH}:/home/l0dz/SESASR-LAB/install/lab02_pkg:/home/l0dz/SESASR-LAB/install/lab01_pkg:/opt/ros/humble /usr/bin/cmake --install /home/l0dz/SESASR-LAB/build/turtlebot3_fake_node
[1.615s] Level 1:colcon.colcon_core.environment:checking '/home/l0dz/SESASR-LAB/install/turtlebot3_fake_node' for CMake module files
[1.617s] Level 1:colcon.colcon_core.environment:checking '/home/l0dz/SESASR-LAB/install/turtlebot3_fake_node' for CMake config files
[1.620s] Level 1:colcon.colcon_core.shell:create_environment_hook('turtlebot3_fake_node', 'cmake_prefix_path')
[1.621s] INFO:colcon.colcon_core.shell:Creating environment hook '/home/l0dz/SESASR-LAB/install/turtlebot3_fake_node/share/turtlebot3_fake_node/hook/cmake_prefix_path.ps1'
[1.624s] INFO:colcon.colcon_core.shell:Creating environment descriptor '/home/l0dz/SESASR-LAB/install/turtlebot3_fake_node/share/turtlebot3_fake_node/hook/cmake_prefix_path.dsv'
[1.626s] INFO:colcon.colcon_core.shell:Creating environment hook '/home/l0dz/SESASR-LAB/install/turtlebot3_fake_node/share/turtlebot3_fake_node/hook/cmake_prefix_path.sh'
[1.628s] Level 1:colcon.colcon_core.environment:checking '/home/l0dz/SESASR-LAB/install/turtlebot3_fake_node/lib'
[1.629s] Level 1:colcon.colcon_core.environment:checking '/home/l0dz/SESASR-LAB/install/turtlebot3_fake_node/bin'
[1.629s] Level 1:colcon.colcon_core.environment:checking '/home/l0dz/SESASR-LAB/install/turtlebot3_fake_node/lib/pkgconfig/turtlebot3_fake_node.pc'
[1.630s] Level 1:colcon.colcon_core.environment:checking '/home/l0dz/SESASR-LAB/install/turtlebot3_fake_node/lib/python3.10/site-packages'
[1.631s] Level 1:colcon.colcon_core.environment:checking '/home/l0dz/SESASR-LAB/install/turtlebot3_fake_node/bin'
[1.632s] INFO:colcon.colcon_core.shell:Creating package script '/home/l0dz/SESASR-LAB/install/turtlebot3_fake_node/share/turtlebot3_fake_node/package.ps1'
[1.635s] INFO:colcon.colcon_core.shell:Creating package descriptor '/home/l0dz/SESASR-LAB/install/turtlebot3_fake_node/share/turtlebot3_fake_node/package.dsv'
[1.639s] INFO:colcon.colcon_core.shell:Creating package script '/home/l0dz/SESASR-LAB/install/turtlebot3_fake_node/share/turtlebot3_fake_node/package.sh'
[1.641s] INFO:colcon.colcon_core.shell:Creating package script '/home/l0dz/SESASR-LAB/install/turtlebot3_fake_node/share/turtlebot3_fake_node/package.bash'
[1.643s] INFO:colcon.colcon_core.shell:Creating package script '/home/l0dz/SESASR-LAB/install/turtlebot3_fake_node/share/turtlebot3_fake_node/package.zsh'
[1.645s] Level 1:colcon.colcon_core.environment:create_file_with_runtime_dependencies(/home/l0dz/SESASR-LAB/install/turtlebot3_fake_node/share/colcon-core/packages/turtlebot3_fake_node)
[1.647s] Level 1:colcon.colcon_core.environment:create_environment_scripts_only(turtlebot3_fake_node)
[1.647s] Level 1:colcon.colcon_core.environment:checking '/home/l0dz/SESASR-LAB/install/turtlebot3_fake_node' for CMake module files
[1.649s] Level 1:colcon.colcon_core.environment:checking '/home/l0dz/SESASR-LAB/install/turtlebot3_fake_node' for CMake config files
[1.650s] Level 1:colcon.colcon_core.shell:create_environment_hook('turtlebot3_fake_node', 'cmake_prefix_path')
[1.650s] INFO:colcon.colcon_core.shell:Creating environment hook '/home/l0dz/SESASR-LAB/install/turtlebot3_fake_node/share/turtlebot3_fake_node/hook/cmake_prefix_path.ps1'
[1.652s] INFO:colcon.colcon_core.shell:Creating environment descriptor '/home/l0dz/SESASR-LAB/install/turtlebot3_fake_node/share/turtlebot3_fake_node/hook/cmake_prefix_path.dsv'
[1.654s] INFO:colcon.colcon_core.shell:Creating environment hook '/home/l0dz/SESASR-LAB/install/turtlebot3_fake_node/share/turtlebot3_fake_node/hook/cmake_prefix_path.sh'
[1.656s] Level 1:colcon.colcon_core.environment:checking '/home/l0dz/SESASR-LAB/install/turtlebot3_fake_node/lib'
[1.657s] Level 1:colcon.colcon_core.environment:checking '/home/l0dz/SESASR-LAB/install/turtlebot3_fake_node/bin'
[1.657s] Level 1:colcon.colcon_core.environment:checking '/home/l0dz/SESASR-LAB/install/turtlebot3_fake_node/lib/pkgconfig/turtlebot3_fake_node.pc'
[1.658s] Level 1:colcon.colcon_core.environment:checking '/home/l0dz/SESASR-LAB/install/turtlebot3_fake_node/lib/python3.10/site-packages'
[1.658s] Level 1:colcon.colcon_core.environment:checking '/home/l0dz/SESASR-LAB/install/turtlebot3_fake_node/bin'
[1.659s] INFO:colcon.colcon_core.shell:Creating package script '/home/l0dz/SESASR-LAB/install/turtlebot3_fake_node/share/turtlebot3_fake_node/package.ps1'
[1.661s] INFO:colcon.colcon_core.shell:Creating package descriptor '/home/l0dz/SESASR-LAB/install/turtlebot3_fake_node/share/turtlebot3_fake_node/package.dsv'
[1.662s] INFO:colcon.colcon_core.shell:Creating package script '/home/l0dz/SESASR-LAB/install/turtlebot3_fake_node/share/turtlebot3_fake_node/package.sh'
[1.664s] INFO:colcon.colcon_core.shell:Creating package script '/home/l0dz/SESASR-LAB/install/turtlebot3_fake_node/share/turtlebot3_fake_node/package.bash'
[1.665s] INFO:colcon.colcon_core.shell:Creating package script '/home/l0dz/SESASR-LAB/install/turtlebot3_fake_node/share/turtlebot3_fake_node/package.zsh'
[1.667s] Level 1:colcon.colcon_core.environment:create_file_with_runtime_dependencies(/home/l0dz/SESASR-LAB/install/turtlebot3_fake_node/share/colcon-core/packages/turtlebot3_fake_node)
[1.668s] INFO:colcon.colcon_ros.task.ament_cmake.build:Building ROS package in '/home/l0dz/SESASR-LAB/src/turtlebot3_simulations/turtlebot3_simulations' with build type 'ament_cmake'
[1.669s] INFO:colcon.colcon_cmake.task.cmake.build:Building CMake package in '/home/l0dz/SESASR-LAB/src/turtlebot3_simulations/turtlebot3_simulations'
[1.671s] INFO:colcon.colcon_core.shell:Skip shell extension 'powershell' for command environment: Not usable outside of PowerShell
[1.671s] DEBUG:colcon.colcon_core.shell:Skip shell extension 'dsv' for command environment
[1.727s] DEBUG:colcon.colcon_core.event_handler.log_command:Invoked command in '/home/l0dz/SESASR-LAB/build/turtlebot3_gazebo' returned '0': CMAKE_PREFIX_PATH=${CMAKE_PREFIX_PATH}:/home/l0dz/SESASR-LAB/install/lab02_pkg:/home/l0dz/SESASR-LAB/install/lab01_pkg:/opt/ros/humble /usr/bin/cmake --build /home/l0dz/SESASR-LAB/build/turtlebot3_gazebo -- -j16 -l16
[1.733s] DEBUG:colcon.colcon_core.event_handler.log_command:Invoking command in '/home/l0dz/SESASR-LAB/build/turtlebot3_gazebo': CMAKE_PREFIX_PATH=${CMAKE_PREFIX_PATH}:/home/l0dz/SESASR-LAB/install/lab02_pkg:/home/l0dz/SESASR-LAB/install/lab01_pkg:/opt/ros/humble /usr/bin/cmake --install /home/l0dz/SESASR-LAB/build/turtlebot3_gazebo
[1.805s] Level 1:colcon.colcon_core.environment:create_environment_scripts_only(turtlebot3_gazebo)
[1.806s] Level 1:colcon.colcon_core.environment:checking '/home/l0dz/SESASR-LAB/install/turtlebot3_gazebo' for CMake module files
[1.807s] DEBUG:colcon.colcon_core.event_handler.log_command:Invoked command in '/home/l0dz/SESASR-LAB/build/turtlebot3_gazebo' returned '0': CMAKE_PREFIX_PATH=${CMAKE_PREFIX_PATH}:/home/l0dz/SESASR-LAB/install/lab02_pkg:/home/l0dz/SESASR-LAB/install/lab01_pkg:/opt/ros/humble /usr/bin/cmake --install /home/l0dz/SESASR-LAB/build/turtlebot3_gazebo
[1.808s] Level 1:colcon.colcon_core.environment:checking '/home/l0dz/SESASR-LAB/install/turtlebot3_gazebo' for CMake config files
[1.810s] Level 1:colcon.colcon_core.shell:create_environment_hook('turtlebot3_gazebo', 'cmake_prefix_path')
[1.811s] INFO:colcon.colcon_core.shell:Creating environment hook '/home/l0dz/SESASR-LAB/install/turtlebot3_gazebo/share/turtlebot3_gazebo/hook/cmake_prefix_path.ps1'
[1.812s] INFO:colcon.colcon_core.shell:Creating environment descriptor '/home/l0dz/SESASR-LAB/install/turtlebot3_gazebo/share/turtlebot3_gazebo/hook/cmake_prefix_path.dsv'
[1.813s] INFO:colcon.colcon_core.shell:Creating environment hook '/home/l0dz/SESASR-LAB/install/turtlebot3_gazebo/share/turtlebot3_gazebo/hook/cmake_prefix_path.sh'
[1.816s] Level 1:colcon.colcon_core.environment:checking '/home/l0dz/SESASR-LAB/install/turtlebot3_gazebo/lib'
[1.816s] Level 1:colcon.colcon_core.environment:checking '/home/l0dz/SESASR-LAB/install/turtlebot3_gazebo/bin'
[1.817s] Level 1:colcon.colcon_core.environment:checking '/home/l0dz/SESASR-LAB/install/turtlebot3_gazebo/lib/pkgconfig/turtlebot3_gazebo.pc'
[1.817s] Level 1:colcon.colcon_core.environment:checking '/home/l0dz/SESASR-LAB/install/turtlebot3_gazebo/lib/python3.10/site-packages'
[1.818s] Level 1:colcon.colcon_core.environment:checking '/home/l0dz/SESASR-LAB/install/turtlebot3_gazebo/bin'
[1.819s] INFO:colcon.colcon_core.shell:Creating package script '/home/l0dz/SESASR-LAB/install/turtlebot3_gazebo/share/turtlebot3_gazebo/package.ps1'
[1.821s] INFO:colcon.colcon_core.shell:Creating package descriptor '/home/l0dz/SESASR-LAB/install/turtlebot3_gazebo/share/turtlebot3_gazebo/package.dsv'
[1.822s] INFO:colcon.colcon_core.shell:Creating package script '/home/l0dz/SESASR-LAB/install/turtlebot3_gazebo/share/turtlebot3_gazebo/package.sh'
[1.824s] INFO:colcon.colcon_core.shell:Creating package script '/home/l0dz/SESASR-LAB/install/turtlebot3_gazebo/share/turtlebot3_gazebo/package.bash'
[1.825s] INFO:colcon.colcon_core.shell:Creating package script '/home/l0dz/SESASR-LAB/install/turtlebot3_gazebo/share/turtlebot3_gazebo/package.zsh'
[1.826s] Level 1:colcon.colcon_core.environment:create_file_with_runtime_dependencies(/home/l0dz/SESASR-LAB/install/turtlebot3_gazebo/share/colcon-core/packages/turtlebot3_gazebo)
[1.827s] Level 1:colcon.colcon_core.environment:create_environment_scripts_only(turtlebot3_gazebo)
[1.828s] Level 1:colcon.colcon_core.environment:checking '/home/l0dz/SESASR-LAB/install/turtlebot3_gazebo' for CMake module files
[1.829s] Level 1:colcon.colcon_core.environment:checking '/home/l0dz/SESASR-LAB/install/turtlebot3_gazebo' for CMake config files
[1.832s] Level 1:colcon.colcon_core.shell:create_environment_hook('turtlebot3_gazebo', 'cmake_prefix_path')
[1.833s] INFO:colcon.colcon_core.shell:Creating environment hook '/home/l0dz/SESASR-LAB/install/turtlebot3_gazebo/share/turtlebot3_gazebo/hook/cmake_prefix_path.ps1'
[1.834s] INFO:colcon.colcon_core.shell:Creating environment descriptor '/home/l0dz/SESASR-LAB/install/turtlebot3_gazebo/share/turtlebot3_gazebo/hook/cmake_prefix_path.dsv'
[1.835s] INFO:colcon.colcon_core.shell:Creating environment hook '/home/l0dz/SESASR-LAB/install/turtlebot3_gazebo/share/turtlebot3_gazebo/hook/cmake_prefix_path.sh'
[1.837s] Level 1:colcon.colcon_core.environment:checking '/home/l0dz/SESASR-LAB/install/turtlebot3_gazebo/lib'
[1.838s] Level 1:colcon.colcon_core.environment:checking '/home/l0dz/SESASR-LAB/install/turtlebot3_gazebo/bin'
[1.838s] Level 1:colcon.colcon_core.environment:checking '/home/l0dz/SESASR-LAB/install/turtlebot3_gazebo/lib/pkgconfig/turtlebot3_gazebo.pc'
[1.838s] Level 1:colcon.colcon_core.environment:checking '/home/l0dz/SESASR-LAB/install/turtlebot3_gazebo/lib/python3.10/site-packages'
[1.839s] Level 1:colcon.colcon_core.environment:checking '/home/l0dz/SESASR-LAB/install/turtlebot3_gazebo/bin'
[1.839s] INFO:colcon.colcon_core.shell:Creating package script '/home/l0dz/SESASR-LAB/install/turtlebot3_gazebo/share/turtlebot3_gazebo/package.ps1'
[1.841s] INFO:colcon.colcon_core.shell:Creating package descriptor '/home/l0dz/SESASR-LAB/install/turtlebot3_gazebo/share/turtlebot3_gazebo/package.dsv'
[1.842s] INFO:colcon.colcon_core.shell:Creating package script '/home/l0dz/SESASR-LAB/install/turtlebot3_gazebo/share/turtlebot3_gazebo/package.sh'
[1.843s] INFO:colcon.colcon_core.shell:Creating package script '/home/l0dz/SESASR-LAB/install/turtlebot3_gazebo/share/turtlebot3_gazebo/package.bash'
[1.844s] INFO:colcon.colcon_core.shell:Creating package script '/home/l0dz/SESASR-LAB/install/turtlebot3_gazebo/share/turtlebot3_gazebo/package.zsh'
[1.846s] Level 1:colcon.colcon_core.environment:create_file_with_runtime_dependencies(/home/l0dz/SESASR-LAB/install/turtlebot3_gazebo/share/colcon-core/packages/turtlebot3_gazebo)
[1.881s] DEBUG:colcon.colcon_core.event_handler.log_command:Invoking command in '/home/l0dz/SESASR-LAB/build/turtlebot3_simulations': CMAKE_PREFIX_PATH=/home/l0dz/SESASR-LAB/install/turtlebot3_fake_node:/home/l0dz/SESASR-LAB/install/turtlebot3_simulations:/home/l0dz/SESASR-LAB/install/turtlebot3_gazebo:/home/l0dz/SESASR-LAB/install/lab02_pkg:/home/l0dz/SESASR-LAB/install/lab01_pkg:/opt/ros/humble /usr/bin/cmake --build /home/l0dz/SESASR-LAB/build/turtlebot3_simulations -- -j16 -l16
[1.955s] DEBUG:colcon.colcon_core.event_handler.log_command:Invoked command in '/home/l0dz/SESASR-LAB/build/turtlebot3_simulations' returned '0': CMAKE_PREFIX_PATH=/home/l0dz/SESASR-LAB/install/turtlebot3_fake_node:/home/l0dz/SESASR-LAB/install/turtlebot3_simulations:/home/l0dz/SESASR-LAB/install/turtlebot3_gazebo:/home/l0dz/SESASR-LAB/install/lab02_pkg:/home/l0dz/SESASR-LAB/install/lab01_pkg:/opt/ros/humble /usr/bin/cmake --build /home/l0dz/SESASR-LAB/build/turtlebot3_simulations -- -j16 -l16
[1.959s] DEBUG:colcon.colcon_core.event_handler.log_command:Invoking command in '/home/l0dz/SESASR-LAB/build/turtlebot3_simulations': CMAKE_PREFIX_PATH=/home/l0dz/SESASR-LAB/install/turtlebot3_fake_node:/home/l0dz/SESASR-LAB/install/turtlebot3_simulations:/home/l0dz/SESASR-LAB/install/turtlebot3_gazebo:/home/l0dz/SESASR-LAB/install/lab02_pkg:/home/l0dz/SESASR-LAB/install/lab01_pkg:/opt/ros/humble /usr/bin/cmake --install /home/l0dz/SESASR-LAB/build/turtlebot3_simulations
[2.000s] Level 1:colcon.colcon_core.environment:create_environment_scripts_only(turtlebot3_simulations)
[2.001s] Level 1:colcon.colcon_core.environment:checking '/home/l0dz/SESASR-LAB/install/turtlebot3_simulations' for CMake module files
[2.002s] DEBUG:colcon.colcon_core.event_handler.log_command:Invoked command in '/home/l0dz/SESASR-LAB/build/turtlebot3_simulations' returned '0': CMAKE_PREFIX_PATH=/home/l0dz/SESASR-LAB/install/turtlebot3_fake_node:/home/l0dz/SESASR-LAB/install/turtlebot3_simulations:/home/l0dz/SESASR-LAB/install/turtlebot3_gazebo:/home/l0dz/SESASR-LAB/install/lab02_pkg:/home/l0dz/SESASR-LAB/install/lab01_pkg:/opt/ros/humble /usr/bin/cmake --install /home/l0dz/SESASR-LAB/build/turtlebot3_simulations
[2.003s] Level 1:colcon.colcon_core.environment:checking '/home/l0dz/SESASR-LAB/install/turtlebot3_simulations' for CMake config files
[2.003s] Level 1:colcon.colcon_core.shell:create_environment_hook('turtlebot3_simulations', 'cmake_prefix_path')
[2.003s] INFO:colcon.colcon_core.shell:Creating environment hook '/home/l0dz/SESASR-LAB/install/turtlebot3_simulations/share/turtlebot3_simulations/hook/cmake_prefix_path.ps1'
[2.005s] INFO:colcon.colcon_core.shell:Creating environment descriptor '/home/l0dz/SESASR-LAB/install/turtlebot3_simulations/share/turtlebot3_simulations/hook/cmake_prefix_path.dsv'
[2.005s] INFO:colcon.colcon_core.shell:Creating environment hook '/home/l0dz/SESASR-LAB/install/turtlebot3_simulations/share/turtlebot3_simulations/hook/cmake_prefix_path.sh'
[2.007s] Level 1:colcon.colcon_core.environment:checking '/home/l0dz/SESASR-LAB/install/turtlebot3_simulations/bin'
[2.007s] Level 1:colcon.colcon_core.environment:checking '/home/l0dz/SESASR-LAB/install/turtlebot3_simulations/lib/pkgconfig/turtlebot3_simulations.pc'
[2.007s] Level 1:colcon.colcon_core.environment:checking '/home/l0dz/SESASR-LAB/install/turtlebot3_simulations/lib/python3.10/site-packages'
[2.008s] Level 1:colcon.colcon_core.environment:checking '/home/l0dz/SESASR-LAB/install/turtlebot3_simulations/bin'
[2.008s] INFO:colcon.colcon_core.shell:Creating package script '/home/l0dz/SESASR-LAB/install/turtlebot3_simulations/share/turtlebot3_simulations/package.ps1'
[2.009s] INFO:colcon.colcon_core.shell:Creating package descriptor '/home/l0dz/SESASR-LAB/install/turtlebot3_simulations/share/turtlebot3_simulations/package.dsv'
[2.010s] INFO:colcon.colcon_core.shell:Creating package script '/home/l0dz/SESASR-LAB/install/turtlebot3_simulations/share/turtlebot3_simulations/package.sh'
[2.011s] INFO:colcon.colcon_core.shell:Creating package script '/home/l0dz/SESASR-LAB/install/turtlebot3_simulations/share/turtlebot3_simulations/package.bash'
[2.012s] INFO:colcon.colcon_core.shell:Creating package script '/home/l0dz/SESASR-LAB/install/turtlebot3_simulations/share/turtlebot3_simulations/package.zsh'
[2.013s] Level 1:colcon.colcon_core.environment:create_file_with_runtime_dependencies(/home/l0dz/SESASR-LAB/install/turtlebot3_simulations/share/colcon-core/packages/turtlebot3_simulations)
[2.014s] Level 1:colcon.colcon_core.environment:create_environment_scripts_only(turtlebot3_simulations)
[2.015s] Level 1:colcon.colcon_core.environment:checking '/home/l0dz/SESASR-LAB/install/turtlebot3_simulations' for CMake module files
[2.016s] Level 1:colcon.colcon_core.environment:checking '/home/l0dz/SESASR-LAB/install/turtlebot3_simulations' for CMake config files
[2.017s] Level 1:colcon.colcon_core.shell:create_environment_hook('turtlebot3_simulations', 'cmake_prefix_path')
[2.017s] INFO:colcon.colcon_core.shell:Creating environment hook '/home/l0dz/SESASR-LAB/install/turtlebot3_simulations/share/turtlebot3_simulations/hook/cmake_prefix_path.ps1'
[2.019s] INFO:colcon.colcon_core.shell:Creating environment descriptor '/home/l0dz/SESASR-LAB/install/turtlebot3_simulations/share/turtlebot3_simulations/hook/cmake_prefix_path.dsv'
[2.021s] INFO:colcon.colcon_core.shell:Creating environment hook '/home/l0dz/SESASR-LAB/install/turtlebot3_simulations/share/turtlebot3_simulations/hook/cmake_prefix_path.sh'
[2.023s] Level 1:colcon.colcon_core.environment:checking '/home/l0dz/SESASR-LAB/install/turtlebot3_simulations/bin'
[2.024s] Level 1:colcon.colcon_core.environment:checking '/home/l0dz/SESASR-LAB/install/turtlebot3_simulations/lib/pkgconfig/turtlebot3_simulations.pc'
[2.024s] Level 1:colcon.colcon_core.environment:checking '/home/l0dz/SESASR-LAB/install/turtlebot3_simulations/lib/python3.10/site-packages'
[2.025s] Level 1:colcon.colcon_core.environment:checking '/home/l0dz/SESASR-LAB/install/turtlebot3_simulations/bin'
[2.026s] INFO:colcon.colcon_core.shell:Creating package script '/home/l0dz/SESASR-LAB/install/turtlebot3_simulations/share/turtlebot3_simulations/package.ps1'
[2.027s] INFO:colcon.colcon_core.shell:Creating package descriptor '/home/l0dz/SESASR-LAB/install/turtlebot3_simulations/share/turtlebot3_simulations/package.dsv'
[2.028s] INFO:colcon.colcon_core.shell:Creating package script '/home/l0dz/SESASR-LAB/install/turtlebot3_simulations/share/turtlebot3_simulations/package.sh'
[2.029s] INFO:colcon.colcon_core.shell:Creating package script '/home/l0dz/SESASR-LAB/install/turtlebot3_simulations/share/turtlebot3_simulations/package.bash'
[2.030s] INFO:colcon.colcon_core.shell:Creating package script '/home/l0dz/SESASR-LAB/install/turtlebot3_simulations/share/turtlebot3_simulations/package.zsh'
[2.031s] Level 1:colcon.colcon_core.environment:create_file_with_runtime_dependencies(/home/l0dz/SESASR-LAB/install/turtlebot3_simulations/share/colcon-core/packages/turtlebot3_simulations)
[2.206s] DEBUG:colcon.colcon_core.event_handler.log_command:Invoking command in '/home/l0dz/SESASR-LAB/build/lab01_pkg': PYTHONPATH=/home/l0dz/SESASR-LAB/build/lab01_pkg/prefix_override:/usr/lib/python3/dist-packages/colcon_core/task/python/colcon_distutils_commands:/home/l0dz/SESASR-LAB/install/lab01_pkg/lib/python3.10/site-packages:${PYTHONPATH} /usr/bin/python3 -W ignore:setup.py install is deprecated -W ignore:easy_install command is deprecated setup.py develop --editable --build-directory /home/l0dz/SESASR-LAB/build/lab01_pkg/build --no-deps symlink_data
[2.209s] DEBUG:colcon.colcon_core.event_handler.log_command:Invoking command in '/home/l0dz/SESASR-LAB/build/lab02_pkg': PYTHONPATH=/home/l0dz/SESASR-LAB/build/lab02_pkg/prefix_override:/usr/lib/python3/dist-packages/colcon_core/task/python/colcon_distutils_commands:/home/l0dz/SESASR-LAB/install/lab02_pkg/lib/python3.10/site-packages:${PYTHONPATH} /usr/bin/python3 -W ignore:setup.py install is deprecated -W ignore:easy_install command is deprecated setup.py develop --editable --build-directory /home/l0dz/SESASR-LAB/build/lab02_pkg/build --no-deps symlink_data
[2.783s] Level 1:colcon.colcon_core.shell:create_environment_hook('lab02_pkg', 'pythonpath_develop')
[2.783s] INFO:colcon.colcon_core.shell:Creating environment hook '/home/l0dz/SESASR-LAB/build/lab02_pkg/share/lab02_pkg/hook/pythonpath_develop.ps1'
[2.785s] DEBUG:colcon.colcon_core.event_handler.log_command:Invoked command in '/home/l0dz/SESASR-LAB/build/lab02_pkg' returned '0': PYTHONPATH=/home/l0dz/SESASR-LAB/build/lab02_pkg/prefix_override:/usr/lib/python3/dist-packages/colcon_core/task/python/colcon_distutils_commands:/home/l0dz/SESASR-LAB/install/lab02_pkg/lib/python3.10/site-packages:${PYTHONPATH} /usr/bin/python3 -W ignore:setup.py install is deprecated -W ignore:easy_install command is deprecated setup.py develop --editable --build-directory /home/l0dz/SESASR-LAB/build/lab02_pkg/build --no-deps symlink_data
[2.786s] INFO:colcon.colcon_core.shell:Creating environment descriptor '/home/l0dz/SESASR-LAB/build/lab02_pkg/share/lab02_pkg/hook/pythonpath_develop.dsv'
[2.787s] INFO:colcon.colcon_core.shell:Creating environment hook '/home/l0dz/SESASR-LAB/build/lab02_pkg/share/lab02_pkg/hook/pythonpath_develop.sh'
[2.789s] Level 1:colcon.colcon_core.environment:checking '/home/l0dz/SESASR-LAB/install/lab02_pkg' for CMake module files
[2.790s] Level 1:colcon.colcon_core.environment:checking '/home/l0dz/SESASR-LAB/install/lab02_pkg' for CMake config files
[2.792s] Level 1:colcon.colcon_core.environment:checking '/home/l0dz/SESASR-LAB/install/lab02_pkg/lib'
[2.792s] Level 1:colcon.colcon_core.environment:checking '/home/l0dz/SESASR-LAB/install/lab02_pkg/bin'
[2.792s] Level 1:colcon.colcon_core.environment:checking '/home/l0dz/SESASR-LAB/install/lab02_pkg/lib/pkgconfig/lab02_pkg.pc'
[2.793s] Level 1:colcon.colcon_core.environment:checking '/home/l0dz/SESASR-LAB/install/lab02_pkg/lib/python3.10/site-packages'
[2.793s] Level 1:colcon.colcon_core.shell:create_environment_hook('lab02_pkg', 'pythonpath')
[2.793s] INFO:colcon.colcon_core.shell:Creating environment hook '/home/l0dz/SESASR-LAB/install/lab02_pkg/share/lab02_pkg/hook/pythonpath.ps1'
[2.794s] INFO:colcon.colcon_core.shell:Creating environment descriptor '/home/l0dz/SESASR-LAB/install/lab02_pkg/share/lab02_pkg/hook/pythonpath.dsv'
[2.795s] INFO:colcon.colcon_core.shell:Creating environment hook '/home/l0dz/SESASR-LAB/install/lab02_pkg/share/lab02_pkg/hook/pythonpath.sh'
[2.797s] Level 1:colcon.colcon_core.environment:checking '/home/l0dz/SESASR-LAB/install/lab02_pkg/bin'
[2.798s] Level 1:colcon.colcon_core.environment:create_environment_scripts_only(lab02_pkg)
[2.798s] INFO:colcon.colcon_core.shell:Creating package script '/home/l0dz/SESASR-LAB/install/lab02_pkg/share/lab02_pkg/package.ps1'
[2.802s] INFO:colcon.colcon_core.shell:Creating package descriptor '/home/l0dz/SESASR-LAB/install/lab02_pkg/share/lab02_pkg/package.dsv'
[2.804s] INFO:colcon.colcon_core.shell:Creating package script '/home/l0dz/SESASR-LAB/install/lab02_pkg/share/lab02_pkg/package.sh'
[2.805s] INFO:colcon.colcon_core.shell:Creating package script '/home/l0dz/SESASR-LAB/install/lab02_pkg/share/lab02_pkg/package.bash'
[2.807s] INFO:colcon.colcon_core.shell:Creating package script '/home/l0dz/SESASR-LAB/install/lab02_pkg/share/lab02_pkg/package.zsh'
[2.810s] Level 1:colcon.colcon_core.environment:create_file_with_runtime_dependencies(/home/l0dz/SESASR-LAB/install/lab02_pkg/share/colcon-core/packages/lab02_pkg)
[2.875s] Level 1:colcon.colcon_core.shell:create_environment_hook('lab01_pkg', 'pythonpath_develop')
[2.876s] INFO:colcon.colcon_core.shell:Creating environment hook '/home/l0dz/SESASR-LAB/build/lab01_pkg/share/lab01_pkg/hook/pythonpath_develop.ps1'
[2.877s] DEBUG:colcon.colcon_core.event_handler.log_command:Invoked command in '/home/l0dz/SESASR-LAB/build/lab01_pkg' returned '0': PYTHONPATH=/home/l0dz/SESASR-LAB/build/lab01_pkg/prefix_override:/usr/lib/python3/dist-packages/colcon_core/task/python/colcon_distutils_commands:/home/l0dz/SESASR-LAB/install/lab01_pkg/lib/python3.10/site-packages:${PYTHONPATH} /usr/bin/python3 -W ignore:setup.py install is deprecated -W ignore:easy_install command is deprecated setup.py develop --editable --build-directory /home/l0dz/SESASR-LAB/build/lab01_pkg/build --no-deps symlink_data
[2.878s] INFO:colcon.colcon_core.shell:Creating environment descriptor '/home/l0dz/SESASR-LAB/build/lab01_pkg/share/lab01_pkg/hook/pythonpath_develop.dsv'
[2.879s] INFO:colcon.colcon_core.shell:Creating environment hook '/home/l0dz/SESASR-LAB/build/lab01_pkg/share/lab01_pkg/hook/pythonpath_develop.sh'
[2.880s] Level 1:colcon.colcon_core.environment:checking '/home/l0dz/SESASR-LAB/install/lab01_pkg' for CMake module files
[2.881s] Level 1:colcon.colcon_core.environment:checking '/home/l0dz/SESASR-LAB/install/lab01_pkg' for CMake config files
[2.881s] Level 1:colcon.colcon_core.environment:checking '/home/l0dz/SESASR-LAB/install/lab01_pkg/lib'
[2.882s] Level 1:colcon.colcon_core.environment:checking '/home/l0dz/SESASR-LAB/install/lab01_pkg/bin'
[2.882s] Level 1:colcon.colcon_core.environment:checking '/home/l0dz/SESASR-LAB/install/lab01_pkg/lib/pkgconfig/lab01_pkg.pc'
[2.882s] Level 1:colcon.colcon_core.environment:checking '/home/l0dz/SESASR-LAB/install/lab01_pkg/lib/python3.10/site-packages'
[2.883s] Level 1:colcon.colcon_core.shell:create_environment_hook('lab01_pkg', 'pythonpath')
[2.883s] INFO:colcon.colcon_core.shell:Creating environment hook '/home/l0dz/SESASR-LAB/install/lab01_pkg/share/lab01_pkg/hook/pythonpath.ps1'
[2.884s] INFO:colcon.colcon_core.shell:Creating environment descriptor '/home/l0dz/SESASR-LAB/install/lab01_pkg/share/lab01_pkg/hook/pythonpath.dsv'
[2.884s] INFO:colcon.colcon_core.shell:Creating environment hook '/home/l0dz/SESASR-LAB/install/lab01_pkg/share/lab01_pkg/hook/pythonpath.sh'
[2.885s] Level 1:colcon.colcon_core.environment:checking '/home/l0dz/SESASR-LAB/install/lab01_pkg/bin'
[2.886s] Level 1:colcon.colcon_core.environment:create_environment_scripts_only(lab01_pkg)
[2.886s] INFO:colcon.colcon_core.shell:Creating package script '/home/l0dz/SESASR-LAB/install/lab01_pkg/share/lab01_pkg/package.ps1'
[2.887s] INFO:colcon.colcon_core.shell:Creating package descriptor '/home/l0dz/SESASR-LAB/install/lab01_pkg/share/lab01_pkg/package.dsv'
[2.888s] INFO:colcon.colcon_core.shell:Creating package script '/home/l0dz/SESASR-LAB/install/lab01_pkg/share/lab01_pkg/package.sh'
[2.888s] INFO:colcon.colcon_core.shell:Creating package script '/home/l0dz/SESASR-LAB/install/lab01_pkg/share/lab01_pkg/package.bash'
[2.889s] INFO:colcon.colcon_core.shell:Creating package script '/home/l0dz/SESASR-LAB/install/lab01_pkg/share/lab01_pkg/package.zsh'
[2.890s] Level 1:colcon.colcon_core.environment:create_file_with_runtime_dependencies(/home/l0dz/SESASR-LAB/install/lab01_pkg/share/colcon-core/packages/lab01_pkg)
[2.890s] DEBUG:colcon.colcon_parallel_executor.executor.parallel:closing loop
[2.891s] DEBUG:colcon.colcon_parallel_executor.executor.parallel:loop closed
[2.892s] DEBUG:colcon.colcon_parallel_executor.executor.parallel:run_until_complete finished with '0'
[2.892s] DEBUG:colcon.colcon_core.event_reactor:joining thread
[3.028s] INFO:colcon.colcon_core.plugin_system:Skipping extension 'colcon_notification.desktop_notification.notify_send': Could not find 'notify-send'
[3.028s] INFO:colcon.colcon_core.plugin_system:Skipping extension 'colcon_notification.desktop_notification.terminal_notifier': Not used on non-Darwin systems
[3.028s] INFO:colcon.colcon_core.plugin_system:Skipping extension 'colcon_notification.desktop_notification.win32': Not used on non-Windows systems
[3.028s] INFO:colcon.colcon_notification.desktop_notification:Sending desktop notification using 'notify2'
[3.028s] DEBUG:colcon.colcon_notification.desktop_notification.notify2:Failed to initialize notify2: org.freedesktop.DBus.Error.FileNotFound: Failed to connect to socket /run/user/1000/bus: No such file or directory
[3.028s] DEBUG:colcon.colcon_core.event_reactor:joined thread
[3.029s] INFO:colcon.colcon_core.shell:Creating prefix script '/home/l0dz/SESASR-LAB/install/local_setup.ps1'
[3.031s] INFO:colcon.colcon_core.shell:Creating prefix util module '/home/l0dz/SESASR-LAB/install/_local_setup_util_ps1.py'
[3.033s] INFO:colcon.colcon_core.shell:Creating prefix chain script '/home/l0dz/SESASR-LAB/install/setup.ps1'
[3.034s] INFO:colcon.colcon_core.shell:Creating prefix script '/home/l0dz/SESASR-LAB/install/local_setup.sh'
[3.035s] INFO:colcon.colcon_core.shell:Creating prefix util module '/home/l0dz/SESASR-LAB/install/_local_setup_util_sh.py'
[3.036s] INFO:colcon.colcon_core.shell:Creating prefix chain script '/home/l0dz/SESASR-LAB/install/setup.sh'
[3.038s] INFO:colcon.colcon_core.shell:Creating prefix script '/home/l0dz/SESASR-LAB/install/local_setup.bash'
[3.039s] INFO:colcon.colcon_core.shell:Creating prefix chain script '/home/l0dz/SESASR-LAB/install/setup.bash'
[3.041s] INFO:colcon.colcon_core.shell:Creating prefix script '/home/l0dz/SESASR-LAB/install/local_setup.zsh'
[3.042s] INFO:colcon.colcon_core.shell:Creating prefix chain script '/home/l0dz/SESASR-LAB/install/setup.zsh'
