[2.207s] Invoking command in '/root/SESASR-LAB/build/lab01_pkg': PYTHONPATH=/root/SESASR-LAB/build/lab01_pkg/prefix_override:/usr/lib/python3/dist-packages/colcon_core/task/python/colcon_distutils_commands:/root/SESASR-LAB/install/lab01_pkg/lib/python3.10/site-packages:${PYTHONPATH} /usr/bin/python3 -W ignore:setup.py install is deprecated -W ignore:easy_install command is deprecated setup.py develop --editable --build-directory /root/SESASR-LAB/build/lab01_pkg/build --no-deps symlink_data
[2.564s] running develop
[2.816s] running egg_info
[2.816s] writing lab01_pkg.egg-info/PKG-INFO
[2.816s] writing dependency_links to lab01_pkg.egg-info/dependency_links.txt
[2.817s] writing entry points to lab01_pkg.egg-info/entry_points.txt
[2.817s] writing requirements to lab01_pkg.egg-info/requires.txt
[2.817s] writing top-level names to lab01_pkg.egg-info/top_level.txt
[2.819s] reading manifest file 'lab01_pkg.egg-info/SOURCES.txt'
[2.821s] writing manifest file 'lab01_pkg.egg-info/SOURCES.txt'
[2.824s] running build_ext
[2.824s] Creating /root/SESASR-LAB/install/lab01_pkg/lib/python3.10/site-packages/lab01-pkg.egg-link (link to .)
[2.825s] Installing controller script to /root/SESASR-LAB/install/lab01_pkg/lib/lab01_pkg
[2.827s] Installing controller_reset script to /root/SESASR-LAB/install/lab01_pkg/lib/lab01_pkg
[2.827s] Installing localization script to /root/SESASR-LAB/install/lab01_pkg/lib/lab01_pkg
[2.827s] Installing localization_reset script to /root/SESASR-LAB/install/lab01_pkg/lib/lab01_pkg
[2.828s] Installing reset_node script to /root/SESASR-LAB/install/lab01_pkg/lib/lab01_pkg
[2.828s] 
[2.829s] Installed /root/SESASR-LAB/build/lab01_pkg
[2.830s] running symlink_data
[2.831s] symbolically linking /root/SESASR-LAB/build/lab01_pkg/launch/launchR.py -> /root/SESASR-LAB/install/lab01_pkg/share/lab01_pkg
[2.831s] symbolically linking /root/SESASR-LAB/build/lab01_pkg/launch/launch.py -> /root/SESASR-LAB/install/lab01_pkg/share/lab01_pkg
[2.890s] Invoked command in '/root/SESASR-LAB/build/lab01_pkg' returned '0': PYTHONPATH=/root/SESASR-LAB/build/lab01_pkg/prefix_override:/usr/lib/python3/dist-packages/colcon_core/task/python/colcon_distutils_commands:/root/SESASR-LAB/install/lab01_pkg/lib/python3.10/site-packages:${PYTHONPATH} /usr/bin/python3 -W ignore:setup.py install is deprecated -W ignore:easy_install command is deprecated setup.py develop --editable --build-directory /root/SESASR-LAB/build/lab01_pkg/build --no-deps symlink_data
