[0.562s] Invoking command in '/home/l0dz/SESASR-LAB/build/turtlebot3_gazebo': CMAKE_PREFIX_PATH=/opt/ros/humble /usr/bin/cmake /home/l0dz/SESASR-LAB/src/turtlebot3_simulations/turtlebot3_gazebo -DAMENT_CMAKE_SYMLINK_INSTALL=1 -DCMAKE_INSTALL_PREFIX=/home/l0dz/SESASR-LAB/install/turtlebot3_gazebo
[0.585s] -- Found ament_cmake: 1.3.12 (/opt/ros/humble/share/ament_cmake/cmake)
[0.857s] -- Override CMake install command with custom implementation using symlinks instead of copying resources
[0.885s] [33mCMake Warning (dev) at /usr/share/cmake-3.22/Modules/FindPackageHandleStandardArgs.cmake:438 (message):
[0.885s]   The package name passed to `find_package_handle_standard_args` (PkgConfig)
[0.885s]   does not match the name of the calling package (gazebo).  This can lead to
[0.886s]   problems in calling code that expects `find_package` result variables
[0.886s]   (e.g., `_FOUND`) to follow a certain pattern.
[0.886s] Call Stack (most recent call first):
[0.886s]   /usr/share/cmake-3.22/Modules/FindPkgConfig.cmake:99 (find_package_handle_standard_args)
[0.886s]   /usr/lib/x86_64-linux-gnu/cmake/gazebo/gazebo-config.cmake:72 (include)
[0.887s]   CMakeLists.txt:23 (find_package)
[0.887s] This warning is for project developers.  Use -Wno-dev to suppress it.
[0.887s] [0m
[0.940s] -- Found DART: /usr/include (Required is at least version "6.6") found components: dart 
[1.002s] -- Found Protobuf: /usr/lib/x86_64-linux-gnu/libprotobuf.so (found version "3.12.4") 
[1.006s] -- Looking for ignition-math6 -- found version 6.15.1
[1.014s] -- Searching for dependencies of ignition-math6
[1.018s] -- Looking for OGRE...
[1.030s] -- Found Ogre Ghadamon (1.9.0)
[1.031s] -- Found OGRE: optimized;/usr/lib/x86_64-linux-gnu/libOgreMain.so;debug;/usr/lib/x86_64-linux-gnu/libOgreMain.so
[1.049s] -- Looking for OGRE_Paging...
[1.049s] -- Found OGRE_Paging: optimized;/usr/lib/x86_64-linux-gnu/libOgrePaging.so;debug;/usr/lib/x86_64-linux-gnu/libOgrePaging.so
[1.050s] -- Looking for OGRE_Terrain...
[1.050s] -- Found OGRE_Terrain: optimized;/usr/lib/x86_64-linux-gnu/libOgreTerrain.so;debug;/usr/lib/x86_64-linux-gnu/libOgreTerrain.so
[1.051s] -- Looking for OGRE_Property...
[1.052s] -- Found OGRE_Property: optimized;/usr/lib/x86_64-linux-gnu/libOgreProperty.so;debug;/usr/lib/x86_64-linux-gnu/libOgreProperty.so
[1.052s] -- Looking for OGRE_RTShaderSystem...
[1.052s] -- Found OGRE_RTShaderSystem: optimized;/usr/lib/x86_64-linux-gnu/libOgreRTShaderSystem.so;debug;/usr/lib/x86_64-linux-gnu/libOgreRTShaderSystem.so
[1.052s] -- Looking for OGRE_Volume...
[1.052s] -- Found OGRE_Volume: optimized;/usr/lib/x86_64-linux-gnu/libOgreVolume.so;debug;/usr/lib/x86_64-linux-gnu/libOgreVolume.so
[1.052s] -- Looking for OGRE_Overlay...
[1.053s] -- Found OGRE_Overlay: optimized;/usr/lib/x86_64-linux-gnu/libOgreOverlay.so;debug;/usr/lib/x86_64-linux-gnu/libOgreOverlay.so
[88.533s] -- Looking for ignition-math6 -- found version 6.15.1
[88.534s] -- Looking for ignition-transport8 -- found version 8.2.1
[88.535s] -- Searching for dependencies of ignition-transport8
[94.008s] -- Found Protobuf: /usr/lib/x86_64-linux-gnu/libprotobuf.so (found suitable version "3.12.4", minimum required is "3") 
[99.916s] -- Config-file not installed for ZeroMQ -- checking for pkg-config
[99.926s] -- Checking for module 'libzmq >= 4'
[99.958s] --   Found libzmq , version 4.3.4
[100.060s] -- Checking for module 'uuid'
[100.098s] --   Found uuid, version 2.37.2
[100.187s] -- Looking for ignition-msgs5 -- found version 5.8.1
[100.188s] -- Searching for dependencies of ignition-msgs5
[105.948s] -- Looking for ignition-math6 -- found version 6.15.1
[105.958s] -- Checking for module 'tinyxml2'
[105.990s] --   Found tinyxml2, version 9.0.0
[106.079s] -- Looking for ignition-msgs5 -- found version 5.8.1
[106.079s] -- Looking for ignition-common3 -- found version 3.14.0
[106.080s] -- Searching for dependencies of ignition-common3
[106.080s] -- Looking for dlfcn.h - found
[106.081s] -- Looking for libdl - found
[106.461s] -- Searching for <ignition-common3> component [graphics]
[106.462s] -- Looking for ignition-common3-graphics -- found version 3.14.0
[106.463s] -- Searching for dependencies of ignition-common3-graphics
[106.464s] -- Looking for ignition-math6 -- found version 6.15.1
[106.466s] -- Looking for ignition-fuel_tools4 -- found version 4.4.0
[106.467s] -- Searching for dependencies of ignition-fuel_tools4
[112.946s] -- Checking for module 'jsoncpp'
[112.978s] --   Found jsoncpp, version 1.9.5
[113.078s] -- Checking for module 'libzip'
[113.114s] --   Found libzip, version 1.7.3
[113.200s] -- Looking for ignition-common3 -- found version 3.14.0
[113.201s] -- Looking for ignition-math6 -- found version 6.15.1
[113.202s] -- Looking for ignition-msgs5 -- found version 5.8.1
[118.878s] [31mCMake Error at CMakeLists.txt:24 (find_package):
[118.878s]   By not providing "Findgazebo_ros_pkgs.cmake" in CMAKE_MODULE_PATH this
[118.878s]   project has asked CMake to find a package configuration file provided by
[118.879s]   "gazebo_ros_pkgs", but CMake did not find one.
[118.879s] 
[118.880s]   Could not find a package configuration file provided by "gazebo_ros_pkgs"
[118.880s]   with any of the following names:
[118.880s] 
[118.880s]     gazebo_ros_pkgsConfig.cmake
[118.880s]     gazebo_ros_pkgs-config.cmake
[118.880s] 
[118.880s]   Add the installation prefix of "gazebo_ros_pkgs" to CMAKE_PREFIX_PATH or
[118.881s]   set "gazebo_ros_pkgs_DIR" to a directory containing one of the above files.
[118.881s]   If "gazebo_ros_pkgs" provides a separate development package or SDK, be
[118.881s]   sure it has been installed.
[118.881s] 
[118.881s] [0m
[118.881s] -- Configuring incomplete, errors occurred!
[118.881s] See also "/home/l0dz/SESASR-LAB/build/turtlebot3_gazebo/CMakeFiles/CMakeOutput.log".
