[1.791s] Invoking command in '/home/l0dz/SESASR-LAB/build/lab01_pkg': PYTHONPATH=/home/l0dz/SESASR-LAB/build/lab01_pkg/prefix_override:/usr/lib/python3/dist-packages/colcon_core/task/python/colcon_distutils_commands:/home/l0dz/SESASR-LAB/install/lab01_pkg/lib/python3.10/site-packages:${PYTHONPATH} /usr/bin/python3 -W ignore:setup.py install is deprecated -W ignore:easy_install command is deprecated setup.py develop --editable --build-directory /home/l0dz/SESASR-LAB/build/lab01_pkg/build --no-deps symlink_data
[2.155s] running develop
[2.379s] running egg_info
[2.379s] writing lab01_pkg.egg-info/PKG-INFO
[2.380s] writing dependency_links to lab01_pkg.egg-info/dependency_links.txt
[2.380s] writing entry points to lab01_pkg.egg-info/entry_points.txt
[2.381s] writing requirements to lab01_pkg.egg-info/requires.txt
[2.382s] writing top-level names to lab01_pkg.egg-info/top_level.txt
[2.387s] reading manifest file 'lab01_pkg.egg-info/SOURCES.txt'
[2.390s] writing manifest file 'lab01_pkg.egg-info/SOURCES.txt'
[2.394s] running build_ext
[2.395s] Creating /home/l0dz/SESASR-LAB/install/lab01_pkg/lib/python3.10/site-packages/lab01-pkg.egg-link (link to .)
[2.396s] Installing controller script to /home/l0dz/SESASR-LAB/install/lab01_pkg/lib/lab01_pkg
[2.397s] Installing controller_reset script to /home/l0dz/SESASR-LAB/install/lab01_pkg/lib/lab01_pkg
[2.398s] Installing localization script to /home/l0dz/SESASR-LAB/install/lab01_pkg/lib/lab01_pkg
[2.398s] Installing localization_reset script to /home/l0dz/SESASR-LAB/install/lab01_pkg/lib/lab01_pkg
[2.398s] Installing reset_node script to /home/l0dz/SESASR-LAB/install/lab01_pkg/lib/lab01_pkg
[2.398s] 
[2.398s] Installed /home/l0dz/SESASR-LAB/build/lab01_pkg
[2.398s] running symlink_data
[2.508s] Invoked command in '/home/l0dz/SESASR-LAB/build/lab01_pkg' returned '0': PYTHONPATH=/home/l0dz/SESASR-LAB/build/lab01_pkg/prefix_override:/usr/lib/python3/dist-packages/colcon_core/task/python/colcon_distutils_commands:/home/l0dz/SESASR-LAB/install/lab01_pkg/lib/python3.10/site-packages:${PYTHONPATH} /usr/bin/python3 -W ignore:setup.py install is deprecated -W ignore:easy_install command is deprecated setup.py develop --editable --build-directory /home/l0dz/SESASR-LAB/build/lab01_pkg/build --no-deps symlink_data
