[0.634s] Invoking command in '/home/l0dz/SESASR-LAB/build/turtlebot3_gazebo': CMAKE_PREFIX_PATH=${CMAKE_PREFIX_PATH}:/home/l0dz/SESASR-LAB/install/lab02_pkg:/home/l0dz/SESASR-LAB/install/lab01_pkg:/opt/ros/humble /usr/bin/cmake --build /home/l0dz/SESASR-LAB/build/turtlebot3_gazebo -- -j16 -l16
[0.668s] -- Found ament_cmake: 1.3.12 (/opt/ros/humble/share/ament_cmake/cmake)
[0.830s] -- Override CMake install command with custom implementation using symlinks instead of copying resources
[0.847s] [33mCMake Warning (dev) at /usr/share/cmake-3.22/Modules/FindPackageHandleStandardArgs.cmake:438 (message):
[0.848s]   The package name passed to `find_package_handle_standard_args` (PkgConfig)
[0.848s]   does not match the name of the calling package (gazebo).  This can lead to
[0.848s]   problems in calling code that expects `find_package` result variables
[0.848s]   (e.g., `_FOUND`) to follow a certain pattern.
[0.848s] Call Stack (most recent call first):
[0.848s]   /usr/share/cmake-3.22/Modules/FindPkgConfig.cmake:99 (find_package_handle_standard_args)
[0.848s]   /usr/lib/x86_64-linux-gnu/cmake/gazebo/gazebo-config.cmake:72 (include)
[0.848s]   CMakeLists.txt:23 (find_package)
[0.848s] This warning is for project developers.  Use -Wno-dev to suppress it.
[0.848s] [0m
[0.892s] -- Found DART: /usr/include (Required is at least version "6.6") found components: dart 
[0.956s] -- Found Protobuf: /usr/lib/x86_64-linux-gnu/libprotobuf.so (found version "3.12.4") 
[0.961s] -- Looking for ignition-math6 -- found version 6.15.1
[0.975s] -- Searching for dependencies of ignition-math6
[0.979s] -- Looking for OGRE...
[0.987s] -- Found Ogre Ghadamon (1.9.0)
[0.988s] -- Found OGRE: optimized;/usr/lib/x86_64-linux-gnu/libOgreMain.so;debug;/usr/lib/x86_64-linux-gnu/libOgreMain.so
[1.000s] -- Looking for OGRE_Paging...
[1.000s] -- Found OGRE_Paging: optimized;/usr/lib/x86_64-linux-gnu/libOgrePaging.so;debug;/usr/lib/x86_64-linux-gnu/libOgrePaging.so
[1.000s] -- Looking for OGRE_Terrain...
[1.001s] -- Found OGRE_Terrain: optimized;/usr/lib/x86_64-linux-gnu/libOgreTerrain.so;debug;/usr/lib/x86_64-linux-gnu/libOgreTerrain.so
[1.001s] -- Looking for OGRE_Property...
[1.001s] -- Found OGRE_Property: optimized;/usr/lib/x86_64-linux-gnu/libOgreProperty.so;debug;/usr/lib/x86_64-linux-gnu/libOgreProperty.so
[1.001s] -- Looking for OGRE_RTShaderSystem...
[1.001s] -- Found OGRE_RTShaderSystem: optimized;/usr/lib/x86_64-linux-gnu/libOgreRTShaderSystem.so;debug;/usr/lib/x86_64-linux-gnu/libOgreRTShaderSystem.so
[1.001s] -- Looking for OGRE_Volume...
[1.001s] -- Found OGRE_Volume: optimized;/usr/lib/x86_64-linux-gnu/libOgreVolume.so;debug;/usr/lib/x86_64-linux-gnu/libOgreVolume.so
[1.001s] -- Looking for OGRE_Overlay...
[1.001s] -- Found OGRE_Overlay: optimized;/usr/lib/x86_64-linux-gnu/libOgreOverlay.so;debug;/usr/lib/x86_64-linux-gnu/libOgreOverlay.so
[50.236s] -- Looking for ignition-math6 -- found version 6.15.1
[50.242s] -- Looking for ignition-transport8 -- found version 8.2.1
[50.244s] -- Searching for dependencies of ignition-transport8
[53.440s] -- Found Protobuf: /usr/lib/x86_64-linux-gnu/libprotobuf.so (found suitable version "3.12.4", minimum required is "3") 
[56.368s] -- Config-file not installed for ZeroMQ -- checking for pkg-config
[56.375s] -- Checking for module 'libzmq >= 4'
[56.405s] --   Found libzmq , version 4.3.4
[56.479s] -- Checking for module 'uuid'
[56.504s] --   Found uuid, version 2.37.2
[56.567s] -- Looking for ignition-msgs5 -- found version 5.8.1
[56.568s] -- Searching for dependencies of ignition-msgs5
[59.560s] -- Looking for ignition-math6 -- found version 6.15.1
[59.567s] -- Checking for module 'tinyxml2'
[59.591s] --   Found tinyxml2, version 9.0.0
[59.660s] -- Looking for ignition-msgs5 -- found version 5.8.1
[59.662s] -- Looking for ignition-common3 -- found version 3.14.0
[59.662s] -- Searching for dependencies of ignition-common3
[59.663s] -- Looking for dlfcn.h - found
[59.663s] -- Looking for libdl - found
[59.855s] -- Searching for <ignition-common3> component [graphics]
[59.857s] -- Looking for ignition-common3-graphics -- found version 3.14.0
[59.857s] -- Searching for dependencies of ignition-common3-graphics
[59.858s] -- Looking for ignition-math6 -- found version 6.15.1
[59.860s] -- Looking for ignition-fuel_tools4 -- found version 4.4.0
[59.861s] -- Searching for dependencies of ignition-fuel_tools4
[63.153s] -- Checking for module 'jsoncpp'
[63.179s] --   Found jsoncpp, version 1.9.5
[63.257s] -- Checking for module 'libzip'
[63.282s] --   Found libzip, version 1.7.3
[63.345s] -- Looking for ignition-common3 -- found version 3.14.0
[63.345s] -- Looking for ignition-math6 -- found version 6.15.1
[63.346s] -- Looking for ignition-msgs5 -- found version 5.8.1
[63.352s] -- Found gazebo_ros_pkgs: 3.9.0 (/opt/ros/humble/share/gazebo_ros_pkgs/cmake)
[63.352s] -- Found geometry_msgs: 4.9.0 (/opt/ros/humble/share/geometry_msgs/cmake)
[63.451s] -- Found rosidl_generator_c: 3.1.7 (/opt/ros/humble/share/rosidl_generator_c/cmake)
[63.454s] -- Found rosidl_adapter: 3.1.7 (/opt/ros/humble/share/rosidl_adapter/cmake)
[63.460s] -- Found rosidl_generator_cpp: 3.1.7 (/opt/ros/humble/share/rosidl_generator_cpp/cmake)
[63.471s] -- Using all available rosidl_typesupport_c: rosidl_typesupport_fastrtps_c;rosidl_typesupport_introspection_c
[63.484s] -- Using all available rosidl_typesupport_cpp: rosidl_typesupport_fastrtps_cpp;rosidl_typesupport_introspection_cpp
[63.520s] -- Found nav_msgs: 4.9.0 (/opt/ros/humble/share/nav_msgs/cmake)
[63.536s] -- Found rclcpp: 16.0.15 (/opt/ros/humble/share/rclcpp/cmake)
[63.563s] -- Found rmw_implementation_cmake: 6.1.2 (/opt/ros/humble/share/rmw_implementation_cmake/cmake)
[63.565s] -- Found rmw_fastrtps_cpp: 6.2.8 (/opt/ros/humble/share/rmw_fastrtps_cpp/cmake)
[75.141s] -- Using RMW implementation 'rmw_fastrtps_cpp' as default
[75.179s] -- Found sensor_msgs: 4.9.0 (/opt/ros/humble/share/sensor_msgs/cmake)
[75.197s] -- Found tf2: 0.25.16 (/opt/ros/humble/share/tf2/cmake)
[75.294s] -- Configuring done
[75.350s] -- Generating done
[75.361s] -- Build files have been written to: /home/l0dz/SESASR-LAB/build/turtlebot3_gazebo
[75.407s] [35m[1mConsolidate compiler generated dependencies of target turtlebot3_drive[0m
[75.408s] [35m[1mConsolidate compiler generated dependencies of target obstacle1[0m
[75.409s] [35m[1mConsolidate compiler generated dependencies of target obstacle2[0m
[75.410s] [35m[1mConsolidate compiler generated dependencies of target obstacles[0m
[75.438s] [ 12%] [32mBuilding CXX object CMakeFiles/turtlebot3_drive.dir/src/turtlebot3_drive.cpp.o[0m
[75.468s] [ 37%] [32mBuilding CXX object CMakeFiles/obstacle1.dir/models/turtlebot3_dqn_world/obstacle_plugin/obstacle1.cc.o[0m
[75.468s] [ 37%] [32mBuilding CXX object CMakeFiles/obstacles.dir/models/turtlebot3_dqn_world/obstacle_plugin/obstacles.cc.o[0m
[75.468s] [ 50%] [32mBuilding CXX object CMakeFiles/obstacle2.dir/models/turtlebot3_dqn_world/obstacle_plugin/obstacle2.cc.o[0m
[94.011s] [ 62%] [32m[1mLinking CXX executable turtlebot3_drive[0m
[95.297s] [ 75%] [32m[1mLinking CXX shared library libobstacle2.so[0m
[95.323s] [ 75%] Built target turtlebot3_drive
[95.670s] [ 87%] [32m[1mLinking CXX shared library libobstacle1.so[0m
[95.946s] [ 87%] Built target obstacle2
[96.231s] [ 87%] Built target obstacle1
[96.308s] [100%] [32m[1mLinking CXX shared library libobstacles.so[0m
[96.927s] [100%] Built target obstacles
[96.948s] Invoked command in '/home/l0dz/SESASR-LAB/build/turtlebot3_gazebo' returned '0': CMAKE_PREFIX_PATH=${CMAKE_PREFIX_PATH}:/home/l0dz/SESASR-LAB/install/lab02_pkg:/home/l0dz/SESASR-LAB/install/lab01_pkg:/opt/ros/humble /usr/bin/cmake --build /home/l0dz/SESASR-LAB/build/turtlebot3_gazebo -- -j16 -l16
[96.955s] Invoking command in '/home/l0dz/SESASR-LAB/build/turtlebot3_gazebo': CMAKE_PREFIX_PATH=${CMAKE_PREFIX_PATH}:/home/l0dz/SESASR-LAB/install/lab02_pkg:/home/l0dz/SESASR-LAB/install/lab01_pkg:/opt/ros/humble /usr/bin/cmake --install /home/l0dz/SESASR-LAB/build/turtlebot3_gazebo
[96.968s] -- Install configuration: ""
[96.969s] -- Execute custom install script
[96.970s] -- Up-to-date symlink: /home/l0dz/SESASR-LAB/install/turtlebot3_gazebo/lib/turtlebot3_gazebo/turtlebot3_drive
[96.971s] -- Up-to-date symlink: /home/l0dz/SESASR-LAB/install/turtlebot3_gazebo/share/turtlebot3_gazebo//launch/empty_world.launch.py
[96.971s] -- Up-to-date symlink: /home/l0dz/SESASR-LAB/install/turtlebot3_gazebo/share/turtlebot3_gazebo//launch/lab02.launch.py
[96.972s] -- Up-to-date symlink: /home/l0dz/SESASR-LAB/install/turtlebot3_gazebo/share/turtlebot3_gazebo//launch/lab04.launch.py
[96.972s] -- Up-to-date symlink: /home/l0dz/SESASR-LAB/install/turtlebot3_gazebo/share/turtlebot3_gazebo//launch/project.launch.py
[96.972s] -- Up-to-date symlink: /home/l0dz/SESASR-LAB/install/turtlebot3_gazebo/share/turtlebot3_gazebo//launch/robot_state_publisher.launch.py
[96.972s] -- Up-to-date symlink: /home/l0dz/SESASR-LAB/install/turtlebot3_gazebo/share/turtlebot3_gazebo//launch/spawn_turtlebot3.launch.py
[96.972s] -- Up-to-date symlink: /home/l0dz/SESASR-LAB/install/turtlebot3_gazebo/share/turtlebot3_gazebo//launch/turtlebot3_dqn_stage1.launch.py
[96.972s] -- Up-to-date symlink: /home/l0dz/SESASR-LAB/install/turtlebot3_gazebo/share/turtlebot3_gazebo//launch/turtlebot3_dqn_stage2.launch.py
[96.972s] -- Up-to-date symlink: /home/l0dz/SESASR-LAB/install/turtlebot3_gazebo/share/turtlebot3_gazebo//launch/turtlebot3_dqn_stage3.launch.py
[96.973s] -- Up-to-date symlink: /home/l0dz/SESASR-LAB/install/turtlebot3_gazebo/share/turtlebot3_gazebo//launch/turtlebot3_dqn_stage4.launch.py
[96.973s] -- Up-to-date symlink: /home/l0dz/SESASR-LAB/install/turtlebot3_gazebo/share/turtlebot3_gazebo//launch/turtlebot3_house.launch.py
[96.973s] -- Up-to-date symlink: /home/l0dz/SESASR-LAB/install/turtlebot3_gazebo/share/turtlebot3_gazebo//launch/turtlebot3_world.launch.py
[96.975s] -- Up-to-date symlink: /home/l0dz/SESASR-LAB/install/turtlebot3_gazebo/share/turtlebot3_gazebo//models/turtlebot3_burger/model-1_4.sdf
[96.975s] -- Up-to-date symlink: /home/l0dz/SESASR-LAB/install/turtlebot3_gazebo/share/turtlebot3_gazebo//models/turtlebot3_burger/model.config
[96.975s] -- Up-to-date symlink: /home/l0dz/SESASR-LAB/install/turtlebot3_gazebo/share/turtlebot3_gazebo//models/turtlebot3_burger/model.sdf
[96.975s] -- Up-to-date symlink: /home/l0dz/SESASR-LAB/install/turtlebot3_gazebo/share/turtlebot3_gazebo//models/turtlebot3_common/meshes/burger_base.dae
[96.976s] -- Up-to-date symlink: /home/l0dz/SESASR-LAB/install/turtlebot3_gazebo/share/turtlebot3_gazebo//models/turtlebot3_common/meshes/lds.dae
[96.976s] -- Up-to-date symlink: /home/l0dz/SESASR-LAB/install/turtlebot3_gazebo/share/turtlebot3_gazebo//models/turtlebot3_common/meshes/r200.dae
[96.976s] -- Up-to-date symlink: /home/l0dz/SESASR-LAB/install/turtlebot3_gazebo/share/turtlebot3_gazebo//models/turtlebot3_common/meshes/tire.dae
[96.976s] -- Up-to-date symlink: /home/l0dz/SESASR-LAB/install/turtlebot3_gazebo/share/turtlebot3_gazebo//models/turtlebot3_common/meshes/waffle_base.dae
[96.976s] -- Up-to-date symlink: /home/l0dz/SESASR-LAB/install/turtlebot3_gazebo/share/turtlebot3_gazebo//models/turtlebot3_common/meshes/waffle_pi_base.dae
[96.977s] -- Up-to-date symlink: /home/l0dz/SESASR-LAB/install/turtlebot3_gazebo/share/turtlebot3_gazebo//models/turtlebot3_common/model.config
[96.977s] -- Up-to-date symlink: /home/l0dz/SESASR-LAB/install/turtlebot3_gazebo/share/turtlebot3_gazebo//models/turtlebot3_dqn_world/goal_box/model.config
[96.977s] -- Up-to-date symlink: /home/l0dz/SESASR-LAB/install/turtlebot3_gazebo/share/turtlebot3_gazebo//models/turtlebot3_dqn_world/goal_box/model.sdf
[96.977s] -- Up-to-date symlink: /home/l0dz/SESASR-LAB/install/turtlebot3_gazebo/share/turtlebot3_gazebo//models/turtlebot3_dqn_world/inner_walls/model.config
[96.977s] -- Up-to-date symlink: /home/l0dz/SESASR-LAB/install/turtlebot3_gazebo/share/turtlebot3_gazebo//models/turtlebot3_dqn_world/inner_walls/model.sdf
[96.978s] -- Up-to-date symlink: /home/l0dz/SESASR-LAB/install/turtlebot3_gazebo/share/turtlebot3_gazebo//models/turtlebot3_dqn_world/model.config
[96.978s] -- Up-to-date symlink: /home/l0dz/SESASR-LAB/install/turtlebot3_gazebo/share/turtlebot3_gazebo//models/turtlebot3_dqn_world/model.sdf
[96.978s] -- Up-to-date symlink: /home/l0dz/SESASR-LAB/install/turtlebot3_gazebo/share/turtlebot3_gazebo//models/turtlebot3_dqn_world/obstacle1/model.config
[96.978s] -- Up-to-date symlink: /home/l0dz/SESASR-LAB/install/turtlebot3_gazebo/share/turtlebot3_gazebo//models/turtlebot3_dqn_world/obstacle1/model.sdf
[96.978s] -- Up-to-date symlink: /home/l0dz/SESASR-LAB/install/turtlebot3_gazebo/share/turtlebot3_gazebo//models/turtlebot3_dqn_world/obstacle2/model.config
[96.979s] -- Up-to-date symlink: /home/l0dz/SESASR-LAB/install/turtlebot3_gazebo/share/turtlebot3_gazebo//models/turtlebot3_dqn_world/obstacle2/model.sdf
[96.979s] -- Up-to-date symlink: /home/l0dz/SESASR-LAB/install/turtlebot3_gazebo/share/turtlebot3_gazebo//models/turtlebot3_dqn_world/obstacle_plugin/CMakeLists.txt
[96.979s] -- Up-to-date symlink: /home/l0dz/SESASR-LAB/install/turtlebot3_gazebo/share/turtlebot3_gazebo//models/turtlebot3_dqn_world/obstacle_plugin/obstacle1.cc
[96.979s] -- Up-to-date symlink: /home/l0dz/SESASR-LAB/install/turtlebot3_gazebo/share/turtlebot3_gazebo//models/turtlebot3_dqn_world/obstacle_plugin/obstacle2.cc
[96.980s] -- Up-to-date symlink: /home/l0dz/SESASR-LAB/install/turtlebot3_gazebo/share/turtlebot3_gazebo//models/turtlebot3_dqn_world/obstacle_plugin/obstacles.cc
[96.980s] -- Up-to-date symlink: /home/l0dz/SESASR-LAB/install/turtlebot3_gazebo/share/turtlebot3_gazebo//models/turtlebot3_dqn_world/obstacles/model.config
[96.980s] -- Up-to-date symlink: /home/l0dz/SESASR-LAB/install/turtlebot3_gazebo/share/turtlebot3_gazebo//models/turtlebot3_dqn_world/obstacles/model.sdf
[96.980s] -- Up-to-date symlink: /home/l0dz/SESASR-LAB/install/turtlebot3_gazebo/share/turtlebot3_gazebo//models/turtlebot3_house/model.config
[96.980s] -- Up-to-date symlink: /home/l0dz/SESASR-LAB/install/turtlebot3_gazebo/share/turtlebot3_gazebo//models/turtlebot3_house/model.sdf
[96.980s] -- Up-to-date symlink: /home/l0dz/SESASR-LAB/install/turtlebot3_gazebo/share/turtlebot3_gazebo//models/turtlebot3_waffle/model-1_4.sdf
[96.981s] -- Up-to-date symlink: /home/l0dz/SESASR-LAB/install/turtlebot3_gazebo/share/turtlebot3_gazebo//models/turtlebot3_waffle/model.config
[96.981s] -- Up-to-date symlink: /home/l0dz/SESASR-LAB/install/turtlebot3_gazebo/share/turtlebot3_gazebo//models/turtlebot3_waffle/model.sdf
[96.981s] -- Up-to-date symlink: /home/l0dz/SESASR-LAB/install/turtlebot3_gazebo/share/turtlebot3_gazebo//models/turtlebot3_waffle_pi/model-1_4_.sdf
[96.981s] -- Up-to-date symlink: /home/l0dz/SESASR-LAB/install/turtlebot3_gazebo/share/turtlebot3_gazebo//models/turtlebot3_waffle_pi/model.config
[96.981s] -- Up-to-date symlink: /home/l0dz/SESASR-LAB/install/turtlebot3_gazebo/share/turtlebot3_gazebo//models/turtlebot3_waffle_pi/model.sdf
[96.982s] -- Up-to-date symlink: /home/l0dz/SESASR-LAB/install/turtlebot3_gazebo/share/turtlebot3_gazebo//models/turtlebot3_world/meshes/hexagon.dae
[96.982s] -- Up-to-date symlink: /home/l0dz/SESASR-LAB/install/turtlebot3_gazebo/share/turtlebot3_gazebo//models/turtlebot3_world/meshes/wall.dae
[96.982s] -- Up-to-date symlink: /home/l0dz/SESASR-LAB/install/turtlebot3_gazebo/share/turtlebot3_gazebo//models/turtlebot3_world/model-1_4.sdf
[96.982s] -- Up-to-date symlink: /home/l0dz/SESASR-LAB/install/turtlebot3_gazebo/share/turtlebot3_gazebo//models/turtlebot3_world/model.config
[96.982s] -- Up-to-date symlink: /home/l0dz/SESASR-LAB/install/turtlebot3_gazebo/share/turtlebot3_gazebo//models/turtlebot3_world/model.sdf
[96.983s] -- Up-to-date symlink: /home/l0dz/SESASR-LAB/install/turtlebot3_gazebo/share/turtlebot3_gazebo//rviz/tb3_gazebo.rviz
[96.983s] -- Up-to-date symlink: /home/l0dz/SESASR-LAB/install/turtlebot3_gazebo/share/turtlebot3_gazebo//urdf/common_properties.urdf
[96.983s] -- Up-to-date symlink: /home/l0dz/SESASR-LAB/install/turtlebot3_gazebo/share/turtlebot3_gazebo//urdf/turtlebot3_burger.urdf
[96.983s] -- Up-to-date symlink: /home/l0dz/SESASR-LAB/install/turtlebot3_gazebo/share/turtlebot3_gazebo//urdf/turtlebot3_waffle.urdf
[96.983s] -- Up-to-date symlink: /home/l0dz/SESASR-LAB/install/turtlebot3_gazebo/share/turtlebot3_gazebo//urdf/turtlebot3_waffle_pi.urdf
[96.984s] -- Up-to-date symlink: /home/l0dz/SESASR-LAB/install/turtlebot3_gazebo/share/turtlebot3_gazebo//worlds/empty_world.world
[96.984s] -- Up-to-date symlink: /home/l0dz/SESASR-LAB/install/turtlebot3_gazebo/share/turtlebot3_gazebo//worlds/hard_maze.world
[96.984s] -- Up-to-date symlink: /home/l0dz/SESASR-LAB/install/turtlebot3_gazebo/share/turtlebot3_gazebo//worlds/maze.world
[96.984s] -- Up-to-date symlink: /home/l0dz/SESASR-LAB/install/turtlebot3_gazebo/share/turtlebot3_gazebo//worlds/turtlebot3_dqn_stage1.world
[96.985s] -- Up-to-date symlink: /home/l0dz/SESASR-LAB/install/turtlebot3_gazebo/share/turtlebot3_gazebo//worlds/turtlebot3_dqn_stage2.world
[96.985s] -- Up-to-date symlink: /home/l0dz/SESASR-LAB/install/turtlebot3_gazebo/share/turtlebot3_gazebo//worlds/turtlebot3_dqn_stage3.world
[96.985s] -- Up-to-date symlink: /home/l0dz/SESASR-LAB/install/turtlebot3_gazebo/share/turtlebot3_gazebo//worlds/turtlebot3_dqn_stage4.world
[96.985s] -- Up-to-date symlink: /home/l0dz/SESASR-LAB/install/turtlebot3_gazebo/share/turtlebot3_gazebo//worlds/turtlebot3_house.world
[96.985s] -- Up-to-date symlink: /home/l0dz/SESASR-LAB/install/turtlebot3_gazebo/share/turtlebot3_gazebo//worlds/turtlebot3_world.world
[96.986s] -- Up-to-date symlink: /home/l0dz/SESASR-LAB/install/turtlebot3_gazebo/include//turtlebot3_gazebo/turtlebot3_drive.hpp
[96.986s] -- Up-to-date symlink: /home/l0dz/SESASR-LAB/install/turtlebot3_gazebo/share/turtlebot3_gazebo/environment/turtlebot3_gazebo.dsv
[96.986s] -- Up-to-date symlink: /home/l0dz/SESASR-LAB/install/turtlebot3_gazebo/share/ament_index/resource_index/package_run_dependencies/turtlebot3_gazebo
[96.986s] -- Up-to-date symlink: /home/l0dz/SESASR-LAB/install/turtlebot3_gazebo/share/ament_index/resource_index/parent_prefix_path/turtlebot3_gazebo
[96.987s] -- Up-to-date symlink: /home/l0dz/SESASR-LAB/install/turtlebot3_gazebo/share/turtlebot3_gazebo/environment/ament_prefix_path.sh
[96.987s] -- Up-to-date symlink: /home/l0dz/SESASR-LAB/install/turtlebot3_gazebo/share/turtlebot3_gazebo/environment/ament_prefix_path.dsv
[96.987s] -- Up-to-date symlink: /home/l0dz/SESASR-LAB/install/turtlebot3_gazebo/share/turtlebot3_gazebo/environment/path.sh
[96.987s] -- Up-to-date symlink: /home/l0dz/SESASR-LAB/install/turtlebot3_gazebo/share/turtlebot3_gazebo/environment/path.dsv
[96.988s] -- Up-to-date symlink: /home/l0dz/SESASR-LAB/install/turtlebot3_gazebo/share/turtlebot3_gazebo/local_setup.bash
[96.988s] -- Up-to-date symlink: /home/l0dz/SESASR-LAB/install/turtlebot3_gazebo/share/turtlebot3_gazebo/local_setup.sh
[96.988s] -- Up-to-date symlink: /home/l0dz/SESASR-LAB/install/turtlebot3_gazebo/share/turtlebot3_gazebo/local_setup.zsh
[96.988s] -- Up-to-date symlink: /home/l0dz/SESASR-LAB/install/turtlebot3_gazebo/share/turtlebot3_gazebo/local_setup.dsv
[96.988s] -- Symlinking: /home/l0dz/SESASR-LAB/install/turtlebot3_gazebo/share/turtlebot3_gazebo/package.dsv
[97.003s] -- Up-to-date symlink: /home/l0dz/SESASR-LAB/install/turtlebot3_gazebo/share/ament_index/resource_index/packages/turtlebot3_gazebo
[97.004s] -- Up-to-date symlink: /home/l0dz/SESASR-LAB/install/turtlebot3_gazebo/share/turtlebot3_gazebo/cmake/ament_cmake_export_include_directories-extras.cmake
[97.004s] -- Up-to-date symlink: /home/l0dz/SESASR-LAB/install/turtlebot3_gazebo/share/turtlebot3_gazebo/cmake/ament_cmake_export_dependencies-extras.cmake
[97.004s] -- Up-to-date symlink: /home/l0dz/SESASR-LAB/install/turtlebot3_gazebo/share/turtlebot3_gazebo/cmake/turtlebot3_gazeboConfig.cmake
[97.004s] -- Up-to-date symlink: /home/l0dz/SESASR-LAB/install/turtlebot3_gazebo/share/turtlebot3_gazebo/cmake/turtlebot3_gazeboConfig-version.cmake
[97.004s] -- Up-to-date symlink: /home/l0dz/SESASR-LAB/install/turtlebot3_gazebo/share/turtlebot3_gazebo/package.xml
[97.009s] Invoked command in '/home/l0dz/SESASR-LAB/build/turtlebot3_gazebo' returned '0': CMAKE_PREFIX_PATH=${CMAKE_PREFIX_PATH}:/home/l0dz/SESASR-LAB/install/lab02_pkg:/home/l0dz/SESASR-LAB/install/lab01_pkg:/opt/ros/humble /usr/bin/cmake --install /home/l0dz/SESASR-LAB/build/turtlebot3_gazebo
