[2.398s] Invoking command in '/home/l0dz/SESASR-LAB/build/lab01_pkg': PYTHONPATH=/home/l0dz/SESASR-LAB/build/lab01_pkg/prefix_override:/usr/lib/python3/dist-packages/colcon_core/task/python/colcon_distutils_commands:/home/l0dz/SESASR-LAB/install/lab01_pkg/lib/python3.10/site-packages:${PYTHONPATH} /usr/bin/python3 -W ignore:setup.py install is deprecated -W ignore:easy_install command is deprecated setup.py develop --editable --build-directory /home/l0dz/SESASR-LAB/build/lab01_pkg/build --no-deps symlink_data
[2.936s] running develop
[3.244s] running egg_info
[3.244s] writing lab01_pkg.egg-info/PKG-INFO
[3.249s] writing dependency_links to lab01_pkg.egg-info/dependency_links.txt
[3.249s] writing entry points to lab01_pkg.egg-info/entry_points.txt
[3.250s] writing requirements to lab01_pkg.egg-info/requires.txt
[3.250s] writing top-level names to lab01_pkg.egg-info/top_level.txt
[3.254s] reading manifest file 'lab01_pkg.egg-info/SOURCES.txt'
[3.256s] writing manifest file 'lab01_pkg.egg-info/SOURCES.txt'
[3.260s] running build_ext
[3.260s] Creating /home/l0dz/SESASR-LAB/install/lab01_pkg/lib/python3.10/site-packages/lab01-pkg.egg-link (link to .)
[3.262s] Installing controller script to /home/l0dz/SESASR-LAB/install/lab01_pkg/lib/lab01_pkg
[3.263s] Installing controller_reset script to /home/l0dz/SESASR-LAB/install/lab01_pkg/lib/lab01_pkg
[3.264s] Installing localization script to /home/l0dz/SESASR-LAB/install/lab01_pkg/lib/lab01_pkg
[3.265s] Installing localization_reset script to /home/l0dz/SESASR-LAB/install/lab01_pkg/lib/lab01_pkg
[3.265s] Installing reset_node script to /home/l0dz/SESASR-LAB/install/lab01_pkg/lib/lab01_pkg
[3.266s] 
[3.268s] Installed /home/l0dz/SESASR-LAB/build/lab01_pkg
[3.270s] running symlink_data
[3.271s] symbolically linking /home/l0dz/SESASR-LAB/build/lab01_pkg/launch/launch.py -> /home/l0dz/SESASR-LAB/install/lab01_pkg/share/lab01_pkg
[3.271s] symbolically linking /home/l0dz/SESASR-LAB/build/lab01_pkg/launch/launchR.py -> /home/l0dz/SESASR-LAB/install/lab01_pkg/share/lab01_pkg
[3.324s] Invoked command in '/home/l0dz/SESASR-LAB/build/lab01_pkg' returned '0': PYTHONPATH=/home/l0dz/SESASR-LAB/build/lab01_pkg/prefix_override:/usr/lib/python3/dist-packages/colcon_core/task/python/colcon_distutils_commands:/home/l0dz/SESASR-LAB/install/lab01_pkg/lib/python3.10/site-packages:${PYTHONPATH} /usr/bin/python3 -W ignore:setup.py install is deprecated -W ignore:easy_install command is deprecated setup.py develop --editable --build-directory /home/l0dz/SESASR-LAB/build/lab01_pkg/build --no-deps symlink_data
