[1.393s] Invoking command in '/root/SESASR-LAB/build/turtlebot3_gazebo': CMAKE_PREFIX_PATH=${CMAKE_PREFIX_PATH}:/root/SESASR-LAB/install/py_pubsub:/root/SESASR-LAB/install/lab02_pkg:/root/SESASR-LAB/install/lab01_pkg:/opt/ros/humble /usr/bin/cmake /root/SESASR-LAB/src/turtlebot3_simulations/turtlebot3_gazebo -DCMAKE_INSTALL_PREFIX=/root/SESASR-LAB/install/turtlebot3_gazebo
[1.419s] -- Found ament_cmake: 1.3.12 (/opt/ros/humble/share/ament_cmake/cmake)
[1.746s] -- Override CMake install command with custom implementation using symlinks instead of copying resources
[1.775s] [33mCMake Warning (dev) at /usr/share/cmake-3.22/Modules/FindPackageHandleStandardArgs.cmake:438 (message):
[1.775s]   The package name passed to `find_package_handle_standard_args` (PkgConfig)
[1.775s]   does not match the name of the calling package (gazebo).  This can lead to
[1.775s]   problems in calling code that expects `find_package` result variables
[1.775s]   (e.g., `_FOUND`) to follow a certain pattern.
[1.776s] Call Stack (most recent call first):
[1.776s]   /usr/share/cmake-3.22/Modules/FindPkgConfig.cmake:99 (find_package_handle_standard_args)
[1.776s]   /usr/lib/x86_64-linux-gnu/cmake/gazebo/gazebo-config.cmake:72 (include)
[1.776s]   CMakeLists.txt:23 (find_package)
[1.776s] This warning is for project developers.  Use -Wno-dev to suppress it.
[1.776s] [0m
[1.873s] -- Found DART: /usr/include (Required is at least version "6.6") found components: dart 
[1.972s] -- Found Protobuf: /usr/lib/x86_64-linux-gnu/libprotobuf.so (found version "3.12.4") 
[1.978s] -- Looking for ignition-math6 -- found version 6.15.1
[1.996s] -- Searching for dependencies of ignition-math6
[2.001s] -- Looking for OGRE...
[2.016s] -- Found Ogre Ghadamon (1.9.0)
[2.017s] -- Found OGRE: optimized;/usr/lib/x86_64-linux-gnu/libOgreMain.so;debug;/usr/lib/x86_64-linux-gnu/libOgreMain.so
[2.038s] -- Looking for OGRE_Paging...
[2.038s] -- Found OGRE_Paging: optimized;/usr/lib/x86_64-linux-gnu/libOgrePaging.so;debug;/usr/lib/x86_64-linux-gnu/libOgrePaging.so
[2.038s] -- Looking for OGRE_Terrain...
[2.039s] -- Found OGRE_Terrain: optimized;/usr/lib/x86_64-linux-gnu/libOgreTerrain.so;debug;/usr/lib/x86_64-linux-gnu/libOgreTerrain.so
[2.039s] -- Looking for OGRE_Property...
[2.039s] -- Found OGRE_Property: optimized;/usr/lib/x86_64-linux-gnu/libOgreProperty.so;debug;/usr/lib/x86_64-linux-gnu/libOgreProperty.so
[2.040s] -- Looking for OGRE_RTShaderSystem...
[2.040s] -- Found OGRE_RTShaderSystem: optimized;/usr/lib/x86_64-linux-gnu/libOgreRTShaderSystem.so;debug;/usr/lib/x86_64-linux-gnu/libOgreRTShaderSystem.so
[2.041s] -- Looking for OGRE_Volume...
[2.041s] -- Found OGRE_Volume: optimized;/usr/lib/x86_64-linux-gnu/libOgreVolume.so;debug;/usr/lib/x86_64-linux-gnu/libOgreVolume.so
[2.041s] -- Looking for OGRE_Overlay...
[2.041s] -- Found OGRE_Overlay: optimized;/usr/lib/x86_64-linux-gnu/libOgreOverlay.so;debug;/usr/lib/x86_64-linux-gnu/libOgreOverlay.so
[15.681s] -- Looking for ignition-math6 -- found version 6.15.1
[15.709s] -- Looking for ignition-transport8 -- found version 8.2.1
[15.709s] -- Searching for dependencies of ignition-transport8
[16.436s] -- Found Protobuf: /usr/lib/x86_64-linux-gnu/libprotobuf.so (found suitable version "3.12.4", minimum required is "3") 
[17.199s] -- Config-file not installed for ZeroMQ -- checking for pkg-config
[17.206s] -- Checking for module 'libzmq >= 4'
[17.261s] --   Found libzmq , version 4.3.4
[17.353s] -- Checking for module 'uuid'
[17.376s] --   Found uuid, version 2.37.2
[17.462s] -- Looking for ignition-msgs5 -- found version 5.8.1
[17.462s] -- Searching for dependencies of ignition-msgs5
[18.161s] -- Looking for ignition-math6 -- found version 6.15.1
[18.194s] -- Checking for module 'tinyxml2'
[18.218s] --   Found tinyxml2, version 9.0.0
[18.295s] -- Looking for ignition-msgs5 -- found version 5.8.1
[18.297s] -- Looking for ignition-common3 -- found version 3.14.0
[18.298s] -- Searching for dependencies of ignition-common3
[18.300s] -- Looking for dlfcn.h - found
[18.300s] -- Looking for libdl - found
[18.381s] -- Searching for <ignition-common3> component [graphics]
[18.382s] -- Looking for ignition-common3-graphics -- found version 3.14.0
[18.383s] -- Searching for dependencies of ignition-common3-graphics
[18.383s] -- Looking for ignition-math6 -- found version 6.15.1
[18.388s] -- Looking for ignition-fuel_tools4 -- found version 4.4.0
[18.389s] -- Searching for dependencies of ignition-fuel_tools4
[19.237s] -- Checking for module 'jsoncpp'
[19.257s] --   Found jsoncpp, version 1.9.5
[19.338s] -- Checking for module 'libzip'
[19.359s] --   Found libzip, version 1.7.3
[19.409s] -- Looking for ignition-common3 -- found version 3.14.0
[19.409s] -- Looking for ignition-math6 -- found version 6.15.1
[19.410s] -- Looking for ignition-msgs5 -- found version 5.8.1
[19.444s] -- Found gazebo_ros_pkgs: 3.9.0 (/opt/ros/humble/share/gazebo_ros_pkgs/cmake)
[19.444s] -- Found geometry_msgs: 4.9.0 (/opt/ros/humble/share/geometry_msgs/cmake)
[19.480s] -- Found rosidl_generator_c: 3.1.7 (/opt/ros/humble/share/rosidl_generator_c/cmake)
[19.484s] -- Found rosidl_adapter: 3.1.7 (/opt/ros/humble/share/rosidl_adapter/cmake)
[19.491s] -- Found rosidl_generator_cpp: 3.1.7 (/opt/ros/humble/share/rosidl_generator_cpp/cmake)
[19.502s] -- Using all available rosidl_typesupport_c: rosidl_typesupport_fastrtps_c;rosidl_typesupport_introspection_c
[19.515s] -- Using all available rosidl_typesupport_cpp: rosidl_typesupport_fastrtps_cpp;rosidl_typesupport_introspection_cpp
[19.549s] -- Found nav_msgs: 4.9.0 (/opt/ros/humble/share/nav_msgs/cmake)
[19.564s] -- Found rclcpp: 16.0.15 (/opt/ros/humble/share/rclcpp/cmake)
[19.594s] -- Found rmw_implementation_cmake: 6.1.2 (/opt/ros/humble/share/rmw_implementation_cmake/cmake)
[19.596s] -- Found rmw_fastrtps_cpp: 6.2.9 (/opt/ros/humble/share/rmw_fastrtps_cpp/cmake)
[22.304s] -- Using RMW implementation 'rmw_fastrtps_cpp' as default
[22.348s] -- Found sensor_msgs: 4.9.0 (/opt/ros/humble/share/sensor_msgs/cmake)
[22.366s] -- Found tf2: 0.25.16 (/opt/ros/humble/share/tf2/cmake)
[22.508s] -- Configuring done
[22.570s] -- Generating done
[22.581s] -- Build files have been written to: /root/SESASR-LAB/build/turtlebot3_gazebo
[22.598s] Invoked command in '/root/SESASR-LAB/build/turtlebot3_gazebo' returned '0': CMAKE_PREFIX_PATH=${CMAKE_PREFIX_PATH}:/root/SESASR-LAB/install/py_pubsub:/root/SESASR-LAB/install/lab02_pkg:/root/SESASR-LAB/install/lab01_pkg:/opt/ros/humble /usr/bin/cmake /root/SESASR-LAB/src/turtlebot3_simulations/turtlebot3_gazebo -DCMAKE_INSTALL_PREFIX=/root/SESASR-LAB/install/turtlebot3_gazebo
[22.601s] Invoking command in '/root/SESASR-LAB/build/turtlebot3_gazebo': CMAKE_PREFIX_PATH=${CMAKE_PREFIX_PATH}:/root/SESASR-LAB/install/py_pubsub:/root/SESASR-LAB/install/lab02_pkg:/root/SESASR-LAB/install/lab01_pkg:/opt/ros/humble /usr/bin/cmake --build /root/SESASR-LAB/build/turtlebot3_gazebo -- -j12 -l12
[22.709s] [35m[1mConsolidate compiler generated dependencies of target turtlebot3_drive[0m
[22.710s] [35m[1mConsolidate compiler generated dependencies of target obstacle2[0m
[22.711s] [35m[1mConsolidate compiler generated dependencies of target obstacle1[0m
[22.711s] [35m[1mConsolidate compiler generated dependencies of target obstacles[0m
[22.747s] [ 25%] Built target turtlebot3_drive
[22.968s] [ 50%] Built target obstacle1
[22.968s] [100%] Built target obstacle2
[22.968s] [100%] Built target obstacles
[22.988s] Invoked command in '/root/SESASR-LAB/build/turtlebot3_gazebo' returned '0': CMAKE_PREFIX_PATH=${CMAKE_PREFIX_PATH}:/root/SESASR-LAB/install/py_pubsub:/root/SESASR-LAB/install/lab02_pkg:/root/SESASR-LAB/install/lab01_pkg:/opt/ros/humble /usr/bin/cmake --build /root/SESASR-LAB/build/turtlebot3_gazebo -- -j12 -l12
[23.028s] Invoking command in '/root/SESASR-LAB/build/turtlebot3_gazebo': CMAKE_PREFIX_PATH=${CMAKE_PREFIX_PATH}:/root/SESASR-LAB/install/py_pubsub:/root/SESASR-LAB/install/lab02_pkg:/root/SESASR-LAB/install/lab01_pkg:/opt/ros/humble /usr/bin/cmake --install /root/SESASR-LAB/build/turtlebot3_gazebo
[23.038s] -- Install configuration: ""
[23.038s] -- Execute custom install script
[23.039s] -- Up-to-date symlink: /root/SESASR-LAB/install/turtlebot3_gazebo/lib/turtlebot3_gazebo/turtlebot3_drive
[23.039s] -- Up-to-date symlink: /root/SESASR-LAB/install/turtlebot3_gazebo/share/turtlebot3_gazebo//launch/empty_world.launch.py
[23.040s] -- Up-to-date symlink: /root/SESASR-LAB/install/turtlebot3_gazebo/share/turtlebot3_gazebo//launch/lab02.launch.py
[23.040s] -- Up-to-date symlink: /root/SESASR-LAB/install/turtlebot3_gazebo/share/turtlebot3_gazebo//launch/lab04.launch.py
[23.040s] -- Up-to-date symlink: /root/SESASR-LAB/install/turtlebot3_gazebo/share/turtlebot3_gazebo//launch/project.launch.py
[23.041s] -- Up-to-date symlink: /root/SESASR-LAB/install/turtlebot3_gazebo/share/turtlebot3_gazebo//launch/robot_state_publisher.launch.py
[23.041s] -- Up-to-date symlink: /root/SESASR-LAB/install/turtlebot3_gazebo/share/turtlebot3_gazebo//launch/spawn_turtlebot3.launch.py
[23.041s] -- Up-to-date symlink: /root/SESASR-LAB/install/turtlebot3_gazebo/share/turtlebot3_gazebo//launch/turtlebot3_dqn_stage1.launch.py
[23.042s] -- Up-to-date symlink: /root/SESASR-LAB/install/turtlebot3_gazebo/share/turtlebot3_gazebo//launch/turtlebot3_dqn_stage2.launch.py
[23.042s] -- Up-to-date symlink: /root/SESASR-LAB/install/turtlebot3_gazebo/share/turtlebot3_gazebo//launch/turtlebot3_dqn_stage3.launch.py
[23.042s] -- Up-to-date symlink: /root/SESASR-LAB/install/turtlebot3_gazebo/share/turtlebot3_gazebo//launch/turtlebot3_dqn_stage4.launch.py
[23.042s] -- Up-to-date symlink: /root/SESASR-LAB/install/turtlebot3_gazebo/share/turtlebot3_gazebo//launch/turtlebot3_house.launch.py
[23.042s] -- Up-to-date symlink: /root/SESASR-LAB/install/turtlebot3_gazebo/share/turtlebot3_gazebo//launch/turtlebot3_world.launch.py
[23.043s] -- Up-to-date symlink: /root/SESASR-LAB/install/turtlebot3_gazebo/share/turtlebot3_gazebo//models/turtlebot3_burger/model-1_4.sdf
[23.044s] -- Up-to-date symlink: /root/SESASR-LAB/install/turtlebot3_gazebo/share/turtlebot3_gazebo//models/turtlebot3_burger/model.config
[23.044s] -- Up-to-date symlink: /root/SESASR-LAB/install/turtlebot3_gazebo/share/turtlebot3_gazebo//models/turtlebot3_burger/model.sdf
[23.044s] -- Up-to-date symlink: /root/SESASR-LAB/install/turtlebot3_gazebo/share/turtlebot3_gazebo//models/turtlebot3_common/meshes/burger_base.dae
[23.044s] -- Up-to-date symlink: /root/SESASR-LAB/install/turtlebot3_gazebo/share/turtlebot3_gazebo//models/turtlebot3_common/meshes/lds.dae
[23.044s] -- Up-to-date symlink: /root/SESASR-LAB/install/turtlebot3_gazebo/share/turtlebot3_gazebo//models/turtlebot3_common/meshes/r200.dae
[23.045s] -- Up-to-date symlink: /root/SESASR-LAB/install/turtlebot3_gazebo/share/turtlebot3_gazebo//models/turtlebot3_common/meshes/tire.dae
[23.045s] -- Up-to-date symlink: /root/SESASR-LAB/install/turtlebot3_gazebo/share/turtlebot3_gazebo//models/turtlebot3_common/meshes/waffle_base.dae
[23.045s] -- Up-to-date symlink: /root/SESASR-LAB/install/turtlebot3_gazebo/share/turtlebot3_gazebo//models/turtlebot3_common/meshes/waffle_pi_base.dae
[23.045s] -- Up-to-date symlink: /root/SESASR-LAB/install/turtlebot3_gazebo/share/turtlebot3_gazebo//models/turtlebot3_common/model.config
[23.045s] -- Up-to-date symlink: /root/SESASR-LAB/install/turtlebot3_gazebo/share/turtlebot3_gazebo//models/turtlebot3_dqn_world/goal_box/model.config
[23.045s] -- Up-to-date symlink: /root/SESASR-LAB/install/turtlebot3_gazebo/share/turtlebot3_gazebo//models/turtlebot3_dqn_world/goal_box/model.sdf
[23.045s] -- Up-to-date symlink: /root/SESASR-LAB/install/turtlebot3_gazebo/share/turtlebot3_gazebo//models/turtlebot3_dqn_world/inner_walls/model.config
[23.045s] -- Up-to-date symlink: /root/SESASR-LAB/install/turtlebot3_gazebo/share/turtlebot3_gazebo//models/turtlebot3_dqn_world/inner_walls/model.sdf
[23.046s] -- Up-to-date symlink: /root/SESASR-LAB/install/turtlebot3_gazebo/share/turtlebot3_gazebo//models/turtlebot3_dqn_world/model.config
[23.046s] -- Up-to-date symlink: /root/SESASR-LAB/install/turtlebot3_gazebo/share/turtlebot3_gazebo//models/turtlebot3_dqn_world/model.sdf
[23.046s] -- Up-to-date symlink: /root/SESASR-LAB/install/turtlebot3_gazebo/share/turtlebot3_gazebo//models/turtlebot3_dqn_world/obstacle1/model.config
[23.046s] -- Up-to-date symlink: /root/SESASR-LAB/install/turtlebot3_gazebo/share/turtlebot3_gazebo//models/turtlebot3_dqn_world/obstacle1/model.sdf
[23.046s] -- Up-to-date symlink: /root/SESASR-LAB/install/turtlebot3_gazebo/share/turtlebot3_gazebo//models/turtlebot3_dqn_world/obstacle2/model.config
[23.047s] -- Up-to-date symlink: /root/SESASR-LAB/install/turtlebot3_gazebo/share/turtlebot3_gazebo//models/turtlebot3_dqn_world/obstacle2/model.sdf
[23.047s] -- Up-to-date symlink: /root/SESASR-LAB/install/turtlebot3_gazebo/share/turtlebot3_gazebo//models/turtlebot3_dqn_world/obstacle_plugin/CMakeLists.txt
[23.047s] -- Up-to-date symlink: /root/SESASR-LAB/install/turtlebot3_gazebo/share/turtlebot3_gazebo//models/turtlebot3_dqn_world/obstacle_plugin/obstacle1.cc
[23.047s] -- Up-to-date symlink: /root/SESASR-LAB/install/turtlebot3_gazebo/share/turtlebot3_gazebo//models/turtlebot3_dqn_world/obstacle_plugin/obstacle2.cc
[23.047s] -- Up-to-date symlink: /root/SESASR-LAB/install/turtlebot3_gazebo/share/turtlebot3_gazebo//models/turtlebot3_dqn_world/obstacle_plugin/obstacles.cc
[23.047s] -- Up-to-date symlink: /root/SESASR-LAB/install/turtlebot3_gazebo/share/turtlebot3_gazebo//models/turtlebot3_dqn_world/obstacles/model.config
[23.047s] -- Up-to-date symlink: /root/SESASR-LAB/install/turtlebot3_gazebo/share/turtlebot3_gazebo//models/turtlebot3_dqn_world/obstacles/model.sdf
[23.047s] -- Up-to-date symlink: /root/SESASR-LAB/install/turtlebot3_gazebo/share/turtlebot3_gazebo//models/turtlebot3_house/model.config
[23.048s] -- Up-to-date symlink: /root/SESASR-LAB/install/turtlebot3_gazebo/share/turtlebot3_gazebo//models/turtlebot3_house/model.sdf
[23.048s] -- Up-to-date symlink: /root/SESASR-LAB/install/turtlebot3_gazebo/share/turtlebot3_gazebo//models/turtlebot3_waffle/model-1_4.sdf
[23.048s] -- Up-to-date symlink: /root/SESASR-LAB/install/turtlebot3_gazebo/share/turtlebot3_gazebo//models/turtlebot3_waffle/model.config
[23.048s] -- Up-to-date symlink: /root/SESASR-LAB/install/turtlebot3_gazebo/share/turtlebot3_gazebo//models/turtlebot3_waffle/model.sdf
[23.048s] -- Up-to-date symlink: /root/SESASR-LAB/install/turtlebot3_gazebo/share/turtlebot3_gazebo//models/turtlebot3_waffle_pi/model-1_4_.sdf
[23.049s] -- Up-to-date symlink: /root/SESASR-LAB/install/turtlebot3_gazebo/share/turtlebot3_gazebo//models/turtlebot3_waffle_pi/model.config
[23.049s] -- Up-to-date symlink: /root/SESASR-LAB/install/turtlebot3_gazebo/share/turtlebot3_gazebo//models/turtlebot3_waffle_pi/model.sdf
[23.049s] -- Up-to-date symlink: /root/SESASR-LAB/install/turtlebot3_gazebo/share/turtlebot3_gazebo//models/turtlebot3_world/meshes/hexagon.dae
[23.049s] -- Up-to-date symlink: /root/SESASR-LAB/install/turtlebot3_gazebo/share/turtlebot3_gazebo//models/turtlebot3_world/meshes/wall.dae
[23.050s] -- Up-to-date symlink: /root/SESASR-LAB/install/turtlebot3_gazebo/share/turtlebot3_gazebo//models/turtlebot3_world/model-1_4.sdf
[23.050s] -- Up-to-date symlink: /root/SESASR-LAB/install/turtlebot3_gazebo/share/turtlebot3_gazebo//models/turtlebot3_world/model.config
[23.050s] -- Up-to-date symlink: /root/SESASR-LAB/install/turtlebot3_gazebo/share/turtlebot3_gazebo//models/turtlebot3_world/model.sdf
[23.050s] -- Up-to-date symlink: /root/SESASR-LAB/install/turtlebot3_gazebo/share/turtlebot3_gazebo//rviz/tb3_gazebo.rviz
[23.050s] -- Up-to-date symlink: /root/SESASR-LAB/install/turtlebot3_gazebo/share/turtlebot3_gazebo//urdf/common_properties.urdf
[23.051s] -- Up-to-date symlink: /root/SESASR-LAB/install/turtlebot3_gazebo/share/turtlebot3_gazebo//urdf/turtlebot3_burger.urdf
[23.051s] -- Up-to-date symlink: /root/SESASR-LAB/install/turtlebot3_gazebo/share/turtlebot3_gazebo//urdf/turtlebot3_waffle.urdf
[23.051s] -- Up-to-date symlink: /root/SESASR-LAB/install/turtlebot3_gazebo/share/turtlebot3_gazebo//urdf/turtlebot3_waffle_pi.urdf
[23.051s] -- Up-to-date symlink: /root/SESASR-LAB/install/turtlebot3_gazebo/share/turtlebot3_gazebo//worlds/empty_world.world
[23.052s] -- Up-to-date symlink: /root/SESASR-LAB/install/turtlebot3_gazebo/share/turtlebot3_gazebo//worlds/hard_maze.world
[23.052s] -- Up-to-date symlink: /root/SESASR-LAB/install/turtlebot3_gazebo/share/turtlebot3_gazebo//worlds/maze.world
[23.052s] -- Up-to-date symlink: /root/SESASR-LAB/install/turtlebot3_gazebo/share/turtlebot3_gazebo//worlds/turtlebot3_dqn_stage1.world
[23.052s] -- Up-to-date symlink: /root/SESASR-LAB/install/turtlebot3_gazebo/share/turtlebot3_gazebo//worlds/turtlebot3_dqn_stage2.world
[23.052s] -- Up-to-date symlink: /root/SESASR-LAB/install/turtlebot3_gazebo/share/turtlebot3_gazebo//worlds/turtlebot3_dqn_stage3.world
[23.052s] -- Up-to-date symlink: /root/SESASR-LAB/install/turtlebot3_gazebo/share/turtlebot3_gazebo//worlds/turtlebot3_dqn_stage4.world
[23.052s] -- Up-to-date symlink: /root/SESASR-LAB/install/turtlebot3_gazebo/share/turtlebot3_gazebo//worlds/turtlebot3_house.world
[23.052s] -- Up-to-date symlink: /root/SESASR-LAB/install/turtlebot3_gazebo/share/turtlebot3_gazebo//worlds/turtlebot3_world.world
[23.052s] -- Up-to-date symlink: /root/SESASR-LAB/install/turtlebot3_gazebo/include//turtlebot3_gazebo/turtlebot3_drive.hpp
[23.052s] -- Up-to-date symlink: /root/SESASR-LAB/install/turtlebot3_gazebo/share/turtlebot3_gazebo/environment/turtlebot3_gazebo.dsv
[23.053s] -- Up-to-date symlink: /root/SESASR-LAB/install/turtlebot3_gazebo/share/ament_index/resource_index/package_run_dependencies/turtlebot3_gazebo
[23.053s] -- Up-to-date symlink: /root/SESASR-LAB/install/turtlebot3_gazebo/share/ament_index/resource_index/parent_prefix_path/turtlebot3_gazebo
[23.053s] -- Up-to-date symlink: /root/SESASR-LAB/install/turtlebot3_gazebo/share/turtlebot3_gazebo/environment/ament_prefix_path.sh
[23.053s] -- Up-to-date symlink: /root/SESASR-LAB/install/turtlebot3_gazebo/share/turtlebot3_gazebo/environment/ament_prefix_path.dsv
[23.053s] -- Up-to-date symlink: /root/SESASR-LAB/install/turtlebot3_gazebo/share/turtlebot3_gazebo/environment/path.sh
[23.054s] -- Up-to-date symlink: /root/SESASR-LAB/install/turtlebot3_gazebo/share/turtlebot3_gazebo/environment/path.dsv
[23.054s] -- Up-to-date symlink: /root/SESASR-LAB/install/turtlebot3_gazebo/share/turtlebot3_gazebo/local_setup.bash
[23.054s] -- Up-to-date symlink: /root/SESASR-LAB/install/turtlebot3_gazebo/share/turtlebot3_gazebo/local_setup.sh
[23.055s] -- Up-to-date symlink: /root/SESASR-LAB/install/turtlebot3_gazebo/share/turtlebot3_gazebo/local_setup.zsh
[23.055s] -- Up-to-date symlink: /root/SESASR-LAB/install/turtlebot3_gazebo/share/turtlebot3_gazebo/local_setup.dsv
[23.055s] -- Symlinking: /root/SESASR-LAB/install/turtlebot3_gazebo/share/turtlebot3_gazebo/package.dsv
[23.070s] -- Up-to-date symlink: /root/SESASR-LAB/install/turtlebot3_gazebo/share/ament_index/resource_index/packages/turtlebot3_gazebo
[23.070s] -- Up-to-date symlink: /root/SESASR-LAB/install/turtlebot3_gazebo/share/turtlebot3_gazebo/cmake/ament_cmake_export_include_directories-extras.cmake
[23.071s] -- Up-to-date symlink: /root/SESASR-LAB/install/turtlebot3_gazebo/share/turtlebot3_gazebo/cmake/ament_cmake_export_dependencies-extras.cmake
[23.071s] -- Up-to-date symlink: /root/SESASR-LAB/install/turtlebot3_gazebo/share/turtlebot3_gazebo/cmake/turtlebot3_gazeboConfig.cmake
[23.071s] -- Up-to-date symlink: /root/SESASR-LAB/install/turtlebot3_gazebo/share/turtlebot3_gazebo/cmake/turtlebot3_gazeboConfig-version.cmake
[23.071s] -- Up-to-date symlink: /root/SESASR-LAB/install/turtlebot3_gazebo/share/turtlebot3_gazebo/package.xml
[23.076s] Invoked command in '/root/SESASR-LAB/build/turtlebot3_gazebo' returned '0': CMAKE_PREFIX_PATH=${CMAKE_PREFIX_PATH}:/root/SESASR-LAB/install/py_pubsub:/root/SESASR-LAB/install/lab02_pkg:/root/SESASR-LAB/install/lab01_pkg:/opt/ros/humble /usr/bin/cmake --install /root/SESASR-LAB/build/turtlebot3_gazebo
