[0.030s] Invoking command in '/root/SESASR-LAB/build/turtlebot3_fake_node': CMAKE_PREFIX_PATH=/opt/ros/humble /usr/bin/cmake /root/SESASR-LAB/src/turtlebot3_simulations/turtlebot3_fake_node -DAMENT_CMAKE_SYMLINK_INSTALL=1 -DCMAKE_INSTALL_PREFIX=/root/SESASR-LAB/install/turtlebot3_fake_node
[0.268s] -- The C compiler identification is GNU 11.4.0
[0.488s] -- The CXX compiler identification is GNU 11.4.0
[0.622s] -- Detecting C compiler ABI info
[0.749s] -- Detecting C compiler ABI info - done
[0.755s] -- Check for working C compiler: /usr/bin/cc - skipped
[0.756s] -- Detecting C compile features
[0.756s] -- Detecting C compile features - done
[0.760s] -- Detecting CXX compiler ABI info
[0.892s] -- Detecting CXX compiler ABI info - done
[0.901s] -- Check for working CXX compiler: /usr/bin/c++ - skipped
[0.902s] -- Detecting CXX compile features
[0.902s] -- Detecting CXX compile features - done
[0.907s] -- Found ament_cmake: 1.3.12 (/opt/ros/humble/share/ament_cmake/cmake)
[1.066s] -- Found Python3: /usr/bin/python3 (found version "3.10.12") found components: Interpreter 
[1.135s] -- Override CMake install command with custom implementation using symlinks instead of copying resources
[1.180s] -- Found geometry_msgs: 4.9.0 (/opt/ros/humble/share/geometry_msgs/cmake)
[1.295s] -- Found rosidl_generator_c: 3.1.7 (/opt/ros/humble/share/rosidl_generator_c/cmake)
[1.302s] -- Found rosidl_adapter: 3.1.7 (/opt/ros/humble/share/rosidl_adapter/cmake)
[1.316s] -- Found rosidl_generator_cpp: 3.1.7 (/opt/ros/humble/share/rosidl_generator_cpp/cmake)
[1.336s] -- Using all available rosidl_typesupport_c: rosidl_typesupport_fastrtps_c;rosidl_typesupport_introspection_c
[1.359s] -- Using all available rosidl_typesupport_cpp: rosidl_typesupport_fastrtps_cpp;rosidl_typesupport_introspection_cpp
[1.413s] -- Found nav_msgs: 4.9.0 (/opt/ros/humble/share/nav_msgs/cmake)
[1.435s] -- Found rclcpp: 16.0.15 (/opt/ros/humble/share/rclcpp/cmake)
[1.492s] -- Found rmw_implementation_cmake: 6.1.2 (/opt/ros/humble/share/rmw_implementation_cmake/cmake)
[1.496s] -- Found rmw_fastrtps_cpp: 6.2.9 (/opt/ros/humble/share/rmw_fastrtps_cpp/cmake)
[2.125s] -- Found OpenSSL: /usr/lib/x86_64-linux-gnu/libcrypto.so (found version "3.0.2")  
[2.726s] -- Found FastRTPS: /opt/ros/humble/include  
[3.827s] -- Using RMW implementation 'rmw_fastrtps_cpp' as default
[3.841s] -- Looking for pthread.h
[3.949s] -- Looking for pthread.h - found
[3.950s] -- Performing Test CMAKE_HAVE_LIBC_PTHREAD
[4.064s] -- Performing Test CMAKE_HAVE_LIBC_PTHREAD - Success
[4.065s] -- Found Threads: TRUE  
[4.121s] -- Found sensor_msgs: 4.9.0 (/opt/ros/humble/share/sensor_msgs/cmake)
[4.145s] -- Found tf2: 0.25.16 (/opt/ros/humble/share/tf2/cmake)
[4.158s] -- Found tf2_msgs: 0.25.16 (/opt/ros/humble/share/tf2_msgs/cmake)
[4.739s] [31mCMake Error at CMakeLists.txt:25 (find_package):
[4.739s]   By not providing "Findturtlebot3_msgs.cmake" in CMAKE_MODULE_PATH this
[4.739s]   project has asked CMake to find a package configuration file provided by
[4.739s]   "turtlebot3_msgs", but CMake did not find one.
[4.739s] 
[4.739s]   Could not find a package configuration file provided by "turtlebot3_msgs"
[4.739s]   with any of the following names:
[4.739s] 
[4.739s]     turtlebot3_msgsConfig.cmake
[4.739s]     turtlebot3_msgs-config.cmake
[4.739s] 
[4.739s]   Add the installation prefix of "turtlebot3_msgs" to CMAKE_PREFIX_PATH or
[4.739s]   set "turtlebot3_msgs_DIR" to a directory containing one of the above files.
[4.740s]   If "turtlebot3_msgs" provides a separate development package or SDK, be
[4.740s]   sure it has been installed.
[4.740s] 
[4.740s] [0m
[4.740s] -- Configuring incomplete, errors occurred!
[4.740s] See also "/root/SESASR-LAB/build/turtlebot3_fake_node/CMakeFiles/CMakeOutput.log".
[4.750s] Invoked command in '/root/SESASR-LAB/build/turtlebot3_fake_node' returned '1': CMAKE_PREFIX_PATH=/opt/ros/humble /usr/bin/cmake /root/SESASR-LAB/src/turtlebot3_simulations/turtlebot3_fake_node -DAMENT_CMAKE_SYMLINK_INSTALL=1 -DCMAKE_INSTALL_PREFIX=/root/SESASR-LAB/install/turtlebot3_fake_node
