[0.044s] Invoking command in '/home/l0dz/SESASR-LAB/build/turtlebot3_fake_node': CMAKE_PREFIX_PATH=${CMAKE_PREFIX_PATH}:/home/l0dz/SESASR-LAB/install/lab02_pkg:/home/l0dz/SESASR-LAB/install/lab01_pkg:/opt/ros/humble /usr/bin/cmake --build /home/l0dz/SESASR-LAB/build/turtlebot3_fake_node -- -j16 -l16
[0.653s] -- Found ament_cmake: 1.3.12 (/opt/ros/humble/share/ament_cmake/cmake)
[0.654s] -- Override CMake install command with custom implementation using symlinks instead of copying resources
[0.655s] -- Found geometry_msgs: 4.9.0 (/opt/ros/humble/share/geometry_msgs/cmake)
[0.674s] -- Found rosidl_generator_c: 3.1.7 (/opt/ros/humble/share/rosidl_generator_c/cmake)
[0.680s] -- Found rosidl_adapter: 3.1.7 (/opt/ros/humble/share/rosidl_adapter/cmake)
[0.695s] -- Found rosidl_generator_cpp: 3.1.7 (/opt/ros/humble/share/rosidl_generator_cpp/cmake)
[0.718s] -- Using all available rosidl_typesupport_c: rosidl_typesupport_fastrtps_c;rosidl_typesupport_introspection_c
[0.747s] -- Using all available rosidl_typesupport_cpp: rosidl_typesupport_fastrtps_cpp;rosidl_typesupport_introspection_cpp
[0.815s] -- Found nav_msgs: 4.9.0 (/opt/ros/humble/share/nav_msgs/cmake)
[0.845s] -- Found rclcpp: 16.0.15 (/opt/ros/humble/share/rclcpp/cmake)
[0.906s] -- Found rmw_implementation_cmake: 6.1.2 (/opt/ros/humble/share/rmw_implementation_cmake/cmake)
[0.911s] -- Found rmw_fastrtps_cpp: 6.2.8 (/opt/ros/humble/share/rmw_fastrtps_cpp/cmake)
[13.909s] -- Using RMW implementation 'rmw_fastrtps_cpp' as default
[13.987s] -- Found sensor_msgs: 4.9.0 (/opt/ros/humble/share/sensor_msgs/cmake)
[14.017s] -- Found tf2: 0.25.16 (/opt/ros/humble/share/tf2/cmake)
[14.025s] -- Found tf2_msgs: 0.25.16 (/opt/ros/humble/share/tf2_msgs/cmake)
[14.095s] -- Found turtlebot3_msgs: 2.4.0 (/opt/ros/humble/share/turtlebot3_msgs/cmake)
[14.230s] -- Configuring done
[14.253s] -- Generating done
[14.260s] -- Build files have been written to: /home/l0dz/SESASR-LAB/build/turtlebot3_fake_node
[14.304s] [35m[1mConsolidate compiler generated dependencies of target turtlebot3_fake_node[0m
[14.333s] [ 50%] [32mBuilding CXX object CMakeFiles/turtlebot3_fake_node.dir/src/turtlebot3_fake_node.cpp.o[0m
[28.185s] [100%] [32m[1mLinking CXX executable turtlebot3_fake_node[0m
[29.176s] [100%] Built target turtlebot3_fake_node
[29.198s] Invoked command in '/home/l0dz/SESASR-LAB/build/turtlebot3_fake_node' returned '0': CMAKE_PREFIX_PATH=${CMAKE_PREFIX_PATH}:/home/l0dz/SESASR-LAB/install/lab02_pkg:/home/l0dz/SESASR-LAB/install/lab01_pkg:/opt/ros/humble /usr/bin/cmake --build /home/l0dz/SESASR-LAB/build/turtlebot3_fake_node -- -j16 -l16
[29.218s] Invoking command in '/home/l0dz/SESASR-LAB/build/turtlebot3_fake_node': CMAKE_PREFIX_PATH=${CMAKE_PREFIX_PATH}:/home/l0dz/SESASR-LAB/install/lab02_pkg:/home/l0dz/SESASR-LAB/install/lab01_pkg:/opt/ros/humble /usr/bin/cmake --install /home/l0dz/SESASR-LAB/build/turtlebot3_fake_node
[29.229s] -- Install configuration: ""
[29.230s] -- Execute custom install script
[29.231s] -- Up-to-date symlink: /home/l0dz/SESASR-LAB/install/turtlebot3_fake_node/lib/turtlebot3_fake_node/turtlebot3_fake_node
[29.231s] -- Up-to-date symlink: /home/l0dz/SESASR-LAB/install/turtlebot3_fake_node/share/turtlebot3_fake_node/launch/rviz2.launch.py
[29.232s] -- Up-to-date symlink: /home/l0dz/SESASR-LAB/install/turtlebot3_fake_node/share/turtlebot3_fake_node/launch/turtlebot3_fake_node.launch.py
[29.232s] -- Up-to-date symlink: /home/l0dz/SESASR-LAB/install/turtlebot3_fake_node/share/turtlebot3_fake_node/param/burger.yaml
[29.232s] -- Up-to-date symlink: /home/l0dz/SESASR-LAB/install/turtlebot3_fake_node/share/turtlebot3_fake_node/param/waffle.yaml
[29.232s] -- Up-to-date symlink: /home/l0dz/SESASR-LAB/install/turtlebot3_fake_node/share/turtlebot3_fake_node/param/waffle_pi.yaml
[29.233s] -- Up-to-date symlink: /home/l0dz/SESASR-LAB/install/turtlebot3_fake_node/include//turtlebot3_fake_node/turtlebot3_fake_node.hpp
[29.233s] -- Up-to-date symlink: /home/l0dz/SESASR-LAB/install/turtlebot3_fake_node/share/ament_index/resource_index/package_run_dependencies/turtlebot3_fake_node
[29.234s] -- Up-to-date symlink: /home/l0dz/SESASR-LAB/install/turtlebot3_fake_node/share/ament_index/resource_index/parent_prefix_path/turtlebot3_fake_node
[29.234s] -- Up-to-date symlink: /home/l0dz/SESASR-LAB/install/turtlebot3_fake_node/share/turtlebot3_fake_node/environment/ament_prefix_path.sh
[29.234s] -- Up-to-date symlink: /home/l0dz/SESASR-LAB/install/turtlebot3_fake_node/share/turtlebot3_fake_node/environment/ament_prefix_path.dsv
[29.235s] -- Up-to-date symlink: /home/l0dz/SESASR-LAB/install/turtlebot3_fake_node/share/turtlebot3_fake_node/environment/path.sh
[29.235s] -- Up-to-date symlink: /home/l0dz/SESASR-LAB/install/turtlebot3_fake_node/share/turtlebot3_fake_node/environment/path.dsv
[29.235s] -- Up-to-date symlink: /home/l0dz/SESASR-LAB/install/turtlebot3_fake_node/share/turtlebot3_fake_node/local_setup.bash
[29.236s] -- Up-to-date symlink: /home/l0dz/SESASR-LAB/install/turtlebot3_fake_node/share/turtlebot3_fake_node/local_setup.sh
[29.236s] -- Up-to-date symlink: /home/l0dz/SESASR-LAB/install/turtlebot3_fake_node/share/turtlebot3_fake_node/local_setup.zsh
[29.236s] -- Up-to-date symlink: /home/l0dz/SESASR-LAB/install/turtlebot3_fake_node/share/turtlebot3_fake_node/local_setup.dsv
[29.236s] -- Symlinking: /home/l0dz/SESASR-LAB/install/turtlebot3_fake_node/share/turtlebot3_fake_node/package.dsv
[29.251s] -- Up-to-date symlink: /home/l0dz/SESASR-LAB/install/turtlebot3_fake_node/share/ament_index/resource_index/packages/turtlebot3_fake_node
[29.251s] -- Up-to-date symlink: /home/l0dz/SESASR-LAB/install/turtlebot3_fake_node/share/turtlebot3_fake_node/cmake/ament_cmake_export_include_directories-extras.cmake
[29.252s] -- Up-to-date symlink: /home/l0dz/SESASR-LAB/install/turtlebot3_fake_node/share/turtlebot3_fake_node/cmake/ament_cmake_export_dependencies-extras.cmake
[29.252s] -- Up-to-date symlink: /home/l0dz/SESASR-LAB/install/turtlebot3_fake_node/share/turtlebot3_fake_node/cmake/turtlebot3_fake_nodeConfig.cmake
[29.252s] -- Up-to-date symlink: /home/l0dz/SESASR-LAB/install/turtlebot3_fake_node/share/turtlebot3_fake_node/cmake/turtlebot3_fake_nodeConfig-version.cmake
[29.253s] -- Up-to-date symlink: /home/l0dz/SESASR-LAB/install/turtlebot3_fake_node/share/turtlebot3_fake_node/package.xml
[29.257s] Invoked command in '/home/l0dz/SESASR-LAB/build/turtlebot3_fake_node' returned '0': CMAKE_PREFIX_PATH=${CMAKE_PREFIX_PATH}:/home/l0dz/SESASR-LAB/install/lab02_pkg:/home/l0dz/SESASR-LAB/install/lab01_pkg:/opt/ros/humble /usr/bin/cmake --install /home/l0dz/SESASR-LAB/build/turtlebot3_fake_node
