running develop
Removing /root/SESASR-LAB/install/lab02_pkg/lib/python3.10/site-packages/lab02-pkg.egg-link (link to .)
running egg_info
writing ../../build/lab02_pkg/lab02_pkg.egg-info/PKG-INFO
writing dependency_links to ../../build/lab02_pkg/lab02_pkg.egg-info/dependency_links.txt
writing entry points to ../../build/lab02_pkg/lab02_pkg.egg-info/entry_points.txt
writing requirements to ../../build/lab02_pkg/lab02_pkg.egg-info/requires.txt
writing top-level names to ../../build/lab02_pkg/lab02_pkg.egg-info/top_level.txt
reading manifest file '../../build/lab02_pkg/lab02_pkg.egg-info/SOURCES.txt'
adding license file 'LICENSE'
writing manifest file '../../build/lab02_pkg/lab02_pkg.egg-info/SOURCES.txt'
running build
running build_py
creating /root/SESASR-LAB/build/lab02_pkg/build
creating /root/SESASR-LAB/build/lab02_pkg/build/lib
creating /root/SESASR-LAB/build/lab02_pkg/build/lib/lab02_pkg
copying lab02_pkg/controller.py -> /root/SESASR-LAB/build/lab02_pkg/build/lib/lab02_pkg
copying lab02_pkg/__init__.py -> /root/SESASR-LAB/build/lab02_pkg/build/lib/lab02_pkg
running install
running install_lib
creating /root/SESASR-LAB/install/lab02_pkg/lib/python3.10/site-packages/lab02_pkg
copying /root/SESASR-LAB/build/lab02_pkg/build/lib/lab02_pkg/controller.py -> /root/SESASR-LAB/install/lab02_pkg/lib/python3.10/site-packages/lab02_pkg
copying /root/SESASR-LAB/build/lab02_pkg/build/lib/lab02_pkg/__init__.py -> /root/SESASR-LAB/install/lab02_pkg/lib/python3.10/site-packages/lab02_pkg
byte-compiling /root/SESASR-LAB/install/lab02_pkg/lib/python3.10/site-packages/lab02_pkg/controller.py to controller.cpython-310.pyc
byte-compiling /root/SESASR-LAB/install/lab02_pkg/lib/python3.10/site-packages/lab02_pkg/__init__.py to __init__.cpython-310.pyc
running install_data
copying resource/lab02_pkg -> /root/SESASR-LAB/install/lab02_pkg/share/ament_index/resource_index/packages
copying package.xml -> /root/SESASR-LAB/install/lab02_pkg/share/lab02_pkg
running install_egg_info
Copying ../../build/lab02_pkg/lab02_pkg.egg-info to /root/SESASR-LAB/install/lab02_pkg/lib/python3.10/site-packages/lab02_pkg-0.0.0-py3.10.egg-info
running install_scripts
Installing controller script to /root/SESASR-LAB/install/lab02_pkg/lib/lab02_pkg
writing list of installed files to '/root/SESASR-LAB/build/lab02_pkg/install.log'
